2019-03-28 10:41:53 [scrapy.utils.log] INFO: Scrapy 1.5.1 started (bot: scrapy_spider)
2019-03-28 10:41:53 [scrapy.utils.log] INFO: Versions: lxml 4.2.5.0, libxml2 2.9.5, cssselect 1.0.3, parsel 1.5.0, w3lib 1.19.0, Twisted 18.7.0, Python 2.7.15 (v2.7.15:ca079a3ea3, Apr 30 2018, 16:30:26) [MSC v.1500 64 bit (AMD64)], pyOpenSSL 18.0.0 (OpenSSL 1.1.0i  14 Aug 2018), cryptography 2.3.1, Platform Windows-10-10.0.10240
2019-03-28 10:41:53 [scrapy.crawler] INFO: Overridden settings: {'NEWSPIDER_MODULE': 'scrapy_spider.spiders', 'ROBOTSTXT_OBEY': True, 'LOG_LEVEL': 'INFO', 'SPIDER_MODULES': ['scrapy_spider.spiders'], 'RETRY_TIMES': 100, 'BOT_NAME': 'scrapy_spider', 'LOG_FILE': 'scrapy_2019_3_28.log'}
2019-03-28 10:41:53 [scrapy.middleware] INFO: Enabled extensions:
['scrapy.extensions.logstats.LogStats',
 'scrapy.extensions.telnet.TelnetConsole',
 'scrapy.extensions.corestats.CoreStats']
2019-03-28 10:41:54 [scrapy.middleware] INFO: Enabled downloader middlewares:
['scrapy.downloadermiddlewares.robotstxt.RobotsTxtMiddleware',
 'scrapy.downloadermiddlewares.httpauth.HttpAuthMiddleware',
 'scrapy.downloadermiddlewares.downloadtimeout.DownloadTimeoutMiddleware',
 'scrapy.downloadermiddlewares.defaultheaders.DefaultHeadersMiddleware',
 'scrapy.downloadermiddlewares.useragent.UserAgentMiddleware',
 'scrapy_spider.middlewares.ScrapySpiderDownloaderMiddleware',
 'scrapy.downloadermiddlewares.retry.RetryMiddleware',
 'scrapy.downloadermiddlewares.redirect.MetaRefreshMiddleware',
 'scrapy.downloadermiddlewares.httpcompression.HttpCompressionMiddleware',
 'scrapy_spider.middlewares.HouseSpiderRetryMiddleware',
 'scrapy_spider.middlewares.AgentMiddleware',
 'scrapy.downloadermiddlewares.redirect.RedirectMiddleware',
 'scrapy_spider.middlewares.MyProxyMiddleware',
 'scrapy.downloadermiddlewares.cookies.CookiesMiddleware',
 'scrapy.downloadermiddlewares.httpproxy.HttpProxyMiddleware',
 'scrapy.downloadermiddlewares.stats.DownloaderStats']
2019-03-28 10:41:54 [scrapy.middleware] INFO: Enabled spider middlewares:
['scrapy.spidermiddlewares.httperror.HttpErrorMiddleware',
 'scrapy.spidermiddlewares.offsite.OffsiteMiddleware',
 'scrapy.spidermiddlewares.referer.RefererMiddleware',
 'scrapy.spidermiddlewares.urllength.UrlLengthMiddleware',
 'scrapy.spidermiddlewares.depth.DepthMiddleware']
2019-03-28 10:41:54 [scrapy.middleware] INFO: Enabled item pipelines:
['scrapy_spider.pipelines.RealEstatePipeline']
2019-03-28 10:41:54 [scrapy.core.engine] INFO: Spider opened
2019-03-28 10:41:54 [scrapy.extensions.logstats] INFO: Crawled 0 pages (at 0 pages/min), scraped 0 items (at 0 items/min)
2019-03-28 10:41:54 [building] INFO: Spider opened: building
2019-03-28 10:42:20 [house] ERROR: (1064, "You have an error in your SQL syntax; check the manual that corresponds to your MySQL server version for the right syntax to use near 'create,created,description,door_number,fjh,house_number,house_type,inside_area,i' at line 1")
2019-03-28 10:42:42 [house] ERROR: (1064, "You have an error in your SQL syntax; check the manual that corresponds to your MySQL server version for the right syntax to use near 'create,created,description,door_number,fjh,house_number,house_type,inside_area,i' at line 1")
2019-03-28 10:46:01 [scrapy.extensions.logstats] INFO: Crawled 2 pages (at 2 pages/min), scraped 0 items (at 0 items/min)
2019-03-28 10:47:51 [scrapy.utils.log] INFO: Scrapy 1.5.1 started (bot: scrapy_spider)
2019-03-28 10:47:51 [scrapy.utils.log] INFO: Versions: lxml 4.2.5.0, libxml2 2.9.5, cssselect 1.0.3, parsel 1.5.0, w3lib 1.19.0, Twisted 18.7.0, Python 2.7.15 (v2.7.15:ca079a3ea3, Apr 30 2018, 16:30:26) [MSC v.1500 64 bit (AMD64)], pyOpenSSL 18.0.0 (OpenSSL 1.1.0i  14 Aug 2018), cryptography 2.3.1, Platform Windows-10-10.0.10240
2019-03-28 10:47:51 [scrapy.crawler] INFO: Overridden settings: {'NEWSPIDER_MODULE': 'scrapy_spider.spiders', 'ROBOTSTXT_OBEY': True, 'LOG_LEVEL': 'INFO', 'SPIDER_MODULES': ['scrapy_spider.spiders'], 'RETRY_TIMES': 100, 'BOT_NAME': 'scrapy_spider', 'LOG_FILE': 'scrapy_2019_3_28.log'}
2019-03-28 10:47:51 [scrapy.middleware] INFO: Enabled extensions:
['scrapy.extensions.logstats.LogStats',
 'scrapy.extensions.telnet.TelnetConsole',
 'scrapy.extensions.corestats.CoreStats']
2019-03-28 10:47:51 [scrapy.middleware] INFO: Enabled downloader middlewares:
['scrapy.downloadermiddlewares.robotstxt.RobotsTxtMiddleware',
 'scrapy.downloadermiddlewares.httpauth.HttpAuthMiddleware',
 'scrapy.downloadermiddlewares.downloadtimeout.DownloadTimeoutMiddleware',
 'scrapy.downloadermiddlewares.defaultheaders.DefaultHeadersMiddleware',
 'scrapy.downloadermiddlewares.useragent.UserAgentMiddleware',
 'scrapy_spider.middlewares.ScrapySpiderDownloaderMiddleware',
 'scrapy.downloadermiddlewares.retry.RetryMiddleware',
 'scrapy.downloadermiddlewares.redirect.MetaRefreshMiddleware',
 'scrapy.downloadermiddlewares.httpcompression.HttpCompressionMiddleware',
 'scrapy_spider.middlewares.HouseSpiderRetryMiddleware',
 'scrapy_spider.middlewares.AgentMiddleware',
 'scrapy.downloadermiddlewares.redirect.RedirectMiddleware',
 'scrapy_spider.middlewares.MyProxyMiddleware',
 'scrapy.downloadermiddlewares.cookies.CookiesMiddleware',
 'scrapy.downloadermiddlewares.httpproxy.HttpProxyMiddleware',
 'scrapy.downloadermiddlewares.stats.DownloaderStats']
2019-03-28 10:47:51 [scrapy.middleware] INFO: Enabled spider middlewares:
['scrapy.spidermiddlewares.httperror.HttpErrorMiddleware',
 'scrapy.spidermiddlewares.offsite.OffsiteMiddleware',
 'scrapy.spidermiddlewares.referer.RefererMiddleware',
 'scrapy.spidermiddlewares.urllength.UrlLengthMiddleware',
 'scrapy.spidermiddlewares.depth.DepthMiddleware']
2019-03-28 10:47:51 [scrapy.middleware] INFO: Enabled item pipelines:
['scrapy_spider.pipelines.RealEstatePipeline']
2019-03-28 10:47:51 [scrapy.core.engine] INFO: Spider opened
2019-03-28 10:47:51 [scrapy.extensions.logstats] INFO: Crawled 0 pages (at 0 pages/min), scraped 0 items (at 0 items/min)
2019-03-28 10:47:51 [building] INFO: Spider opened: building
2019-03-28 10:48:56 [house] ERROR: (1054, "Unknown column 'source_id' in 'field list'")
2019-03-28 10:48:56 [scrapy.extensions.logstats] INFO: Crawled 2 pages (at 2 pages/min), scraped 0 items (at 0 items/min)
2019-03-28 10:50:50 [scrapy.utils.log] INFO: Scrapy 1.5.1 started (bot: scrapy_spider)
2019-03-28 10:50:50 [scrapy.utils.log] INFO: Versions: lxml 4.2.5.0, libxml2 2.9.5, cssselect 1.0.3, parsel 1.5.0, w3lib 1.19.0, Twisted 18.7.0, Python 2.7.15 (v2.7.15:ca079a3ea3, Apr 30 2018, 16:30:26) [MSC v.1500 64 bit (AMD64)], pyOpenSSL 18.0.0 (OpenSSL 1.1.0i  14 Aug 2018), cryptography 2.3.1, Platform Windows-10-10.0.10240
2019-03-28 10:50:50 [scrapy.crawler] INFO: Overridden settings: {'NEWSPIDER_MODULE': 'scrapy_spider.spiders', 'ROBOTSTXT_OBEY': True, 'LOG_LEVEL': 'INFO', 'SPIDER_MODULES': ['scrapy_spider.spiders'], 'RETRY_TIMES': 100, 'BOT_NAME': 'scrapy_spider', 'LOG_FILE': 'scrapy_2019_3_28.log'}
2019-03-28 10:50:50 [scrapy.middleware] INFO: Enabled extensions:
['scrapy.extensions.logstats.LogStats',
 'scrapy.extensions.telnet.TelnetConsole',
 'scrapy.extensions.corestats.CoreStats']
2019-03-28 10:50:51 [scrapy.middleware] INFO: Enabled downloader middlewares:
['scrapy.downloadermiddlewares.robotstxt.RobotsTxtMiddleware',
 'scrapy.downloadermiddlewares.httpauth.HttpAuthMiddleware',
 'scrapy.downloadermiddlewares.downloadtimeout.DownloadTimeoutMiddleware',
 'scrapy.downloadermiddlewares.defaultheaders.DefaultHeadersMiddleware',
 'scrapy.downloadermiddlewares.useragent.UserAgentMiddleware',
 'scrapy_spider.middlewares.ScrapySpiderDownloaderMiddleware',
 'scrapy.downloadermiddlewares.retry.RetryMiddleware',
 'scrapy.downloadermiddlewares.redirect.MetaRefreshMiddleware',
 'scrapy.downloadermiddlewares.httpcompression.HttpCompressionMiddleware',
 'scrapy_spider.middlewares.HouseSpiderRetryMiddleware',
 'scrapy_spider.middlewares.AgentMiddleware',
 'scrapy.downloadermiddlewares.redirect.RedirectMiddleware',
 'scrapy_spider.middlewares.MyProxyMiddleware',
 'scrapy.downloadermiddlewares.cookies.CookiesMiddleware',
 'scrapy.downloadermiddlewares.httpproxy.HttpProxyMiddleware',
 'scrapy.downloadermiddlewares.stats.DownloaderStats']
2019-03-28 10:50:51 [scrapy.middleware] INFO: Enabled spider middlewares:
['scrapy.spidermiddlewares.httperror.HttpErrorMiddleware',
 'scrapy.spidermiddlewares.offsite.OffsiteMiddleware',
 'scrapy.spidermiddlewares.referer.RefererMiddleware',
 'scrapy.spidermiddlewares.urllength.UrlLengthMiddleware',
 'scrapy.spidermiddlewares.depth.DepthMiddleware']
2019-03-28 10:50:51 [scrapy.middleware] INFO: Enabled item pipelines:
['scrapy_spider.pipelines.RealEstatePipeline']
2019-03-28 10:50:51 [scrapy.core.engine] INFO: Spider opened
2019-03-28 10:50:51 [scrapy.extensions.logstats] INFO: Crawled 0 pages (at 0 pages/min), scraped 0 items (at 0 items/min)
2019-03-28 10:50:51 [building] INFO: Spider opened: building
2019-03-28 10:51:13 [house] ERROR: (1048, "Column 'built_price' cannot be null")
2019-03-28 10:51:20 [house] ERROR: (1048, "Column 'built_price' cannot be null")
2019-03-28 10:51:54 [house] ERROR: (1048, "Column 'built_price' cannot be null")
2019-03-28 10:51:54 [scrapy.extensions.logstats] INFO: Crawled 2 pages (at 2 pages/min), scraped 0 items (at 0 items/min)
2019-03-28 10:52:28 [scrapy.utils.log] INFO: Scrapy 1.5.1 started (bot: scrapy_spider)
2019-03-28 10:52:28 [scrapy.utils.log] INFO: Versions: lxml 4.2.5.0, libxml2 2.9.5, cssselect 1.0.3, parsel 1.5.0, w3lib 1.19.0, Twisted 18.7.0, Python 2.7.15 (v2.7.15:ca079a3ea3, Apr 30 2018, 16:30:26) [MSC v.1500 64 bit (AMD64)], pyOpenSSL 18.0.0 (OpenSSL 1.1.0i  14 Aug 2018), cryptography 2.3.1, Platform Windows-10-10.0.10240
2019-03-28 10:52:28 [scrapy.crawler] INFO: Overridden settings: {'NEWSPIDER_MODULE': 'scrapy_spider.spiders', 'ROBOTSTXT_OBEY': True, 'LOG_LEVEL': 'INFO', 'SPIDER_MODULES': ['scrapy_spider.spiders'], 'RETRY_TIMES': 100, 'BOT_NAME': 'scrapy_spider', 'LOG_FILE': 'scrapy_2019_3_28.log'}
2019-03-28 10:52:28 [scrapy.middleware] INFO: Enabled extensions:
['scrapy.extensions.logstats.LogStats',
 'scrapy.extensions.telnet.TelnetConsole',
 'scrapy.extensions.corestats.CoreStats']
2019-03-28 10:52:28 [scrapy.middleware] INFO: Enabled downloader middlewares:
['scrapy.downloadermiddlewares.robotstxt.RobotsTxtMiddleware',
 'scrapy.downloadermiddlewares.httpauth.HttpAuthMiddleware',
 'scrapy.downloadermiddlewares.downloadtimeout.DownloadTimeoutMiddleware',
 'scrapy.downloadermiddlewares.defaultheaders.DefaultHeadersMiddleware',
 'scrapy.downloadermiddlewares.useragent.UserAgentMiddleware',
 'scrapy_spider.middlewares.ScrapySpiderDownloaderMiddleware',
 'scrapy.downloadermiddlewares.retry.RetryMiddleware',
 'scrapy.downloadermiddlewares.redirect.MetaRefreshMiddleware',
 'scrapy.downloadermiddlewares.httpcompression.HttpCompressionMiddleware',
 'scrapy_spider.middlewares.HouseSpiderRetryMiddleware',
 'scrapy_spider.middlewares.AgentMiddleware',
 'scrapy.downloadermiddlewares.redirect.RedirectMiddleware',
 'scrapy_spider.middlewares.MyProxyMiddleware',
 'scrapy.downloadermiddlewares.cookies.CookiesMiddleware',
 'scrapy.downloadermiddlewares.httpproxy.HttpProxyMiddleware',
 'scrapy.downloadermiddlewares.stats.DownloaderStats']
2019-03-28 10:52:28 [scrapy.middleware] INFO: Enabled spider middlewares:
['scrapy.spidermiddlewares.httperror.HttpErrorMiddleware',
 'scrapy.spidermiddlewares.offsite.OffsiteMiddleware',
 'scrapy.spidermiddlewares.referer.RefererMiddleware',
 'scrapy.spidermiddlewares.urllength.UrlLengthMiddleware',
 'scrapy.spidermiddlewares.depth.DepthMiddleware']
2019-03-28 10:52:28 [scrapy.middleware] INFO: Enabled item pipelines:
['scrapy_spider.pipelines.RealEstatePipeline']
2019-03-28 10:52:28 [scrapy.core.engine] INFO: Spider opened
2019-03-28 10:52:28 [scrapy.extensions.logstats] INFO: Crawled 0 pages (at 0 pages/min), scraped 0 items (at 0 items/min)
2019-03-28 10:52:28 [building] INFO: Spider opened: building
2019-03-28 11:08:27 [scrapy.extensions.logstats] INFO: Crawled 2 pages (at 2 pages/min), scraped 1 items (at 1 items/min)
2019-03-28 11:08:40 [scrapy.utils.log] INFO: Scrapy 1.5.1 started (bot: scrapy_spider)
2019-03-28 11:08:40 [scrapy.utils.log] INFO: Versions: lxml 4.2.5.0, libxml2 2.9.5, cssselect 1.0.3, parsel 1.5.0, w3lib 1.19.0, Twisted 18.7.0, Python 2.7.15 (v2.7.15:ca079a3ea3, Apr 30 2018, 16:30:26) [MSC v.1500 64 bit (AMD64)], pyOpenSSL 18.0.0 (OpenSSL 1.1.0i  14 Aug 2018), cryptography 2.3.1, Platform Windows-10-10.0.10240
2019-03-28 11:08:40 [scrapy.crawler] INFO: Overridden settings: {'NEWSPIDER_MODULE': 'scrapy_spider.spiders', 'ROBOTSTXT_OBEY': True, 'LOG_LEVEL': 'INFO', 'SPIDER_MODULES': ['scrapy_spider.spiders'], 'RETRY_TIMES': 100, 'BOT_NAME': 'scrapy_spider', 'LOG_FILE': 'scrapy_2019_3_28.log'}
2019-03-28 11:08:40 [scrapy.middleware] INFO: Enabled extensions:
['scrapy.extensions.logstats.LogStats',
 'scrapy.extensions.telnet.TelnetConsole',
 'scrapy.extensions.corestats.CoreStats']
2019-03-28 11:08:40 [scrapy.middleware] INFO: Enabled downloader middlewares:
['scrapy.downloadermiddlewares.robotstxt.RobotsTxtMiddleware',
 'scrapy.downloadermiddlewares.httpauth.HttpAuthMiddleware',
 'scrapy.downloadermiddlewares.downloadtimeout.DownloadTimeoutMiddleware',
 'scrapy.downloadermiddlewares.defaultheaders.DefaultHeadersMiddleware',
 'scrapy.downloadermiddlewares.useragent.UserAgentMiddleware',
 'scrapy_spider.middlewares.ScrapySpiderDownloaderMiddleware',
 'scrapy.downloadermiddlewares.retry.RetryMiddleware',
 'scrapy.downloadermiddlewares.redirect.MetaRefreshMiddleware',
 'scrapy.downloadermiddlewares.httpcompression.HttpCompressionMiddleware',
 'scrapy_spider.middlewares.HouseSpiderRetryMiddleware',
 'scrapy_spider.middlewares.AgentMiddleware',
 'scrapy.downloadermiddlewares.redirect.RedirectMiddleware',
 'scrapy_spider.middlewares.MyProxyMiddleware',
 'scrapy.downloadermiddlewares.cookies.CookiesMiddleware',
 'scrapy.downloadermiddlewares.httpproxy.HttpProxyMiddleware',
 'scrapy.downloadermiddlewares.stats.DownloaderStats']
2019-03-28 11:08:40 [scrapy.middleware] INFO: Enabled spider middlewares:
['scrapy.spidermiddlewares.httperror.HttpErrorMiddleware',
 'scrapy.spidermiddlewares.offsite.OffsiteMiddleware',
 'scrapy.spidermiddlewares.referer.RefererMiddleware',
 'scrapy.spidermiddlewares.urllength.UrlLengthMiddleware',
 'scrapy.spidermiddlewares.depth.DepthMiddleware']
2019-03-28 11:08:40 [scrapy.middleware] INFO: Enabled item pipelines:
['scrapy_spider.pipelines.RealEstatePipeline']
2019-03-28 11:08:40 [scrapy.core.engine] INFO: Spider opened
2019-03-28 11:08:40 [scrapy.extensions.logstats] INFO: Crawled 0 pages (at 0 pages/min), scraped 0 items (at 0 items/min)
2019-03-28 11:08:40 [building] INFO: Spider opened: building
2019-03-28 11:09:01 [scrapy.core.scraper] ERROR: Spider error processing <POST http://www.cq315house.com/WebService/Service.asmx/GetRoomJson> (referer: None)
Traceback (most recent call last):
  File "E:\virtualenv\python27\lib\site-packages\scrapy\utils\defer.py", line 102, in iter_errback
    yield next(it)
  File "E:\virtualenv\python27\lib\site-packages\scrapy\spidermiddlewares\offsite.py", line 30, in process_spider_output
    for x in result:
  File "E:\virtualenv\python27\lib\site-packages\scrapy\spidermiddlewares\referer.py", line 339, in <genexpr>
    return (_set_referer(r) for r in result or ())
  File "E:\virtualenv\python27\lib\site-packages\scrapy\spidermiddlewares\urllength.py", line 37, in <genexpr>
    return (r for r in result or () if _filter(r))
  File "E:\virtualenv\python27\lib\site-packages\scrapy\spidermiddlewares\depth.py", line 58, in <genexpr>
    return (r for r in result or () if _filter(r))
  File "E:\workspace\pycharm\house_spider\scrapy_spider\spiders\house.py", line 160, in parse
    yield self.create_request()
  File "E:\workspace\pycharm\house_spider\scrapy_spider\spiders\house.py", line 171, in create_request
    return Request(url, callback=callback, method=method, body=self.get_request_body(), headers=headers)
  File "E:\workspace\pycharm\house_spider\scrapy_spider\spiders\house.py", line 164, in get_request_body
    temp_dict = {"buildingid": self.building.get("web_building_id")}
AttributeError: 'NoneType' object has no attribute 'get'
2019-03-28 11:09:01 [scrapy.core.engine] INFO: Closing spider (finished)
2019-03-28 11:09:01 [scrapy.statscollectors] INFO: Dumping Scrapy stats:
{'downloader/request_bytes': 680,
 'downloader/request_count': 2,
 'downloader/request_method_count/GET': 1,
 'downloader/request_method_count/POST': 1,
 'downloader/response_bytes': 80260,
 'downloader/response_count': 2,
 'downloader/response_status_count/200': 1,
 'downloader/response_status_count/404': 1,
 'finish_reason': 'finished',
 'finish_time': datetime.datetime(2019, 3, 28, 3, 9, 1, 215000),
 'item_scraped_count': 24,
 'log_count/ERROR': 1,
 'log_count/INFO': 8,
 'response_received_count': 2,
 'scheduler/dequeued': 1,
 'scheduler/dequeued/memory': 1,
 'scheduler/enqueued': 1,
 'scheduler/enqueued/memory': 1,
 'spider_exceptions/AttributeError': 1,
 'start_time': datetime.datetime(2019, 3, 28, 3, 8, 40, 591000)}
2019-03-28 11:09:01 [scrapy.core.engine] INFO: Spider closed (finished)
2019-03-28 11:09:25 [scrapy.utils.log] INFO: Scrapy 1.5.1 started (bot: scrapy_spider)
2019-03-28 11:09:25 [scrapy.utils.log] INFO: Versions: lxml 4.2.5.0, libxml2 2.9.5, cssselect 1.0.3, parsel 1.5.0, w3lib 1.19.0, Twisted 18.7.0, Python 2.7.15 (v2.7.15:ca079a3ea3, Apr 30 2018, 16:30:26) [MSC v.1500 64 bit (AMD64)], pyOpenSSL 18.0.0 (OpenSSL 1.1.0i  14 Aug 2018), cryptography 2.3.1, Platform Windows-10-10.0.10240
2019-03-28 11:09:25 [scrapy.crawler] INFO: Overridden settings: {'NEWSPIDER_MODULE': 'scrapy_spider.spiders', 'ROBOTSTXT_OBEY': True, 'LOG_LEVEL': 'INFO', 'SPIDER_MODULES': ['scrapy_spider.spiders'], 'RETRY_TIMES': 100, 'BOT_NAME': 'scrapy_spider', 'LOG_FILE': 'scrapy_2019_3_28.log'}
2019-03-28 11:09:25 [scrapy.middleware] INFO: Enabled extensions:
['scrapy.extensions.logstats.LogStats',
 'scrapy.extensions.telnet.TelnetConsole',
 'scrapy.extensions.corestats.CoreStats']
2019-03-28 11:09:26 [scrapy.middleware] INFO: Enabled downloader middlewares:
['scrapy.downloadermiddlewares.robotstxt.RobotsTxtMiddleware',
 'scrapy.downloadermiddlewares.httpauth.HttpAuthMiddleware',
 'scrapy.downloadermiddlewares.downloadtimeout.DownloadTimeoutMiddleware',
 'scrapy.downloadermiddlewares.defaultheaders.DefaultHeadersMiddleware',
 'scrapy.downloadermiddlewares.useragent.UserAgentMiddleware',
 'scrapy_spider.middlewares.ScrapySpiderDownloaderMiddleware',
 'scrapy.downloadermiddlewares.retry.RetryMiddleware',
 'scrapy.downloadermiddlewares.redirect.MetaRefreshMiddleware',
 'scrapy.downloadermiddlewares.httpcompression.HttpCompressionMiddleware',
 'scrapy_spider.middlewares.HouseSpiderRetryMiddleware',
 'scrapy_spider.middlewares.AgentMiddleware',
 'scrapy.downloadermiddlewares.redirect.RedirectMiddleware',
 'scrapy_spider.middlewares.MyProxyMiddleware',
 'scrapy.downloadermiddlewares.cookies.CookiesMiddleware',
 'scrapy.downloadermiddlewares.httpproxy.HttpProxyMiddleware',
 'scrapy.downloadermiddlewares.stats.DownloaderStats']
2019-03-28 11:09:26 [scrapy.middleware] INFO: Enabled spider middlewares:
['scrapy.spidermiddlewares.httperror.HttpErrorMiddleware',
 'scrapy.spidermiddlewares.offsite.OffsiteMiddleware',
 'scrapy.spidermiddlewares.referer.RefererMiddleware',
 'scrapy.spidermiddlewares.urllength.UrlLengthMiddleware',
 'scrapy.spidermiddlewares.depth.DepthMiddleware']
2019-03-28 11:09:26 [scrapy.middleware] INFO: Enabled item pipelines:
['scrapy_spider.pipelines.RealEstatePipeline']
2019-03-28 11:09:26 [twisted] CRITICAL: Unhandled error in Deferred:
2019-03-28 11:09:26 [twisted] CRITICAL: 
Traceback (most recent call last):
  File "E:\virtualenv\python27\lib\site-packages\twisted\internet\defer.py", line 1418, in _inlineCallbacks
    result = g.send(result)
  File "E:\virtualenv\python27\lib\site-packages\scrapy\crawler.py", line 98, in crawl
    six.reraise(*exc_info)
  File "E:\virtualenv\python27\lib\site-packages\scrapy\crawler.py", line 81, in crawl
    start_requests = iter(self.spider.start_requests())
  File "E:\workspace\pycharm\house_spider\scrapy_spider\spiders\house.py", line 110, in start_requests
    return [self.create_request()]
  File "E:\workspace\pycharm\house_spider\scrapy_spider\spiders\house.py", line 172, in create_request
    return Request(url, callback=callback, method=method, body=self.get_request_body(), headers=headers)
  File "E:\workspace\pycharm\house_spider\scrapy_spider\spiders\house.py", line 165, in get_request_body
    temp_dict = {"buildingid": self.building.get("web_building_id")}
AttributeError: 'NoneType' object has no attribute 'get'
2019-03-28 11:09:38 [scrapy.utils.log] INFO: Scrapy 1.5.1 started (bot: scrapy_spider)
2019-03-28 11:09:38 [scrapy.utils.log] INFO: Versions: lxml 4.2.5.0, libxml2 2.9.5, cssselect 1.0.3, parsel 1.5.0, w3lib 1.19.0, Twisted 18.7.0, Python 2.7.15 (v2.7.15:ca079a3ea3, Apr 30 2018, 16:30:26) [MSC v.1500 64 bit (AMD64)], pyOpenSSL 18.0.0 (OpenSSL 1.1.0i  14 Aug 2018), cryptography 2.3.1, Platform Windows-10-10.0.10240
2019-03-28 11:09:38 [scrapy.crawler] INFO: Overridden settings: {'NEWSPIDER_MODULE': 'scrapy_spider.spiders', 'ROBOTSTXT_OBEY': True, 'LOG_LEVEL': 'INFO', 'SPIDER_MODULES': ['scrapy_spider.spiders'], 'RETRY_TIMES': 100, 'BOT_NAME': 'scrapy_spider', 'LOG_FILE': 'scrapy_2019_3_28.log'}
2019-03-28 11:09:38 [scrapy.middleware] INFO: Enabled extensions:
['scrapy.extensions.logstats.LogStats',
 'scrapy.extensions.telnet.TelnetConsole',
 'scrapy.extensions.corestats.CoreStats']
2019-03-28 11:09:38 [scrapy.middleware] INFO: Enabled downloader middlewares:
['scrapy.downloadermiddlewares.robotstxt.RobotsTxtMiddleware',
 'scrapy.downloadermiddlewares.httpauth.HttpAuthMiddleware',
 'scrapy.downloadermiddlewares.downloadtimeout.DownloadTimeoutMiddleware',
 'scrapy.downloadermiddlewares.defaultheaders.DefaultHeadersMiddleware',
 'scrapy.downloadermiddlewares.useragent.UserAgentMiddleware',
 'scrapy_spider.middlewares.ScrapySpiderDownloaderMiddleware',
 'scrapy.downloadermiddlewares.retry.RetryMiddleware',
 'scrapy.downloadermiddlewares.redirect.MetaRefreshMiddleware',
 'scrapy.downloadermiddlewares.httpcompression.HttpCompressionMiddleware',
 'scrapy_spider.middlewares.HouseSpiderRetryMiddleware',
 'scrapy_spider.middlewares.AgentMiddleware',
 'scrapy.downloadermiddlewares.redirect.RedirectMiddleware',
 'scrapy_spider.middlewares.MyProxyMiddleware',
 'scrapy.downloadermiddlewares.cookies.CookiesMiddleware',
 'scrapy.downloadermiddlewares.httpproxy.HttpProxyMiddleware',
 'scrapy.downloadermiddlewares.stats.DownloaderStats']
2019-03-28 11:09:38 [scrapy.middleware] INFO: Enabled spider middlewares:
['scrapy.spidermiddlewares.httperror.HttpErrorMiddleware',
 'scrapy.spidermiddlewares.offsite.OffsiteMiddleware',
 'scrapy.spidermiddlewares.referer.RefererMiddleware',
 'scrapy.spidermiddlewares.urllength.UrlLengthMiddleware',
 'scrapy.spidermiddlewares.depth.DepthMiddleware']
2019-03-28 11:09:38 [scrapy.middleware] INFO: Enabled item pipelines:
['scrapy_spider.pipelines.RealEstatePipeline']
2019-03-28 11:09:38 [twisted] CRITICAL: Unhandled error in Deferred:
2019-03-28 11:09:38 [twisted] CRITICAL: 
Traceback (most recent call last):
  File "E:\virtualenv\python27\lib\site-packages\twisted\internet\defer.py", line 1418, in _inlineCallbacks
    result = g.send(result)
  File "E:\virtualenv\python27\lib\site-packages\scrapy\crawler.py", line 98, in crawl
    six.reraise(*exc_info)
  File "E:\virtualenv\python27\lib\site-packages\scrapy\crawler.py", line 81, in crawl
    start_requests = iter(self.spider.start_requests())
  File "E:\workspace\pycharm\house_spider\scrapy_spider\spiders\house.py", line 110, in start_requests
    return [self.create_request()]
  File "E:\workspace\pycharm\house_spider\scrapy_spider\spiders\house.py", line 172, in create_request
    return Request(url, callback=callback, method=method, body=self.get_request_body(), headers=headers)
  File "E:\workspace\pycharm\house_spider\scrapy_spider\spiders\house.py", line 165, in get_request_body
    temp_dict = {"buildingid": self.building.get("web_building_id")}
AttributeError: 'NoneType' object has no attribute 'get'
