2018-11-14 14:46:50,992 - RealEstate.py[line:54] - INFO: 渝北：1
2018-11-14 14:47:22,188 - RealEstate.py[line:179] - INFO: 2018-11-14 14:47:22.189000 渝北 籣亭新都汇 B幢 1单元 22-1
2018-11-14 14:48:07,905 - RealEstate.py[line:358] - INFO: 8减1荨于
2018-11-14 14:49:24,046 - RealEstate.py[line:179] - INFO: 2018-11-14 14:49:24.046000 渝北 籣亭新都汇 B幢 1单元 22-2
2018-11-14 14:49:33,957 - RealEstate.py[line:358] - INFO: 1加8等于
2018-11-14 14:50:15,734 - RealEstate.py[line:179] - INFO: 2018-11-14 14:50:15.735000 渝北 籣亭新都汇 B幢 1单元 22-3
2018-11-14 14:50:41,319 - RealEstate.py[line:358] - INFO: 2加2 荨于
2018-11-14 14:52:04,339 - RealEstate.py[line:179] - INFO: 2018-11-14 14:52:04.340000 渝北 籣亭新都汇 B幢 1单元 22-4
2018-11-14 14:52:32,249 - RealEstate.py[line:358] - INFO: 摹)汐赏7 等子
2018-11-14 14:52:32,329 - RealEstate.py[line:410] - INFO: 图片识别修正number1:.
2018-11-14 14:52:32,392 - RealEstate.py[line:417] - INFO: 图片识别修正number2:7
2018-11-14 14:52:32,529 - RealEstate.py[line:471] - INFO: 图片比较修正operator:add
2018-11-14 14:52:32,539 - RealEstate.py[line:476] - INFO: 图片比较修正number1:None
2018-11-14 14:52:49,206 - RealEstate.py[line:358] - INFO: 3减1 荨于
2018-11-14 14:53:59,785 - RealEstate.py[line:179] - INFO: 2018-11-14 14:53:59.785000 渝北 籣亭新都汇 B幢 1单元 22-5
2018-11-14 14:54:04,437 - RealEstate.py[line:358] - INFO: 5加6 荨于
2018-11-14 14:55:31,357 - RealEstate.py[line:179] - INFO: 2018-11-14 14:55:31.357000 渝北 籣亭新都汇 B幢 1单元 22-6
2018-11-14 14:55:48,957 - RealEstate.py[line:358] - INFO: 7R衢赏一薰 等于
2018-11-14 14:55:49,032 - RealEstate.py[line:417] - INFO: 图片识别修正number2:4
2018-11-14 14:55:49,259 - RealEstate.py[line:428] - INFO: 图片识别修正operator:游
2018-11-14 14:55:49,266 - RealEstate.py[line:471] - INFO: 图片比较修正operator:reduce
2018-11-14 14:55:56,210 - RealEstate.py[line:358] - INFO: 42艾衢2二寮 等于
2018-11-14 14:55:56,282 - RealEstate.py[line:417] - INFO: 图片识别修正number2:3
2018-11-14 14:55:56,519 - RealEstate.py[line:428] - INFO: 图片识别修正operator:加
2018-11-14 14:56:06,538 - RealEstate.py[line:358] - INFO: 7衢衢赏4 荨芳
2018-11-14 14:56:06,608 - RealEstate.py[line:417] - INFO: 图片识别修正number2:4
2018-11-14 14:56:06,822 - RealEstate.py[line:428] - INFO: 图片识别修正operator:蟀
2018-11-14 14:56:06,829 - RealEstate.py[line:471] - INFO: 图片比较修正operator:reduce
2018-11-14 14:56:11,928 - RealEstate.py[line:358] - INFO: 8减5 等于
2018-11-14 14:56:43,354 - RealEstate.py[line:179] - INFO: 2018-11-14 14:56:43.354000 渝北 籣亭新都汇 B幢 1单元 22-7
2018-11-14 14:56:52,273 - RealEstate.py[line:358] - INFO: 8减4等于
2018-11-14 14:57:26,993 - RealEstate.py[line:179] - INFO: 2018-11-14 14:57:26.994000 渝北 籣亭新都汇 B幢 1单元 22-8
2018-11-14 14:57:31,956 - RealEstate.py[line:358] - INFO: 8减8等于
2018-11-14 14:58:07,259 - RealEstate.py[line:179] - INFO: 2018-11-14 14:58:07.260000 渝北 籣亭新都汇 B幢 1单元 22-9
2018-11-14 14:58:11,076 - RealEstate.py[line:358] - INFO: 222奴2 等于
2018-11-14 14:58:11,078 - RealEstate.py[line:417] - INFO: 图片识别修正number2:2
2018-11-14 14:58:11,298 - RealEstate.py[line:428] - INFO: 图片识别修正operator:藜奴
2018-11-14 14:58:11,305 - RealEstate.py[line:471] - INFO: 图片比较修正operator:add
2018-11-14 14:58:17,029 - RealEstate.py[line:358] - INFO: G2加6 荨于
2018-11-14 14:58:17,098 - RealEstate.py[line:410] - INFO: 图片识别修正number1:.
2018-11-14 14:58:17,171 - RealEstate.py[line:417] - INFO: 图片识别修正number2:.
2018-11-14 14:58:17,177 - RealEstate.py[line:471] - INFO: 图片比较修正operator:add
2018-11-14 14:58:17,183 - RealEstate.py[line:476] - INFO: 图片比较修正number1:None
2018-11-14 14:58:17,188 - RealEstate.py[line:481] - INFO: 图片比较修正number2:None
2018-11-14 14:58:20,921 - RealEstate.py[line:358] - INFO: 6加8 等于
2018-11-14 14:59:53,331 - RealEstate.py[line:179] - INFO: 2018-11-14 14:59:53.331000 渝北 籣亭新都汇 B幢 1单元 22-10
2018-11-14 15:00:19,881 - RealEstate.py[line:358] - INFO: 4加2 荨于
2018-11-14 15:01:18,394 - RealEstate.py[line:179] - INFO: 2018-11-14 15:01:18.394000 渝北 籣亭新都汇 B幢 1单元 22-11
2018-11-14 15:01:29,825 - RealEstate.py[line:358] - INFO: 92夕/2二寮 等于
2018-11-14 15:01:29,901 - RealEstate.py[line:417] - INFO: 图片识别修正number2:3
2018-11-14 15:01:30,144 - RealEstate.py[line:428] - INFO: 图片识别修正operator:Z亓夕
2018-11-14 15:01:30,151 - RealEstate.py[line:471] - INFO: 图片比较修正operator:add
2018-11-14 15:01:40,246 - RealEstate.py[line:358] - INFO: 7汐贾F方 等于
2018-11-14 15:01:40,417 - RealEstate.py[line:417] - INFO: 图片识别修正number2:.
2018-11-14 15:01:40,424 - RealEstate.py[line:471] - INFO: 图片比较修正operator:add
2018-11-14 15:01:40,428 - RealEstate.py[line:481] - INFO: 图片比较修正number2:None
2018-11-14 15:01:49,937 - RealEstate.py[line:358] - INFO: 3减1等于
2018-11-14 15:02:39,657 - RealEstate.py[line:179] - INFO: 2018-11-14 15:02:39.658000 渝北 籣亭新都汇 B幢 1单元 22-12
2018-11-14 15:02:43,852 - RealEstate.py[line:358] - INFO: 8歹2衢赏7 等于
2018-11-14 15:02:43,852 - RealEstate.py[line:417] - INFO: 图片识别修正number2:2
2018-11-14 15:02:44,085 - RealEstate.py[line:428] - INFO: 图片识别修正operator:蟀
2018-11-14 15:02:44,092 - RealEstate.py[line:471] - INFO: 图片比较修正operator:reduce
2018-11-14 15:02:56,980 - RealEstate.py[line:358] - INFO: 乏萦2夕衢79 等于
2018-11-14 15:02:57,049 - RealEstate.py[line:410] - INFO: 图片识别修正number1:\
2018-11-14 15:02:57,049 - RealEstate.py[line:417] - INFO: 图片识别修正number2:2
2018-11-14 15:02:57,056 - RealEstate.py[line:471] - INFO: 图片比较修正operator:reduce
2018-11-14 15:02:57,062 - RealEstate.py[line:476] - INFO: 图片比较修正number1:None
2018-11-14 15:03:01,535 - RealEstate.py[line:358] - INFO: 3减2荨于
2018-11-14 15:03:40,849 - RealEstate.py[line:179] - INFO: 2018-11-14 15:03:40.850000 渝北 籣亭新都汇 B幢 1单元 21-1
2018-11-14 15:03:46,075 - RealEstate.py[line:358] - INFO: 4加2 等于
2018-11-14 15:03:59,730 - RealEstate.py[line:179] - INFO: 2018-11-14 15:03:59.731000 渝北 籣亭新都汇 B幢 1单元 21-2
2018-11-14 15:04:03,437 - RealEstate.py[line:358] - INFO: 纂家!岌5 荨于
2018-11-14 15:04:03,506 - RealEstate.py[line:410] - INFO: 图片识别修正number1:\\
2018-11-14 15:04:03,573 - RealEstate.py[line:417] - INFO: 图片识别修正number2:5
2018-11-14 15:04:03,579 - RealEstate.py[line:471] - INFO: 图片比较修正operator:reduce
2018-11-14 15:04:03,586 - RealEstate.py[line:476] - INFO: 图片比较修正number1:None
2018-11-14 15:04:10,332 - RealEstate.py[line:358] - INFO: 7氦衢贾6 荨于
2018-11-14 15:04:10,407 - RealEstate.py[line:417] - INFO: 图片识别修正number2:6
2018-11-14 15:04:10,625 - RealEstate.py[line:428] - INFO: 图片识别修正operator:夕麒.
2018-11-14 15:04:10,632 - RealEstate.py[line:471] - INFO: 图片比较修正operator:None
2018-11-14 15:04:15,142 - RealEstate.py[line:358] - INFO: 22亓/79 等于
2018-11-14 15:04:15,210 - RealEstate.py[line:417] - INFO: 图片识别修正number2:.
2018-11-14 15:04:15,217 - RealEstate.py[line:471] - INFO: 图片比较修正operator:None
2018-11-14 15:04:15,223 - RealEstate.py[line:481] - INFO: 图片比较修正number2:None
2018-11-14 15:04:19,114 - RealEstate.py[line:358] - INFO: 8凑缈荨于
2018-11-14 15:04:19,187 - RealEstate.py[line:417] - INFO: 图片识别修正number2:4
2018-11-14 15:04:19,453 - RealEstate.py[line:428] - INFO: 图片识别修正operator:潺
2018-11-14 15:04:25,246 - RealEstate.py[line:358] - INFO: 4减1荨芳
2018-11-14 15:04:51,446 - RealEstate.py[line:179] - INFO: 2018-11-14 15:04:51.446000 渝北 籣亭新都汇 B幢 1单元 21-3
2018-11-14 15:04:59,210 - RealEstate.py[line:358] - INFO: 3减2荨于
2018-11-14 15:05:39,693 - RealEstate.py[line:179] - INFO: 2018-11-14 15:05:39.693000 渝北 籣亭新都汇 B幢 1单元 21-4
2018-11-14 15:05:44,144 - RealEstate.py[line:358] - INFO: 3减3荨于
2018-11-14 15:06:39,674 - RealEstate.py[line:179] - INFO: 2018-11-14 15:06:39.674000 渝北 籣亭新都汇 B幢 1单元 21-5
2018-11-14 15:06:49,336 - RealEstate.py[line:358] - INFO: 5减1等于
2018-11-14 15:07:43,154 - RealEstate.py[line:179] - INFO: 2018-11-14 15:07:43.155000 渝北 籣亭新都汇 B幢 1单元 21-6
2018-11-14 15:07:50,240 - RealEstate.py[line:358] - INFO: 8减7等于
2018-11-14 15:07:54,769 - RealEstate.py[line:358] - INFO: 62夕夕7等于
2018-11-14 15:07:54,832 - RealEstate.py[line:417] - INFO: 图片识别修正number2:7
2018-11-14 15:07:55,053 - RealEstate.py[line:428] - INFO: 图片识别修正operator:Z亓奴
2018-11-14 15:07:55,061 - RealEstate.py[line:471] - INFO: 图片比较修正operator:add
2018-11-14 15:08:02,338 - RealEstate.py[line:358] - INFO: 8减1等芳
2018-11-14 15:08:31,778 - RealEstate.py[line:179] - INFO: 2018-11-14 15:08:31.778000 渝北 籣亭新都汇 B幢 1单元 21-7
2018-11-14 15:08:36,740 - RealEstate.py[line:358] - INFO: 12夕夕5 等于
2018-11-14 15:08:36,805 - RealEstate.py[line:417] - INFO: 图片识别修正number2:5
2018-11-14 15:08:37,029 - RealEstate.py[line:428] - INFO: 图片识别修正operator:Z亓奴
2018-11-14 15:08:37,036 - RealEstate.py[line:471] - INFO: 图片比较修正operator:None
2018-11-14 15:08:42,552 - RealEstate.py[line:358] - INFO: 5减4等于
2018-11-14 15:10:00,924 - RealEstate.py[line:179] - INFO: 2018-11-14 15:10:00.925000 渝北 籣亭新都汇 B幢 1单元 21-8
2018-11-14 15:10:06,055 - RealEstate.py[line:358] - INFO: 6减1等于
2018-11-14 15:10:47,457 - RealEstate.py[line:179] - INFO: 2018-11-14 15:10:47.457000 渝北 籣亭新都汇 B幢 1单元 21-9
2018-11-14 15:10:51,361 - RealEstate.py[line:358] - INFO: 7减2 等于
2018-11-14 15:11:23,081 - RealEstate.py[line:179] - INFO: 2018-11-14 15:11:23.081000 渝北 籣亭新都汇 B幢 1单元 21-10
2018-11-14 15:11:29,151 - RealEstate.py[line:358] - INFO: 82夕衢27 等于
2018-11-14 15:11:29,217 - RealEstate.py[line:417] - INFO: 图片识别修正number2:7
2018-11-14 15:11:29,427 - RealEstate.py[line:428] - INFO: 图片识别修正operator:Z夕婀
2018-11-14 15:11:29,434 - RealEstate.py[line:471] - INFO: 图片比较修正operator:add
2018-11-14 15:11:38,025 - RealEstate.py[line:358] - INFO: 9减3荨于
2018-11-14 15:13:17,551 - RealEstate.py[line:179] - INFO: 2018-11-14 15:13:17.551000 渝北 籣亭新都汇 B幢 1单元 21-11
2018-11-14 15:13:21,779 - RealEstate.py[line:358] - INFO: 6笈奴B 荨于
2018-11-14 15:13:21,852 - RealEstate.py[line:417] - INFO: 图片识别修正number2:\\
2018-11-14 15:13:21,858 - RealEstate.py[line:471] - INFO: 图片比较修正operator:add
2018-11-14 15:13:21,862 - RealEstate.py[line:481] - INFO: 图片比较修正number2:8
2018-11-14 15:13:28,891 - RealEstate.py[line:358] - INFO: 9加5 等于
2018-11-14 15:14:38,115 - RealEstate.py[line:179] - INFO: 2018-11-14 15:14:38.116000 渝北 籣亭新都汇 B幢 1单元 21-12
2018-11-14 15:14:56,266 - RealEstate.py[line:358] - INFO: 6加7荨于
2018-11-14 15:15:14,716 - RealEstate.py[line:179] - INFO: 2018-11-14 15:15:14.716000 渝北 籣亭新都汇 B幢 1单元 20-1
2018-11-14 15:15:19,358 - RealEstate.py[line:358] - INFO: 2加4 等于
2018-11-14 15:16:18,736 - RealEstate.py[line:179] - INFO: 2018-11-14 15:16:18.737000 渝北 籣亭新都汇 B幢 1单元 20-2
2018-11-14 15:16:23,806 - RealEstate.py[line:358] - INFO: 8减2等于
2018-11-14 15:17:24,492 - RealEstate.py[line:179] - INFO: 2018-11-14 15:17:24.492000 渝北 籣亭新都汇 B幢 1单元 20-3
2018-11-14 15:17:29,273 - RealEstate.py[line:358] - INFO: 2加1 荨于
2018-11-14 15:18:37,289 - RealEstate.py[line:179] - INFO: 2018-11-14 15:18:37.289000 渝北 籣亭新都汇 B幢 1单元 20-4
2018-11-14 15:18:42,056 - RealEstate.py[line:358] - INFO: 2加7等于
2018-11-14 15:19:09,180 - RealEstate.py[line:179] - INFO: 2018-11-14 15:19:09.180000 渝北 籣亭新都汇 B幢 1单元 20-5
2018-11-14 15:19:19,256 - RealEstate.py[line:358] - INFO: 12夕乙71 等于
2018-11-14 15:19:19,328 - RealEstate.py[line:417] - INFO: 图片识别修正number2:1
2018-11-14 15:19:19,539 - RealEstate.py[line:428] - INFO: 图片识别修正operator:Z夕乙7
2018-11-14 15:19:19,546 - RealEstate.py[line:471] - INFO: 图片比较修正operator:add
2018-11-14 15:19:28,250 - RealEstate.py[line:358] - INFO: G22奴2 荨于
2018-11-14 15:19:28,319 - RealEstate.py[line:410] - INFO: 图片识别修正number1:6
2018-11-14 15:19:28,319 - RealEstate.py[line:417] - INFO: 图片识别修正number2:2
2018-11-14 15:19:28,543 - RealEstate.py[line:428] - INFO: 图片识别修正operator:汐奴
2018-11-14 15:19:34,405 - RealEstate.py[line:358] - INFO: 7加6 等于
2018-11-14 15:20:56,500 - RealEstate.py[line:179] - INFO: 2018-11-14 15:20:56.501000 渝北 籣亭新都汇 B幢 1单元 20-6
2018-11-14 15:21:09,322 - RealEstate.py[line:358] - INFO: 3加2 荨于
2018-11-14 15:22:15,131 - RealEstate.py[line:179] - INFO: 2018-11-14 15:22:15.132000 渝北 籣亭新都汇 B幢 1单元 20-7
2018-11-14 15:22:27,759 - RealEstate.py[line:358] - INFO: 6加9 等于
2018-11-14 15:23:53,778 - RealEstate.py[line:179] - INFO: 2018-11-14 15:23:53.778000 渝北 籣亭新都汇 B幢 1单元 20-8
2018-11-14 15:23:57,931 - RealEstate.py[line:358] - INFO: 麒了22衢2二萦 荨于
2018-11-14 15:23:58,002 - RealEstate.py[line:410] - INFO: 图片识别修正number1:3
2018-11-14 15:23:58,003 - RealEstate.py[line:417] - INFO: 图片识别修正number2:2
2018-11-14 15:23:58,250 - RealEstate.py[line:428] - INFO: 图片识别修正operator:加
2018-11-14 15:24:10,315 - RealEstate.py[line:358] - INFO: 3赭3荨于
2018-11-14 15:24:10,315 - RealEstate.py[line:417] - INFO: 图片识别修正number2:3
2018-11-14 15:24:10,543 - RealEstate.py[line:428] - INFO: 图片识别修正operator:潺
2018-11-14 15:24:20,144 - RealEstate.py[line:358] - INFO: 3减1等于
2018-11-14 15:25:12,084 - RealEstate.py[line:179] - INFO: 2018-11-14 15:25:12.084000 渝北 籣亭新都汇 B幢 1单元 20-9
2018-11-14 15:25:16,174 - RealEstate.py[line:358] - INFO: 乏萦汐/22 等于
2018-11-14 15:25:16,279 - RealEstate.py[line:410] - INFO: 图片识别修正number1:\
2018-11-14 15:25:16,346 - RealEstate.py[line:417] - INFO: 图片识别修正number2:2
2018-11-14 15:25:16,354 - RealEstate.py[line:471] - INFO: 图片比较修正operator:reduce
2018-11-14 15:25:16,359 - RealEstate.py[line:476] - INFO: 图片比较修正number1:None
2018-11-14 15:25:31,831 - RealEstate.py[line:358] - INFO: 8加6 等于
2018-11-14 15:27:12,063 - RealEstate.py[line:179] - INFO: 2018-11-14 15:27:12.063000 渝北 籣亭新都汇 B幢 1单元 20-10
2018-11-14 15:27:32,019 - RealEstate.py[line:358] - INFO: 4减7等于
2018-11-14 15:28:30,390 - RealEstate.py[line:358] - INFO: 8加7等于
2018-11-14 15:29:38,151 - RealEstate.py[line:179] - INFO: 2018-11-14 15:29:38.152000 渝北 籣亭新都汇 B幢 1单元 20-11
2018-11-14 15:29:42,184 - RealEstate.py[line:358] - INFO: 7减7荨于
2018-11-14 15:30:26,755 - RealEstate.py[line:179] - INFO: 2018-11-14 15:30:26.755000 渝北 籣亭新都汇 B幢 1单元 20-12
2018-11-14 15:30:30,385 - RealEstate.py[line:358] - INFO: 6减2等于
2018-11-14 15:31:08,440 - RealEstate.py[line:179] - INFO: 2018-11-14 15:31:08.441000 渝北 籣亭新都汇 B幢 1单元 19-1
2018-11-14 15:31:18,772 - RealEstate.py[line:358] - INFO: 7加7荨于
2018-11-14 15:33:06,357 - RealEstate.py[line:179] - INFO: 2018-11-14 15:33:06.357000 渝北 籣亭新都汇 B幢 1单元 19-2
2018-11-14 15:33:16,030 - RealEstate.py[line:358] - INFO: 1，2夕衢22 等于
2018-11-14 15:33:16,030 - RealEstate.py[line:417] - INFO: 图片识别修正number2:2
2018-11-14 15:33:16,256 - RealEstate.py[line:428] - INFO: 图片识别修正operator:Z亓奴
2018-11-14 15:33:16,263 - RealEstate.py[line:471] - INFO: 图片比较修正operator:None
2018-11-14 15:33:23,502 - RealEstate.py[line:358] - INFO: 8减3荨于
2018-11-14 15:34:07,530 - RealEstate.py[line:179] - INFO: 2018-11-14 15:34:07.531000 渝北 籣亭新都汇 B幢 1单元 19-3
2018-11-14 15:34:11,365 - RealEstate.py[line:358] - INFO: 5加4 等于
2018-11-14 15:34:54,395 - RealEstate.py[line:179] - INFO: 2018-11-14 15:34:54.396000 渝北 籣亭新都汇 B幢 1单元 19-4
2018-11-14 15:35:01,032 - RealEstate.py[line:358] - INFO: 9减7等于
2018-11-14 15:35:47,075 - RealEstate.py[line:179] - INFO: 2018-11-14 15:35:47.076000 渝北 籣亭新都汇 B幢 1单元 19-5
2018-11-14 15:35:51,236 - RealEstate.py[line:358] - INFO: 8加5 荨于
2018-11-14 15:37:11,398 - RealEstate.py[line:179] - INFO: 2018-11-14 15:37:11.399000 渝北 籣亭新都汇 B幢 1单元 19-6
2018-11-14 15:37:23,289 - RealEstate.py[line:358] - INFO: 8减1荨于
2018-11-14 15:38:20,614 - RealEstate.py[line:179] - INFO: 2018-11-14 15:38:20.614000 渝北 籣亭新都汇 B幢 1单元 19-7
2018-11-14 15:38:30,747 - RealEstate.py[line:358] - INFO: 7加2 荨于
2018-11-14 15:39:22,752 - RealEstate.py[line:179] - INFO: 2018-11-14 15:39:22.752000 渝北 籣亭新都汇 B幢 1单元 19-8
2018-11-14 15:39:28,901 - RealEstate.py[line:358] - INFO: 乏萦2夕衢22 等于
2018-11-14 15:39:28,966 - RealEstate.py[line:410] - INFO: 图片识别修正number1:\
2018-11-14 15:39:28,966 - RealEstate.py[line:417] - INFO: 图片识别修正number2:2
2018-11-14 15:39:28,973 - RealEstate.py[line:471] - INFO: 图片比较修正operator:None
2018-11-14 15:39:28,980 - RealEstate.py[line:476] - INFO: 图片比较修正number1:None
2018-11-14 15:39:43,025 - RealEstate.py[line:358] - INFO: 4减2等于
2018-11-14 15:40:08,234 - RealEstate.py[line:179] - INFO: 2018-11-14 15:40:08.235000 渝北 籣亭新都汇 B幢 1单元 19-9
2018-11-14 15:40:12,335 - RealEstate.py[line:358] - INFO: 5减3等于
2018-11-14 15:41:20,589 - RealEstate.py[line:179] - INFO: 2018-11-14 15:41:20.590000 渝北 籣亭新都汇 B幢 1单元 19-10
2018-11-14 15:41:27,588 - RealEstate.py[line:358] - INFO: 9氦衢贾6 等于
2018-11-14 15:41:27,661 - RealEstate.py[line:417] - INFO: 图片识别修正number2:.
2018-11-14 15:41:27,670 - RealEstate.py[line:471] - INFO: 图片比较修正operator:None
2018-11-14 15:41:27,677 - RealEstate.py[line:481] - INFO: 图片比较修正number2:None
2018-11-14 15:41:37,450 - RealEstate.py[line:358] - INFO: F方遂22乏魔 等于
2018-11-14 15:41:37,519 - RealEstate.py[line:410] - INFO: 图片识别修正number1:.
2018-11-14 15:41:37,588 - RealEstate.py[line:417] - INFO: 图片识别修正number2:\\
2018-11-14 15:41:37,594 - RealEstate.py[line:471] - INFO: 图片比较修正operator:None
2018-11-14 15:41:37,601 - RealEstate.py[line:476] - INFO: 图片比较修正number1:None
2018-11-14 15:41:37,605 - RealEstate.py[line:481] - INFO: 图片比较修正number2:8
2018-11-14 15:41:43,619 - RealEstate.py[line:358] - INFO: 7减2 等于
2018-11-14 15:42:18,154 - RealEstate.py[line:179] - INFO: 2018-11-14 15:42:18.154000 渝北 籣亭新都汇 B幢 1单元 19-11
2018-11-14 15:42:27,158 - RealEstate.py[line:358] - INFO: 4游1等于
2018-11-14 15:42:27,160 - RealEstate.py[line:417] - INFO: 图片识别修正number2:1
2018-11-14 15:42:27,382 - RealEstate.py[line:428] - INFO: 图片识别修正operator:蜂
2018-11-14 15:42:27,390 - RealEstate.py[line:471] - INFO: 图片比较修正operator:reduce
2018-11-14 15:42:37,197 - RealEstate.py[line:358] - INFO: G2加6 荨于
2018-11-14 15:42:37,263 - RealEstate.py[line:410] - INFO: 图片识别修正number1:6
2018-11-14 15:42:37,328 - RealEstate.py[line:417] - INFO: 图片识别修正number2:.
2018-11-14 15:42:37,335 - RealEstate.py[line:471] - INFO: 图片比较修正operator:reduce
2018-11-14 15:42:37,342 - RealEstate.py[line:481] - INFO: 图片比较修正number2:None
2018-11-14 15:42:44,676 - RealEstate.py[line:358] - INFO: 82加7 荨于
2018-11-14 15:42:44,742 - RealEstate.py[line:417] - INFO: 图片识别修正number2:7
2018-11-14 15:42:44,967 - RealEstate.py[line:428] - INFO: 图片识别修正operator:Z亓苡
2018-11-14 15:42:44,974 - RealEstate.py[line:471] - INFO: 图片比较修正operator:add
2018-11-14 15:42:53,184 - RealEstate.py[line:358] - INFO: 乏覆汐2衢2 等于
2018-11-14 15:42:53,255 - RealEstate.py[line:410] - INFO: 图片识别修正number1:\\
2018-11-14 15:42:53,322 - RealEstate.py[line:417] - INFO: 图片识别修正number2:2
2018-11-14 15:42:53,332 - RealEstate.py[line:471] - INFO: 图片比较修正operator:add
2018-11-14 15:42:53,339 - RealEstate.py[line:476] - INFO: 图片比较修正number1:None
2018-11-14 15:43:03,648 - RealEstate.py[line:358] - INFO: 9加5 荨于
2018-11-14 15:43:57,743 - RealEstate.py[line:179] - INFO: 2018-11-14 15:43:57.743000 渝北 籣亭新都汇 B幢 1单元 19-12
2018-11-14 15:44:19,289 - RealEstate.py[line:358] - INFO: 2减7等于
2018-11-14 15:44:32,703 - RealEstate.py[line:358] - INFO: 乏22夕衢23 等于
2018-11-14 15:44:32,792 - RealEstate.py[line:410] - INFO: 图片识别修正number1:\\
2018-11-14 15:44:32,792 - RealEstate.py[line:417] - INFO: 图片识别修正number2:2
2018-11-14 15:44:32,799 - RealEstate.py[line:471] - INFO: 图片比较修正operator:add
2018-11-14 15:44:32,806 - RealEstate.py[line:476] - INFO: 图片比较修正number1:None
2018-11-14 15:44:36,865 - RealEstate.py[line:358] - INFO: 6减3荨于
2018-11-14 15:46:03,308 - RealEstate.py[line:179] - INFO: 2018-11-14 15:46:03.308000 渝北 籣亭新都汇 B幢 1单元 18-1
2018-11-14 15:46:08,986 - RealEstate.py[line:358] - INFO: 8加7荨于
2018-11-14 15:47:10,677 - RealEstate.py[line:179] - INFO: 2018-11-14 15:47:10.677000 渝北 籣亭新都汇 B幢 1单元 18-2
2018-11-14 15:47:17,408 - RealEstate.py[line:358] - INFO: 212夕225 等于
2018-11-14 15:47:17,408 - RealEstate.py[line:417] - INFO: 图片识别修正number2:2
2018-11-14 15:47:17,644 - RealEstate.py[line:428] - INFO: 图片识别修正operator:Z亓奴
2018-11-14 15:47:17,651 - RealEstate.py[line:471] - INFO: 图片比较修正operator:add
2018-11-14 15:47:23,581 - RealEstate.py[line:358] - INFO: 7减1等干
2018-11-14 15:47:49,358 - RealEstate.py[line:179] - INFO: 2018-11-14 15:47:49.359000 渝北 籣亭新都汇 B幢 1单元 18-3
2018-11-14 15:47:56,173 - RealEstate.py[line:358] - INFO: 4减2等于
2018-11-14 15:49:06,938 - RealEstate.py[line:179] - INFO: 2018-11-14 15:49:06.939000 渝北 籣亭新都汇 B幢 1单元 18-4
2018-11-14 15:49:11,101 - RealEstate.py[line:358] - INFO: 鑫122/77 荨于
2018-11-14 15:49:11,167 - RealEstate.py[line:410] - INFO: 图片识别修正number1:4
2018-11-14 15:49:11,167 - RealEstate.py[line:417] - INFO: 图片识别修正number2:2
2018-11-14 15:49:11,391 - RealEstate.py[line:428] - INFO: 图片识别修正operator:汐夕
2018-11-14 15:49:11,398 - RealEstate.py[line:471] - INFO: 图片比较修正operator:add
2018-11-14 15:49:17,096 - RealEstate.py[line:358] - INFO: 9减2荨于
2018-11-14 15:50:00,944 - RealEstate.py[line:179] - INFO: 2018-11-14 15:50:00.945000 渝北 籣亭新都汇 B幢 1单元 18-5
2018-11-14 15:50:05,358 - RealEstate.py[line:358] - INFO: 9减2等于
2018-11-14 15:51:03,943 - RealEstate.py[line:179] - INFO: 2018-11-14 15:51:03.943000 渝北 籣亭新都汇 B幢 1单元 18-6
2018-11-14 15:51:19,905 - RealEstate.py[line:358] - INFO: 9减2荨于
2018-11-14 15:52:41,339 - RealEstate.py[line:179] - INFO: 2018-11-14 15:52:41.340000 渝北 籣亭新都汇 B幢 1单元 18-7
2018-11-14 15:52:49,332 - RealEstate.py[line:358] - INFO: 7加1 荨于
2018-11-14 15:53:22,753 - RealEstate.py[line:179] - INFO: 2018-11-14 15:53:22.754000 渝北 籣亭新都汇 B幢 1单元 18-8
2018-11-14 15:53:29,368 - RealEstate.py[line:358] - INFO: 22加5 荨于
2018-11-14 15:53:29,431 - RealEstate.py[line:417] - INFO: 图片识别修正number2:5
2018-11-14 15:53:29,651 - RealEstate.py[line:428] - INFO: 图片识别修正operator:Z亓奴
2018-11-14 15:53:29,657 - RealEstate.py[line:471] - INFO: 图片比较修正operator:add
2018-11-14 15:53:37,805 - RealEstate.py[line:358] - INFO: 3减3等于
2018-11-14 15:55:49,181 - RealEstate.py[line:179] - INFO: 2018-11-14 15:55:49.182000 渝北 籣亭新都汇 B幢 1单元 18-9
2018-11-14 15:56:35,799 - RealEstate.py[line:358] - INFO: 22夕灯5 等于
2018-11-14 15:56:35,865 - RealEstate.py[line:417] - INFO: 图片识别修正number2:5
2018-11-14 15:56:36,098 - RealEstate.py[line:428] - INFO: 图片识别修正operator:Z夕刀
2018-11-14 15:56:36,105 - RealEstate.py[line:471] - INFO: 图片比较修正operator:add
2018-11-14 15:56:43,404 - RealEstate.py[line:358] - INFO: 一12夕22衢囊 等于
2018-11-14 15:56:43,469 - RealEstate.py[line:410] - INFO: 图片识别修正number1:4
2018-11-14 15:56:43,469 - RealEstate.py[line:417] - INFO: 图片识别修正number2:2
2018-11-14 15:56:43,687 - RealEstate.py[line:428] - INFO: 图片识别修正operator:Z亓苡
2018-11-14 15:56:43,694 - RealEstate.py[line:471] - INFO: 图片比较修正operator:add
2018-11-14 15:56:51,499 - RealEstate.py[line:358] - INFO: 22夕衢2蓦萦 等于
2018-11-14 15:56:51,568 - RealEstate.py[line:417] - INFO: 图片识别修正number2:\\
2018-11-14 15:56:51,573 - RealEstate.py[line:471] - INFO: 图片比较修正operator:add
2018-11-14 15:56:51,578 - RealEstate.py[line:481] - INFO: 图片比较修正number2:8
2018-11-14 15:57:07,128 - RealEstate.py[line:358] - INFO: 7衢衢赏3 荨于
2018-11-14 15:57:07,204 - RealEstate.py[line:417] - INFO: 图片识别修正number2:3
2018-11-14 15:57:07,428 - RealEstate.py[line:428] - INFO: 图片识别修正operator:蜂
2018-11-14 15:57:07,440 - RealEstate.py[line:471] - INFO: 图片比较修正operator:reduce
2018-11-14 15:57:23,003 - RealEstate.py[line:358] - INFO: 5减4荨于
2018-11-14 15:58:46,509 - RealEstate.py[line:179] - INFO: 2018-11-14 15:58:46.509000 渝北 籣亭新都汇 B幢 1单元 18-10
2018-11-14 15:58:57,730 - RealEstate.py[line:358] - INFO: 7加7荨于
2018-11-14 15:59:32,032 - RealEstate.py[line:179] - INFO: 2018-11-14 15:59:32.033000 渝北 籣亭新都汇 B幢 1单元 18-11
2018-11-14 15:59:50,464 - RealEstate.py[line:358] - INFO: 1减1荨芳
2018-11-14 16:00:33,372 - RealEstate.py[line:179] - INFO: 2018-11-14 16:00:33.373000 渝北 籣亭新都汇 B幢 1单元 18-12
2018-11-14 16:01:10,259 - RealEstate.py[line:358] - INFO: 22夕乙71 荨于
2018-11-14 16:01:10,328 - RealEstate.py[line:417] - INFO: 图片识别修正number2:1
2018-11-14 16:01:10,549 - RealEstate.py[line:428] - INFO: 图片识别修正operator:Z亓乙7
2018-11-14 16:01:10,556 - RealEstate.py[line:471] - INFO: 图片比较修正operator:add
2018-11-14 16:01:26,753 - RealEstate.py[line:358] - INFO: 9减7等于
2018-11-14 16:01:54,460 - RealEstate.py[line:358] - INFO: 2加8 等于
2018-11-14 16:03:22,467 - RealEstate.py[line:179] - INFO: 2018-11-14 16:03:22.468000 渝北 籣亭新都汇 B幢 1单元 17-1
2018-11-14 16:03:53,841 - RealEstate.py[line:358] - INFO: 72加矗 荨于
2018-11-14 16:03:53,914 - RealEstate.py[line:417] - INFO: 图片识别修正number2:.
2018-11-14 16:03:53,921 - RealEstate.py[line:471] - INFO: 图片比较修正operator:add
2018-11-14 16:03:53,927 - RealEstate.py[line:481] - INFO: 图片比较修正number2:None
2018-11-14 16:04:10,579 - RealEstate.py[line:358] - INFO: 8减7荨于
2018-11-14 16:05:43,894 - RealEstate.py[line:179] - INFO: 2018-11-14 16:05:43.894000 渝北 籣亭新都汇 B幢 1单元 17-2
2018-11-14 16:05:48,750 - RealEstate.py[line:358] - INFO: 乏萦2衢赏4 荨于
2018-11-14 16:05:48,815 - RealEstate.py[line:410] - INFO: 图片识别修正number1:\
2018-11-14 16:05:48,815 - RealEstate.py[line:417] - INFO: 图片识别修正number2:2
2018-11-14 16:05:48,822 - RealEstate.py[line:471] - INFO: 图片比较修正operator:add
2018-11-14 16:05:48,828 - RealEstate.py[line:476] - INFO: 图片比较修正number1:None
2018-11-14 16:06:03,418 - RealEstate.py[line:358] - INFO: 8减2等于
2018-11-14 16:06:20,535 - RealEstate.py[line:179] - INFO: 2018-11-14 16:06:20.534000 渝北 籣亭新都汇 B幢 1单元 17-3
2018-11-14 16:06:24,345 - RealEstate.py[line:358] - INFO: 9汐娜5 等于
2018-11-14 16:06:24,408 - RealEstate.py[line:417] - INFO: 图片识别修正number2:5
2018-11-14 16:06:24,621 - RealEstate.py[line:428] - INFO: 图片识别修正operator:汐夕
2018-11-14 16:06:24,627 - RealEstate.py[line:471] - INFO: 图片比较修正operator:add
2018-11-14 16:06:30,497 - RealEstate.py[line:358] - INFO: 42夕夕7荨于
2018-11-14 16:06:30,565 - RealEstate.py[line:417] - INFO: 图片识别修正number2:7
2018-11-14 16:06:30,773 - RealEstate.py[line:428] - INFO: 图片识别修正operator:Z夕夕
2018-11-14 16:06:30,779 - RealEstate.py[line:471] - INFO: 图片比较修正operator:None
2018-11-14 16:06:41,790 - RealEstate.py[line:358] - INFO: 32夕2衢乏萦 等于
2018-11-14 16:06:41,869 - RealEstate.py[line:417] - INFO: 图片识别修正number2:\
2018-11-14 16:06:41,875 - RealEstate.py[line:471] - INFO: 图片比较修正operator:None
2018-11-14 16:06:41,881 - RealEstate.py[line:481] - INFO: 图片比较修正number2:8
2018-11-14 16:06:52,496 - RealEstate.py[line:358] - INFO: 22撰衢2苎2 荨于
2018-11-14 16:06:52,563 - RealEstate.py[line:417] - INFO: 图片识别修正number2:.
2018-11-14 16:06:52,571 - RealEstate.py[line:471] - INFO: 图片比较修正operator:None
2018-11-14 16:06:52,575 - RealEstate.py[line:481] - INFO: 图片比较修正number2:9
2018-11-14 16:07:04,503 - RealEstate.py[line:358] - INFO: 7减7等于
2018-11-14 16:07:36,789 - RealEstate.py[line:179] - INFO: 2018-11-14 16:07:36.790000 渝北 籣亭新都汇 B幢 1单元 17-4
2018-11-14 16:07:41,382 - RealEstate.py[line:358] - INFO: 8歹2夕衢7萎〕 荨于
2018-11-14 16:07:41,382 - RealEstate.py[line:417] - INFO: 图片识别修正number2:2
2018-11-14 16:07:41,615 - RealEstate.py[line:428] - INFO: 图片识别修正operator:Z亓奴
2018-11-14 16:07:41,621 - RealEstate.py[line:471] - INFO: 图片比较修正operator:add
2018-11-14 16:07:45,891 - RealEstate.py[line:358] - INFO: 1加6等芳
2018-11-14 16:08:53,276 - RealEstate.py[line:60] - INFO: 渝北：1
2018-11-14 16:09:03,381 - RealEstate.py[line:185] - INFO: 2018-11-14 16:09:03.381000 渝北 籣亭新都汇 B幢 1单元 22-1
2018-11-14 16:09:03,382 - RealEstate.py[line:185] - INFO: 2018-11-14 16:09:03.383000 渝北 籣亭新都汇 B幢 1单元 22-2
2018-11-14 16:09:03,384 - RealEstate.py[line:185] - INFO: 2018-11-14 16:09:03.384000 渝北 籣亭新都汇 B幢 1单元 22-3
2018-11-14 16:09:03,384 - RealEstate.py[line:185] - INFO: 2018-11-14 16:09:03.385000 渝北 籣亭新都汇 B幢 1单元 22-4
2018-11-14 16:09:03,385 - RealEstate.py[line:185] - INFO: 2018-11-14 16:09:03.386000 渝北 籣亭新都汇 B幢 1单元 22-5
2018-11-14 16:09:03,387 - RealEstate.py[line:185] - INFO: 2018-11-14 16:09:03.387000 渝北 籣亭新都汇 B幢 1单元 22-6
2018-11-14 16:09:03,388 - RealEstate.py[line:185] - INFO: 2018-11-14 16:09:03.388000 渝北 籣亭新都汇 B幢 1单元 22-7
2018-11-14 16:09:03,388 - RealEstate.py[line:185] - INFO: 2018-11-14 16:09:03.389000 渝北 籣亭新都汇 B幢 1单元 22-8
2018-11-14 16:09:03,391 - RealEstate.py[line:185] - INFO: 2018-11-14 16:09:03.391000 渝北 籣亭新都汇 B幢 1单元 22-9
2018-11-14 16:09:03,391 - RealEstate.py[line:185] - INFO: 2018-11-14 16:09:03.392000 渝北 籣亭新都汇 B幢 1单元 22-10
2018-11-14 16:09:03,392 - RealEstate.py[line:185] - INFO: 2018-11-14 16:09:03.393000 渝北 籣亭新都汇 B幢 1单元 22-11
2018-11-14 16:09:03,394 - RealEstate.py[line:185] - INFO: 2018-11-14 16:09:03.394000 渝北 籣亭新都汇 B幢 1单元 22-12
2018-11-14 16:09:03,397 - RealEstate.py[line:185] - INFO: 2018-11-14 16:09:03.397000 渝北 籣亭新都汇 B幢 1单元 21-1
2018-11-14 16:09:03,398 - RealEstate.py[line:185] - INFO: 2018-11-14 16:09:03.398000 渝北 籣亭新都汇 B幢 1单元 21-2
2018-11-14 16:09:03,398 - RealEstate.py[line:185] - INFO: 2018-11-14 16:09:03.399000 渝北 籣亭新都汇 B幢 1单元 21-3
2018-11-14 16:09:03,400 - RealEstate.py[line:185] - INFO: 2018-11-14 16:09:03.400000 渝北 籣亭新都汇 B幢 1单元 21-4
2018-11-14 16:09:03,401 - RealEstate.py[line:185] - INFO: 2018-11-14 16:09:03.401000 渝北 籣亭新都汇 B幢 1单元 21-5
2018-11-14 16:09:03,401 - RealEstate.py[line:185] - INFO: 2018-11-14 16:09:03.402000 渝北 籣亭新都汇 B幢 1单元 21-6
2018-11-14 16:09:03,403 - RealEstate.py[line:185] - INFO: 2018-11-14 16:09:03.403000 渝北 籣亭新都汇 B幢 1单元 21-7
2018-11-14 16:09:03,404 - RealEstate.py[line:185] - INFO: 2018-11-14 16:09:03.404000 渝北 籣亭新都汇 B幢 1单元 21-8
2018-11-14 16:09:03,404 - RealEstate.py[line:185] - INFO: 2018-11-14 16:09:03.405000 渝北 籣亭新都汇 B幢 1单元 21-9
2018-11-14 16:09:03,405 - RealEstate.py[line:185] - INFO: 2018-11-14 16:09:03.406000 渝北 籣亭新都汇 B幢 1单元 21-10
2018-11-14 16:09:03,407 - RealEstate.py[line:185] - INFO: 2018-11-14 16:09:03.407000 渝北 籣亭新都汇 B幢 1单元 21-11
2018-11-14 16:09:03,408 - RealEstate.py[line:185] - INFO: 2018-11-14 16:09:03.409000 渝北 籣亭新都汇 B幢 1单元 21-12
2018-11-14 16:09:03,411 - RealEstate.py[line:185] - INFO: 2018-11-14 16:09:03.411000 渝北 籣亭新都汇 B幢 1单元 20-1
2018-11-14 16:09:03,413 - RealEstate.py[line:185] - INFO: 2018-11-14 16:09:03.413000 渝北 籣亭新都汇 B幢 1单元 20-2
2018-11-14 16:09:03,414 - RealEstate.py[line:185] - INFO: 2018-11-14 16:09:03.414000 渝北 籣亭新都汇 B幢 1单元 20-3
2018-11-14 16:09:03,414 - RealEstate.py[line:185] - INFO: 2018-11-14 16:09:03.415000 渝北 籣亭新都汇 B幢 1单元 20-4
2018-11-14 16:09:03,415 - RealEstate.py[line:185] - INFO: 2018-11-14 16:09:03.416000 渝北 籣亭新都汇 B幢 1单元 20-5
2018-11-14 16:09:03,417 - RealEstate.py[line:185] - INFO: 2018-11-14 16:09:03.417000 渝北 籣亭新都汇 B幢 1单元 20-6
2018-11-14 16:09:03,417 - RealEstate.py[line:185] - INFO: 2018-11-14 16:09:03.418000 渝北 籣亭新都汇 B幢 1单元 20-7
2018-11-14 16:09:03,420 - RealEstate.py[line:185] - INFO: 2018-11-14 16:09:03.419000 渝北 籣亭新都汇 B幢 1单元 20-8
2018-11-14 16:09:03,421 - RealEstate.py[line:185] - INFO: 2018-11-14 16:09:03.421000 渝北 籣亭新都汇 B幢 1单元 20-9
2018-11-14 16:09:03,421 - RealEstate.py[line:185] - INFO: 2018-11-14 16:09:03.422000 渝北 籣亭新都汇 B幢 1单元 20-10
2018-11-14 16:09:03,423 - RealEstate.py[line:185] - INFO: 2018-11-14 16:09:03.423000 渝北 籣亭新都汇 B幢 1单元 20-11
2018-11-14 16:09:03,424 - RealEstate.py[line:185] - INFO: 2018-11-14 16:09:03.424000 渝北 籣亭新都汇 B幢 1单元 20-12
2018-11-14 16:09:03,426 - RealEstate.py[line:185] - INFO: 2018-11-14 16:09:03.426000 渝北 籣亭新都汇 B幢 1单元 19-1
2018-11-14 16:09:03,427 - RealEstate.py[line:185] - INFO: 2018-11-14 16:09:03.427000 渝北 籣亭新都汇 B幢 1单元 19-2
2018-11-14 16:09:03,427 - RealEstate.py[line:185] - INFO: 2018-11-14 16:09:03.428000 渝北 籣亭新都汇 B幢 1单元 19-3
2018-11-14 16:09:03,428 - RealEstate.py[line:185] - INFO: 2018-11-14 16:09:03.429000 渝北 籣亭新都汇 B幢 1单元 19-4
2018-11-14 16:09:03,430 - RealEstate.py[line:185] - INFO: 2018-11-14 16:09:03.430000 渝北 籣亭新都汇 B幢 1单元 19-5
2018-11-14 16:09:03,431 - RealEstate.py[line:185] - INFO: 2018-11-14 16:09:03.432000 渝北 籣亭新都汇 B幢 1单元 19-6
2018-11-14 16:09:03,433 - RealEstate.py[line:185] - INFO: 2018-11-14 16:09:03.433000 渝北 籣亭新都汇 B幢 1单元 19-7
2018-11-14 16:09:03,434 - RealEstate.py[line:185] - INFO: 2018-11-14 16:09:03.434000 渝北 籣亭新都汇 B幢 1单元 19-8
2018-11-14 16:09:03,434 - RealEstate.py[line:185] - INFO: 2018-11-14 16:09:03.435000 渝北 籣亭新都汇 B幢 1单元 19-9
2018-11-14 16:09:03,436 - RealEstate.py[line:185] - INFO: 2018-11-14 16:09:03.436000 渝北 籣亭新都汇 B幢 1单元 19-10
2018-11-14 16:09:03,437 - RealEstate.py[line:185] - INFO: 2018-11-14 16:09:03.437000 渝北 籣亭新都汇 B幢 1单元 19-11
2018-11-14 16:09:03,438 - RealEstate.py[line:185] - INFO: 2018-11-14 16:09:03.439000 渝北 籣亭新都汇 B幢 1单元 19-12
2018-11-14 16:09:03,440 - RealEstate.py[line:185] - INFO: 2018-11-14 16:09:03.441000 渝北 籣亭新都汇 B幢 1单元 18-1
2018-11-14 16:09:03,441 - RealEstate.py[line:185] - INFO: 2018-11-14 16:09:03.442000 渝北 籣亭新都汇 B幢 1单元 18-2
2018-11-14 16:09:03,444 - RealEstate.py[line:185] - INFO: 2018-11-14 16:09:03.444000 渝北 籣亭新都汇 B幢 1单元 18-3
2018-11-14 16:09:03,444 - RealEstate.py[line:185] - INFO: 2018-11-14 16:09:03.445000 渝北 籣亭新都汇 B幢 1单元 18-4
2018-11-14 16:09:03,447 - RealEstate.py[line:185] - INFO: 2018-11-14 16:09:03.447000 渝北 籣亭新都汇 B幢 1单元 18-5
2018-11-14 16:09:03,447 - RealEstate.py[line:185] - INFO: 2018-11-14 16:09:03.448000 渝北 籣亭新都汇 B幢 1单元 18-6
2018-11-14 16:09:03,448 - RealEstate.py[line:185] - INFO: 2018-11-14 16:09:03.449000 渝北 籣亭新都汇 B幢 1单元 18-7
2018-11-14 16:09:03,450 - RealEstate.py[line:185] - INFO: 2018-11-14 16:09:03.450000 渝北 籣亭新都汇 B幢 1单元 18-8
2018-11-14 16:09:03,450 - RealEstate.py[line:185] - INFO: 2018-11-14 16:09:03.451000 渝北 籣亭新都汇 B幢 1单元 18-9
2018-11-14 16:09:03,451 - RealEstate.py[line:185] - INFO: 2018-11-14 16:09:03.452000 渝北 籣亭新都汇 B幢 1单元 18-10
2018-11-14 16:09:03,453 - RealEstate.py[line:185] - INFO: 2018-11-14 16:09:03.453000 渝北 籣亭新都汇 B幢 1单元 18-11
2018-11-14 16:09:03,453 - RealEstate.py[line:185] - INFO: 2018-11-14 16:09:03.454000 渝北 籣亭新都汇 B幢 1单元 18-12
2018-11-14 16:09:03,457 - RealEstate.py[line:185] - INFO: 2018-11-14 16:09:03.457000 渝北 籣亭新都汇 B幢 1单元 17-1
2018-11-14 16:09:03,457 - RealEstate.py[line:185] - INFO: 2018-11-14 16:09:03.458000 渝北 籣亭新都汇 B幢 1单元 17-2
2018-11-14 16:09:03,459 - RealEstate.py[line:185] - INFO: 2018-11-14 16:09:03.459000 渝北 籣亭新都汇 B幢 1单元 17-3
2018-11-14 16:09:03,460 - RealEstate.py[line:185] - INFO: 2018-11-14 16:09:03.460000 渝北 籣亭新都汇 B幢 1单元 17-4
2018-11-14 16:09:09,209 - RealEstate.py[line:359] - INFO: 7减5 等于
2018-11-14 16:09:48,476 - RealEstate.py[line:185] - INFO: 2018-11-14 16:09:48.477000 渝北 籣亭新都汇 B幢 1单元 17-5
2018-11-14 16:10:04,385 - RealEstate.py[line:359] - INFO: 6减1等于
2018-11-14 16:10:41,191 - RealEstate.py[line:185] - INFO: 2018-11-14 16:10:41.192000 渝北 籣亭新都汇 B幢 1单元 17-6
2018-11-14 16:10:44,884 - RealEstate.py[line:359] - INFO: 鑫12亥~衢71 等于
2018-11-14 16:10:44,951 - RealEstate.py[line:414] - INFO: 图片识别修正number1:4
2018-11-14 16:10:44,951 - RealEstate.py[line:421] - INFO: 图片识别修正number2:2
2018-11-14 16:10:45,306 - RealEstate.py[line:432] - INFO: 图片识别修正operator:汐苡
2018-11-14 16:10:45,315 - RealEstate.py[line:475] - INFO: 图片比较修正operator:None
2018-11-14 16:10:49,174 - RealEstate.py[line:359] - INFO: 6减2荨于
2018-11-14 16:11:03,032 - RealEstate.py[line:185] - INFO: 2018-11-14 16:11:03.032000 渝北 籣亭新都汇 B幢 1单元 17-7
2018-11-14 16:11:10,535 - RealEstate.py[line:359] - INFO: 7加9 等于
2018-11-14 16:11:56,506 - RealEstate.py[line:185] - INFO: 2018-11-14 16:11:56.506000 渝北 籣亭新都汇 B幢 1单元 17-8
2018-11-14 16:12:00,404 - RealEstate.py[line:359] - INFO: 8减5荨于
2018-11-14 16:13:00,852 - RealEstate.py[line:185] - INFO: 2018-11-14 16:13:00.853000 渝北 籣亭新都汇 B幢 1单元 17-9
2018-11-14 16:13:13,846 - RealEstate.py[line:359] - INFO: 9减8等于
2018-11-14 16:14:16,266 - RealEstate.py[line:185] - INFO: 2018-11-14 16:14:16.267000 渝北 籣亭新都汇 B幢 1单元 17-10
2018-11-14 16:14:26,305 - RealEstate.py[line:359] - INFO: 7加1 等于
2018-11-14 16:16:09,305 - RealEstate.py[line:185] - INFO: 2018-11-14 16:16:09.306000 渝北 籣亭新都汇 B幢 1单元 17-11
2018-11-14 16:16:14,609 - RealEstate.py[line:359] - INFO: R!覆汐/7乏覆 等于
2018-11-14 16:16:14,677 - RealEstate.py[line:414] - INFO: 图片识别修正number1:\\
2018-11-14 16:16:14,743 - RealEstate.py[line:421] - INFO: 图片识别修正number2:\\
2018-11-14 16:16:14,750 - RealEstate.py[line:475] - INFO: 图片比较修正operator:None
2018-11-14 16:16:14,757 - RealEstate.py[line:480] - INFO: 图片比较修正number1:None
2018-11-14 16:16:14,763 - RealEstate.py[line:485] - INFO: 图片比较修正number2:8
2018-11-14 16:16:27,414 - RealEstate.py[line:359] - INFO: 7夕赏G 等于
2018-11-14 16:16:27,492 - RealEstate.py[line:421] - INFO: 图片识别修正number2:6
2018-11-14 16:16:27,713 - RealEstate.py[line:432] - INFO: 图片识别修正operator:蝉
2018-11-14 16:16:27,720 - RealEstate.py[line:475] - INFO: 图片比较修正operator:reduce
2018-11-14 16:16:40,673 - RealEstate.py[line:359] - INFO: 3加7等于
2018-11-14 16:17:46,868 - RealEstate.py[line:185] - INFO: 2018-11-14 16:17:46.868000 渝北 籣亭新都汇 B幢 1单元 17-12
2018-11-14 16:17:58,582 - RealEstate.py[line:359] - INFO: 1减1等于
2018-11-14 16:18:35,700 - RealEstate.py[line:185] - INFO: 2018-11-14 16:18:35.701000 渝北 籣亭新都汇 B幢 1单元 16-1
2018-11-14 16:18:39,973 - RealEstate.py[line:359] - INFO: 1加9等干
2018-11-14 16:19:45,733 - RealEstate.py[line:185] - INFO: 2018-11-14 16:19:45.733000 渝北 籣亭新都汇 B幢 1单元 16-2
2018-11-14 16:20:10,859 - RealEstate.py[line:359] - INFO: 7减5 荨于
2018-11-14 16:20:59,769 - RealEstate.py[line:185] - INFO: 2018-11-14 16:20:59.769000 渝北 籣亭新都汇 B幢 1单元 16-3
2018-11-14 16:21:08,032 - RealEstate.py[line:359] - INFO: 62加7荨于
2018-11-14 16:21:08,098 - RealEstate.py[line:421] - INFO: 图片识别修正number2:7
2018-11-14 16:21:08,331 - RealEstate.py[line:432] - INFO: 图片识别修正operator:Z亓奴
2018-11-14 16:21:08,335 - RealEstate.py[line:475] - INFO: 图片比较修正operator:add
2018-11-14 16:21:35,055 - RealEstate.py[line:359] - INFO: 4减3等于
2018-11-14 16:23:35,171 - RealEstate.py[line:235] - INFO: Message: timeout
  (Session info: headless chrome=69.0.3497.92)
  (Driver info: chromedriver=2.42.591088 (7b2b2dca23cca0862f674758c9a3933e685c27d5),platform=Windows NT 10.0.10240 x86_64)

2018-11-14 16:23:37,211 - RealEstate.py[line:241] - INFO: 2018-11-14 16:23:37.212000 内层异常休眠5分钟
2018-11-14 16:28:39,292 - RealEstate.py[line:185] - INFO: 2018-11-14 16:28:39.293000 渝北 籣亭新都汇 B幢 1单元 16-4
2018-11-14 16:28:58,395 - RealEstate.py[line:359] - INFO: 9减8等于
2018-11-14 16:29:24,266 - RealEstate.py[line:185] - INFO: 2018-11-14 16:29:24.267000 渝北 籣亭新都汇 B幢 1单元 16-5
2018-11-14 16:29:39,700 - RealEstate.py[line:359] - INFO: 8减4荨于
2018-11-14 16:30:25,598 - RealEstate.py[line:185] - INFO: 2018-11-14 16:30:25.598000 渝北 籣亭新都汇 B幢 1单元 16-6
2018-11-14 16:30:46,200 - RealEstate.py[line:359] - INFO: 9加2 荨于
2018-11-14 16:31:33,470 - RealEstate.py[line:185] - INFO: 2018-11-14 16:31:33.470000 渝北 籣亭新都汇 B幢 1单元 16-7
2018-11-14 16:31:51,242 - RealEstate.py[line:359] - INFO: 9减3荨于
2018-11-14 16:32:40,526 - RealEstate.py[line:185] - INFO: 2018-11-14 16:32:40.527000 渝北 籣亭新都汇 B幢 1单元 16-8
2018-11-14 16:32:44,283 - RealEstate.py[line:359] - INFO: 4笈奴4 等于
2018-11-14 16:32:44,351 - RealEstate.py[line:421] - INFO: 图片识别修正number2:4
2018-11-14 16:32:44,572 - RealEstate.py[line:432] - INFO: 图片识别修正operator:Z亓奴
2018-11-14 16:32:44,578 - RealEstate.py[line:475] - INFO: 图片比较修正operator:add
2018-11-14 16:32:58,523 - RealEstate.py[line:359] - INFO: 12夕/2二寮 等于
2018-11-14 16:32:58,607 - RealEstate.py[line:421] - INFO: 图片识别修正number2:3
2018-11-14 16:32:58,882 - RealEstate.py[line:432] - INFO: 图片识别修正operator:Z夕夕
2018-11-14 16:32:58,888 - RealEstate.py[line:475] - INFO: 图片比较修正operator:add
2018-11-14 16:33:12,204 - RealEstate.py[line:359] - INFO: 7漩2 荨于
2018-11-14 16:33:12,206 - RealEstate.py[line:421] - INFO: 图片识别修正number2:2
2018-11-14 16:33:12,454 - RealEstate.py[line:432] - INFO: 图片识别修正operator:蜂
2018-11-14 16:33:12,463 - RealEstate.py[line:475] - INFO: 图片比较修正operator:reduce
2018-11-14 16:33:23,346 - RealEstate.py[line:359] - INFO: 1玖奴3 等于
2018-11-14 16:33:23,417 - RealEstate.py[line:421] - INFO: 图片识别修正number2:3
2018-11-14 16:33:23,651 - RealEstate.py[line:432] - INFO: 图片识别修正operator:汐刀
2018-11-14 16:33:23,658 - RealEstate.py[line:475] - INFO: 图片比较修正operator:None
2018-11-14 16:33:51,487 - RealEstate.py[line:359] - INFO: 8减凛等于
2018-11-14 16:33:51,556 - RealEstate.py[line:421] - INFO: 图片识别修正number2:4
2018-11-14 16:33:51,786 - RealEstate.py[line:432] - INFO: 图片识别修正operator:邂瀚
2018-11-14 16:33:51,792 - RealEstate.py[line:475] - INFO: 图片比较修正operator:reduce
2018-11-14 16:33:55,440 - RealEstate.py[line:359] - INFO: 822/75 等于
2018-11-14 16:33:55,440 - RealEstate.py[line:421] - INFO: 图片识别修正number2:2
2018-11-14 16:33:55,676 - RealEstate.py[line:432] - INFO: 图片识别修正operator:汐苡
2018-11-14 16:33:55,687 - RealEstate.py[line:475] - INFO: 图片比较修正operator:None
2018-11-14 16:34:02,163 - RealEstate.py[line:359] - INFO: 9加2 等于
2018-11-14 16:35:18,944 - RealEstate.py[line:185] - INFO: 2018-11-14 16:35:18.945000 渝北 籣亭新都汇 B幢 1单元 16-9
2018-11-14 16:35:27,131 - RealEstate.py[line:359] - INFO: 5笈奴2 荨于
2018-11-14 16:35:27,194 - RealEstate.py[line:421] - INFO: 图片识别修正number2:2
2018-11-14 16:35:27,408 - RealEstate.py[line:432] - INFO: 图片识别修正operator:Z夕乙7
2018-11-14 16:35:27,415 - RealEstate.py[line:475] - INFO: 图片比较修正operator:add
2018-11-14 16:35:32,444 - RealEstate.py[line:359] - INFO: 2减2等于
2018-11-14 16:35:40,802 - RealEstate.py[line:185] - INFO: 2018-11-14 16:35:40.803000 渝北 籣亭新都汇 B幢 1单元 16-10
2018-11-14 16:35:44,637 - RealEstate.py[line:359] - INFO: 6加9 等干
2018-11-14 16:36:22,151 - RealEstate.py[line:185] - INFO: 2018-11-14 16:36:22.152000 渝北 籣亭新都汇 B幢 1单元 16-11
2018-11-14 16:36:35,009 - RealEstate.py[line:359] - INFO: 7汐刀9 等于
2018-11-14 16:36:35,082 - RealEstate.py[line:421] - INFO: 图片识别修正number2:.
2018-11-14 16:36:35,088 - RealEstate.py[line:475] - INFO: 图片比较修正operator:add
2018-11-14 16:36:35,101 - RealEstate.py[line:485] - INFO: 图片比较修正number2:None
2018-11-14 16:36:41,846 - RealEstate.py[line:359] - INFO: 82夕灯凛 等于
2018-11-14 16:36:41,918 - RealEstate.py[line:421] - INFO: 图片识别修正number2:4
2018-11-14 16:36:42,154 - RealEstate.py[line:432] - INFO: 图片识别修正operator:Z亓苡
2018-11-14 16:36:42,161 - RealEstate.py[line:475] - INFO: 图片比较修正operator:add
2018-11-14 16:36:47,490 - RealEstate.py[line:359] - INFO: 4减3等于
2018-11-14 16:37:42,256 - RealEstate.py[line:185] - INFO: 2018-11-14 16:37:42.257000 渝北 籣亭新都汇 B幢 1单元 16-12
2018-11-14 16:37:46,177 - RealEstate.py[line:359] - INFO: 72夕/78 等于
2018-11-14 16:37:46,256 - RealEstate.py[line:421] - INFO: 图片识别修正number2:\
2018-11-14 16:37:46,263 - RealEstate.py[line:475] - INFO: 图片比较修正operator:add
2018-11-14 16:37:46,269 - RealEstate.py[line:485] - INFO: 图片比较修正number2:8
2018-11-14 16:37:54,108 - RealEstate.py[line:359] - INFO: 8歹汐赏6 等于
2018-11-14 16:37:54,181 - RealEstate.py[line:421] - INFO: 图片识别修正number2:6
2018-11-14 16:37:54,421 - RealEstate.py[line:432] - INFO: 图片识别修正operator:裨
2018-11-14 16:37:54,428 - RealEstate.py[line:475] - INFO: 图片比较修正operator:reduce
2018-11-14 16:37:59,819 - RealEstate.py[line:359] - INFO: 7遂万A 等于
2018-11-14 16:37:59,894 - RealEstate.py[line:421] - INFO: 图片识别修正number2:\\
2018-11-14 16:37:59,901 - RealEstate.py[line:475] - INFO: 图片比较修正operator:reduce
2018-11-14 16:37:59,907 - RealEstate.py[line:485] - INFO: 图片比较修正number2:8
2018-11-14 16:38:05,325 - RealEstate.py[line:359] - INFO: 8歹2撰衢.7二萦 等于
2018-11-14 16:38:05,325 - RealEstate.py[line:421] - INFO: 图片识别修正number2:2
2018-11-14 16:38:05,572 - RealEstate.py[line:432] - INFO: 图片识别修正operator:加
2018-11-14 16:38:10,535 - RealEstate.py[line:359] - INFO: 6加1 等于
2018-11-14 16:38:37,107 - RealEstate.py[line:185] - INFO: 2018-11-14 16:38:37.107000 渝北 籣亭新都汇 B幢 1单元 15-1
2018-11-14 16:38:45,621 - RealEstate.py[line:359] - INFO: 8加3 等于
2018-11-14 16:40:03,509 - RealEstate.py[line:185] - INFO: 2018-11-14 16:40:03.510000 渝北 籣亭新都汇 B幢 1单元 15-2
2018-11-14 16:40:07,207 - RealEstate.py[line:359] - INFO: 5减7等于
2018-11-14 17:30:57,759 - RealEstate.py[line:60] - INFO: 渝北：2
2018-11-14 17:31:19,842 - RealEstate.py[line:185] - INFO: 2018-11-14 17:31:19.843000 渝北 龙湖景粼玖序-F126-1号地块 1号楼 1单元 18-1
2018-11-14 17:31:24,428 - RealEstate.py[line:359] - INFO: 7夕赏G 等于
2018-11-14 17:31:24,494 - RealEstate.py[line:421] - INFO: 图片识别修正number2:6
2018-11-14 17:31:24,717 - RealEstate.py[line:432] - INFO: 图片识别修正operator:阉
2018-11-14 17:31:24,724 - RealEstate.py[line:475] - INFO: 图片比较修正operator:reduce
2018-11-14 17:31:32,408 - RealEstate.py[line:359] - INFO: 6减5荨于
2018-11-14 17:32:50,733 - RealEstate.py[line:185] - INFO: 2018-11-14 17:32:50.733000 渝北 龙湖景粼玖序-F126-1号地块 1号楼 1单元 18-2
2018-11-14 17:33:01,884 - RealEstate.py[line:359] - INFO: 62夕乙7二薹 荨于
2018-11-14 17:33:15,539 - RealEstate.py[line:421] - INFO: 图片识别修正number2:3
2018-11-14 17:33:15,759 - RealEstate.py[line:432] - INFO: 图片识别修正operator:Z亓乙7
2018-11-14 17:33:15,766 - RealEstate.py[line:475] - INFO: 图片比较修正operator:add
2018-11-14 17:33:59,346 - RealEstate.py[line:60] - INFO: 渝北：2
2018-11-14 17:34:42,107 - RealEstate.py[line:185] - INFO: 2018-11-14 17:34:42.107000 渝北 龙湖景粼玖序-F126-1号地块 1号楼 1单元 18-1
2018-11-14 17:34:42,108 - RealEstate.py[line:185] - INFO: 2018-11-14 17:34:42.109000 渝北 龙湖景粼玖序-F126-1号地块 1号楼 1单元 18-2
2018-11-14 17:34:48,128 - RealEstate.py[line:359] - INFO: 22加8 荨于
2018-11-14 17:34:51,858 - RealEstate.py[line:421] - INFO: 图片识别修正number2:\\
2018-11-14 17:34:51,868 - RealEstate.py[line:475] - INFO: 图片比较修正operator:add
2018-11-14 17:34:51,874 - RealEstate.py[line:485] - INFO: 图片比较修正number2:8
2018-11-14 17:35:29,049 - RealEstate.py[line:359] - INFO: 7减G 等于
2018-11-14 17:35:50,322 - RealEstate.py[line:421] - INFO: 图片识别修正number2:6
2018-11-14 17:35:58,002 - RealEstate.py[line:432] - INFO: 图片识别修正operator:减
2018-11-14 17:36:58,016 - RealEstate.py[line:60] - INFO: 渝北：2
2018-11-14 17:37:54,813 - RealEstate.py[line:185] - INFO: 2018-11-14 17:37:54.814000 渝北 龙湖景粼玖序-F126-1号地块 1号楼 1单元 18-1
2018-11-14 17:37:54,815 - RealEstate.py[line:185] - INFO: 2018-11-14 17:37:54.816000 渝北 龙湖景粼玖序-F126-1号地块 1号楼 1单元 18-2
2018-11-14 17:38:08,055 - RealEstate.py[line:359] - INFO: 9减3等于
2018-11-14 17:39:21,055 - RealEstate.py[line:60] - INFO: 渝北：2
2018-11-14 17:39:38,977 - RealEstate.py[line:185] - INFO: 2018-11-14 17:39:38.978000 渝北 龙湖景粼玖序-F126-1号地块 1号楼 1单元 18-1
2018-11-14 17:39:38,980 - RealEstate.py[line:185] - INFO: 2018-11-14 17:39:38.980000 渝北 龙湖景粼玖序-F126-1号地块 1号楼 1单元 18-2
2018-11-14 17:39:43,118 - RealEstate.py[line:360] - INFO: 3加7 等于
2018-11-14 17:40:58,940 - RealEstate.py[line:232] - ERROR: 套内：18660.98
2018-11-14 17:40:58,941 - RealEstate.py[line:185] - INFO: 2018-11-14 17:40:58.942000 渝北 龙湖景粼玖序-F126-1号地块 1号楼 2单元 18-1
2018-11-14 17:41:08,404 - RealEstate.py[line:360] - INFO: 9加5 等于
2018-11-14 17:41:27,417 - RealEstate.py[line:60] - INFO: 渝北：2
2018-11-14 17:42:22,755 - RealEstate.py[line:185] - INFO: 2018-11-14 17:42:22.755000 渝北 龙湖景粼玖序-F126-1号地块 1号楼 1单元 18-1
2018-11-14 17:42:22,756 - RealEstate.py[line:185] - INFO: 2018-11-14 17:42:22.757000 渝北 龙湖景粼玖序-F126-1号地块 1号楼 1单元 18-2
2018-11-14 17:42:22,757 - RealEstate.py[line:185] - INFO: 2018-11-14 17:42:22.758000 渝北 龙湖景粼玖序-F126-1号地块 1号楼 2单元 18-1
2018-11-14 17:42:34,977 - RealEstate.py[line:360] - INFO: 之萦22/74 等于
2018-11-14 17:43:44,974 - RealEstate.py[line:415] - INFO: 图片识别修正number1:3
2018-11-14 17:43:45,963 - RealEstate.py[line:422] - INFO: 图片识别修正number2:2
2018-11-14 17:43:48,944 - RealEstate.py[line:433] - INFO: 图片识别修正operator:汐夕
2018-11-14 17:43:52,236 - RealEstate.py[line:479] - INFO: 图片比较修正operator:None
2018-11-14 17:44:22,351 - RealEstate.py[line:360] - INFO: 8减2等于
2018-11-14 17:45:08,890 - RealEstate.py[line:232] - INFO: 套内：18660.98
2018-11-14 17:45:08,891 - RealEstate.py[line:185] - INFO: 2018-11-14 17:45:08.891000 渝北 龙湖景粼玖序-F126-1号地块 1号楼 2单元 18-2
2018-11-14 17:45:18,601 - RealEstate.py[line:360] - INFO: 2加6 等于
2018-11-14 17:46:41,740 - RealEstate.py[line:60] - INFO: 渝北：2
2018-11-14 17:47:10,762 - RealEstate.py[line:185] - INFO: 2018-11-14 17:47:10.762000 渝北 龙湖景粼玖序-F126-1号地块 1号楼 1单元 18-1
2018-11-14 17:47:10,765 - RealEstate.py[line:185] - INFO: 2018-11-14 17:47:10.765000 渝北 龙湖景粼玖序-F126-1号地块 1号楼 1单元 18-2
2018-11-14 17:47:10,766 - RealEstate.py[line:185] - INFO: 2018-11-14 17:47:10.766000 渝北 龙湖景粼玖序-F126-1号地块 1号楼 2单元 18-1
2018-11-14 17:47:10,766 - RealEstate.py[line:185] - INFO: 2018-11-14 17:47:10.766000 渝北 龙湖景粼玖序-F126-1号地块 1号楼 2单元 18-2
2018-11-14 17:47:30,990 - RealEstate.py[line:360] - INFO: 6减4等于
2018-11-14 17:48:47,698 - RealEstate.py[line:232] - INFO: 套内：18813.73
2018-11-14 17:48:47,700 - RealEstate.py[line:185] - INFO: 2018-11-14 17:48:47.701000 渝北 龙湖景粼玖序-F126-1号地块 1号楼 1单元 17-1
2018-11-14 17:48:52,282 - RealEstate.py[line:360] - INFO: 7减2 等于
2018-11-14 17:51:18,375 - RealEstate.py[line:232] - INFO: 套内：19694.57
2018-11-14 17:51:18,377 - RealEstate.py[line:185] - INFO: 2018-11-14 17:51:18.377000 渝北 龙湖景粼玖序-F126-1号地块 1号楼 1单元 17-2
2018-11-14 17:51:22,280 - RealEstate.py[line:360] - INFO: 82夕衢22 等于
2018-11-14 17:51:58,358 - RealEstate.py[line:422] - INFO: 图片识别修正number2:2
2018-11-14 17:52:02,989 - RealEstate.py[line:433] - INFO: 图片识别修正operator:Z亓奴
2018-11-14 17:52:28,648 - RealEstate.py[line:479] - INFO: 图片比较修正operator:add
2018-11-14 17:55:57,312 - RealEstate.py[line:60] - INFO: 渝北：2
2018-11-14 17:56:58,107 - RealEstate.py[line:185] - INFO: 2018-11-14 17:56:58.107000 渝北 龙湖景粼玖序-F126-1号地块 1号楼 1单元 18-1
2018-11-14 17:56:58,108 - RealEstate.py[line:185] - INFO: 2018-11-14 17:56:58.109000 渝北 龙湖景粼玖序-F126-1号地块 1号楼 1单元 18-2
2018-11-14 17:56:58,109 - RealEstate.py[line:185] - INFO: 2018-11-14 17:56:58.110000 渝北 龙湖景粼玖序-F126-1号地块 1号楼 2单元 18-1
2018-11-14 17:56:58,111 - RealEstate.py[line:185] - INFO: 2018-11-14 17:56:58.111000 渝北 龙湖景粼玖序-F126-1号地块 1号楼 2单元 18-2
2018-11-14 17:56:58,114 - RealEstate.py[line:185] - INFO: 2018-11-14 17:56:58.113000 渝北 龙湖景粼玖序-F126-1号地块 1号楼 1单元 17-1
2018-11-14 17:56:58,115 - RealEstate.py[line:185] - INFO: 2018-11-14 17:56:58.115000 渝北 龙湖景粼玖序-F126-1号地块 1号楼 1单元 17-2
2018-11-14 17:57:02,861 - RealEstate.py[line:360] - INFO: 62夕衢灭9 等于
2018-11-14 17:57:13,226 - RealEstate.py[line:422] - INFO: 图片识别修正number2:9
2018-11-14 17:57:15,030 - RealEstate.py[line:433] - INFO: 图片识别修正operator:Z亓苡
2018-11-14 17:57:20,253 - RealEstate.py[line:479] - INFO: 图片比较修正operator:add
2018-11-14 17:59:06,263 - RealEstate.py[line:60] - INFO: 渝北：2
2018-11-14 17:59:44,625 - RealEstate.py[line:185] - INFO: 2018-11-14 17:59:44.626000 渝北 龙湖景粼玖序-F126-1号地块 1号楼 1单元 18-1
2018-11-14 17:59:44,628 - RealEstate.py[line:185] - INFO: 2018-11-14 17:59:44.628000 渝北 龙湖景粼玖序-F126-1号地块 1号楼 1单元 18-2
2018-11-14 17:59:44,628 - RealEstate.py[line:185] - INFO: 2018-11-14 17:59:44.629000 渝北 龙湖景粼玖序-F126-1号地块 1号楼 2单元 18-1
2018-11-14 17:59:44,631 - RealEstate.py[line:185] - INFO: 2018-11-14 17:59:44.631000 渝北 龙湖景粼玖序-F126-1号地块 1号楼 2单元 18-2
2018-11-14 17:59:44,632 - RealEstate.py[line:185] - INFO: 2018-11-14 17:59:44.633000 渝北 龙湖景粼玖序-F126-1号地块 1号楼 1单元 17-1
2018-11-14 17:59:44,634 - RealEstate.py[line:185] - INFO: 2018-11-14 17:59:44.635000 渝北 龙湖景粼玖序-F126-1号地块 1号楼 1单元 17-2
2018-11-14 17:59:49,592 - RealEstate.py[line:360] - INFO: 4减2等芳
2018-11-14 17:59:49,592 - RealEstate.py[line:384] - INFO: 验证码:4-2
2018-11-14 18:02:20,528 - RealEstate.py[line:232] - INFO: 套内：19552.28
2018-11-14 18:02:20,529 - RealEstate.py[line:185] - INFO: 2018-11-14 18:02:20.529000 渝北 龙湖景粼玖序-F126-1号地块 1号楼 2单元 17-1
2018-11-14 18:02:44,890 - RealEstate.py[line:360] - INFO: 2122/72 等于
2018-11-14 18:02:44,890 - RealEstate.py[line:423] - INFO: 图片识别修正number2:2
2018-11-14 18:02:45,124 - RealEstate.py[line:434] - INFO: 图片识别修正operator:藜刀
2018-11-14 18:02:45,130 - RealEstate.py[line:480] - INFO: 图片比较修正operator:add
2018-11-14 18:02:45,131 - RealEstate.py[line:384] - INFO: 验证码:2+2
2018-11-14 18:02:59,530 - RealEstate.py[line:384] - INFO: 验证码:2+2
2018-11-14 18:03:06,539 - RealEstate.py[line:384] - INFO: 验证码:2+2
2018-11-14 18:04:06,197 - RealEstate.py[line:232] - INFO: 套内：19552.28
2018-11-14 18:04:06,198 - RealEstate.py[line:185] - INFO: 2018-11-14 18:04:06.199000 渝北 龙湖景粼玖序-F126-1号地块 1号楼 2单元 17-2
2018-11-14 18:04:10,770 - RealEstate.py[line:360] - INFO: 6减2等于
2018-11-14 18:04:10,770 - RealEstate.py[line:384] - INFO: 验证码:6-2
2018-11-14 18:05:00,571 - RealEstate.py[line:232] - INFO: 套内：19694.57
2018-11-14 18:05:00,572 - RealEstate.py[line:185] - INFO: 2018-11-14 18:05:00.572000 渝北 龙湖景粼玖序-F126-1号地块 1号楼 1单元 16-1
2018-11-14 18:05:04,483 - RealEstate.py[line:360] - INFO: 乏魔2身衢77 等于
2018-11-14 18:05:04,549 - RealEstate.py[line:416] - INFO: 图片识别修正number1:\\
2018-11-14 18:05:04,549 - RealEstate.py[line:423] - INFO: 图片识别修正number2:2
2018-11-14 18:05:04,556 - RealEstate.py[line:480] - INFO: 图片比较修正operator:add
2018-11-14 18:05:04,562 - RealEstate.py[line:485] - INFO: 图片比较修正number1:None
2018-11-14 18:05:09,677 - RealEstate.py[line:360] - INFO: 6减4等于
2018-11-14 18:05:09,677 - RealEstate.py[line:384] - INFO: 验证码:6-4
2018-11-14 18:06:21,186 - RealEstate.py[line:232] - INFO: 套内：19694.57
2018-11-14 18:06:21,186 - RealEstate.py[line:185] - INFO: 2018-11-14 18:06:21.186000 渝北 龙湖景粼玖序-F126-1号地块 1号楼 1单元 16-2
2018-11-14 18:06:25,467 - RealEstate.py[line:360] - INFO: 8减1等芳
2018-11-14 18:06:25,469 - RealEstate.py[line:384] - INFO: 验证码:8-1
2018-11-14 18:08:00,230 - RealEstate.py[line:232] - INFO: 套内：19552.28
2018-11-14 18:08:00,232 - RealEstate.py[line:185] - INFO: 2018-11-14 18:08:00.232000 渝北 龙湖景粼玖序-F126-1号地块 1号楼 2单元 16-1
2018-11-14 18:08:11,145 - RealEstate.py[line:360] - INFO: 8加1 等于
2018-11-14 18:08:11,145 - RealEstate.py[line:384] - INFO: 验证码:8+1
2018-11-14 18:08:44,029 - RealEstate.py[line:232] - INFO: 套内：19552.28
2018-11-14 18:08:44,030 - RealEstate.py[line:185] - INFO: 2018-11-14 18:08:44.031000 渝北 龙湖景粼玖序-F126-1号地块 1号楼 2单元 16-2
2018-11-14 18:08:52,474 - RealEstate.py[line:360] - INFO: 6减2等于
2018-11-14 18:08:52,476 - RealEstate.py[line:384] - INFO: 验证码:6-2
2018-11-14 18:09:33,012 - RealEstate.py[line:232] - INFO: 套内：19694.57
2018-11-14 18:09:33,013 - RealEstate.py[line:185] - INFO: 2018-11-14 18:09:33.013000 渝北 龙湖景粼玖序-F126-1号地块 1号楼 1单元 15-1
2018-11-14 18:09:53,687 - RealEstate.py[line:360] - INFO: 8汐夕5 等于
2018-11-14 18:09:53,755 - RealEstate.py[line:423] - INFO: 图片识别修正number2:5
2018-11-14 18:09:53,980 - RealEstate.py[line:434] - INFO: 图片识别修正operator:汐娜
2018-11-14 18:09:53,986 - RealEstate.py[line:480] - INFO: 图片比较修正operator:None
2018-11-14 18:09:57,904 - RealEstate.py[line:360] - INFO: 8减3等芳
2018-11-14 18:09:57,904 - RealEstate.py[line:384] - INFO: 验证码:8-3
2018-11-14 18:10:06,418 - RealEstate.py[line:232] - INFO: 套内：19694.57
2018-11-14 18:10:06,418 - RealEstate.py[line:185] - INFO: 2018-11-14 18:10:06.419000 渝北 龙湖景粼玖序-F126-1号地块 1号楼 1单元 15-2
2018-11-14 18:10:10,098 - RealEstate.py[line:360] - INFO: 2减2等于
2018-11-14 18:10:10,098 - RealEstate.py[line:384] - INFO: 验证码:2-2
2018-11-14 18:10:28,667 - RealEstate.py[line:232] - INFO: 套内：19552.28
2018-11-14 18:10:28,667 - RealEstate.py[line:185] - INFO: 2018-11-14 18:10:28.668000 渝北 龙湖景粼玖序-F126-1号地块 1号楼 2单元 15-1
2018-11-14 18:10:32,635 - RealEstate.py[line:360] - INFO: 6减4等于
2018-11-14 18:10:32,635 - RealEstate.py[line:384] - INFO: 验证码:6-4
2018-11-14 18:10:40,933 - RealEstate.py[line:232] - INFO: 套内：19552.28
2018-11-14 18:10:40,934 - RealEstate.py[line:185] - INFO: 2018-11-14 18:10:40.934000 渝北 龙湖景粼玖序-F126-1号地块 1号楼 2单元 15-2
2018-11-14 18:10:46,089 - RealEstate.py[line:360] - INFO: 9笈灯G 等于
2018-11-14 18:10:46,158 - RealEstate.py[line:423] - INFO: 图片识别修正number2:6
2018-11-14 18:10:46,378 - RealEstate.py[line:434] - INFO: 图片识别修正operator:Z亓刀
2018-11-14 18:10:46,385 - RealEstate.py[line:480] - INFO: 图片比较修正operator:add
2018-11-14 18:10:46,385 - RealEstate.py[line:384] - INFO: 验证码:9+6
2018-11-14 18:11:12,782 - RealEstate.py[line:232] - INFO: 套内：19694.57
2018-11-14 18:11:12,783 - RealEstate.py[line:185] - INFO: 2018-11-14 18:11:12.784000 渝北 龙湖景粼玖序-F126-1号地块 1号楼 1单元 14-1
2018-11-14 18:11:16,898 - RealEstate.py[line:360] - INFO: 622夕7等子
2018-11-14 18:11:16,898 - RealEstate.py[line:423] - INFO: 图片识别修正number2:2
2018-11-14 18:11:17,107 - RealEstate.py[line:434] - INFO: 图片识别修正operator:汐沤
2018-11-14 18:11:17,115 - RealEstate.py[line:480] - INFO: 图片比较修正operator:add
2018-11-14 18:11:17,115 - RealEstate.py[line:384] - INFO: 验证码:6+2
2018-11-14 18:11:20,664 - RealEstate.py[line:384] - INFO: 验证码:6+2
2018-11-14 18:11:29,497 - RealEstate.py[line:384] - INFO: 验证码:6+2
2018-11-14 18:11:33,355 - RealEstate.py[line:384] - INFO: 验证码:6+2
2018-11-14 18:11:36,878 - RealEstate.py[line:384] - INFO: 验证码:6+2
2018-11-14 18:11:46,480 - RealEstate.py[line:384] - INFO: 验证码:6+2
2018-11-14 18:11:49,970 - RealEstate.py[line:384] - INFO: 验证码:6+2
2018-11-14 18:12:22,871 - RealEstate.py[line:232] - INFO: 套内：19106.61
2018-11-14 18:12:22,871 - RealEstate.py[line:185] - INFO: 2018-11-14 18:12:22.872000 渝北 龙湖景粼玖序-F126-1号地块 1号楼 1单元 14-2
2018-11-14 18:12:29,049 - RealEstate.py[line:360] - INFO: 9减2等芳
2018-11-14 18:12:29,049 - RealEstate.py[line:384] - INFO: 验证码:9-2
2018-11-14 18:12:51,994 - RealEstate.py[line:232] - INFO: 套内：18957.58
2018-11-14 18:12:51,994 - RealEstate.py[line:185] - INFO: 2018-11-14 18:12:51.995000 渝北 龙湖景粼玖序-F126-1号地块 1号楼 2单元 14-1
2018-11-14 18:13:02,171 - RealEstate.py[line:360] - INFO: 4减2等芳
2018-11-14 18:13:02,171 - RealEstate.py[line:384] - INFO: 验证码:4-2
2018-11-14 18:13:24,760 - RealEstate.py[line:232] - INFO: 套内：18438.83
2018-11-14 18:13:24,760 - RealEstate.py[line:185] - INFO: 2018-11-14 18:13:24.761000 渝北 龙湖景粼玖序-F126-1号地块 1号楼 2单元 14-2
2018-11-14 18:13:42,259 - RealEstate.py[line:360] - INFO: G22刀3 等于
2018-11-14 18:13:42,325 - RealEstate.py[line:416] - INFO: 图片识别修正number1:6
2018-11-14 18:13:42,326 - RealEstate.py[line:423] - INFO: 图片识别修正number2:2
2018-11-14 18:13:42,542 - RealEstate.py[line:434] - INFO: 图片识别修正operator:汐苡
2018-11-14 18:13:42,549 - RealEstate.py[line:480] - INFO: 图片比较修正operator:None
2018-11-14 18:13:52,058 - RealEstate.py[line:360] - INFO: 凛2加5 等于
2018-11-14 18:13:52,128 - RealEstate.py[line:416] - INFO: 图片识别修正number1:4
2018-11-14 18:13:52,194 - RealEstate.py[line:423] - INFO: 图片识别修正number2:5
2018-11-14 18:13:52,417 - RealEstate.py[line:434] - INFO: 图片识别修正operator:Z夕苡
2018-11-14 18:13:52,423 - RealEstate.py[line:480] - INFO: 图片比较修正operator:None
2018-11-14 18:14:00,941 - RealEstate.py[line:360] - INFO: 22歹奴6 等芳
2018-11-14 18:14:01,009 - RealEstate.py[line:423] - INFO: 图片识别修正number2:6
2018-11-14 18:14:01,233 - RealEstate.py[line:434] - INFO: 图片识别修正operator:Z歹苡
2018-11-14 18:14:01,242 - RealEstate.py[line:480] - INFO: 图片比较修正operator:None
2018-11-14 18:14:10,301 - RealEstate.py[line:360] - INFO: 9减3等于
2018-11-14 18:14:10,301 - RealEstate.py[line:384] - INFO: 验证码:9-3
2018-11-14 18:14:36,420 - RealEstate.py[line:232] - INFO: 套内：18592.82
2018-11-14 18:14:36,423 - RealEstate.py[line:185] - INFO: 2018-11-14 18:14:36.422000 渝北 龙湖景粼玖序-F126-1号地块 1号楼 1单元 13-1
2018-11-14 18:14:41,092 - RealEstate.py[line:360] - INFO: 3减2等子
2018-11-14 18:14:41,092 - RealEstate.py[line:384] - INFO: 验证码:3-2
2018-11-14 18:15:29,724 - RealEstate.py[line:232] - INFO: 套内：19106.61
2018-11-14 18:15:29,726 - RealEstate.py[line:185] - INFO: 2018-11-14 18:15:29.726000 渝北 龙湖景粼玖序-F126-1号地块 1号楼 1单元 13-2
2018-11-14 18:15:33,694 - RealEstate.py[line:360] - INFO: 22夕/衢纂2 等芳
2018-11-14 18:15:33,760 - RealEstate.py[line:423] - INFO: 图片识别修正number2:\\
2018-11-14 18:15:33,769 - RealEstate.py[line:480] - INFO: 图片比较修正operator:None
2018-11-14 18:15:33,776 - RealEstate.py[line:490] - INFO: 图片比较修正number2:8
2018-11-14 18:15:37,517 - RealEstate.py[line:360] - INFO: 9减3等于
2018-11-14 18:15:37,517 - RealEstate.py[line:384] - INFO: 验证码:9-3
2018-11-14 18:15:56,381 - RealEstate.py[line:232] - INFO: 套内：18957.58
2018-11-14 18:15:56,381 - RealEstate.py[line:185] - INFO: 2018-11-14 18:15:56.382000 渝北 龙湖景粼玖序-F126-1号地块 1号楼 2单元 13-1
2018-11-14 18:16:10,736 - RealEstate.py[line:360] - INFO: G22夕6 等子
2018-11-14 18:16:10,805 - RealEstate.py[line:416] - INFO: 图片识别修正number1:6
2018-11-14 18:16:10,805 - RealEstate.py[line:423] - INFO: 图片识别修正number2:2
2018-11-14 18:16:11,017 - RealEstate.py[line:434] - INFO: 图片识别修正operator:汐沤
2018-11-14 18:16:11,026 - RealEstate.py[line:480] - INFO: 图片比较修正operator:None
2018-11-14 18:16:15,161 - RealEstate.py[line:360] - INFO: 8减3等子
2018-11-14 18:16:15,161 - RealEstate.py[line:384] - INFO: 验证码:8-3
2018-11-14 18:16:58,161 - RealEstate.py[line:232] - INFO: 套内：18512.64
2018-11-14 18:16:58,161 - RealEstate.py[line:185] - INFO: 2018-11-14 18:16:58.162000 渝北 龙湖景粼玖序-F126-1号地块 1号楼 2单元 13-2
2018-11-14 18:17:01,842 - RealEstate.py[line:360] - INFO: 9减1等于
2018-11-14 18:17:01,842 - RealEstate.py[line:384] - INFO: 验证码:9-1
2018-11-14 18:17:13,417 - RealEstate.py[line:232] - INFO: 套内：18813.54
2018-11-14 18:17:13,418 - RealEstate.py[line:185] - INFO: 2018-11-14 18:17:13.419000 渝北 龙湖景粼玖序-F126-1号地块 1号楼 1单元 12-1
2018-11-14 18:17:17,125 - RealEstate.py[line:360] - INFO: 1鬟遂衢76 等于
2018-11-14 18:17:17,194 - RealEstate.py[line:423] - INFO: 图片识别修正number2:6
2018-11-14 18:17:17,417 - RealEstate.py[line:434] - INFO: 图片识别修正operator:，歹刀
2018-11-14 18:17:17,424 - RealEstate.py[line:480] - INFO: 图片比较修正operator:add
2018-11-14 18:17:17,424 - RealEstate.py[line:384] - INFO: 验证码:1+6
2018-11-14 18:17:26,872 - RealEstate.py[line:384] - INFO: 验证码:1+6
2018-11-14 18:17:35,802 - RealEstate.py[line:384] - INFO: 验证码:1+6
2018-11-14 18:18:08,200 - RealEstate.py[line:232] - INFO: 套内：18813.54
2018-11-14 18:18:08,201 - RealEstate.py[line:185] - INFO: 2018-11-14 18:18:08.202000 渝北 龙湖景粼玖序-F126-1号地块 1号楼 1单元 12-2
2018-11-14 18:18:19,628 - RealEstate.py[line:360] - INFO: 4媛2等于
2018-11-14 18:18:19,628 - RealEstate.py[line:423] - INFO: 图片识别修正number2:2
2018-11-14 18:18:19,892 - RealEstate.py[line:434] - INFO: 图片识别修正operator:减
2018-11-14 18:18:19,892 - RealEstate.py[line:384] - INFO: 验证码:4-2
2018-11-14 18:18:55,815 - RealEstate.py[line:232] - INFO: 套内：18512.64
2018-11-14 18:18:55,815 - RealEstate.py[line:185] - INFO: 2018-11-14 18:18:55.816000 渝北 龙湖景粼玖序-F126-1号地块 1号楼 2单元 12-1
2018-11-14 18:18:59,664 - RealEstate.py[line:360] - INFO: 凛遂衢24 等于
2018-11-14 18:18:59,733 - RealEstate.py[line:416] - INFO: 图片识别修正number1:4
2018-11-14 18:18:59,798 - RealEstate.py[line:423] - INFO: 图片识别修正number2:4
2018-11-14 18:19:00,022 - RealEstate.py[line:434] - INFO: 图片识别修正operator:，歹奴
2018-11-14 18:19:00,026 - RealEstate.py[line:480] - INFO: 图片比较修正operator:add
2018-11-14 18:19:00,028 - RealEstate.py[line:384] - INFO: 验证码:4+4
2018-11-14 18:19:18,857 - RealEstate.py[line:232] - INFO: 套内：18512.64
2018-11-14 18:19:18,858 - RealEstate.py[line:185] - INFO: 2018-11-14 18:19:18.858000 渝北 龙湖景粼玖序-F126-1号地块 1号楼 2单元 12-2
2018-11-14 18:19:24,621 - RealEstate.py[line:360] - INFO: 7减3 等于
2018-11-14 18:19:24,621 - RealEstate.py[line:384] - INFO: 验证码:7-3
2018-11-14 18:20:04,579 - RealEstate.py[line:232] - INFO: 套内：18813.54
2018-11-14 18:20:04,581 - RealEstate.py[line:185] - INFO: 2018-11-14 18:20:04.581000 渝北 龙湖景粼玖序-F126-1号地块 1号楼 1单元 11-1
2018-11-14 18:20:08,793 - RealEstate.py[line:360] - INFO: 9兹夕A 等于
2018-11-14 18:20:08,865 - RealEstate.py[line:423] - INFO: 图片识别修正number2:\\
2018-11-14 18:20:08,871 - RealEstate.py[line:480] - INFO: 图片比较修正operator:add
2018-11-14 18:20:08,875 - RealEstate.py[line:490] - INFO: 图片比较修正number2:8
2018-11-14 18:20:08,875 - RealEstate.py[line:384] - INFO: 验证码:9+8
2018-11-14 18:20:32,470 - RealEstate.py[line:232] - INFO: 套内：18813.54
2018-11-14 18:20:32,470 - RealEstate.py[line:185] - INFO: 2018-11-14 18:20:32.471000 渝北 龙湖景粼玖序-F126-1号地块 1号楼 1单元 11-2
2018-11-14 18:20:36,446 - RealEstate.py[line:360] - INFO: 9减7等于
2018-11-14 18:20:36,447 - RealEstate.py[line:384] - INFO: 验证码:9-7
2018-11-14 18:21:14,118 - RealEstate.py[line:232] - INFO: 套内：18512.64
2018-11-14 18:21:14,119 - RealEstate.py[line:185] - INFO: 2018-11-14 18:21:14.120000 渝北 龙湖景粼玖序-F126-1号地块 1号楼 2单元 11-1
2018-11-14 18:21:17,826 - RealEstate.py[line:360] - INFO: 7汐贲二， 等于
2018-11-14 18:21:17,910 - RealEstate.py[line:423] - INFO: 图片识别修正number2:3
2018-11-14 18:21:18,138 - RealEstate.py[line:434] - INFO: 图片识别修正operator:嫦更羹
2018-11-14 18:21:18,144 - RealEstate.py[line:480] - INFO: 图片比较修正operator:reduce
2018-11-14 18:21:18,144 - RealEstate.py[line:384] - INFO: 验证码:7-3
2018-11-14 18:22:16,125 - RealEstate.py[line:232] - INFO: 套内：18512.64
2018-11-14 18:22:16,125 - RealEstate.py[line:185] - INFO: 2018-11-14 18:22:16.126000 渝北 龙湖景粼玖序-F126-1号地块 1号楼 2单元 11-2
2018-11-14 18:22:21,502 - RealEstate.py[line:360] - INFO: 7汐刀2 等于
2018-11-14 18:22:21,586 - RealEstate.py[line:423] - INFO: 图片识别修正number2:2
2018-11-14 18:22:21,806 - RealEstate.py[line:434] - INFO: 图片识别修正operator:汐苡
2018-11-14 18:22:21,812 - RealEstate.py[line:480] - INFO: 图片比较修正operator:add
2018-11-14 18:22:21,812 - RealEstate.py[line:384] - INFO: 验证码:7+2
2018-11-14 18:23:45,411 - RealEstate.py[line:232] - INFO: 套内：18813.54
2018-11-14 18:23:45,414 - RealEstate.py[line:185] - INFO: 2018-11-14 18:23:45.414000 渝北 龙湖景粼玖序-F126-1号地块 1号楼 1单元 10-1
2018-11-14 18:23:53,779 - RealEstate.py[line:360] - INFO: 5加蛋 等于
2018-11-14 18:23:53,845 - RealEstate.py[line:423] - INFO: 图片识别修正number2:5
2018-11-14 18:23:53,845 - RealEstate.py[line:384] - INFO: 验证码:5+5
2018-11-14 18:24:31,670 - RealEstate.py[line:232] - INFO: 套内：18739.26
2018-11-14 18:24:31,670 - RealEstate.py[line:185] - INFO: 2018-11-14 18:24:31.670000 渝北 龙湖景粼玖序-F126-1号地块 1号楼 1单元 10-2
2018-11-14 18:24:35,903 - RealEstate.py[line:360] - INFO: 8减1等芳
2018-11-14 18:24:35,903 - RealEstate.py[line:384] - INFO: 验证码:8-1
2018-11-14 18:24:45,036 - RealEstate.py[line:232] - INFO: 套内：18512.25
2018-11-14 18:24:45,038 - RealEstate.py[line:185] - INFO: 2018-11-14 18:24:45.038000 渝北 龙湖景粼玖序-F126-1号地块 1号楼 2单元 10-1
2018-11-14 18:24:48,757 - RealEstate.py[line:360] - INFO: 8歹2夕衢22 等子
2018-11-14 18:24:48,757 - RealEstate.py[line:423] - INFO: 图片识别修正number2:2
2018-11-14 18:24:48,983 - RealEstate.py[line:434] - INFO: 图片识别修正operator:Z夕双
2018-11-14 18:24:48,990 - RealEstate.py[line:480] - INFO: 图片比较修正operator:None
2018-11-14 18:24:52,740 - RealEstate.py[line:360] - INFO: 8减7 等于
2018-11-14 18:24:52,740 - RealEstate.py[line:384] - INFO: 验证码:8-7
2018-11-14 18:25:42,992 - RealEstate.py[line:232] - INFO: 套内：18512.25
2018-11-14 18:25:42,993 - RealEstate.py[line:185] - INFO: 2018-11-14 18:25:42.994000 渝北 龙湖景粼玖序-F126-1号地块 1号楼 2单元 10-2
2018-11-14 18:25:48,176 - RealEstate.py[line:360] - INFO: A减2等芳
2018-11-14 18:25:48,246 - RealEstate.py[line:416] - INFO: 图片识别修正number1:\
2018-11-14 18:25:48,246 - RealEstate.py[line:423] - INFO: 图片识别修正number2:2
2018-11-14 18:25:48,256 - RealEstate.py[line:480] - INFO: 图片比较修正operator:None
2018-11-14 18:25:48,263 - RealEstate.py[line:485] - INFO: 图片比较修正number1:None
2018-11-14 18:25:55,928 - RealEstate.py[line:360] - INFO: 2减1等芳
2018-11-14 18:25:55,930 - RealEstate.py[line:384] - INFO: 验证码:2-1
2018-11-14 18:27:01,447 - RealEstate.py[line:232] - INFO: 套内：18739.26
2018-11-14 18:27:01,447 - RealEstate.py[line:185] - INFO: 2018-11-14 18:27:01.448000 渝北 龙湖景粼玖序-F126-1号地块 1号楼 1单元 9-1
2018-11-14 18:27:12,832 - RealEstate.py[line:360] - INFO: 2加9 等于
2018-11-14 18:27:12,832 - RealEstate.py[line:384] - INFO: 验证码:2+9
2018-11-14 18:27:58,586 - RealEstate.py[line:232] - INFO: 套内：18739.26
2018-11-14 18:27:58,588 - RealEstate.py[line:185] - INFO: 2018-11-14 18:27:58.588000 渝北 龙湖景粼玖序-F126-1号地块 1号楼 1单元 9-2
2018-11-14 18:28:08,816 - RealEstate.py[line:360] - INFO: 7减5 等于
2018-11-14 18:28:08,816 - RealEstate.py[line:384] - INFO: 验证码:7-5
2018-11-14 18:29:05,434 - RealEstate.py[line:232] - INFO: 套内：18512.25
2018-11-14 18:29:05,436 - RealEstate.py[line:185] - INFO: 2018-11-14 18:29:05.436000 渝北 龙湖景粼玖序-F126-1号地块 1号楼 2单元 9-1
2018-11-14 18:29:10,683 - RealEstate.py[line:360] - INFO: 3汐瘁9 等于
2018-11-14 18:29:10,750 - RealEstate.py[line:423] - INFO: 图片识别修正number2:9
2018-11-14 18:29:10,974 - RealEstate.py[line:434] - INFO: 图片识别修正operator:Z7衢Z
2018-11-14 18:29:10,980 - RealEstate.py[line:480] - INFO: 图片比较修正operator:None
2018-11-14 18:29:26,111 - RealEstate.py[line:360] - INFO: 8减7等芳
2018-11-14 18:29:26,111 - RealEstate.py[line:384] - INFO: 验证码:8-7
2018-11-14 18:30:09,275 - RealEstate.py[line:232] - INFO: 套内：18512.25
2018-11-14 18:30:09,275 - RealEstate.py[line:185] - INFO: 2018-11-14 18:30:09.275000 渝北 龙湖景粼玖序-F126-1号地块 1号楼 2单元 9-2
2018-11-14 18:30:13,213 - RealEstate.py[line:360] - INFO: 藜减2等于
2018-11-14 18:30:13,296 - RealEstate.py[line:416] - INFO: 图片识别修正number1:4
2018-11-14 18:30:13,296 - RealEstate.py[line:423] - INFO: 图片识别修正number2:2
2018-11-14 18:30:13,296 - RealEstate.py[line:384] - INFO: 验证码:4-2
2018-11-14 18:30:38,391 - RealEstate.py[line:232] - INFO: 套内：18739.26
2018-11-14 18:30:38,391 - RealEstate.py[line:185] - INFO: 2018-11-14 18:30:38.392000 渝北 龙湖景粼玖序-F126-1号地块 1号楼 1单元 8-1
2018-11-14 18:30:44,184 - RealEstate.py[line:360] - INFO: 9减4等芳
2018-11-14 18:30:44,184 - RealEstate.py[line:384] - INFO: 验证码:9-4
2018-11-14 18:31:52,845 - RealEstate.py[line:232] - INFO: 套内：18739.26
2018-11-14 18:31:52,846 - RealEstate.py[line:185] - INFO: 2018-11-14 18:31:52.847000 渝北 龙湖景粼玖序-F126-1号地块 1号楼 1单元 8-2
2018-11-14 18:32:01,696 - RealEstate.py[line:360] - INFO: 7减蔓 等子
2018-11-14 18:32:01,759 - RealEstate.py[line:423] - INFO: 图片识别修正number2:5
2018-11-14 18:32:01,759 - RealEstate.py[line:384] - INFO: 验证码:7-5
2018-11-14 18:32:48,019 - RealEstate.py[line:232] - INFO: 套内：18512.25
2018-11-14 18:32:48,019 - RealEstate.py[line:185] - INFO: 2018-11-14 18:32:48.019000 渝北 龙湖景粼玖序-F126-1号地块 1号楼 2单元 8-1
2018-11-14 18:32:51,773 - RealEstate.py[line:360] - INFO: 3加6 等于
2018-11-14 18:32:51,773 - RealEstate.py[line:384] - INFO: 验证码:3+6
2018-11-14 18:32:59,976 - RealEstate.py[line:232] - INFO: 套内：18512.25
2018-11-14 18:32:59,976 - RealEstate.py[line:185] - INFO: 2018-11-14 18:32:59.977000 渝北 龙湖景粼玖序-F126-1号地块 1号楼 2单元 8-2
2018-11-14 18:33:10,561 - RealEstate.py[line:360] - INFO: 1汐夕8 等于
2018-11-14 18:33:10,630 - RealEstate.py[line:423] - INFO: 图片识别修正number2:\
2018-11-14 18:33:10,634 - RealEstate.py[line:480] - INFO: 图片比较修正operator:None
2018-11-14 18:33:10,641 - RealEstate.py[line:490] - INFO: 图片比较修正number2:8
2018-11-14 18:33:18,229 - RealEstate.py[line:360] - INFO: 乏攫汐贾7 等于
2018-11-14 18:33:18,296 - RealEstate.py[line:416] - INFO: 图片识别修正number1:\\
2018-11-14 18:33:18,359 - RealEstate.py[line:423] - INFO: 图片识别修正number2:7
2018-11-14 18:33:18,367 - RealEstate.py[line:480] - INFO: 图片比较修正operator:None
2018-11-14 18:33:18,372 - RealEstate.py[line:485] - INFO: 图片比较修正number1:None
2018-11-14 18:33:22,007 - RealEstate.py[line:360] - INFO: 8减2等于
2018-11-14 18:33:22,009 - RealEstate.py[line:384] - INFO: 验证码:8-2
2018-11-14 18:33:40,151 - RealEstate.py[line:232] - INFO: 套内：18739.26
2018-11-14 18:33:40,154 - RealEstate.py[line:185] - INFO: 2018-11-14 18:33:40.154000 渝北 龙湖景粼玖序-F126-1号地块 1号楼 1单元 7-1
2018-11-14 18:33:44,009 - RealEstate.py[line:360] - INFO: 7加9 等子
2018-11-14 18:33:44,010 - RealEstate.py[line:384] - INFO: 验证码:7+9
2018-11-14 18:33:51,983 - RealEstate.py[line:232] - INFO: 套内：18592.82
2018-11-14 18:33:51,983 - RealEstate.py[line:185] - INFO: 2018-11-14 18:33:51.983000 渝北 龙湖景粼玖序-F126-1号地块 1号楼 1单元 7-2
2018-11-14 18:33:55,710 - RealEstate.py[line:360] - INFO: 7加3 等于
2018-11-14 18:33:55,710 - RealEstate.py[line:384] - INFO: 验证码:7+3
2018-11-14 18:34:00,315 - RealEstate.py[line:236] - INFO: Alert Text: None
Message: unexpected alert open: {Alert text : 访问过于频繁,请三分钟后再试！}
  (Session info: chrome=69.0.3497.92)
  (Driver info: chromedriver=2.42.591088 (7b2b2dca23cca0862f674758c9a3933e685c27d5),platform=Windows NT 10.0.10240 x86_64)

2018-11-14 18:34:02,490 - RealEstate.py[line:242] - INFO: 2018-11-14 18:34:02.491000 内层异常休眠5分钟
2018-11-14 18:39:04,730 - RealEstate.py[line:185] - INFO: 2018-11-14 18:39:04.730000 渝北 龙湖景粼玖序-F126-1号地块 1号楼 2单元 7-1
2018-11-14 18:39:10,693 - RealEstate.py[line:360] - INFO: 6加9 等芳
2018-11-14 18:39:10,694 - RealEstate.py[line:384] - INFO: 验证码:6+9
2018-11-14 18:39:22,638 - RealEstate.py[line:232] - INFO: 套内：18438.83
2018-11-14 18:39:22,638 - RealEstate.py[line:185] - INFO: 2018-11-14 18:39:22.639000 渝北 龙湖景粼玖序-F126-1号地块 1号楼 2单元 7-2
2018-11-14 18:39:27,334 - RealEstate.py[line:360] - INFO: 222衢24 等于
2018-11-14 18:39:27,335 - RealEstate.py[line:423] - INFO: 图片识别修正number2:2
2018-11-14 18:39:27,572 - RealEstate.py[line:434] - INFO: 图片识别修正operator:汐娜
2018-11-14 18:39:27,579 - RealEstate.py[line:480] - INFO: 图片比较修正operator:None
2018-11-14 18:39:31,209 - RealEstate.py[line:360] - INFO: 9减藜等芳
2018-11-14 18:39:31,279 - RealEstate.py[line:423] - INFO: 图片识别修正number2:4
2018-11-14 18:39:31,279 - RealEstate.py[line:384] - INFO: 验证码:9-4
2018-11-14 18:39:53,463 - RealEstate.py[line:232] - INFO: 套内：18592.82
2018-11-14 18:39:53,469 - RealEstate.py[line:185] - INFO: 2018-11-14 18:39:53.469000 渝北 龙湖景粼玖序-F126-1号地块 1号楼 1单元 6-1
2018-11-14 18:40:01,594 - RealEstate.py[line:360] - INFO: 9减3等于
2018-11-14 18:40:01,594 - RealEstate.py[line:384] - INFO: 验证码:9-3
2018-11-14 18:40:13,135 - RealEstate.py[line:236] - INFO: Alert Text: None
Message: unexpected alert open: {Alert text : 访问过于频繁,请三分钟后再试！}
  (Session info: chrome=69.0.3497.92)
  (Driver info: chromedriver=2.42.591088 (7b2b2dca23cca0862f674758c9a3933e685c27d5),platform=Windows NT 10.0.10240 x86_64)

2018-11-14 18:40:15,279 - RealEstate.py[line:242] - INFO: 2018-11-14 18:40:15.279000 内层异常休眠5分钟
2018-11-14 18:45:17,348 - RealEstate.py[line:185] - INFO: 2018-11-14 18:45:17.348000 渝北 龙湖景粼玖序-F126-1号地块 1号楼 1单元 6-2
2018-11-14 18:45:22,247 - RealEstate.py[line:360] - INFO: 9减7等芳
2018-11-14 18:45:22,247 - RealEstate.py[line:384] - INFO: 验证码:9-7
2018-11-14 18:45:43,016 - RealEstate.py[line:232] - INFO: 套内：18438.83
2018-11-14 18:45:43,016 - RealEstate.py[line:185] - INFO: 2018-11-14 18:45:43.016000 渝北 龙湖景粼玖序-F126-1号地块 1号楼 2单元 6-1
2018-11-14 18:45:46,971 - RealEstate.py[line:360] - INFO: 7减4 等于
2018-11-14 18:45:46,973 - RealEstate.py[line:384] - INFO: 验证码:7-4
2018-11-14 18:46:08,072 - RealEstate.py[line:232] - INFO: 套内：18438.83
2018-11-14 18:46:08,073 - RealEstate.py[line:185] - INFO: 2018-11-14 18:46:08.074000 渝北 龙湖景粼玖序-F126-1号地块 1号楼 2单元 6-2
2018-11-14 18:46:12,505 - RealEstate.py[line:360] - INFO: 3减7等芳
2018-11-14 18:46:12,506 - RealEstate.py[line:384] - INFO: 验证码:3-7
2018-11-14 18:46:16,052 - RealEstate.py[line:384] - INFO: 验证码:3-7
2018-11-14 18:46:19,621 - RealEstate.py[line:384] - INFO: 验证码:3-7
2018-11-14 18:46:23,196 - RealEstate.py[line:384] - INFO: 验证码:3-7
2018-11-14 18:46:26,773 - RealEstate.py[line:384] - INFO: 验证码:3-7
2018-11-14 18:46:30,983 - RealEstate.py[line:384] - INFO: 验证码:3-7
2018-11-14 18:46:34,542 - RealEstate.py[line:384] - INFO: 验证码:3-7
2018-11-14 18:46:44,219 - RealEstate.py[line:384] - INFO: 验证码:3-7
2018-11-14 18:46:50,283 - RealEstate.py[line:384] - INFO: 验证码:3-7
2018-11-14 18:46:55,497 - RealEstate.py[line:384] - INFO: 验证码:3-7
2018-11-14 18:46:59,009 - RealEstate.py[line:384] - INFO: 验证码:3-7
2018-11-14 18:47:08,178 - RealEstate.py[line:384] - INFO: 验证码:3-7
2018-11-14 18:47:18,204 - RealEstate.py[line:384] - INFO: 验证码:3-7
2018-11-14 18:47:22,407 - RealEstate.py[line:384] - INFO: 验证码:3-7
2018-11-14 18:47:25,951 - RealEstate.py[line:384] - INFO: 验证码:3-7
2018-11-14 18:47:29,513 - RealEstate.py[line:384] - INFO: 验证码:3-7
2018-11-14 18:47:38,266 - RealEstate.py[line:384] - INFO: 验证码:3-7
2018-11-14 18:47:41,821 - RealEstate.py[line:384] - INFO: 验证码:3-7
2018-11-14 18:47:45,359 - RealEstate.py[line:384] - INFO: 验证码:3-7
2018-11-14 18:47:48,990 - RealEstate.py[line:384] - INFO: 验证码:3-7
2018-11-14 18:47:52,589 - RealEstate.py[line:384] - INFO: 验证码:3-7
2018-11-14 18:47:56,134 - RealEstate.py[line:384] - INFO: 验证码:3-7
2018-11-14 18:48:04,546 - RealEstate.py[line:384] - INFO: 验证码:3-7
2018-11-14 18:48:08,079 - RealEstate.py[line:384] - INFO: 验证码:3-7
2018-11-14 18:48:11,959 - RealEstate.py[line:384] - INFO: 验证码:3-7
2018-11-14 18:48:15,503 - RealEstate.py[line:384] - INFO: 验证码:3-7
2018-11-14 18:48:19,049 - RealEstate.py[line:384] - INFO: 验证码:3-7
2018-11-14 18:48:22,650 - RealEstate.py[line:384] - INFO: 验证码:3-7
2018-11-14 18:48:28,354 - RealEstate.py[line:384] - INFO: 验证码:3-7
2018-11-14 18:48:31,944 - RealEstate.py[line:384] - INFO: 验证码:3-7
2018-11-14 18:48:35,457 - RealEstate.py[line:384] - INFO: 验证码:3-7
2018-11-14 18:48:39,052 - RealEstate.py[line:384] - INFO: 验证码:3-7
2018-11-14 18:48:42,584 - RealEstate.py[line:384] - INFO: 验证码:3-7
2018-11-14 18:48:46,849 - RealEstate.py[line:384] - INFO: 验证码:3-7
2018-11-14 18:48:50,704 - RealEstate.py[line:384] - INFO: 验证码:3-7
2018-11-14 18:48:54,217 - RealEstate.py[line:384] - INFO: 验证码:3-7
2018-11-14 18:48:57,763 - RealEstate.py[line:384] - INFO: 验证码:3-7
2018-11-14 18:49:05,082 - RealEstate.py[line:384] - INFO: 验证码:3-7
2018-11-14 18:49:08,621 - RealEstate.py[line:384] - INFO: 验证码:3-7
2018-11-14 18:49:16,006 - RealEstate.py[line:384] - INFO: 验证码:3-7
2018-11-14 18:49:19,565 - RealEstate.py[line:384] - INFO: 验证码:3-7
2018-11-14 18:49:27,184 - RealEstate.py[line:384] - INFO: 验证码:3-7
2018-11-14 18:49:32,197 - RealEstate.py[line:384] - INFO: 验证码:3-7
2018-11-14 18:49:35,726 - RealEstate.py[line:384] - INFO: 验证码:3-7
2018-11-14 18:49:39,263 - RealEstate.py[line:384] - INFO: 验证码:3-7
2018-11-14 18:49:42,799 - RealEstate.py[line:384] - INFO: 验证码:3-7
2018-11-14 18:49:47,351 - RealEstate.py[line:384] - INFO: 验证码:3-7
2018-11-14 18:49:51,802 - RealEstate.py[line:384] - INFO: 验证码:3-7
2018-11-14 18:49:55,329 - RealEstate.py[line:384] - INFO: 验证码:3-7
2018-11-14 18:49:59,693 - RealEstate.py[line:384] - INFO: 验证码:3-7
2018-11-14 18:50:08,267 - RealEstate.py[line:384] - INFO: 验证码:3-7
2018-11-14 18:50:11,796 - RealEstate.py[line:384] - INFO: 验证码:3-7
2018-11-14 18:50:15,316 - RealEstate.py[line:384] - INFO: 验证码:3-7
2018-11-14 18:50:19,821 - RealEstate.py[line:384] - INFO: 验证码:3-7
2018-11-14 18:50:23,855 - RealEstate.py[line:384] - INFO: 验证码:3-7
2018-11-14 18:50:27,426 - RealEstate.py[line:384] - INFO: 验证码:3-7
2018-11-14 18:50:33,119 - RealEstate.py[line:384] - INFO: 验证码:3-7
2018-11-14 18:50:36,710 - RealEstate.py[line:384] - INFO: 验证码:3-7
2018-11-14 18:50:40,289 - RealEstate.py[line:384] - INFO: 验证码:3-7
2018-11-14 18:50:44,493 - RealEstate.py[line:384] - INFO: 验证码:3-7
2018-11-14 18:50:53,145 - RealEstate.py[line:384] - INFO: 验证码:3-7
2018-11-14 18:51:03,516 - RealEstate.py[line:384] - INFO: 验证码:3-7
2018-11-14 18:51:07,424 - RealEstate.py[line:384] - INFO: 验证码:3-7
2018-11-14 18:51:12,575 - RealEstate.py[line:384] - INFO: 验证码:3-7
2018-11-14 18:51:21,740 - RealEstate.py[line:384] - INFO: 验证码:3-7
2018-11-14 18:51:25,309 - RealEstate.py[line:384] - INFO: 验证码:3-7
2018-11-14 18:51:28,888 - RealEstate.py[line:384] - INFO: 验证码:3-7
2018-11-14 18:51:46,148 - RealEstate.py[line:384] - INFO: 验证码:3-7
2018-11-14 18:51:49,690 - RealEstate.py[line:384] - INFO: 验证码:3-7
2018-11-14 18:51:53,387 - RealEstate.py[line:384] - INFO: 验证码:3-7
2018-11-14 18:51:58,088 - RealEstate.py[line:384] - INFO: 验证码:3-7
2018-11-14 18:52:01,608 - RealEstate.py[line:384] - INFO: 验证码:3-7
2018-11-14 18:52:05,749 - RealEstate.py[line:384] - INFO: 验证码:3-7
2018-11-14 18:52:09,240 - RealEstate.py[line:384] - INFO: 验证码:3-7
2018-11-14 18:52:18,046 - RealEstate.py[line:384] - INFO: 验证码:3-7
2018-11-14 18:52:29,868 - RealEstate.py[line:384] - INFO: 验证码:3-7
2018-11-14 18:52:33,430 - RealEstate.py[line:384] - INFO: 验证码:3-7
2018-11-14 18:52:39,674 - RealEstate.py[line:384] - INFO: 验证码:3-7
2018-11-14 18:52:44,720 - RealEstate.py[line:384] - INFO: 验证码:3-7
2018-11-14 18:52:48,272 - RealEstate.py[line:384] - INFO: 验证码:3-7
2018-11-14 18:52:51,934 - RealEstate.py[line:384] - INFO: 验证码:3-7
2018-11-14 18:52:56,134 - RealEstate.py[line:384] - INFO: 验证码:3-7
2018-11-14 18:52:59,674 - RealEstate.py[line:384] - INFO: 验证码:3-7
2018-11-14 18:53:03,278 - RealEstate.py[line:384] - INFO: 验证码:3-7
2018-11-14 18:53:07,803 - RealEstate.py[line:384] - INFO: 验证码:3-7
2018-11-14 18:53:11,332 - RealEstate.py[line:384] - INFO: 验证码:3-7
2018-11-14 18:53:14,926 - RealEstate.py[line:384] - INFO: 验证码:3-7
2018-11-14 18:53:18,466 - RealEstate.py[line:384] - INFO: 验证码:3-7
2018-11-14 18:53:22,020 - RealEstate.py[line:384] - INFO: 验证码:3-7
2018-11-14 18:53:25,520 - RealEstate.py[line:384] - INFO: 验证码:3-7
2018-11-14 18:53:29,078 - RealEstate.py[line:384] - INFO: 验证码:3-7
2018-11-14 18:53:32,644 - RealEstate.py[line:384] - INFO: 验证码:3-7
2018-11-14 18:53:38,407 - RealEstate.py[line:384] - INFO: 验证码:3-7
2018-11-14 18:53:41,967 - RealEstate.py[line:384] - INFO: 验证码:3-7
2018-11-14 18:53:45,529 - RealEstate.py[line:384] - INFO: 验证码:3-7
2018-11-14 18:53:49,181 - RealEstate.py[line:384] - INFO: 验证码:3-7
2018-11-14 18:53:53,584 - RealEstate.py[line:384] - INFO: 验证码:3-7
2018-11-14 18:53:57,121 - RealEstate.py[line:384] - INFO: 验证码:3-7
2018-11-14 18:54:00,668 - RealEstate.py[line:384] - INFO: 验证码:3-7
2018-11-14 18:54:04,219 - RealEstate.py[line:384] - INFO: 验证码:3-7
2018-11-14 18:54:07,756 - RealEstate.py[line:384] - INFO: 验证码:3-7
2018-11-14 18:54:11,480 - RealEstate.py[line:384] - INFO: 验证码:3-7
2018-11-14 18:54:15,009 - RealEstate.py[line:384] - INFO: 验证码:3-7
2018-11-14 18:54:24,256 - RealEstate.py[line:384] - INFO: 验证码:3-7
2018-11-14 18:54:29,285 - RealEstate.py[line:384] - INFO: 验证码:3-7
2018-11-14 18:54:32,793 - RealEstate.py[line:384] - INFO: 验证码:3-7
2018-11-14 18:54:36,374 - RealEstate.py[line:384] - INFO: 验证码:3-7
2018-11-14 18:54:41,017 - RealEstate.py[line:384] - INFO: 验证码:3-7
2018-11-14 18:54:48,917 - RealEstate.py[line:384] - INFO: 验证码:3-7
2018-11-14 18:54:52,453 - RealEstate.py[line:384] - INFO: 验证码:3-7
2018-11-14 18:54:56,025 - RealEstate.py[line:384] - INFO: 验证码:3-7
2018-11-14 18:54:59,592 - RealEstate.py[line:384] - INFO: 验证码:3-7
2018-11-14 18:55:03,111 - RealEstate.py[line:384] - INFO: 验证码:3-7
2018-11-14 18:55:06,637 - RealEstate.py[line:384] - INFO: 验证码:3-7
2018-11-14 18:55:10,213 - RealEstate.py[line:384] - INFO: 验证码:3-7
2018-11-14 18:55:19,605 - RealEstate.py[line:384] - INFO: 验证码:3-7
2018-11-14 18:55:23,127 - RealEstate.py[line:384] - INFO: 验证码:3-7
2018-11-14 18:55:26,703 - RealEstate.py[line:384] - INFO: 验证码:3-7
2018-11-14 18:55:30,247 - RealEstate.py[line:384] - INFO: 验证码:3-7
2018-11-14 18:55:33,848 - RealEstate.py[line:384] - INFO: 验证码:3-7
2018-11-14 18:55:38,049 - RealEstate.py[line:384] - INFO: 验证码:3-7
2018-11-14 18:55:46,091 - RealEstate.py[line:384] - INFO: 验证码:3-7
2018-11-14 18:55:50,062 - RealEstate.py[line:384] - INFO: 验证码:3-7
2018-11-14 18:56:00,279 - RealEstate.py[line:384] - INFO: 验证码:3-7
2018-11-14 18:56:08,309 - RealEstate.py[line:384] - INFO: 验证码:3-7
2018-11-14 18:56:12,891 - RealEstate.py[line:384] - INFO: 验证码:3-7
2018-11-14 18:56:16,427 - RealEstate.py[line:384] - INFO: 验证码:3-7
2018-11-14 18:56:20,075 - RealEstate.py[line:384] - INFO: 验证码:3-7
2018-11-14 18:56:27,599 - RealEstate.py[line:384] - INFO: 验证码:3-7
2018-11-14 18:56:31,315 - RealEstate.py[line:384] - INFO: 验证码:3-7
2018-11-14 18:56:36,403 - RealEstate.py[line:384] - INFO: 验证码:3-7
2018-11-14 18:56:39,967 - RealEstate.py[line:384] - INFO: 验证码:3-7
2018-11-14 18:56:43,706 - RealEstate.py[line:384] - INFO: 验证码:3-7
2018-11-14 18:56:47,252 - RealEstate.py[line:384] - INFO: 验证码:3-7
2018-11-14 18:56:52,677 - RealEstate.py[line:384] - INFO: 验证码:3-7
2018-11-14 18:56:56,236 - RealEstate.py[line:384] - INFO: 验证码:3-7
2018-11-14 18:56:59,759 - RealEstate.py[line:384] - INFO: 验证码:3-7
2018-11-14 18:57:03,381 - RealEstate.py[line:384] - INFO: 验证码:3-7
2018-11-14 18:57:09,914 - RealEstate.py[line:384] - INFO: 验证码:3-7
2018-11-14 18:57:14,934 - RealEstate.py[line:384] - INFO: 验证码:3-7
2018-11-14 18:57:18,502 - RealEstate.py[line:384] - INFO: 验证码:3-7
2018-11-14 18:57:22,923 - RealEstate.py[line:384] - INFO: 验证码:3-7
2018-11-14 18:57:26,792 - RealEstate.py[line:384] - INFO: 验证码:3-7
2018-11-14 18:57:30,335 - RealEstate.py[line:384] - INFO: 验证码:3-7
2018-11-14 18:57:35,703 - RealEstate.py[line:384] - INFO: 验证码:3-7
2018-11-14 18:57:40,121 - RealEstate.py[line:384] - INFO: 验证码:3-7
2018-11-14 18:57:43,716 - RealEstate.py[line:384] - INFO: 验证码:3-7
2018-11-14 18:57:47,584 - RealEstate.py[line:384] - INFO: 验证码:3-7
2018-11-14 18:57:51,197 - RealEstate.py[line:384] - INFO: 验证码:3-7
2018-11-14 18:58:00,352 - RealEstate.py[line:384] - INFO: 验证码:3-7
2018-11-14 18:58:04,811 - RealEstate.py[line:384] - INFO: 验证码:3-7
2018-11-14 18:58:08,404 - RealEstate.py[line:384] - INFO: 验证码:3-7
2018-11-14 18:58:11,943 - RealEstate.py[line:384] - INFO: 验证码:3-7
2018-11-14 18:58:15,505 - RealEstate.py[line:384] - INFO: 验证码:3-7
2018-11-14 18:58:18,999 - RealEstate.py[line:384] - INFO: 验证码:3-7
2018-11-14 18:58:23,454 - RealEstate.py[line:384] - INFO: 验证码:3-7
2018-11-14 18:58:28,595 - RealEstate.py[line:384] - INFO: 验证码:3-7
2018-11-14 18:58:32,154 - RealEstate.py[line:384] - INFO: 验证码:3-7
2018-11-14 18:58:35,730 - RealEstate.py[line:384] - INFO: 验证码:3-7
2018-11-14 18:58:39,276 - RealEstate.py[line:384] - INFO: 验证码:3-7
2018-11-14 18:58:46,789 - RealEstate.py[line:384] - INFO: 验证码:3-7
2018-11-14 18:58:50,315 - RealEstate.py[line:384] - INFO: 验证码:3-7
2018-11-14 18:58:53,941 - RealEstate.py[line:384] - INFO: 验证码:3-7
2018-11-14 18:58:57,437 - RealEstate.py[line:384] - INFO: 验证码:3-7
2018-11-14 18:59:00,941 - RealEstate.py[line:384] - INFO: 验证码:3-7
2018-11-14 18:59:04,470 - RealEstate.py[line:384] - INFO: 验证码:3-7
2018-11-14 18:59:08,017 - RealEstate.py[line:384] - INFO: 验证码:3-7
2018-11-14 18:59:11,565 - RealEstate.py[line:384] - INFO: 验证码:3-7
2018-11-14 18:59:15,118 - RealEstate.py[line:384] - INFO: 验证码:3-7
2018-11-14 18:59:18,627 - RealEstate.py[line:384] - INFO: 验证码:3-7
2018-11-14 18:59:22,150 - RealEstate.py[line:384] - INFO: 验证码:3-7
2018-11-14 18:59:25,716 - RealEstate.py[line:384] - INFO: 验证码:3-7
2018-11-14 18:59:34,743 - RealEstate.py[line:384] - INFO: 验证码:3-7
2018-11-14 18:59:38,319 - RealEstate.py[line:384] - INFO: 验证码:3-7
2018-11-14 18:59:47,326 - RealEstate.py[line:384] - INFO: 验证码:3-7
2018-11-14 18:59:50,910 - RealEstate.py[line:384] - INFO: 验证码:3-7
2018-11-14 18:59:54,424 - RealEstate.py[line:384] - INFO: 验证码:3-7
2018-11-14 18:59:57,964 - RealEstate.py[line:384] - INFO: 验证码:3-7
2018-11-14 19:00:01,799 - RealEstate.py[line:384] - INFO: 验证码:3-7
2018-11-14 19:00:10,503 - RealEstate.py[line:384] - INFO: 验证码:3-7
2018-11-14 19:00:14,059 - RealEstate.py[line:384] - INFO: 验证码:3-7
2018-11-14 19:00:17,601 - RealEstate.py[line:384] - INFO: 验证码:3-7
2018-11-14 19:00:24,874 - RealEstate.py[line:384] - INFO: 验证码:3-7
2018-11-14 19:00:32,867 - RealEstate.py[line:384] - INFO: 验证码:3-7
2018-11-14 19:00:37,934 - RealEstate.py[line:384] - INFO: 验证码:3-7
2018-11-14 19:00:41,466 - RealEstate.py[line:384] - INFO: 验证码:3-7
2018-11-14 19:00:48,107 - RealEstate.py[line:384] - INFO: 验证码:3-7
2018-11-14 19:00:52,763 - RealEstate.py[line:384] - INFO: 验证码:3-7
2018-11-14 19:00:56,394 - RealEstate.py[line:384] - INFO: 验证码:3-7
2018-11-14 19:01:06,753 - RealEstate.py[line:384] - INFO: 验证码:3-7
2018-11-14 19:01:10,292 - RealEstate.py[line:384] - INFO: 验证码:3-7
2018-11-14 19:01:13,832 - RealEstate.py[line:384] - INFO: 验证码:3-7
2018-11-14 19:01:17,365 - RealEstate.py[line:384] - INFO: 验证码:3-7
2018-11-14 19:01:20,917 - RealEstate.py[line:384] - INFO: 验证码:3-7
2018-11-14 19:01:24,509 - RealEstate.py[line:384] - INFO: 验证码:3-7
2018-11-14 19:01:28,063 - RealEstate.py[line:384] - INFO: 验证码:3-7
2018-11-14 19:01:31,601 - RealEstate.py[line:384] - INFO: 验证码:3-7
2018-11-14 19:01:35,161 - RealEstate.py[line:384] - INFO: 验证码:3-7
2018-11-14 19:01:38,737 - RealEstate.py[line:384] - INFO: 验证码:3-7
2018-11-14 19:01:42,280 - RealEstate.py[line:384] - INFO: 验证码:3-7
2018-11-14 19:01:47,142 - RealEstate.py[line:384] - INFO: 验证码:3-7
2018-11-14 19:01:54,145 - RealEstate.py[line:384] - INFO: 验证码:3-7
2018-11-14 19:02:04,148 - RealEstate.py[line:384] - INFO: 验证码:3-7
2018-11-14 19:02:08,177 - RealEstate.py[line:384] - INFO: 验证码:3-7
2018-11-14 19:02:11,690 - RealEstate.py[line:384] - INFO: 验证码:3-7
2018-11-14 19:02:19,154 - RealEstate.py[line:384] - INFO: 验证码:3-7
2018-11-14 19:02:22,697 - RealEstate.py[line:384] - INFO: 验证码:3-7
2018-11-14 19:02:27,575 - RealEstate.py[line:384] - INFO: 验证码:3-7
2018-11-14 19:02:42,474 - RealEstate.py[line:384] - INFO: 验证码:3-7
2018-11-14 19:02:50,141 - RealEstate.py[line:384] - INFO: 验证码:3-7
2018-11-14 19:02:54,867 - RealEstate.py[line:384] - INFO: 验证码:3-7
2018-11-14 19:03:04,380 - RealEstate.py[line:384] - INFO: 验证码:3-7
2018-11-14 19:03:07,970 - RealEstate.py[line:384] - INFO: 验证码:3-7
2018-11-14 19:03:15,331 - RealEstate.py[line:384] - INFO: 验证码:3-7
2018-11-14 19:03:18,938 - RealEstate.py[line:384] - INFO: 验证码:3-7
2018-11-14 19:03:22,470 - RealEstate.py[line:384] - INFO: 验证码:3-7
2018-11-14 19:03:26,038 - RealEstate.py[line:384] - INFO: 验证码:3-7
2018-11-14 19:03:33,842 - RealEstate.py[line:384] - INFO: 验证码:3-7
2018-11-14 19:03:37,381 - RealEstate.py[line:384] - INFO: 验证码:3-7
2018-11-14 19:03:40,947 - RealEstate.py[line:384] - INFO: 验证码:3-7
2018-11-14 19:03:44,470 - RealEstate.py[line:384] - INFO: 验证码:3-7
2018-11-14 19:03:48,374 - RealEstate.py[line:384] - INFO: 验证码:3-7
2018-11-14 19:03:51,957 - RealEstate.py[line:384] - INFO: 验证码:3-7
2018-11-14 19:03:55,515 - RealEstate.py[line:384] - INFO: 验证码:3-7
2018-11-14 19:03:59,088 - RealEstate.py[line:384] - INFO: 验证码:3-7
2018-11-14 19:04:02,641 - RealEstate.py[line:384] - INFO: 验证码:3-7
2018-11-14 19:04:06,154 - RealEstate.py[line:384] - INFO: 验证码:3-7
2018-11-14 19:04:09,681 - RealEstate.py[line:384] - INFO: 验证码:3-7
2018-11-14 19:04:13,197 - RealEstate.py[line:384] - INFO: 验证码:3-7
2018-11-14 19:04:17,911 - RealEstate.py[line:384] - INFO: 验证码:3-7
2018-11-14 19:04:21,440 - RealEstate.py[line:384] - INFO: 验证码:3-7
2018-11-14 19:04:26,871 - RealEstate.py[line:384] - INFO: 验证码:3-7
2018-11-14 19:04:30,404 - RealEstate.py[line:384] - INFO: 验证码:3-7
2018-11-14 19:04:33,907 - RealEstate.py[line:384] - INFO: 验证码:3-7
2018-11-14 19:04:37,414 - RealEstate.py[line:384] - INFO: 验证码:3-7
2018-11-14 19:04:40,941 - RealEstate.py[line:384] - INFO: 验证码:3-7
2018-11-14 19:04:47,957 - RealEstate.py[line:384] - INFO: 验证码:3-7
2018-11-14 19:04:51,813 - RealEstate.py[line:384] - INFO: 验证码:3-7
2018-11-14 19:05:04,970 - RealEstate.py[line:384] - INFO: 验证码:3-7
2018-11-14 19:05:12,891 - RealEstate.py[line:384] - INFO: 验证码:3-7
2018-11-14 19:05:17,397 - RealEstate.py[line:384] - INFO: 验证码:3-7
2018-11-14 19:05:22,042 - RealEstate.py[line:384] - INFO: 验证码:3-7
