2018-12-18 10:20:39,927 - RealEstate.py[line:64] - INFO: 江北：5
2018-12-18 10:36:55,186 - RealEstate.py[line:61] - INFO: 江北：5
2018-12-18 10:42:09,065 - RealEstate.py[line:163] - INFO: 2018-12-18 10:42:01.490000 江北 财信.赖特与山 102幢、103幢（规划93号楼） 1单元 负1-1（跃1）
2018-12-18 10:45:40,634 - RealEstate.py[line:61] - INFO: 江北：5
2018-12-18 10:50:09,900 - RealEstate.py[line:163] - INFO: 2018-12-18 10:50:09.900000 江北 财信.赖特与山 102幢、103幢（规划93号楼） 1单元 负1-1（跃1）
2018-12-18 11:52:46,108 - RealEstate.py[line:214] - INFO: 'WebDriver' object has no attribute 'save_screenshot'
2018-12-18 11:52:46,680 - RealEstate.py[line:215] - INFO: 2018-12-18 11:52:46.681000 内层异常休眠5分钟
2018-12-18 16:04:54,648 - RealEstate.py[line:61] - INFO: 江北：5
2018-12-18 16:07:02,012 - RealEstate.py[line:163] - INFO: 2018-12-18 16:07:00.884000 江北 财信.赖特与山 102幢、103幢（规划93号楼） 1单元 负1-1（跃1）
2018-12-18 16:08:55,509 - RealEstate.py[line:311] - INFO: 7减4 等于
2018-12-18 16:08:58,809 - RealEstate.py[line:335] - INFO: 验证码:7-4
2018-12-18 16:10:49,586 - RealEstate.py[line:61] - INFO: 江北：5
2018-12-18 16:13:33,980 - RealEstate.py[line:163] - INFO: 2018-12-18 16:13:33.981000 江北 财信.赖特与山 102幢、103幢（规划93号楼） 1单元 负1-1（跃1）
2018-12-18 16:14:49,198 - RealEstate.py[line:312] - INFO: 9减2等于
2018-12-18 16:14:51,079 - RealEstate.py[line:336] - INFO: 验证码:9-2
2018-12-18 16:18:02,447 - RealEstate.py[line:211] - INFO: 套内：20143.97
2018-12-18 16:23:25,190 - RealEstate.py[line:61] - INFO: 渝北：1
2018-12-18 16:25:07,924 - RealEstate.py[line:163] - INFO: 2018-12-18 16:25:07.925000 渝北 中粮中央公园祥云-中粮中央公园祥云A区 11幢（规划A11号楼） 1单元 7-1
2018-12-18 16:25:31,423 - RealEstate.py[line:310] - INFO: 丨窗炙黄4 等芳
2018-12-18 16:25:31,533 - RealEstate.py[line:366] - INFO: 图片识别修正number1:.
2018-12-18 16:25:31,604 - RealEstate.py[line:373] - INFO: 图片识别修正number2:4
2018-12-18 16:25:33,230 - RealEstate.py[line:430] - INFO: 图片比较修正operator:None
2018-12-18 16:25:33,276 - RealEstate.py[line:435] - INFO: 图片比较修正number1:None
2018-12-18 16:26:11,595 - RealEstate.py[line:310] - INFO: 5减3等芳
2018-12-18 16:26:17,338 - RealEstate.py[line:334] - INFO: 验证码:5-3
2018-12-18 16:27:35,721 - RealEstate.py[line:211] - INFO: 套内：19999.13
2018-12-18 16:27:35,723 - RealEstate.py[line:163] - INFO: 2018-12-18 16:27:35.723000 渝北 中粮中央公园祥云-中粮中央公园祥云A区 11幢（规划A11号楼） 1单元 7-2
2018-12-18 16:29:31,763 - RealEstate.py[line:61] - INFO: 渝北：1
2018-12-18 16:32:22,809 - RealEstate.py[line:163] - INFO: 2018-12-18 16:32:22.809000 渝北 中粮中央公园祥云-中粮中央公园祥云A区 11幢（规划A11号楼） 1单元 7-1
2018-12-18 16:32:22,813 - RealEstate.py[line:163] - INFO: 2018-12-18 16:32:22.813000 渝北 中粮中央公园祥云-中粮中央公园祥云A区 11幢（规划A11号楼） 1单元 7-2
2018-12-18 16:37:18,391 - RealEstate.py[line:310] - INFO: 5汐刀3 等于
2018-12-18 16:46:44,999 - RealEstate.py[line:373] - INFO: 图片识别修正number2:3
2018-12-18 16:46:57,158 - RealEstate.py[line:384] - INFO: 图片识别修正operator:汐苡
2018-12-18 16:46:57,165 - RealEstate.py[line:430] - INFO: 图片比较修正operator:None
2018-12-18 16:47:01,253 - RealEstate.py[line:214] - INFO: Message: chrome not reachable
  (Session info: chrome=70.0.3538.110)
  (Driver info: chromedriver=2.42.591088 (7b2b2dca23cca0862f674758c9a3933e685c27d5),platform=Windows NT 10.0.10240 x86_64)

2018-12-18 16:47:01,253 - RealEstate.py[line:215] - INFO: 2018-12-18 16:47:01.254000 内层异常休眠5分钟
2018-12-18 16:52:01,286 - RealEstate.py[line:163] - INFO: 2018-12-18 16:52:01.286000 渝北 中粮中央公园祥云-中粮中央公园祥云A区 11幢（规划A11号楼） 2单元 7-1
2018-12-18 16:52:01,288 - RealEstate.py[line:214] - INFO: 'list' object has no attribute 'send_url'
2018-12-18 16:52:01,289 - RealEstate.py[line:215] - INFO: 2018-12-18 16:52:01.289000 内层异常休眠5分钟
2018-12-18 16:57:01,326 - RealEstate.py[line:163] - INFO: 2018-12-18 16:57:01.327000 渝北 中粮中央公园祥云-中粮中央公园祥云A区 11幢（规划A11号楼） 2单元 7-2
2018-12-18 16:57:01,328 - RealEstate.py[line:214] - INFO: 'list' object has no attribute 'send_url'
2018-12-18 16:57:01,328 - RealEstate.py[line:215] - INFO: 2018-12-18 16:57:01.329000 内层异常休眠5分钟
2018-12-18 17:02:01,367 - RealEstate.py[line:163] - INFO: 2018-12-18 17:02:01.367000 渝北 中粮中央公园祥云-中粮中央公园祥云A区 11幢（规划A11号楼） 1单元 6-1
2018-12-18 17:02:01,368 - RealEstate.py[line:214] - INFO: 'list' object has no attribute 'send_url'
2018-12-18 17:02:01,368 - RealEstate.py[line:215] - INFO: 2018-12-18 17:02:01.369000 内层异常休眠5分钟
2018-12-18 17:07:01,471 - RealEstate.py[line:163] - INFO: 2018-12-18 17:07:01.472000 渝北 中粮中央公园祥云-中粮中央公园祥云A区 11幢（规划A11号楼） 1单元 6-2
2018-12-18 17:07:01,473 - RealEstate.py[line:214] - INFO: 'list' object has no attribute 'send_url'
2018-12-18 17:07:01,473 - RealEstate.py[line:215] - INFO: 2018-12-18 17:07:01.474000 内层异常休眠5分钟
2018-12-18 17:08:32,413 - RealEstate.py[line:61] - INFO: 渝北：2
2018-12-18 17:09:59,993 - RealEstate.py[line:163] - INFO: 2018-12-18 17:09:59.993000 渝北 复地·君屿墅-F区 15幢（规划F15号楼） 1单元 1-1（跃1）
2018-12-18 17:11:00,334 - RealEstate.py[line:310] - INFO: 9/涝奴4 等于
2018-12-18 17:11:00,398 - RealEstate.py[line:373] - INFO: 图片识别修正number2:4
2018-12-18 17:11:00,644 - RealEstate.py[line:384] - INFO: 图片识别修正operator:歹刀
2018-12-18 17:11:00,650 - RealEstate.py[line:430] - INFO: 图片比较修正operator:add
2018-12-18 17:11:25,535 - RealEstate.py[line:334] - INFO: 验证码:9+4
2018-12-18 17:12:01,512 - RealEstate.py[line:163] - INFO: 2018-12-18 17:12:01.512000 渝北 中粮中央公园祥云-中粮中央公园祥云A区 11幢（规划A11号楼） 2单元 6-1
2018-12-18 17:12:01,513 - RealEstate.py[line:214] - INFO: 'list' object has no attribute 'send_url'
2018-12-18 17:12:01,513 - RealEstate.py[line:215] - INFO: 2018-12-18 17:12:01.514000 内层异常休眠5分钟
2018-12-18 17:12:28,056 - RealEstate.py[line:211] - INFO: 套内单价：16116.13， 套内面积：204.05
2018-12-18 17:12:34,937 - RealEstate.py[line:163] - INFO: 2018-12-18 17:12:34.167000 渝北 复地·君屿墅-F区 15幢（规划F15号楼） 1单元 1-2（跃1）
2018-12-18 17:14:02,482 - RealEstate.py[line:63] - INFO: 渝北：2
2018-12-18 17:15:17,184 - RealEstate.py[line:164] - INFO: 2018-12-18 17:15:17.184000 渝北 复地·君屿墅-F区 15幢（规划F15号楼） 1单元 1-1（跃1）
2018-12-18 17:15:17,186 - RealEstate.py[line:164] - INFO: 2018-12-18 17:15:17.186000 渝北 复地·君屿墅-F区 15幢（规划F15号楼） 1单元 1-2（跃1）
2018-12-18 17:15:52,473 - RealEstate.py[line:310] - INFO: 2加8 等于
2018-12-18 17:16:02,157 - RealEstate.py[line:334] - INFO: 验证码:2+8
2018-12-18 17:17:01,551 - RealEstate.py[line:163] - INFO: 2018-12-18 17:17:01.551000 渝北 中粮中央公园祥云-中粮中央公园祥云A区 11幢（规划A11号楼） 2单元 6-2
2018-12-18 17:17:01,552 - RealEstate.py[line:214] - INFO: 'list' object has no attribute 'send_url'
2018-12-18 17:17:01,552 - RealEstate.py[line:215] - INFO: 2018-12-18 17:17:01.553000 内层异常休眠5分钟
2018-12-18 17:18:21,996 - RealEstate.py[line:211] - INFO: 套内单价：16070.41， 套内面积：200
2018-12-18 17:18:21,996 - RealEstate.py[line:164] - INFO: 2018-12-18 17:18:21.997000 渝北 复地·君屿墅-F区 15幢（规划F15号楼） 1单元 1-3（跃1）
2018-12-18 17:18:28,121 - RealEstate.py[line:310] - INFO: 5加3 等于
2018-12-18 17:19:52,927 - RealEstate.py[line:334] - INFO: 验证码:5+3
2018-12-18 17:22:01,594 - RealEstate.py[line:163] - INFO: 2018-12-18 17:22:01.594000 渝北 中粮中央公园祥云-中粮中央公园祥云A区 11幢（规划A11号楼） 1单元 5-1
2018-12-18 17:22:01,598 - RealEstate.py[line:214] - INFO: 'list' object has no attribute 'send_url'
2018-12-18 17:22:01,598 - RealEstate.py[line:215] - INFO: 2018-12-18 17:22:01.599000 内层异常休眠5分钟
2018-12-18 17:23:52,951 - RealEstate.py[line:211] - INFO: 套内单价：16070.41， 套内面积：200
2018-12-18 17:23:52,953 - RealEstate.py[line:164] - INFO: 2018-12-18 17:23:52.954000 渝北 复地·君屿墅-F区 15幢（规划F15号楼） 1单元 1-4（跃1）
2018-12-18 17:24:36,588 - RealEstate.py[line:310] - INFO: 凛减3等芳
2018-12-18 17:24:36,655 - RealEstate.py[line:366] - INFO: 图片识别修正number1:4
2018-12-18 17:24:36,655 - RealEstate.py[line:373] - INFO: 图片识别修正number2:3
2018-12-18 17:27:01,637 - RealEstate.py[line:163] - INFO: 2018-12-18 17:27:01.637000 渝北 中粮中央公园祥云-中粮中央公园祥云A区 11幢（规划A11号楼） 1单元 5-2
2018-12-18 17:27:01,638 - RealEstate.py[line:214] - INFO: 'list' object has no attribute 'send_url'
2018-12-18 17:27:01,640 - RealEstate.py[line:215] - INFO: 2018-12-18 17:27:01.640000 内层异常休眠5分钟
2018-12-18 17:32:01,677 - RealEstate.py[line:163] - INFO: 2018-12-18 17:32:01.677000 渝北 中粮中央公园祥云-中粮中央公园祥云A区 11幢（规划A11号楼） 2单元 5-1
2018-12-18 17:32:01,678 - RealEstate.py[line:214] - INFO: 'list' object has no attribute 'send_url'
2018-12-18 17:32:01,678 - RealEstate.py[line:215] - INFO: 2018-12-18 17:32:01.679000 内层异常休眠5分钟
2018-12-18 17:36:20,474 - RealEstate.py[line:334] - INFO: 验证码:4-3
2018-12-18 17:37:01,716 - RealEstate.py[line:163] - INFO: 2018-12-18 17:37:01.716000 渝北 中粮中央公园祥云-中粮中央公园祥云A区 11幢（规划A11号楼） 2单元 5-2
2018-12-18 17:37:01,717 - RealEstate.py[line:214] - INFO: 'list' object has no attribute 'send_url'
2018-12-18 17:37:01,717 - RealEstate.py[line:215] - INFO: 2018-12-18 17:37:01.718000 内层异常休眠5分钟
2018-12-18 17:38:53,095 - RealEstate.py[line:211] - INFO: 套内单价：16070.41， 套内面积：200
2018-12-18 17:38:53,095 - RealEstate.py[line:164] - INFO: 2018-12-18 17:38:53.096000 渝北 复地·君屿墅-F区 15幢（规划F15号楼） 1单元 1-5（跃1）
2018-12-18 17:39:08,200 - RealEstate.py[line:310] - INFO: 3加8 等于
2018-12-18 17:42:01,763 - RealEstate.py[line:163] - INFO: 2018-12-18 17:42:01.764000 渝北 中粮中央公园祥云-中粮中央公园祥云A区 11幢（规划A11号楼） 1单元 4-1
2018-12-18 17:42:01,766 - RealEstate.py[line:214] - INFO: 'list' object has no attribute 'send_url'
2018-12-18 17:42:01,766 - RealEstate.py[line:215] - INFO: 2018-12-18 17:42:01.766000 内层异常休眠5分钟
2018-12-18 17:47:01,802 - RealEstate.py[line:163] - INFO: 2018-12-18 17:47:01.803000 渝北 中粮中央公园祥云-中粮中央公园祥云A区 11幢（规划A11号楼） 1单元 4-2
2018-12-18 17:47:01,803 - RealEstate.py[line:214] - INFO: 'list' object has no attribute 'send_url'
2018-12-18 17:47:01,803 - RealEstate.py[line:215] - INFO: 2018-12-18 17:47:01.804000 内层异常休眠5分钟
2018-12-18 17:51:23,104 - RealEstate.py[line:334] - INFO: 验证码:3+8
2018-12-18 17:52:01,849 - RealEstate.py[line:163] - INFO: 2018-12-18 17:52:01.850000 渝北 中粮中央公园祥云-中粮中央公园祥云A区 11幢（规划A11号楼） 2单元 4-1
2018-12-18 17:52:01,852 - RealEstate.py[line:214] - INFO: 'list' object has no attribute 'send_url'
2018-12-18 17:52:01,852 - RealEstate.py[line:215] - INFO: 2018-12-18 17:52:01.853000 内层异常休眠5分钟
2018-12-18 17:53:29,029 - RealEstate.py[line:211] - INFO: 套内单价：16070.41， 套内面积：200
2018-12-18 17:53:29,030 - RealEstate.py[line:164] - INFO: 2018-12-18 17:53:29.031000 渝北 复地·君屿墅-F区 15幢（规划F15号楼） 1单元 1-6（跃1）
2018-12-18 17:53:49,510 - RealEstate.py[line:310] - INFO: 3减3等于
2018-12-18 17:53:49,512 - RealEstate.py[line:334] - INFO: 验证码:3-3
2018-12-18 17:56:12,305 - RealEstate.py[line:211] - INFO: 套内单价：16203.7， 套内面积：204.05
2018-12-18 17:57:01,921 - RealEstate.py[line:163] - INFO: 2018-12-18 17:57:01.922000 渝北 中粮中央公园祥云-中粮中央公园祥云A区 11幢（规划A11号楼） 2单元 4-2
2018-12-18 17:57:01,927 - RealEstate.py[line:214] - INFO: 'list' object has no attribute 'send_url'
2018-12-18 17:57:01,927 - RealEstate.py[line:215] - INFO: 2018-12-18 17:57:01.928000 内层异常休眠5分钟
2018-12-18 17:58:03,121 - RealEstate.py[line:164] - INFO: 2018-12-18 17:58:03.122000 渝北 复地·君屿墅-F区 19幢（规划F11号楼） 1单元 1-1（跃1）
2018-12-18 17:58:27,480 - RealEstate.py[line:310] - INFO: 9汐刀8 等于
2018-12-18 17:58:27,548 - RealEstate.py[line:373] - INFO: 图片识别修正number2:\\
2018-12-18 17:58:27,555 - RealEstate.py[line:430] - INFO: 图片比较修正operator:add
2018-12-18 17:58:27,559 - RealEstate.py[line:440] - INFO: 图片比较修正number2:8
2018-12-18 17:58:27,559 - RealEstate.py[line:334] - INFO: 验证码:9+8
2018-12-18 17:59:56,658 - RealEstate.py[line:211] - INFO: 套内单价：16147.18， 套内面积：201.49
2018-12-18 17:59:56,658 - RealEstate.py[line:164] - INFO: 2018-12-18 17:59:56.659000 渝北 复地·君屿墅-F区 19幢（规划F11号楼） 1单元 1-2（跃1）
2018-12-18 18:00:25,704 - RealEstate.py[line:310] - INFO: 5减3等于
2018-12-18 18:00:25,704 - RealEstate.py[line:334] - INFO: 验证码:5-3
2018-12-18 18:01:06,378 - RealEstate.py[line:211] - INFO: 套内单价：16026.78， 套内面积：200
2018-12-18 18:01:06,378 - RealEstate.py[line:164] - INFO: 2018-12-18 18:01:06.379000 渝北 复地·君屿墅-F区 19幢（规划F11号楼） 1单元 1-3（跃1）
2018-12-18 18:01:12,273 - RealEstate.py[line:310] - INFO: 4减1等芳
2018-12-18 18:01:12,273 - RealEstate.py[line:334] - INFO: 验证码:4-1
2018-12-18 18:02:01,963 - RealEstate.py[line:163] - INFO: 2018-12-18 18:02:01.964000 渝北 中粮中央公园祥云-中粮中央公园祥云A区 11幢（规划A11号楼） 1单元 3-1
2018-12-18 18:02:01,967 - RealEstate.py[line:214] - INFO: 'list' object has no attribute 'send_url'
2018-12-18 18:02:01,967 - RealEstate.py[line:215] - INFO: 2018-12-18 18:02:01.967000 内层异常休眠5分钟
2018-12-18 18:02:52,976 - RealEstate.py[line:211] - INFO: 套内单价：16026.78， 套内面积：200
2018-12-18 18:02:52,977 - RealEstate.py[line:164] - INFO: 2018-12-18 18:02:52.978000 渝北 复地·君屿墅-F区 19幢（规划F11号楼） 1单元 1-4（跃1）
2018-12-18 18:02:59,334 - RealEstate.py[line:310] - INFO: 6减1等于
2018-12-18 18:02:59,334 - RealEstate.py[line:334] - INFO: 验证码:6-1
2018-12-18 18:03:55,592 - RealEstate.py[line:211] - INFO: 套内单价：16083.04， 套内面积：200
2018-12-18 18:03:55,594 - RealEstate.py[line:164] - INFO: 2018-12-18 18:03:55.594000 渝北 复地·君屿墅-F区 19幢（规划F11号楼） 1单元 1-5（跃1）
2018-12-18 18:04:37,500 - RealEstate.py[line:310] - INFO: 3汐222 等芳
2018-12-18 18:04:37,502 - RealEstate.py[line:373] - INFO: 图片识别修正number2:2
2018-12-18 18:04:37,721 - RealEstate.py[line:384] - INFO: 图片识别修正operator:汐刃
2018-12-18 18:04:37,729 - RealEstate.py[line:430] - INFO: 图片比较修正operator:None
2018-12-18 18:05:26,892 - RealEstate.py[line:310] - INFO: 222奴7等芳
2018-12-18 18:05:26,892 - RealEstate.py[line:373] - INFO: 图片识别修正number2:2
2018-12-18 18:05:27,115 - RealEstate.py[line:384] - INFO: 图片识别修正operator:Z7衢Z
2018-12-18 18:05:27,122 - RealEstate.py[line:430] - INFO: 图片比较修正operator:add
2018-12-18 18:05:27,122 - RealEstate.py[line:334] - INFO: 验证码:2+2
2018-12-18 18:05:36,209 - RealEstate.py[line:334] - INFO: 验证码:2+2
2018-12-18 18:06:20,921 - RealEstate.py[line:334] - INFO: 验证码:2+2
2018-12-18 18:07:02,006 - RealEstate.py[line:163] - INFO: 2018-12-18 18:07:02.007000 渝北 中粮中央公园祥云-中粮中央公园祥云A区 11幢（规划A11号楼） 1单元 3-2
2018-12-18 18:07:02,009 - RealEstate.py[line:214] - INFO: 'list' object has no attribute 'send_url'
2018-12-18 18:07:02,009 - RealEstate.py[line:215] - INFO: 2018-12-18 18:07:02.009000 内层异常休眠5分钟
2018-12-18 18:12:02,048 - RealEstate.py[line:163] - INFO: 2018-12-18 18:12:02.048000 渝北 中粮中央公园祥云-中粮中央公园祥云A区 11幢（规划A11号楼） 2单元 3-1
2018-12-18 18:12:02,049 - RealEstate.py[line:214] - INFO: 'list' object has no attribute 'send_url'
2018-12-18 18:12:02,049 - RealEstate.py[line:215] - INFO: 2018-12-18 18:12:02.050000 内层异常休眠5分钟
2018-12-18 18:17:02,088 - RealEstate.py[line:163] - INFO: 2018-12-18 18:17:02.088000 渝北 中粮中央公园祥云-中粮中央公园祥云A区 11幢（规划A11号楼） 2单元 3-2
2018-12-18 18:17:02,091 - RealEstate.py[line:214] - INFO: 'list' object has no attribute 'send_url'
2018-12-18 18:17:02,091 - RealEstate.py[line:215] - INFO: 2018-12-18 18:17:02.091000 内层异常休眠5分钟
2018-12-18 18:22:02,135 - RealEstate.py[line:163] - INFO: 2018-12-18 18:22:02.136000 渝北 中粮中央公园祥云-中粮中央公园祥云A区 11幢（规划A11号楼） 1单元 2-1
2018-12-18 18:22:02,138 - RealEstate.py[line:214] - INFO: 'list' object has no attribute 'send_url'
2018-12-18 18:22:02,138 - RealEstate.py[line:215] - INFO: 2018-12-18 18:22:02.139000 内层异常休眠5分钟
2018-12-18 18:27:02,174 - RealEstate.py[line:163] - INFO: 2018-12-18 18:27:02.175000 渝北 中粮中央公园祥云-中粮中央公园祥云A区 11幢（规划A11号楼） 1单元 2-2
2018-12-18 18:27:02,177 - RealEstate.py[line:214] - INFO: 'list' object has no attribute 'send_url'
2018-12-18 18:27:02,178 - RealEstate.py[line:215] - INFO: 2018-12-18 18:27:02.179000 内层异常休眠5分钟
2018-12-18 18:32:02,221 - RealEstate.py[line:163] - INFO: 2018-12-18 18:32:02.222000 渝北 中粮中央公园祥云-中粮中央公园祥云A区 11幢（规划A11号楼） 2单元 2-1
2018-12-18 18:32:02,226 - RealEstate.py[line:214] - INFO: 'list' object has no attribute 'send_url'
2018-12-18 18:32:02,226 - RealEstate.py[line:215] - INFO: 2018-12-18 18:32:02.226000 内层异常休眠5分钟
2018-12-18 18:37:02,263 - RealEstate.py[line:163] - INFO: 2018-12-18 18:37:02.263000 渝北 中粮中央公园祥云-中粮中央公园祥云A区 11幢（规划A11号楼） 2单元 2-2
2018-12-18 18:37:02,267 - RealEstate.py[line:214] - INFO: 'list' object has no attribute 'send_url'
2018-12-18 18:37:02,267 - RealEstate.py[line:215] - INFO: 2018-12-18 18:37:02.268000 内层异常休眠5分钟
2018-12-18 18:42:02,301 - RealEstate.py[line:163] - INFO: 2018-12-18 18:42:02.301000 渝北 中粮中央公园祥云-中粮中央公园祥云A区 11幢（规划A11号楼） 1单元 1-1
2018-12-18 18:42:02,302 - RealEstate.py[line:214] - INFO: 'list' object has no attribute 'send_url'
2018-12-18 18:42:02,302 - RealEstate.py[line:215] - INFO: 2018-12-18 18:42:02.303000 内层异常休眠5分钟
2018-12-18 18:47:02,342 - RealEstate.py[line:163] - INFO: 2018-12-18 18:47:02.341000 渝北 中粮中央公园祥云-中粮中央公园祥云A区 11幢（规划A11号楼） 1单元 1-2
2018-12-18 18:47:02,345 - RealEstate.py[line:214] - INFO: 'list' object has no attribute 'send_url'
2018-12-18 18:47:02,346 - RealEstate.py[line:215] - INFO: 2018-12-18 18:47:02.347000 内层异常休眠5分钟
2018-12-18 18:52:02,405 - RealEstate.py[line:163] - INFO: 2018-12-18 18:52:02.405000 渝北 中粮中央公园祥云-中粮中央公园祥云A区 11幢（规划A11号楼） 2单元 1-1
2018-12-18 18:52:02,411 - RealEstate.py[line:214] - INFO: 'list' object has no attribute 'send_url'
2018-12-18 18:52:02,411 - RealEstate.py[line:215] - INFO: 2018-12-18 18:52:02.412000 内层异常休眠5分钟
2018-12-18 18:52:47,595 - RealEstate.py[line:63] - INFO: 渝北：2
2018-12-18 18:53:00,236 - RealEstate.py[line:164] - INFO: 2018-12-18 18:53:00.236000 渝北 复地·君屿墅-F区 15幢（规划F15号楼） 1单元 1-1（跃1）
2018-12-18 18:53:00,237 - RealEstate.py[line:164] - INFO: 2018-12-18 18:53:00.238000 渝北 复地·君屿墅-F区 15幢（规划F15号楼） 1单元 1-2（跃1）
2018-12-18 18:53:00,239 - RealEstate.py[line:164] - INFO: 2018-12-18 18:53:00.239000 渝北 复地·君屿墅-F区 15幢（规划F15号楼） 1单元 1-3（跃1）
2018-12-18 18:53:00,240 - RealEstate.py[line:164] - INFO: 2018-12-18 18:53:00.240000 渝北 复地·君屿墅-F区 15幢（规划F15号楼） 1单元 1-4（跃1）
2018-12-18 18:53:00,243 - RealEstate.py[line:164] - INFO: 2018-12-18 18:53:00.243000 渝北 复地·君屿墅-F区 15幢（规划F15号楼） 1单元 1-5（跃1）
2018-12-18 18:53:00,244 - RealEstate.py[line:164] - INFO: 2018-12-18 18:53:00.245000 渝北 复地·君屿墅-F区 15幢（规划F15号楼） 1单元 1-6（跃1）
2018-12-18 18:53:03,471 - RealEstate.py[line:164] - INFO: 2018-12-18 18:53:03.472000 渝北 复地·君屿墅-F区 19幢（规划F11号楼） 1单元 1-1（跃1）
2018-12-18 18:53:03,473 - RealEstate.py[line:164] - INFO: 2018-12-18 18:53:03.474000 渝北 复地·君屿墅-F区 19幢（规划F11号楼） 1单元 1-2（跃1）
2018-12-18 18:53:03,476 - RealEstate.py[line:164] - INFO: 2018-12-18 18:53:03.476000 渝北 复地·君屿墅-F区 19幢（规划F11号楼） 1单元 1-3（跃1）
2018-12-18 18:53:03,476 - RealEstate.py[line:164] - INFO: 2018-12-18 18:53:03.477000 渝北 复地·君屿墅-F区 19幢（规划F11号楼） 1单元 1-4（跃1）
2018-12-18 18:53:03,477 - RealEstate.py[line:164] - INFO: 2018-12-18 18:53:03.478000 渝北 复地·君屿墅-F区 19幢（规划F11号楼） 1单元 1-5（跃1）
2018-12-18 18:53:07,437 - RealEstate.py[line:310] - INFO: 5加6 等于
2018-12-18 18:53:07,438 - RealEstate.py[line:334] - INFO: 验证码:5+6
2018-12-18 18:53:22,515 - RealEstate.py[line:211] - INFO: 套内单价：16083.04， 套内面积：200
2018-12-18 18:53:22,516 - RealEstate.py[line:164] - INFO: 2018-12-18 18:53:22.516000 渝北 复地·君屿墅-F区 19幢（规划F11号楼） 1单元 1-6（跃1）
2018-12-18 18:53:30,489 - RealEstate.py[line:310] - INFO: 6减4等于
2018-12-18 18:53:30,489 - RealEstate.py[line:334] - INFO: 验证码:6-4
2018-12-18 18:55:18,095 - RealEstate.py[line:211] - INFO: 套内单价：16083.04， 套内面积：200
2018-12-18 18:55:18,095 - RealEstate.py[line:164] - INFO: 2018-12-18 18:55:18.095000 渝北 复地·君屿墅-F区 19幢（规划F11号楼） 1单元 1-7（跃1）
2018-12-18 18:55:22,395 - RealEstate.py[line:310] - INFO: 72夕/~74 等于
2018-12-18 18:55:22,467 - RealEstate.py[line:373] - INFO: 图片识别修正number2:4
2018-12-18 18:55:22,701 - RealEstate.py[line:384] - INFO: 图片识别修正operator:Z亓刀
2018-12-18 18:55:22,707 - RealEstate.py[line:430] - INFO: 图片比较修正operator:add
2018-12-18 18:55:22,709 - RealEstate.py[line:334] - INFO: 验证码:7+4
2018-12-18 18:57:02,451 - RealEstate.py[line:163] - INFO: 2018-12-18 18:57:02.452000 渝北 中粮中央公园祥云-中粮中央公园祥云A区 11幢（规划A11号楼） 2单元 1-2
2018-12-18 18:57:02,453 - RealEstate.py[line:214] - INFO: 'list' object has no attribute 'send_url'
2018-12-18 18:57:02,454 - RealEstate.py[line:215] - INFO: 2018-12-18 18:57:02.455000 内层异常休眠5分钟
2018-12-18 18:57:23,765 - RealEstate.py[line:211] - INFO: 套内单价：16188.3， 套内面积：204.05
2018-12-18 19:02:53,969 - RealEstate.py[line:230] - INFO: [Errno 22] Invalid argument
2018-12-18 19:02:53,969 - RealEstate.py[line:231] - INFO: 2018-12-18 19:02:53.969000 外层异常休眠5分钟
2018-12-18 19:52:40,644 - RealEstate.py[line:63] - INFO: 渝北：2
2018-12-18 19:54:32,864 - RealEstate.py[line:164] - INFO: 2018-12-18 19:54:32.864000 渝北 复地·君屿墅-F区 15幢（规划F15号楼） 1单元 1-1（跃1）
2018-12-18 19:54:32,865 - RealEstate.py[line:164] - INFO: 2018-12-18 19:54:32.866000 渝北 复地·君屿墅-F区 15幢（规划F15号楼） 1单元 1-2（跃1）
2018-12-18 19:54:32,868 - RealEstate.py[line:164] - INFO: 2018-12-18 19:54:32.868000 渝北 复地·君屿墅-F区 15幢（规划F15号楼） 1单元 1-3（跃1）
2018-12-18 19:54:32,869 - RealEstate.py[line:164] - INFO: 2018-12-18 19:54:32.870000 渝北 复地·君屿墅-F区 15幢（规划F15号楼） 1单元 1-4（跃1）
2018-12-18 19:54:32,871 - RealEstate.py[line:164] - INFO: 2018-12-18 19:54:32.872000 渝北 复地·君屿墅-F区 15幢（规划F15号楼） 1单元 1-5（跃1）
2018-12-18 19:54:32,874 - RealEstate.py[line:164] - INFO: 2018-12-18 19:54:32.873000 渝北 复地·君屿墅-F区 15幢（规划F15号楼） 1单元 1-6（跃1）
2018-12-18 19:54:51,548 - RealEstate.py[line:164] - INFO: 2018-12-18 19:54:51.548000 渝北 复地·君屿墅-F区 19幢（规划F11号楼） 1单元 1-1（跃1）
2018-12-18 19:54:51,549 - RealEstate.py[line:164] - INFO: 2018-12-18 19:54:51.549000 渝北 复地·君屿墅-F区 19幢（规划F11号楼） 1单元 1-2（跃1）
2018-12-18 19:54:51,551 - RealEstate.py[line:164] - INFO: 2018-12-18 19:54:51.551000 渝北 复地·君屿墅-F区 19幢（规划F11号楼） 1单元 1-3（跃1）
2018-12-18 19:54:51,552 - RealEstate.py[line:164] - INFO: 2018-12-18 19:54:51.553000 渝北 复地·君屿墅-F区 19幢（规划F11号楼） 1单元 1-4（跃1）
2018-12-18 19:54:51,553 - RealEstate.py[line:164] - INFO: 2018-12-18 19:54:51.554000 渝北 复地·君屿墅-F区 19幢（规划F11号楼） 1单元 1-5（跃1）
2018-12-18 19:54:51,555 - RealEstate.py[line:164] - INFO: 2018-12-18 19:54:51.555000 渝北 复地·君屿墅-F区 19幢（规划F11号楼） 1单元 1-6（跃1）
2018-12-18 19:54:51,556 - RealEstate.py[line:164] - INFO: 2018-12-18 19:54:51.556000 渝北 复地·君屿墅-F区 19幢（规划F11号楼） 1单元 1-7（跃1）
2018-12-18 19:55:08,914 - RealEstate.py[line:164] - INFO: 2018-12-18 19:55:08.914000 渝北 复地·君屿墅-F区 23幢（规划F6号楼） 1单元 1-1（跃1）
2018-12-18 19:55:14,428 - RealEstate.py[line:310] - INFO: 72亓瘁1 等芳
2018-12-18 19:55:14,493 - RealEstate.py[line:373] - INFO: 图片识别修正number2:1
2018-12-18 19:55:14,729 - RealEstate.py[line:384] - INFO: 图片识别修正operator:Z亓刀
2018-12-18 19:55:14,734 - RealEstate.py[line:430] - INFO: 图片比较修正operator:None
2018-12-18 19:55:18,631 - RealEstate.py[line:310] - INFO: 乏攫彝赏6 等于
2018-12-18 19:55:18,700 - RealEstate.py[line:366] - INFO: 图片识别修正number1:\\
2018-12-18 19:55:18,766 - RealEstate.py[line:373] - INFO: 图片识别修正number2:.
2018-12-18 19:55:18,773 - RealEstate.py[line:430] - INFO: 图片比较修正operator:None
2018-12-18 19:55:18,779 - RealEstate.py[line:435] - INFO: 图片比较修正number1:None
2018-12-18 19:55:18,785 - RealEstate.py[line:440] - INFO: 图片比较修正number2:None
2018-12-18 19:55:24,651 - RealEstate.py[line:310] - INFO: G2夕/79 等于
2018-12-18 19:55:24,717 - RealEstate.py[line:366] - INFO: 图片识别修正number1:6
2018-12-18 19:55:24,782 - RealEstate.py[line:373] - INFO: 图片识别修正number2:.
2018-12-18 19:55:24,790 - RealEstate.py[line:430] - INFO: 图片比较修正operator:None
2018-12-18 19:55:24,796 - RealEstate.py[line:440] - INFO: 图片比较修正number2:9
2018-12-18 19:55:28,815 - RealEstate.py[line:310] - INFO: 9加8 等于
2018-12-18 19:55:28,815 - RealEstate.py[line:334] - INFO: 验证码:9+8
2018-12-18 19:55:59,348 - RealEstate.py[line:211] - INFO: 套内单价：15858.24， 套内面积：176.03
2018-12-18 19:55:59,348 - RealEstate.py[line:164] - INFO: 2018-12-18 19:55:59.349000 渝北 复地·君屿墅-F区 23幢（规划F6号楼） 1单元 1-2（跃1）
2018-12-18 19:56:05,698 - RealEstate.py[line:310] - INFO: 凛加4 等于
2018-12-18 19:56:05,763 - RealEstate.py[line:366] - INFO: 图片识别修正number1:4
2018-12-18 19:56:05,763 - RealEstate.py[line:373] - INFO: 图片识别修正number2:4
2018-12-18 19:56:05,763 - RealEstate.py[line:334] - INFO: 验证码:4+4
2018-12-18 19:57:29,930 - RealEstate.py[line:211] - INFO: 套内单价：15535.71， 套内面积：174.02
2018-12-18 19:57:29,930 - RealEstate.py[line:164] - INFO: 2018-12-18 19:57:29.931000 渝北 复地·君屿墅-F区 23幢（规划F6号楼） 1单元 1-3（跃1）
2018-12-18 19:57:33,944 - RealEstate.py[line:310] - INFO: 9加6 等子
2018-12-18 19:57:33,944 - RealEstate.py[line:334] - INFO: 验证码:9+6
2018-12-18 19:58:39,907 - RealEstate.py[line:211] - INFO: 套内单价：15535.9， 套内面积：174.26
2018-12-18 19:58:39,907 - RealEstate.py[line:164] - INFO: 2018-12-18 19:58:39.908000 渝北 复地·君屿墅-F区 23幢（规划F6号楼） 1单元 1-4（跃1）
2018-12-18 19:58:44,176 - RealEstate.py[line:310] - INFO: 9汐刀6 等于
2018-12-18 19:58:58,545 - RealEstate.py[line:373] - INFO: 图片识别修正number2:6
2018-12-18 19:59:08,188 - RealEstate.py[line:384] - INFO: 图片识别修正operator:Z夕刀
2018-12-18 19:59:18,272 - RealEstate.py[line:430] - INFO: 图片比较修正operator:add
2018-12-18 19:59:50,420 - RealEstate.py[line:334] - INFO: 验证码:9+6
2018-12-18 20:00:23,046 - RealEstate.py[line:211] - INFO: 套内单价：15535.68， 套内面积：174.03
2018-12-18 20:00:23,048 - RealEstate.py[line:164] - INFO: 2018-12-18 20:00:23.048000 渝北 复地·君屿墅-F区 23幢（规划F6号楼） 1单元 1-5（跃1）
2018-12-18 20:00:45,848 - RealEstate.py[line:310] - INFO: 7减5 等于
2018-12-18 20:00:48,385 - RealEstate.py[line:334] - INFO: 验证码:7-5
2018-12-18 20:01:28,500 - RealEstate.py[line:211] - INFO: 套内单价：15535.68， 套内面积：174.03
2018-12-18 20:01:28,502 - RealEstate.py[line:164] - INFO: 2018-12-18 20:01:28.502000 渝北 复地·君屿墅-F区 23幢（规划F6号楼） 1单元 1-6（跃1）
2018-12-18 20:01:32,226 - RealEstate.py[line:310] - INFO: 3减3等于
2018-12-18 20:01:37,786 - RealEstate.py[line:334] - INFO: 验证码:3-3
2018-12-18 20:02:25,311 - RealEstate.py[line:211] - INFO: 套内单价：15535.9， 套内面积：174.26
2018-12-18 20:02:25,311 - RealEstate.py[line:164] - INFO: 2018-12-18 20:02:25.311000 渝北 复地·君屿墅-F区 23幢（规划F6号楼） 1单元 1-7（跃1）
2018-12-18 20:02:28,986 - RealEstate.py[line:310] - INFO: 22歹衢2一1 等于
2018-12-18 20:02:42,585 - RealEstate.py[line:373] - INFO: 图片识别修正number2:4
2018-12-18 20:02:42,809 - RealEstate.py[line:384] - INFO: 图片识别修正operator:Z歹夕
2018-12-18 20:02:44,497 - RealEstate.py[line:430] - INFO: 图片比较修正operator:None
2018-12-18 20:02:51,045 - RealEstate.py[line:310] - INFO: 3加1 等芳
2018-12-18 20:02:51,046 - RealEstate.py[line:334] - INFO: 验证码:3+1
2018-12-18 20:03:28,697 - RealEstate.py[line:211] - INFO: 套内单价：15535.71， 套内面积：174.02
2018-12-18 20:03:28,697 - RealEstate.py[line:164] - INFO: 2018-12-18 20:03:28.698000 渝北 复地·君屿墅-F区 23幢（规划F6号楼） 1单元 1-8（跃1）
2018-12-18 20:04:00,878 - RealEstate.py[line:310] - INFO: 2减1等芳
2018-12-18 20:04:00,878 - RealEstate.py[line:334] - INFO: 验证码:2-1
2018-12-18 20:05:09,086 - RealEstate.py[line:211] - INFO: 套内单价：16033.76， 套内面积：176.03
2018-12-18 20:11:04,151 - RealEstate.py[line:63] - INFO: 渝北：3
2018-12-18 20:18:42,141 - RealEstate.py[line:63] - INFO: 渝北：3
2018-12-18 20:19:23,773 - RealEstate.py[line:164] - INFO: 2018-12-18 20:19:23.773000 渝北 隆鑫·鸿府-爱普新鸿府 8幢（规划11号楼） 1单元 12-1
2018-12-18 20:19:37,009 - RealEstate.py[line:310] - INFO: 5减凛等芳
2018-12-18 20:19:37,076 - RealEstate.py[line:373] - INFO: 图片识别修正number2:4
2018-12-18 20:19:37,078 - RealEstate.py[line:334] - INFO: 验证码:5-4
2018-12-18 20:21:07,450 - RealEstate.py[line:63] - INFO: 渝北：1
2018-12-18 20:23:59,772 - RealEstate.py[line:63] - INFO: 渝北：1
2018-12-18 20:29:55,131 - RealEstate.py[line:63] - INFO: 渝北：1
2018-12-18 21:47:14,029 - RealEstate.py[line:63] - INFO: 渝北：1
2018-12-18 21:48:04,937 - RealEstate.py[line:164] - INFO: 2018-12-18 21:48:04.938000 渝北 中粮中央公园祥云-中粮中央公园祥云A区 11幢（规划A11号楼） 1单元 7-1
2018-12-18 21:48:04,940 - RealEstate.py[line:164] - INFO: 2018-12-18 21:48:04.941000 渝北 中粮中央公园祥云-中粮中央公园祥云A区 11幢（规划A11号楼） 1单元 7-2
2018-12-18 21:48:08,986 - RealEstate.py[line:310] - INFO: 6减3等于
2018-12-18 21:48:08,986 - RealEstate.py[line:334] - INFO: 验证码:6-3
2018-12-18 21:48:11,173 - RealEstate.py[line:211] - INFO: 套内单价：19621.13， 套内面积：113.04
2018-12-18 21:48:11,174 - RealEstate.py[line:164] - INFO: 2018-12-18 21:48:11.174000 渝北 中粮中央公园祥云-中粮中央公园祥云A区 11幢（规划A11号楼） 2单元 7-1
2018-12-18 21:48:14,878 - RealEstate.py[line:310] - INFO: G22衢23 等芳
2018-12-18 21:48:14,957 - RealEstate.py[line:366] - INFO: 图片识别修正number1:6
2018-12-18 21:48:14,957 - RealEstate.py[line:373] - INFO: 图片识别修正number2:2
2018-12-18 21:48:15,200 - RealEstate.py[line:384] - INFO: 图片识别修正operator:汐趸
2018-12-18 21:48:15,206 - RealEstate.py[line:430] - INFO: 图片比较修正operator:add
2018-12-18 21:48:15,207 - RealEstate.py[line:334] - INFO: 验证码:6+2
2018-12-18 21:48:18,730 - RealEstate.py[line:334] - INFO: 验证码:6+2
2018-12-18 21:48:22,391 - RealEstate.py[line:334] - INFO: 验证码:6+2
2018-12-18 21:48:25,930 - RealEstate.py[line:334] - INFO: 验证码:6+2
2018-12-18 21:49:18,257 - RealEstate.py[line:334] - INFO: 验证码:6+2
2018-12-18 21:49:38,586 - RealEstate.py[line:334] - INFO: 验证码:6+2
2018-12-18 21:50:34,272 - RealEstate.py[line:63] - INFO: 渝北：1
2018-12-18 21:50:38,015 - RealEstate.py[line:164] - INFO: 2018-12-18 21:50:38.015000 渝北 中粮中央公园祥云-中粮中央公园祥云A区 11幢（规划A11号楼） 1单元 7-1
2018-12-18 21:50:38,016 - RealEstate.py[line:164] - INFO: 2018-12-18 21:50:38.016000 渝北 中粮中央公园祥云-中粮中央公园祥云A区 11幢（规划A11号楼） 1单元 7-2
2018-12-18 21:50:38,017 - RealEstate.py[line:164] - INFO: 2018-12-18 21:50:38.018000 渝北 中粮中央公园祥云-中粮中央公园祥云A区 11幢（规划A11号楼） 2单元 7-1
2018-12-18 21:50:51,867 - RealEstate.py[line:310] - INFO: 3减2等芳
2018-12-18 21:50:55,158 - RealEstate.py[line:334] - INFO: 验证码:3-2
2018-12-18 21:51:02,931 - RealEstate.py[line:211] - INFO: 套内单价：19500.42， 套内面积：113.04
2018-12-18 21:51:02,933 - RealEstate.py[line:164] - INFO: 2018-12-18 21:51:02.933000 渝北 中粮中央公园祥云-中粮中央公园祥云A区 11幢（规划A11号楼） 2单元 7-2
2018-12-18 21:51:06,750 - RealEstate.py[line:310] - INFO: 乏魔27衢7乏覆 等于
2018-12-18 21:51:06,821 - RealEstate.py[line:366] - INFO: 图片识别修正number1:\\
2018-12-18 21:51:06,821 - RealEstate.py[line:373] - INFO: 图片识别修正number2:2
2018-12-18 21:51:06,828 - RealEstate.py[line:430] - INFO: 图片比较修正operator:add
2018-12-18 21:51:06,835 - RealEstate.py[line:435] - INFO: 图片比较修正number1:None
2018-12-18 21:51:10,536 - RealEstate.py[line:310] - INFO: 9减3荨于
2018-12-18 21:51:10,536 - RealEstate.py[line:334] - INFO: 验证码:9-3
2018-12-18 21:51:12,763 - RealEstate.py[line:211] - INFO: 套内单价：19395.51， 套内面积：113.04
2018-12-18 21:51:12,765 - RealEstate.py[line:164] - INFO: 2018-12-18 21:51:12.765000 渝北 中粮中央公园祥云-中粮中央公园祥云A区 11幢（规划A11号楼） 1单元 6-1
2018-12-18 21:51:16,467 - RealEstate.py[line:310] - INFO: G22222 等于
2018-12-18 21:51:16,535 - RealEstate.py[line:366] - INFO: 图片识别修正number1:6
2018-12-18 21:51:16,536 - RealEstate.py[line:373] - INFO: 图片识别修正number2:2
2018-12-18 21:51:16,769 - RealEstate.py[line:384] - INFO: 图片识别修正operator:ZZZ衢
2018-12-18 21:51:16,776 - RealEstate.py[line:430] - INFO: 图片比较修正operator:add
2018-12-18 21:51:16,776 - RealEstate.py[line:334] - INFO: 验证码:6+2
2018-12-18 21:51:17,053 - RealEstate.py[line:164] - INFO: 2018-12-18 21:51:17.054000 渝北 中粮中央公园祥云-中粮中央公园祥云A区 11幢（规划A11号楼） 1单元 6-2
2018-12-18 21:52:42,655 - RealEstate.py[line:63] - INFO: 渝北：1
2018-12-18 21:53:56,367 - RealEstate.py[line:63] - INFO: 渝北：1
2018-12-18 22:03:06,328 - RealEstate.py[line:62] - INFO: 渝北房产信息收集完成
