2019-03-13 15:25:16,292 - log.py[line:146] - INFO: Scrapy %(version)s started (bot: %(bot)s)
2019-03-13 15:25:16,298 - log.py[line:149] - INFO: Versions: %(versions)s
2019-03-13 15:25:16,308 - crawler.py[line:38] - INFO: Overridden settings: %(settings)r
2019-03-13 15:25:17,038 - middleware.py[line:53] - INFO: Enabled %(componentname)ss:
%(enabledlist)s
2019-03-13 15:25:17,532 - CommonUtils.py[line:319] - ERROR: 删除日志成功
2019-03-13 15:25:17,539 - CommonUtils.py[line:319] - ERROR: 删除日志成功
2019-03-13 15:25:18,691 - middleware.py[line:53] - INFO: Enabled %(componentname)ss:
%(enabledlist)s
2019-03-13 15:25:18,753 - middleware.py[line:53] - INFO: Enabled %(componentname)ss:
%(enabledlist)s
2019-03-13 15:25:18,765 - middleware.py[line:53] - INFO: Enabled %(componentname)ss:
%(enabledlist)s
2019-03-13 15:26:07,313 - ProxyIPUtil.py[line:156] - INFO: 测试代理IP,切换代理IP:112.12.37.196:53281
2019-03-13 15:26:07,318 - engine.py[line:256] - INFO: Spider opened
2019-03-13 15:26:07,453 - logstats.py[line:48] - INFO: Crawled %(pages)d pages (at %(pagerate)d pages/min), scraped %(items)d items (at %(itemrate)d items/min)
2019-03-13 15:26:07,467 - crawler.py[line:38] - INFO: Overridden settings: %(settings)r
2019-03-13 15:26:07,470 - middleware.py[line:53] - INFO: Enabled %(componentname)ss:
%(enabledlist)s
2019-03-13 15:26:07,473 - middleware.py[line:53] - INFO: Enabled %(componentname)ss:
%(enabledlist)s
2019-03-13 15:26:07,476 - middleware.py[line:53] - INFO: Enabled %(componentname)ss:
%(enabledlist)s
2019-03-13 15:26:07,476 - middleware.py[line:53] - INFO: Enabled %(componentname)ss:
%(enabledlist)s
2019-03-13 15:26:09,279 - ProxyIPUtil.py[line:156] - INFO: 测试代理IP,切换代理IP:124.205.155.150:9090
2019-03-13 15:26:22,973 - ImageRecognitionUtil.py[line:48] - INFO: 图片识别：1+6
2019-03-13 15:26:23,368 - ImageRecognitionUtil.py[line:54] - INFO: 图片识别修正：1+6
2019-03-13 15:26:23,388 - ImageRecognitionUtil.py[line:62] - INFO: 图片比较识别：None
2019-03-13 15:26:23,397 - ImageRecognitionUtil.py[line:68] - INFO: 成功图片比较：3+2
2019-03-13 15:26:23,397 - ImageRecognitionUtil.py[line:90] - INFO: 验证码:1+6
2019-03-13 15:26:33,335 - ProxyIPUtil.py[line:156] - INFO: 测试代理IP,切换代理IP:112.12.37.196:53281
2019-03-13 15:26:33,371 - engine.py[line:256] - INFO: Spider opened
2019-03-13 15:26:33,371 - logstats.py[line:48] - INFO: Crawled %(pages)d pages (at %(pagerate)d pages/min), scraped %(items)d items (at %(itemrate)d items/min)
2019-03-13 15:26:35,825 - ImageRecognitionUtil.py[line:48] - INFO: 图片识别：1+6
2019-03-13 15:26:36,198 - ImageRecognitionUtil.py[line:54] - INFO: 图片识别修正：1+6
2019-03-13 15:26:36,217 - ImageRecognitionUtil.py[line:62] - INFO: 图片比较识别：None
2019-03-13 15:26:36,226 - ImageRecognitionUtil.py[line:68] - INFO: 成功图片比较：3+2
2019-03-13 15:26:36,226 - ImageRecognitionUtil.py[line:90] - INFO: 验证码:1+6
2019-03-13 15:26:55,914 - ImageRecognitionUtil.py[line:48] - INFO: 图片识别：1+6
2019-03-13 15:26:56,526 - ImageRecognitionUtil.py[line:54] - INFO: 图片识别修正：1+6
2019-03-13 15:26:56,545 - ImageRecognitionUtil.py[line:62] - INFO: 图片比较识别：None
2019-03-13 15:26:56,552 - ImageRecognitionUtil.py[line:68] - INFO: 成功图片比较：3+2
2019-03-13 15:26:56,552 - ImageRecognitionUtil.py[line:90] - INFO: 验证码:1+6
2019-03-13 15:27:07,454 - logstats.py[line:48] - INFO: Crawled %(pages)d pages (at %(pagerate)d pages/min), scraped %(items)d items (at %(itemrate)d items/min)
2019-03-13 15:27:23,131 - ImageRecognitionUtil.py[line:48] - INFO: 图片识别：1+6
2019-03-13 15:27:23,517 - ImageRecognitionUtil.py[line:54] - INFO: 图片识别修正：1+6
2019-03-13 15:27:23,536 - ImageRecognitionUtil.py[line:62] - INFO: 图片比较识别：None
2019-03-13 15:27:23,545 - ImageRecognitionUtil.py[line:68] - INFO: 成功图片比较：3+2
2019-03-13 15:27:23,546 - ImageRecognitionUtil.py[line:90] - INFO: 验证码:1+6
2019-03-13 15:27:33,371 - logstats.py[line:48] - INFO: Crawled %(pages)d pages (at %(pagerate)d pages/min), scraped %(items)d items (at %(itemrate)d items/min)
2019-03-13 15:27:36,017 - ImageRecognitionUtil.py[line:48] - INFO: 图片识别：1+6
2019-03-13 15:27:36,414 - ImageRecognitionUtil.py[line:54] - INFO: 图片识别修正：1+6
2019-03-13 15:27:36,433 - ImageRecognitionUtil.py[line:62] - INFO: 图片比较识别：None
2019-03-13 15:27:36,440 - ImageRecognitionUtil.py[line:68] - INFO: 成功图片比较：3+2
2019-03-13 15:27:36,440 - ImageRecognitionUtil.py[line:90] - INFO: 验证码:1+6
2019-03-13 15:27:43,082 - ImageRecognitionUtil.py[line:48] - INFO: 图片识别：1+6
2019-03-13 15:27:43,489 - ImageRecognitionUtil.py[line:54] - INFO: 图片识别修正：1+6
2019-03-13 15:27:43,509 - ImageRecognitionUtil.py[line:62] - INFO: 图片比较识别：None
2019-03-13 15:27:43,516 - ImageRecognitionUtil.py[line:68] - INFO: 成功图片比较：3+2
2019-03-13 15:27:43,516 - ImageRecognitionUtil.py[line:90] - INFO: 验证码:1+6
2019-03-13 15:29:46,591 - ProxyIPUtil.py[line:156] - INFO: 测试代理IP,切换代理IP:61.184.185.68:3128
2019-03-13 15:29:46,594 - logstats.py[line:48] - INFO: Crawled %(pages)d pages (at %(pagerate)d pages/min), scraped %(items)d items (at %(itemrate)d items/min)
2019-03-13 15:29:46,595 - logstats.py[line:48] - INFO: Crawled %(pages)d pages (at %(pagerate)d pages/min), scraped %(items)d items (at %(itemrate)d items/min)
2019-03-13 15:30:07,454 - logstats.py[line:48] - INFO: Crawled %(pages)d pages (at %(pagerate)d pages/min), scraped %(items)d items (at %(itemrate)d items/min)
2019-03-13 15:30:33,371 - logstats.py[line:48] - INFO: Crawled %(pages)d pages (at %(pagerate)d pages/min), scraped %(items)d items (at %(itemrate)d items/min)
2019-03-13 15:31:07,453 - logstats.py[line:48] - INFO: Crawled %(pages)d pages (at %(pagerate)d pages/min), scraped %(items)d items (at %(itemrate)d items/min)
2019-03-13 15:31:09,015 - engine.py[line:295] - INFO: Closing spider (%(reason)s)
2019-03-13 15:31:09,017 - statscollectors.py[line:47] - INFO: Dumping Scrapy stats:
{'downloader/exception_count': 3,
 'downloader/exception_type_count/twisted.internet.error.TCPTimedOutError': 3,
 'downloader/request_bytes': 16718,
 'downloader/request_count': 30,
 'downloader/request_method_count/GET': 30,
 'downloader/response_bytes': 833150,
 'downloader/response_count': 27,
 'downloader/response_status_count/200': 27,
 'finish_reason': 'finished',
 'finish_time': datetime.datetime(2019, 3, 13, 7, 31, 9, 16000),
 'item_scraped_count': 1592,
 'log_count/DEBUG': 3604,
 'log_count/ERROR': 1,
 'log_count/INFO': 24,
 'request_depth_max': 27,
 'response_received_count': 27,
 'retry/count': 2,
 'retry/max_reached': 1,
 'retry/reason_count/twisted.internet.error.TCPTimedOutError': 2,
 'scheduler/dequeued': 30,
 'scheduler/dequeued/memory': 30,
 'scheduler/enqueued': 30,
 'scheduler/enqueued/memory': 30,
 'start_time': datetime.datetime(2019, 3, 13, 7, 26, 7, 454000)}
2019-03-13 15:31:09,017 - engine.py[line:326] - INFO: Spider closed (%(reason)s)
2019-03-13 15:31:33,372 - logstats.py[line:48] - INFO: Crawled %(pages)d pages (at %(pagerate)d pages/min), scraped %(items)d items (at %(itemrate)d items/min)
2019-03-13 15:32:32,969 - engine.py[line:295] - INFO: Closing spider (%(reason)s)
2019-03-13 15:32:32,977 - statscollectors.py[line:47] - INFO: Dumping Scrapy stats:
{'downloader/exception_count': 4,
 'downloader/exception_type_count/twisted.internet.error.TCPTimedOutError': 4,
 'downloader/request_bytes': 11725,
 'downloader/request_count': 28,
 'downloader/request_method_count/GET': 28,
 'downloader/response_bytes': 5982362,
 'downloader/response_count': 24,
 'downloader/response_status_count/200': 24,
 'finish_reason': 'finished',
 'finish_time': datetime.datetime(2019, 3, 13, 7, 32, 32, 971000),
 'item_scraped_count': 2352,
 'log_count/DEBUG': 4003,
 'log_count/ERROR': 2,
 'log_count/INFO': 20,
 'request_depth_max': 24,
 'response_received_count': 24,
 'retry/count': 3,
 'retry/max_reached': 1,
 'retry/reason_count/twisted.internet.error.TCPTimedOutError': 3,
 'scheduler/dequeued': 28,
 'scheduler/dequeued/memory': 28,
 'scheduler/enqueued': 28,
 'scheduler/enqueued/memory': 28,
 'start_time': datetime.datetime(2019, 3, 13, 7, 26, 33, 372000)}
2019-03-13 15:32:32,980 - engine.py[line:326] - INFO: Spider closed (%(reason)s)
2019-03-13 15:49:31,601 - log.py[line:146] - INFO: Scrapy %(version)s started (bot: %(bot)s)
2019-03-13 15:49:31,607 - log.py[line:149] - INFO: Versions: %(versions)s
2019-03-13 15:49:31,617 - crawler.py[line:38] - INFO: Overridden settings: %(settings)r
2019-03-13 15:49:31,663 - middleware.py[line:53] - INFO: Enabled %(componentname)ss:
%(enabledlist)s
2019-03-13 15:49:32,207 - middleware.py[line:53] - INFO: Enabled %(componentname)ss:
%(enabledlist)s
2019-03-13 15:49:32,213 - middleware.py[line:53] - INFO: Enabled %(componentname)ss:
%(enabledlist)s
2019-03-13 15:49:32,214 - middleware.py[line:53] - INFO: Enabled %(componentname)ss:
%(enabledlist)s
2019-03-13 15:49:44,529 - ProxyIPUtil.py[line:156] - INFO: 测试代理IP,切换代理IP:60.5.254.169:8081
2019-03-13 15:49:44,561 - engine.py[line:256] - INFO: Spider opened
2019-03-13 15:49:44,572 - logstats.py[line:48] - INFO: Crawled %(pages)d pages (at %(pagerate)d pages/min), scraped %(items)d items (at %(itemrate)d items/min)
2019-03-13 15:49:44,584 - crawler.py[line:38] - INFO: Overridden settings: %(settings)r
2019-03-13 15:49:44,588 - middleware.py[line:53] - INFO: Enabled %(componentname)ss:
%(enabledlist)s
2019-03-13 15:49:44,589 - middleware.py[line:53] - INFO: Enabled %(componentname)ss:
%(enabledlist)s
2019-03-13 15:49:44,592 - middleware.py[line:53] - INFO: Enabled %(componentname)ss:
%(enabledlist)s
2019-03-13 15:49:44,592 - middleware.py[line:53] - INFO: Enabled %(componentname)ss:
%(enabledlist)s
2019-03-13 15:49:54,714 - ProxyIPUtil.py[line:156] - INFO: 测试代理IP,切换代理IP:60.5.254.169:8081
2019-03-13 15:49:54,723 - engine.py[line:256] - INFO: Spider opened
2019-03-13 15:49:54,724 - logstats.py[line:48] - INFO: Crawled %(pages)d pages (at %(pagerate)d pages/min), scraped %(items)d items (at %(itemrate)d items/min)
2019-03-13 15:50:02,023 - ProxyIPUtil.py[line:156] - INFO: 测试代理IP,切换代理IP:119.29.9.47:80
2019-03-13 15:50:13,934 - ImageRecognitionUtil.py[line:48] - INFO: 图片识别：1+6
2019-03-13 15:50:14,322 - ImageRecognitionUtil.py[line:54] - INFO: 图片识别修正：1+6
2019-03-13 15:50:14,346 - ImageRecognitionUtil.py[line:62] - INFO: 图片比较识别：None
2019-03-13 15:50:14,354 - ImageRecognitionUtil.py[line:68] - INFO: 成功图片比较：3+2
2019-03-13 15:50:14,354 - ImageRecognitionUtil.py[line:90] - INFO: 验证码:1+6
2019-03-13 15:50:26,821 - ImageRecognitionUtil.py[line:48] - INFO: 图片识别：1+6
2019-03-13 15:50:27,203 - ImageRecognitionUtil.py[line:54] - INFO: 图片识别修正：1+6
2019-03-13 15:50:27,221 - ImageRecognitionUtil.py[line:62] - INFO: 图片比较识别：None
2019-03-13 15:50:27,229 - ImageRecognitionUtil.py[line:68] - INFO: 成功图片比较：3+2
2019-03-13 15:50:27,229 - ImageRecognitionUtil.py[line:90] - INFO: 验证码:1+6
2019-03-13 15:50:40,525 - ImageRecognitionUtil.py[line:48] - INFO: 图片识别：1+6
2019-03-13 15:50:40,914 - ImageRecognitionUtil.py[line:54] - INFO: 图片识别修正：1+6
2019-03-13 15:50:40,931 - ImageRecognitionUtil.py[line:62] - INFO: 图片比较识别：None
2019-03-13 15:50:40,940 - ImageRecognitionUtil.py[line:68] - INFO: 成功图片比较：3+2
2019-03-13 15:50:40,940 - ImageRecognitionUtil.py[line:90] - INFO: 验证码:1+6
2019-03-13 15:50:44,572 - logstats.py[line:48] - INFO: Crawled %(pages)d pages (at %(pagerate)d pages/min), scraped %(items)d items (at %(itemrate)d items/min)
2019-03-13 15:50:54,726 - logstats.py[line:48] - INFO: Crawled %(pages)d pages (at %(pagerate)d pages/min), scraped %(items)d items (at %(itemrate)d items/min)
2019-03-13 15:51:00,947 - ImageRecognitionUtil.py[line:48] - INFO: 图片识别：1+6
2019-03-13 15:51:01,346 - ImageRecognitionUtil.py[line:54] - INFO: 图片识别修正：1+6
2019-03-13 15:51:01,367 - ImageRecognitionUtil.py[line:62] - INFO: 图片比较识别：None
2019-03-13 15:51:01,375 - ImageRecognitionUtil.py[line:68] - INFO: 成功图片比较：3+2
2019-03-13 15:51:01,375 - ImageRecognitionUtil.py[line:90] - INFO: 验证码:1+6
2019-03-13 15:51:15,815 - ImageRecognitionUtil.py[line:48] - INFO: 图片识别：1+6
2019-03-13 15:51:16,207 - ImageRecognitionUtil.py[line:54] - INFO: 图片识别修正：1+6
2019-03-13 15:51:16,233 - ImageRecognitionUtil.py[line:62] - INFO: 图片比较识别：None
2019-03-13 15:51:16,240 - ImageRecognitionUtil.py[line:68] - INFO: 成功图片比较：3+2
2019-03-13 15:51:16,242 - ImageRecognitionUtil.py[line:90] - INFO: 验证码:1+6
2019-03-13 15:51:44,572 - logstats.py[line:48] - INFO: Crawled %(pages)d pages (at %(pagerate)d pages/min), scraped %(items)d items (at %(itemrate)d items/min)
2019-03-13 15:51:50,155 - ImageRecognitionUtil.py[line:48] - INFO: 图片识别：1+6
2019-03-13 15:51:50,563 - ImageRecognitionUtil.py[line:54] - INFO: 图片识别修正：1+6
2019-03-13 15:51:50,585 - ImageRecognitionUtil.py[line:62] - INFO: 图片比较识别：None
2019-03-13 15:51:50,592 - ImageRecognitionUtil.py[line:68] - INFO: 成功图片比较：3+2
2019-03-13 15:51:50,592 - ImageRecognitionUtil.py[line:90] - INFO: 验证码:1+6
2019-03-13 15:51:54,726 - logstats.py[line:48] - INFO: Crawled %(pages)d pages (at %(pagerate)d pages/min), scraped %(items)d items (at %(itemrate)d items/min)
2019-03-13 15:52:15,197 - ImageRecognitionUtil.py[line:48] - INFO: 图片识别：1+6
2019-03-13 15:52:15,578 - ImageRecognitionUtil.py[line:54] - INFO: 图片识别修正：1+6
2019-03-13 15:52:15,598 - ImageRecognitionUtil.py[line:62] - INFO: 图片比较识别：None
2019-03-13 15:52:15,605 - ImageRecognitionUtil.py[line:68] - INFO: 成功图片比较：3+2
2019-03-13 15:52:15,607 - ImageRecognitionUtil.py[line:90] - INFO: 验证码:1+6
2019-03-13 15:52:39,328 - ImageRecognitionUtil.py[line:48] - INFO: 图片识别：1+6
2019-03-13 15:52:39,724 - ImageRecognitionUtil.py[line:54] - INFO: 图片识别修正：1+6
2019-03-13 15:52:39,743 - ImageRecognitionUtil.py[line:62] - INFO: 图片比较识别：None
2019-03-13 15:52:39,752 - ImageRecognitionUtil.py[line:68] - INFO: 成功图片比较：3+2
2019-03-13 15:52:39,752 - ImageRecognitionUtil.py[line:90] - INFO: 验证码:1+6
2019-03-13 15:52:44,572 - logstats.py[line:48] - INFO: Crawled %(pages)d pages (at %(pagerate)d pages/min), scraped %(items)d items (at %(itemrate)d items/min)
2019-03-13 15:52:54,726 - logstats.py[line:48] - INFO: Crawled %(pages)d pages (at %(pagerate)d pages/min), scraped %(items)d items (at %(itemrate)d items/min)
2019-03-13 15:53:44,572 - logstats.py[line:48] - INFO: Crawled %(pages)d pages (at %(pagerate)d pages/min), scraped %(items)d items (at %(itemrate)d items/min)
2019-03-13 15:53:49,700 - ProxyIPUtil.py[line:156] - INFO: 测试代理IP,切换代理IP:119.29.230.205:80
2019-03-13 15:53:54,724 - logstats.py[line:48] - INFO: Crawled %(pages)d pages (at %(pagerate)d pages/min), scraped %(items)d items (at %(itemrate)d items/min)
2019-03-13 15:54:08,716 - ImageRecognitionUtil.py[line:48] - INFO: 图片识别：1+6
2019-03-13 15:54:09,092 - ImageRecognitionUtil.py[line:54] - INFO: 图片识别修正：1+6
2019-03-13 15:54:09,112 - ImageRecognitionUtil.py[line:62] - INFO: 图片比较识别：None
2019-03-13 15:54:09,118 - ImageRecognitionUtil.py[line:68] - INFO: 成功图片比较：3+2
2019-03-13 15:54:09,119 - ImageRecognitionUtil.py[line:90] - INFO: 验证码:1+6
2019-03-13 15:54:44,572 - logstats.py[line:48] - INFO: Crawled %(pages)d pages (at %(pagerate)d pages/min), scraped %(items)d items (at %(itemrate)d items/min)
2019-03-13 15:54:54,726 - logstats.py[line:48] - INFO: Crawled %(pages)d pages (at %(pagerate)d pages/min), scraped %(items)d items (at %(itemrate)d items/min)
2019-03-13 15:55:44,572 - logstats.py[line:48] - INFO: Crawled %(pages)d pages (at %(pagerate)d pages/min), scraped %(items)d items (at %(itemrate)d items/min)
2019-03-13 15:55:54,726 - logstats.py[line:48] - INFO: Crawled %(pages)d pages (at %(pagerate)d pages/min), scraped %(items)d items (at %(itemrate)d items/min)
2019-03-13 15:56:44,572 - logstats.py[line:48] - INFO: Crawled %(pages)d pages (at %(pagerate)d pages/min), scraped %(items)d items (at %(itemrate)d items/min)
2019-03-13 15:56:54,724 - logstats.py[line:48] - INFO: Crawled %(pages)d pages (at %(pagerate)d pages/min), scraped %(items)d items (at %(itemrate)d items/min)
2019-03-13 15:57:12,869 - engine.py[line:295] - INFO: Closing spider (%(reason)s)
2019-03-13 15:57:12,871 - statscollectors.py[line:47] - INFO: Dumping Scrapy stats:
{'downloader/exception_count': 7,
 'downloader/exception_type_count/twisted.internet.error.TCPTimedOutError': 7,
 'downloader/request_bytes': 15074,
 'downloader/request_count': 27,
 'downloader/request_method_count/GET': 27,
 'downloader/response_bytes': 649130,
 'downloader/response_count': 20,
 'downloader/response_status_count/200': 20,
 'finish_reason': 'finished',
 'finish_time': datetime.datetime(2019, 3, 13, 7, 57, 12, 871000),
 'item_scraped_count': 1230,
 'log_count/DEBUG': 3440,
 'log_count/ERROR': 1,
 'log_count/INFO': 30,
 'request_depth_max': 20,
 'response_received_count': 20,
 'retry/count': 6,
 'retry/max_reached': 1,
 'retry/reason_count/twisted.internet.error.TCPTimedOutError': 6,
 'scheduler/dequeued': 27,
 'scheduler/dequeued/memory': 27,
 'scheduler/enqueued': 27,
 'scheduler/enqueued/memory': 27,
 'start_time': datetime.datetime(2019, 3, 13, 7, 49, 44, 572000)}
2019-03-13 15:57:12,872 - engine.py[line:326] - INFO: Spider closed (%(reason)s)
2019-03-13 15:57:35,857 - engine.py[line:295] - INFO: Closing spider (%(reason)s)
2019-03-13 15:57:35,859 - statscollectors.py[line:47] - INFO: Dumping Scrapy stats:
{'downloader/exception_count': 5,
 'downloader/exception_type_count/twisted.internet.error.TCPTimedOutError': 5,
 'downloader/request_bytes': 11301,
 'downloader/request_count': 27,
 'downloader/request_method_count/GET': 27,
 'downloader/response_bytes': 5486742,
 'downloader/response_count': 22,
 'downloader/response_status_count/200': 22,
 'finish_reason': 'finished',
 'finish_time': datetime.datetime(2019, 3, 13, 7, 57, 35, 858000),
 'item_scraped_count': 2156,
 'log_count/DEBUG': 3441,
 'log_count/ERROR': 2,
 'log_count/INFO': 25,
 'request_depth_max': 22,
 'response_received_count': 22,
 'retry/count': 4,
 'retry/max_reached': 1,
 'retry/reason_count/twisted.internet.error.TCPTimedOutError': 4,
 'scheduler/dequeued': 27,
 'scheduler/dequeued/memory': 27,
 'scheduler/enqueued': 27,
 'scheduler/enqueued/memory': 27,
 'start_time': datetime.datetime(2019, 3, 13, 7, 49, 54, 725000)}
2019-03-13 15:57:35,859 - engine.py[line:326] - INFO: Spider closed (%(reason)s)
