2019-07-05 14:03:13 - middlewares.py[line:143] - ERROR: 涓翠欢浠ｇip
2019-07-05 14:03:13 - middlewares.py[line:144] - ERROR: TCP connection timed out: 10060: 由于连接方在一段时间后没有正确答复或连接的主机没有反应，连接尝试失败。.
2019-07-05 14:03:58 - house.py[line:79] - WARNING: 扮垮害涓绛:{u'f_presale_cert': u'\u6e1d\u4f4f\u5efa\u59d4\uff082019\uff09\u9884\u5b57\u7b2c\uff08282\uff09\u53f7', u'blockname': u'3,4\u53f7\u5546\u4e1a,2\u53f7\u5546\u4e1a', u'projectid': u'678131', u'enterprisename': u'\u91cd\u5e86\u8446\u65b9\u623f\u5730\u4ea7\u5f00\u53d1\u6709\u9650\u516c\u53f8', u'location': u'\u91cd\u5e86\u5e02\u5357\u5cb8\u533a\u5357\u576a\u9547\u8857\u9053\u4e8c\u5858\u8def79\u53f7', u'projectname': u'\u4fdd\u5229\u89c2\u5858\u5c0f\u533a\u4fdd\u5229\u89c2\u5858\u4e8c\u671fB1\u7ec4\u56e2', u'counts': u'5110', u'buildingid': u'1188825,1190382'}
2019-07-05 14:04:03 - house.py[line:79] - WARNING: 扮垮害涓绛:{u'f_presale_cert': u'\u6e1d\u56fd\u571f\u623f\u7ba1\uff082018\uff09\u9884\u5b57\u7b2c\uff081754\uff09\u53f7', u'blockname': u'16-1,2\u53f7\u5546\u4e1a,16-4,5\u53f7\u5546\u4e1a', u'projectid': u'652368', u'enterprisename': u'\u91cd\u5e86\u91d1\u8f89\u957f\u6c5f\u623f\u5730\u4ea7\u6709\u9650\u516c\u53f8', u'location': u'\u5357\u5cb8\u533a\u91d1\u8f89\u57ce\u4e09\u671f\u4e00\u6807', u'projectname': u'\u91d1\u8f89\u57ce\u4e09\u671f', u'counts': u'5110', u'buildingid': u'1120224,1120246'}
2019-07-05 14:04:23 - house.py[line:79] - WARNING: 扮垮害涓绛:{u'f_presale_cert': u'\u6e1d\u56fd\u571f\u623f\u7ba1\uff082018\uff09\u9884\u5b57\u7b2c\uff081012\uff09\u53f7', u'blockname': u'C32-C34\u680b,C24-C26\u680b,C22,C23\u680b,B6\u53f7\u697c', u'projectid': u'686799', u'enterprisename': u'\u5e7f\u5dde\u5bcc\u529b\u5730\u4ea7\uff08\u91cd\u5e86\uff09\u6709\u9650\u516c\u53f8', u'location': u'\u6c99\u576a\u575d\u533a\u897f\u6c38\u7ec4\u56fe\u4e2d\u592e\u5546\u533aA\u5730U8-2-2/03\u3001U8-2-3/03\u3001U8-2-5/03', u'projectname': u'\u5e7f\u5dde\u5bcc\u529b\u57ce\u5bcc\u529b\u57ce2R\u7ec4\u56e2', u'counts': u'5910', u'buildingid': u'1141944,1141945,1142006,1142007'}
2019-07-05 14:04:45 - house.py[line:79] - WARNING: 扮垮害涓绛:{u'f_presale_cert': u'\u6e1d\u56fd\u571f\u623f\u7ba1\uff082018\uff09\u9884\u5b57\u7b2c\uff08222\uff09\u53f7', u'blockname': u'14,15\u53f7\u88d9\u697c,13\u53f7\u697c,4\u53f7\u697c,15\u53f7\u697c', u'projectid': u'685477', u'enterprisename': u'\u91cd\u5e86\u91d1\u79d1\u6c47\u8302\u623f\u5730\u4ea7\u5f00\u53d1\u6709\u9650\u516c\u53f8', u'location': u'\u91cd\u5e86\u5e02\u5317\u789a\u533a\u8521\u5bb6\u5c97\u9547\u91d1\u79d1.\u96c6\u7f8e\u5609\u60a6\u4e00\u671f\uff08M08/04\uff09\u5730\u5757', u'projectname': u'\u91d1\u79d1.\u96c6\u7f8e\u5609\u60a6\u96c6\u7f8e\u5609\u60a6\uff08M08\uff09', u'counts': u'8069', u'buildingid': u'1119242,1126860,1126861,1126862'}
2019-07-05 14:17:45 - middlewares.py[line:143] - ERROR: 涓翠欢浠ｇip
2019-07-05 14:17:45 - middlewares.py[line:144] - ERROR: [<twisted.python.failure.Failure twisted.internet.error.ConnectionDone: Connection was closed cleanly.>]
2019-07-05 14:20:11 - middlewares.py[line:143] - ERROR: 涓翠欢浠ｇip
2019-07-05 14:20:11 - middlewares.py[line:144] - ERROR: TCP connection timed out: 10060: 由于连接方在一段时间后没有正确答复或连接的主机没有反应，连接尝试失败。.
2019-07-05 14:20:50 - middlewares.py[line:143] - ERROR: 涓翠欢浠ｇip
2019-07-05 14:20:50 - middlewares.py[line:144] - ERROR: TCP connection timed out: 10060: 由于连接方在一段时间后没有正确答复或连接的主机没有反应，连接尝试失败。.
2019-07-05 14:21:58 - middlewares.py[line:143] - ERROR: 涓翠欢浠ｇip
2019-07-05 14:21:58 - middlewares.py[line:144] - ERROR: [<twisted.python.failure.Failure twisted.internet.error.ConnectionDone: Connection was closed cleanly.>]
2019-07-05 14:22:25 - middlewares.py[line:143] - ERROR: 涓翠欢浠ｇip
2019-07-05 14:22:25 - middlewares.py[line:144] - ERROR: TCP connection timed out: 10060: 由于连接方在一段时间后没有正确答复或连接的主机没有反应，连接尝试失败。.
2019-07-05 14:22:25 - middlewares.py[line:143] - ERROR: 涓翠欢浠ｇip
2019-07-05 14:22:25 - middlewares.py[line:144] - ERROR: TCP connection timed out: 10060: 由于连接方在一段时间后没有正确答复或连接的主机没有反应，连接尝试失败。.
2019-07-05 14:22:25 - middlewares.py[line:143] - ERROR: 涓翠欢浠ｇip
2019-07-05 14:22:25 - middlewares.py[line:144] - ERROR: TCP connection timed out: 10060: 由于连接方在一段时间后没有正确答复或连接的主机没有反应，连接尝试失败。.
2019-07-05 14:22:25 - middlewares.py[line:143] - ERROR: 涓翠欢浠ｇip
2019-07-05 14:22:25 - middlewares.py[line:144] - ERROR: TCP connection timed out: 10060: 由于连接方在一段时间后没有正确答复或连接的主机没有反应，连接尝试失败。.
2019-07-05 14:22:25 - middlewares.py[line:143] - ERROR: 涓翠欢浠ｇip
2019-07-05 14:22:25 - middlewares.py[line:144] - ERROR: TCP connection timed out: 10060: 由于连接方在一段时间后没有正确答复或连接的主机没有反应，连接尝试失败。.
2019-07-05 14:22:25 - middlewares.py[line:143] - ERROR: 涓翠欢浠ｇip
2019-07-05 14:22:25 - middlewares.py[line:144] - ERROR: TCP connection timed out: 10060: 由于连接方在一段时间后没有正确答复或连接的主机没有反应，连接尝试失败。.
2019-07-05 14:26:00 - middlewares.py[line:143] - ERROR: 涓翠欢浠ｇip
2019-07-05 14:26:00 - middlewares.py[line:144] - ERROR: [<twisted.python.failure.Failure twisted.internet.error.ConnectionLost: Connection to the other side was lost in a non-clean fashion.>]
2019-07-05 14:26:00 - middlewares.py[line:143] - ERROR: 涓翠欢浠ｇip
2019-07-05 14:26:00 - middlewares.py[line:144] - ERROR: [<twisted.python.failure.Failure twisted.internet.error.ConnectionLost: Connection to the other side was lost in a non-clean fashion.>]
2019-07-05 14:26:01 - middlewares.py[line:143] - ERROR: 涓翠欢浠ｇip
2019-07-05 14:26:01 - middlewares.py[line:144] - ERROR: [<twisted.python.failure.Failure twisted.internet.error.ConnectionLost: Connection to the other side was lost in a non-clean fashion.>]
2019-07-05 14:27:20 - middlewares.py[line:143] - ERROR: 涓翠欢浠ｇip
2019-07-05 14:27:20 - middlewares.py[line:144] - ERROR: TCP connection timed out: 10060: 由于连接方在一段时间后没有正确答复或连接的主机没有反应，连接尝试失败。.
2019-07-05 14:27:20 - middlewares.py[line:143] - ERROR: 涓翠欢浠ｇip
2019-07-05 14:27:20 - middlewares.py[line:144] - ERROR: TCP connection timed out: 10060: 由于连接方在一段时间后没有正确答复或连接的主机没有反应，连接尝试失败。.
2019-07-05 14:27:20 - middlewares.py[line:143] - ERROR: 涓翠欢浠ｇip
2019-07-05 14:27:20 - middlewares.py[line:144] - ERROR: TCP connection timed out: 10060: 由于连接方在一段时间后没有正确答复或连接的主机没有反应，连接尝试失败。.
2019-07-05 14:27:20 - middlewares.py[line:143] - ERROR: 涓翠欢浠ｇip
2019-07-05 14:27:20 - middlewares.py[line:144] - ERROR: TCP connection timed out: 10060: 由于连接方在一段时间后没有正确答复或连接的主机没有反应，连接尝试失败。.
2019-07-05 14:31:29 - middlewares.py[line:143] - ERROR: 涓翠欢浠ｇip
2019-07-05 14:31:29 - middlewares.py[line:144] - ERROR: [<twisted.python.failure.Failure twisted.internet.error.ConnectionDone: Connection was closed cleanly.>]
2019-07-05 14:31:29 - middlewares.py[line:143] - ERROR: 涓翠欢浠ｇip
2019-07-05 14:31:29 - middlewares.py[line:144] - ERROR: [<twisted.python.failure.Failure twisted.internet.error.ConnectionDone: Connection was closed cleanly.>]
2019-07-05 14:31:29 - middlewares.py[line:143] - ERROR: 涓翠欢浠ｇip
2019-07-05 14:31:29 - middlewares.py[line:144] - ERROR: TCP connection timed out: 10060: 由于连接方在一段时间后没有正确答复或连接的主机没有反应，连接尝试失败。.
2019-07-05 14:54:35 - middlewares.py[line:143] - ERROR: 涓翠欢浠ｇip
2019-07-05 14:54:35 - middlewares.py[line:144] - ERROR: TCP connection timed out: 10060: 由于连接方在一段时间后没有正确答复或连接的主机没有反应，连接尝试失败。.
2019-07-05 15:09:20 - middlewares.py[line:127] - ERROR: 涓翠欢浠ｇip:500,15467
2019-07-05 15:11:09 - middlewares.py[line:128] - ERROR: 涓翠欢浠ｇip:500,9669
2019-07-05 15:11:13 - middlewares.py[line:128] - ERROR: 涓翠欢浠ｇip:500,9669
2019-07-05 15:11:17 - middlewares.py[line:128] - ERROR: 涓翠欢浠ｇip:500,9669
2019-07-05 15:11:20 - middlewares.py[line:128] - ERROR: 涓翠欢浠ｇip:500,9669
2019-07-05 15:11:24 - middlewares.py[line:128] - ERROR: 涓翠欢浠ｇip:500,9669
2019-07-05 15:11:26 - middlewares.py[line:128] - ERROR: 涓翠欢浠ｇip:500,9669
2019-07-05 15:11:26 - middlewares.py[line:156] - WARNING: 版璇9669
2019-07-05 15:11:26 - PoolDB.py[line:75] - ERROR: sql锛select * from building where status in (1,4) limit %s, 1
2019-07-05 15:11:26 - PoolDB.py[line:76] - ERROR: sql param锛None
2019-07-05 15:11:26 - PoolDB.py[line:77] - ERROR: (1064, "You have an error in your SQL syntax; check the manual that corresponds to your MySQL server version for the right syntax to use near '%s, 1' at line 1")
2019-07-05 15:12:07 - middlewares.py[line:128] - ERROR: 涓翠欢浠ｇip:500,9669
2019-07-05 15:12:11 - middlewares.py[line:128] - ERROR: 涓翠欢浠ｇip:500,9669
2019-07-05 15:12:15 - middlewares.py[line:128] - ERROR: 涓翠欢浠ｇip:500,9669
2019-07-05 15:14:16 - house.py[line:81] - WARNING: 扮垮害涓绛:{u'f_presale_cert': u'\u6e1d\u4f4f\u5efa\u59d4\uff082019\uff09\u9884\u5b57\u7b2c\uff08282\uff09\u53f7', u'blockname': u'3,4\u53f7\u5546\u4e1a,2\u53f7\u5546\u4e1a', u'projectid': u'678131', u'enterprisename': u'\u91cd\u5e86\u8446\u65b9\u623f\u5730\u4ea7\u5f00\u53d1\u6709\u9650\u516c\u53f8', u'location': u'\u91cd\u5e86\u5e02\u5357\u5cb8\u533a\u5357\u576a\u9547\u8857\u9053\u4e8c\u5858\u8def79\u53f7', u'projectname': u'\u4fdd\u5229\u89c2\u5858\u5c0f\u533a\u4fdd\u5229\u89c2\u5858\u4e8c\u671fB1\u7ec4\u56e2', u'counts': u'5110', u'buildingid': u'1188825,1190382'}
2019-07-05 15:14:20 - house.py[line:81] - WARNING: 扮垮害涓绛:{u'f_presale_cert': u'\u6e1d\u56fd\u571f\u623f\u7ba1\uff082018\uff09\u9884\u5b57\u7b2c\uff081754\uff09\u53f7', u'blockname': u'16-1,2\u53f7\u5546\u4e1a,16-4,5\u53f7\u5546\u4e1a', u'projectid': u'652368', u'enterprisename': u'\u91cd\u5e86\u91d1\u8f89\u957f\u6c5f\u623f\u5730\u4ea7\u6709\u9650\u516c\u53f8', u'location': u'\u5357\u5cb8\u533a\u91d1\u8f89\u57ce\u4e09\u671f\u4e00\u6807', u'projectname': u'\u91d1\u8f89\u57ce\u4e09\u671f', u'counts': u'5110', u'buildingid': u'1120224,1120246'}
2019-07-05 15:14:33 - house.py[line:81] - WARNING: 扮垮害涓绛:{u'f_presale_cert': u'\u6e1d\u56fd\u571f\u623f\u7ba1\uff082018\uff09\u9884\u5b57\u7b2c\uff081012\uff09\u53f7', u'blockname': u'C32-C34\u680b,C24-C26\u680b,C22,C23\u680b,B6\u53f7\u697c', u'projectid': u'686799', u'enterprisename': u'\u5e7f\u5dde\u5bcc\u529b\u5730\u4ea7\uff08\u91cd\u5e86\uff09\u6709\u9650\u516c\u53f8', u'location': u'\u6c99\u576a\u575d\u533a\u897f\u6c38\u7ec4\u56fe\u4e2d\u592e\u5546\u533aA\u5730U8-2-2/03\u3001U8-2-3/03\u3001U8-2-5/03', u'projectname': u'\u5e7f\u5dde\u5bcc\u529b\u57ce\u5bcc\u529b\u57ce2R\u7ec4\u56e2', u'counts': u'5910', u'buildingid': u'1141944,1141945,1142006,1142007'}
2019-07-05 15:14:46 - house.py[line:81] - WARNING: 扮垮害涓绛:{u'f_presale_cert': u'\u6e1d\u56fd\u571f\u623f\u7ba1\uff082018\uff09\u9884\u5b57\u7b2c\uff08222\uff09\u53f7', u'blockname': u'14,15\u53f7\u88d9\u697c,13\u53f7\u697c,4\u53f7\u697c,15\u53f7\u697c', u'projectid': u'685477', u'enterprisename': u'\u91cd\u5e86\u91d1\u79d1\u6c47\u8302\u623f\u5730\u4ea7\u5f00\u53d1\u6709\u9650\u516c\u53f8', u'location': u'\u91cd\u5e86\u5e02\u5317\u789a\u533a\u8521\u5bb6\u5c97\u9547\u91d1\u79d1.\u96c6\u7f8e\u5609\u60a6\u4e00\u671f\uff08M08/04\uff09\u5730\u5757', u'projectname': u'\u91d1\u79d1.\u96c6\u7f8e\u5609\u60a6\u96c6\u7f8e\u5609\u60a6\uff08M08\uff09', u'counts': u'8069', u'buildingid': u'1119242,1126860,1126861,1126862'}
2019-07-05 15:48:43 - middlewares.py[line:128] - ERROR: 涓翠欢浠ｇip:500,15487
2019-07-05 15:48:43 - middlewares.py[line:128] - ERROR: 涓翠欢浠ｇip:500,15487
2019-07-05 15:48:43 - middlewares.py[line:128] - ERROR: 涓翠欢浠ｇip:500,15487
2019-07-05 15:48:44 - middlewares.py[line:128] - ERROR: 涓翠欢浠ｇip:500,15487
2019-07-05 15:48:44 - middlewares.py[line:128] - ERROR: 涓翠欢浠ｇip:500,15487
2019-07-05 15:48:44 - middlewares.py[line:128] - ERROR: 涓翠欢浠ｇip:500,15487
2019-07-05 15:48:44 - middlewares.py[line:156] - WARNING: 版璇15487
2019-07-05 15:48:44 - PoolDB.py[line:75] - ERROR: sql锛select * from building where status in (1,4) limit %s, 1
2019-07-05 15:48:44 - PoolDB.py[line:76] - ERROR: sql param锛None
2019-07-05 15:48:44 - PoolDB.py[line:77] - ERROR: (1064, "You have an error in your SQL syntax; check the manual that corresponds to your MySQL server version for the right syntax to use near '%s, 1' at line 1")
