2019-03-20 11:00:34,147 - House.py[line:126] - ERROR: Message: no such element: Unable to locate element: {"method":"tag name","selector":"img"}
  (Session info: headless chrome=71.0.3578.98)
  (Driver info: chromedriver=2.42.591088 (7b2b2dca23cca0862f674758c9a3933e685c27d5),platform=Windows NT 10.0.10240 x86_64)

2019-03-20 11:01:11,635 - House.py[line:126] - ERROR: Message: no such element: Unable to locate element: {"method":"tag name","selector":"img"}
  (Session info: headless chrome=71.0.3578.98)
  (Driver info: chromedriver=2.42.591088 (7b2b2dca23cca0862f674758c9a3933e685c27d5),platform=Windows NT 10.0.10240 x86_64)

2019-03-20 11:07:10,042 - House.py[line:126] - ERROR: Message: no such element: Unable to locate element: {"method":"tag name","selector":"img"}
  (Session info: headless chrome=71.0.3578.98)
  (Driver info: chromedriver=2.42.591088 (7b2b2dca23cca0862f674758c9a3933e685c27d5),platform=Windows NT 10.0.10240 x86_64)

2019-03-20 11:20:50,930 - House.py[line:126] - ERROR: Message: no such element: Unable to locate element: {"method":"tag name","selector":"img"}
  (Session info: headless chrome=71.0.3578.98)
  (Driver info: chromedriver=2.42.591088 (7b2b2dca23cca0862f674758c9a3933e685c27d5),platform=Windows NT 10.0.10240 x86_64)

2019-03-20 11:27:31,578 - House.py[line:126] - ERROR: Message: no such element: Unable to locate element: {"method":"tag name","selector":"img"}
  (Session info: headless chrome=71.0.3578.98)
  (Driver info: chromedriver=2.42.591088 (7b2b2dca23cca0862f674758c9a3933e685c27d5),platform=Windows NT 10.0.10240 x86_64)

2019-03-20 11:28:34,707 - House.py[line:126] - ERROR: Message: no such element: Unable to locate element: {"method":"tag name","selector":"img"}
  (Session info: headless chrome=71.0.3578.98)
  (Driver info: chromedriver=2.42.591088 (7b2b2dca23cca0862f674758c9a3933e685c27d5),platform=Windows NT 10.0.10240 x86_64)

2019-03-20 11:35:07,500 - ImageRecognitionUtil.py[line:50] - INFO: 图片识别：
2019-03-20 11:35:07,720 - ImageRecognitionUtil.py[line:56] - INFO: 图片识别修正：None
2019-03-20 11:35:07,749 - ImageRecognitionUtil.py[line:64] - INFO: 图片比较识别：None
2019-03-20 11:35:07,792 - ImageRecognitionUtil.py[line:70] - INFO: 成功图片比较：None
2019-03-20 11:35:07,792 - ImageRecognitionUtil.py[line:75] - INFO: 图片识别失败
2019-03-20 11:35:07,792 - ImageRecognitionUtil.py[line:92] - INFO: 验证码:None
2019-03-20 11:35:07,792 - ImageRecognitionUtil.py[line:95] - ERROR: 错误
2019-03-20 11:35:07,805 - House.py[line:126] - ERROR: Message: no such element: Unable to locate element: {"method":"id","selector":"txtCode"}
  (Session info: headless chrome=71.0.3578.98)
  (Driver info: chromedriver=2.42.591088 (7b2b2dca23cca0862f674758c9a3933e685c27d5),platform=Windows NT 10.0.10240 x86_64)

2019-03-20 11:38:31,453 - ImageRecognitionUtil.py[line:50] - INFO: 图片识别：None
2019-03-20 11:38:31,604 - ImageRecognitionUtil.py[line:56] - INFO: 图片识别修正：None
2019-03-20 11:38:31,624 - ImageRecognitionUtil.py[line:64] - INFO: 图片比较识别：None
2019-03-20 11:38:31,664 - ImageRecognitionUtil.py[line:70] - INFO: 成功图片比较：None
2019-03-20 11:38:31,664 - ImageRecognitionUtil.py[line:75] - INFO: 图片识别失败
2019-03-20 11:38:31,665 - ImageRecognitionUtil.py[line:92] - INFO: 验证码:None
2019-03-20 11:38:31,665 - ImageRecognitionUtil.py[line:95] - ERROR: 错误
2019-03-20 11:38:31,678 - House.py[line:126] - ERROR: Message: no such element: Unable to locate element: {"method":"id","selector":"txtCode"}
  (Session info: headless chrome=71.0.3578.98)
  (Driver info: chromedriver=2.42.591088 (7b2b2dca23cca0862f674758c9a3933e685c27d5),platform=Windows NT 10.0.10240 x86_64)

2019-03-20 11:39:34,836 - House.py[line:126] - ERROR: Message: no such element: Unable to locate element: {"method":"tag name","selector":"img"}
  (Session info: headless chrome=71.0.3578.98)
  (Driver info: chromedriver=2.42.591088 (7b2b2dca23cca0862f674758c9a3933e685c27d5),platform=Windows NT 10.0.10240 x86_64)

2019-03-20 11:44:06,707 - House.py[line:126] - ERROR: Message: no such element: Unable to locate element: {"method":"tag name","selector":"img"}
  (Session info: headless chrome=71.0.3578.98)
  (Driver info: chromedriver=2.42.591088 (7b2b2dca23cca0862f674758c9a3933e685c27d5),platform=Windows NT 10.0.10240 x86_64)

2019-03-20 11:46:13,953 - ImageRecognitionUtil.py[line:50] - INFO: 图片识别：None
2019-03-20 11:46:14,099 - ImageRecognitionUtil.py[line:56] - INFO: 图片识别修正：None
2019-03-20 11:46:14,121 - ImageRecognitionUtil.py[line:64] - INFO: 图片比较识别：None
2019-03-20 11:46:14,157 - ImageRecognitionUtil.py[line:70] - INFO: 成功图片比较：None
2019-03-20 11:46:14,157 - ImageRecognitionUtil.py[line:75] - INFO: 图片识别失败
2019-03-20 11:46:14,157 - ImageRecognitionUtil.py[line:92] - INFO: 验证码:None
2019-03-20 11:46:14,157 - ImageRecognitionUtil.py[line:95] - ERROR: 错误
2019-03-20 11:46:14,171 - House.py[line:126] - ERROR: Message: no such element: Unable to locate element: {"method":"id","selector":"txtCode"}
  (Session info: headless chrome=71.0.3578.98)
  (Driver info: chromedriver=2.42.591088 (7b2b2dca23cca0862f674758c9a3933e685c27d5),platform=Windows NT 10.0.10240 x86_64)

2019-03-20 11:49:01,753 - House.py[line:126] - ERROR: Message: no such element: Unable to locate element: {"method":"tag name","selector":"img"}
  (Session info: headless chrome=71.0.3578.98)
  (Driver info: chromedriver=2.42.591088 (7b2b2dca23cca0862f674758c9a3933e685c27d5),platform=Windows NT 10.0.10240 x86_64)

2019-03-20 12:40:24,085 - House.py[line:126] - ERROR: Message: no such element: Unable to locate element: {"method":"tag name","selector":"img"}
  (Session info: headless chrome=71.0.3578.98)
  (Driver info: chromedriver=2.42.591088 (7b2b2dca23cca0862f674758c9a3933e685c27d5),platform=Windows NT 10.0.10240 x86_64)

2019-03-20 13:07:21,832 - House.py[line:126] - ERROR: Message: no such element: Unable to locate element: {"method":"tag name","selector":"img"}
  (Session info: headless chrome=71.0.3578.98)
  (Driver info: chromedriver=2.42.591088 (7b2b2dca23cca0862f674758c9a3933e685c27d5),platform=Windows NT 10.0.10240 x86_64)

2019-03-20 13:07:48,523 - House.py[line:126] - ERROR: Message: no such element: Unable to locate element: {"method":"tag name","selector":"img"}
  (Session info: headless chrome=71.0.3578.98)
  (Driver info: chromedriver=2.42.591088 (7b2b2dca23cca0862f674758c9a3933e685c27d5),platform=Windows NT 10.0.10240 x86_64)

2019-03-20 13:19:48,832 - House.py[line:126] - ERROR: Message: no such element: Unable to locate element: {"method":"tag name","selector":"img"}
  (Session info: headless chrome=71.0.3578.98)
  (Driver info: chromedriver=2.42.591088 (7b2b2dca23cca0862f674758c9a3933e685c27d5),platform=Windows NT 10.0.10240 x86_64)

2019-03-20 13:25:41,947 - House.py[line:126] - ERROR: Message: no such element: Unable to locate element: {"method":"tag name","selector":"img"}
  (Session info: headless chrome=71.0.3578.98)
  (Driver info: chromedriver=2.42.591088 (7b2b2dca23cca0862f674758c9a3933e685c27d5),platform=Windows NT 10.0.10240 x86_64)

2019-03-20 13:29:40,417 - House.py[line:126] - ERROR: Message: no such element: Unable to locate element: {"method":"tag name","selector":"img"}
  (Session info: headless chrome=71.0.3578.98)
  (Driver info: chromedriver=2.42.591088 (7b2b2dca23cca0862f674758c9a3933e685c27d5),platform=Windows NT 10.0.10240 x86_64)

2019-03-20 13:31:52,480 - House.py[line:126] - ERROR: Message: no such element: Unable to locate element: {"method":"tag name","selector":"img"}
  (Session info: headless chrome=71.0.3578.98)
  (Driver info: chromedriver=2.42.591088 (7b2b2dca23cca0862f674758c9a3933e685c27d5),platform=Windows NT 10.0.10240 x86_64)

2019-03-20 13:33:01,908 - House.py[line:126] - ERROR: Message: no such element: Unable to locate element: {"method":"tag name","selector":"img"}
  (Session info: headless chrome=71.0.3578.98)
  (Driver info: chromedriver=2.42.591088 (7b2b2dca23cca0862f674758c9a3933e685c27d5),platform=Windows NT 10.0.10240 x86_64)

2019-03-20 13:33:29,483 - House.py[line:126] - ERROR: Message: no such element: Unable to locate element: {"method":"tag name","selector":"img"}
  (Session info: headless chrome=71.0.3578.98)
  (Driver info: chromedriver=2.42.591088 (7b2b2dca23cca0862f674758c9a3933e685c27d5),platform=Windows NT 10.0.10240 x86_64)

2019-03-20 13:34:16,746 - House.py[line:126] - ERROR: Message: no such element: Unable to locate element: {"method":"tag name","selector":"img"}
  (Session info: headless chrome=71.0.3578.98)
  (Driver info: chromedriver=2.42.591088 (7b2b2dca23cca0862f674758c9a3933e685c27d5),platform=Windows NT 10.0.10240 x86_64)

2019-03-20 13:39:31,759 - ImageRecognitionUtil.py[line:50] - INFO: 图片识别：None
2019-03-20 13:39:31,914 - ImageRecognitionUtil.py[line:56] - INFO: 图片识别修正：None
2019-03-20 13:39:31,934 - ImageRecognitionUtil.py[line:64] - INFO: 图片比较识别：None
2019-03-20 13:39:31,976 - ImageRecognitionUtil.py[line:70] - INFO: 成功图片比较：None
2019-03-20 13:39:31,976 - ImageRecognitionUtil.py[line:75] - INFO: 图片识别失败
2019-03-20 13:39:31,976 - ImageRecognitionUtil.py[line:92] - INFO: 验证码:None
2019-03-20 13:39:31,977 - ImageRecognitionUtil.py[line:95] - ERROR: 错误
2019-03-20 13:39:31,992 - House.py[line:126] - ERROR: Message: no such element: Unable to locate element: {"method":"id","selector":"txtCode"}
  (Session info: headless chrome=71.0.3578.98)
  (Driver info: chromedriver=2.42.591088 (7b2b2dca23cca0862f674758c9a3933e685c27d5),platform=Windows NT 10.0.10240 x86_64)

2019-03-20 13:43:20,542 - House.py[line:126] - ERROR: Message: no such element: Unable to locate element: {"method":"tag name","selector":"img"}
  (Session info: headless chrome=71.0.3578.98)
  (Driver info: chromedriver=2.42.591088 (7b2b2dca23cca0862f674758c9a3933e685c27d5),platform=Windows NT 10.0.10240 x86_64)

2019-03-20 13:44:00,223 - ImageRecognitionUtil.py[line:50] - INFO: 图片识别：None
2019-03-20 13:44:00,369 - ImageRecognitionUtil.py[line:56] - INFO: 图片识别修正：None
2019-03-20 13:44:00,390 - ImageRecognitionUtil.py[line:64] - INFO: 图片比较识别：None
2019-03-20 13:44:00,424 - ImageRecognitionUtil.py[line:70] - INFO: 成功图片比较：None
2019-03-20 13:44:00,424 - ImageRecognitionUtil.py[line:75] - INFO: 图片识别失败
2019-03-20 13:44:00,426 - ImageRecognitionUtil.py[line:92] - INFO: 验证码:None
2019-03-20 13:44:00,426 - ImageRecognitionUtil.py[line:95] - ERROR: 错误
2019-03-20 13:44:00,444 - House.py[line:126] - ERROR: Message: no such element: Unable to locate element: {"method":"id","selector":"txtCode"}
  (Session info: headless chrome=71.0.3578.98)
  (Driver info: chromedriver=2.42.591088 (7b2b2dca23cca0862f674758c9a3933e685c27d5),platform=Windows NT 10.0.10240 x86_64)

2019-03-20 13:51:16,540 - House.py[line:126] - ERROR: Message: no such element: Unable to locate element: {"method":"tag name","selector":"img"}
  (Session info: headless chrome=71.0.3578.98)
  (Driver info: chromedriver=2.42.591088 (7b2b2dca23cca0862f674758c9a3933e685c27d5),platform=Windows NT 10.0.10240 x86_64)

2019-03-20 13:53:45,996 - House.py[line:126] - ERROR: Message: no such element: Unable to locate element: {"method":"tag name","selector":"img"}
  (Session info: headless chrome=71.0.3578.98)
  (Driver info: chromedriver=2.42.591088 (7b2b2dca23cca0862f674758c9a3933e685c27d5),platform=Windows NT 10.0.10240 x86_64)

2019-03-20 14:04:48,526 - House.py[line:126] - ERROR: Message: no such element: Unable to locate element: {"method":"tag name","selector":"img"}
  (Session info: headless chrome=71.0.3578.98)
  (Driver info: chromedriver=2.42.591088 (7b2b2dca23cca0862f674758c9a3933e685c27d5),platform=Windows NT 10.0.10240 x86_64)

2019-03-20 14:09:28,407 - House.py[line:126] - ERROR: Message: no such element: Unable to locate element: {"method":"tag name","selector":"img"}
  (Session info: headless chrome=71.0.3578.98)
  (Driver info: chromedriver=2.42.591088 (7b2b2dca23cca0862f674758c9a3933e685c27d5),platform=Windows NT 10.0.10240 x86_64)

2019-03-20 14:10:45,117 - ImageRecognitionUtil.py[line:50] - INFO: 图片识别：
2019-03-20 14:10:45,275 - ImageRecognitionUtil.py[line:56] - INFO: 图片识别修正：None
2019-03-20 14:10:45,301 - ImageRecognitionUtil.py[line:64] - INFO: 图片比较识别：None
2019-03-20 14:10:45,342 - ImageRecognitionUtil.py[line:70] - INFO: 成功图片比较：None
2019-03-20 14:10:45,342 - ImageRecognitionUtil.py[line:75] - INFO: 图片识别失败
2019-03-20 14:10:45,342 - ImageRecognitionUtil.py[line:92] - INFO: 验证码:None
2019-03-20 14:10:45,342 - ImageRecognitionUtil.py[line:95] - ERROR: 错误
2019-03-20 14:10:45,358 - House.py[line:126] - ERROR: Message: no such element: Unable to locate element: {"method":"id","selector":"txtCode"}
  (Session info: headless chrome=71.0.3578.98)
  (Driver info: chromedriver=2.42.591088 (7b2b2dca23cca0862f674758c9a3933e685c27d5),platform=Windows NT 10.0.10240 x86_64)

2019-03-20 14:11:40,091 - House.py[line:126] - ERROR: Message: no such element: Unable to locate element: {"method":"tag name","selector":"img"}
  (Session info: headless chrome=71.0.3578.98)
  (Driver info: chromedriver=2.42.591088 (7b2b2dca23cca0862f674758c9a3933e685c27d5),platform=Windows NT 10.0.10240 x86_64)

2019-03-20 15:01:27,431 - House.py[line:126] - ERROR: Message: no such element: Unable to locate element: {"method":"tag name","selector":"img"}
  (Session info: headless chrome=71.0.3578.98)
  (Driver info: chromedriver=2.42.591088 (7b2b2dca23cca0862f674758c9a3933e685c27d5),platform=Windows NT 10.0.10240 x86_64)

2019-03-20 15:01:54,230 - House.py[line:126] - ERROR: Message: no such element: Unable to locate element: {"method":"tag name","selector":"img"}
  (Session info: headless chrome=71.0.3578.98)
  (Driver info: chromedriver=2.42.591088 (7b2b2dca23cca0862f674758c9a3933e685c27d5),platform=Windows NT 10.0.10240 x86_64)

2019-03-20 15:28:43,082 - House.py[line:126] - ERROR: Message: no such element: Unable to locate element: {"method":"tag name","selector":"img"}
  (Session info: headless chrome=71.0.3578.98)
  (Driver info: chromedriver=2.42.591088 (7b2b2dca23cca0862f674758c9a3933e685c27d5),platform=Windows NT 10.0.10240 x86_64)

