2019-04-04 09:29:35 - middlewares.py[line:122] - ERROR: 中间件切换代理ip:500
2019-04-04 09:29:39 - middlewares.py[line:122] - ERROR: 中间件切换代理ip:500
2019-04-04 09:29:44 - middlewares.py[line:122] - ERROR: 中间件切换代理ip:500
2019-04-04 09:29:48 - middlewares.py[line:122] - ERROR: 中间件切换代理ip:500
2019-04-04 09:29:55 - middlewares.py[line:122] - ERROR: 中间件切换代理ip:500
2019-04-04 09:30:03 - middlewares.py[line:122] - ERROR: 中间件切换代理ip:500
2019-04-04 09:32:04 - middlewares.py[line:146] - WARNING: 数据错误9589
2019-04-04 09:32:17 - middlewares.py[line:122] - ERROR: 中间件切换代理ip:500
2019-04-04 11:34:32 - middlewares.py[line:122] - ERROR: 中间件切换代理ip:500
2019-04-04 11:34:35 - middlewares.py[line:122] - ERROR: 中间件切换代理ip:500
2019-04-04 11:34:36 - middlewares.py[line:122] - ERROR: 中间件切换代理ip:500
2019-04-04 11:34:39 - middlewares.py[line:122] - ERROR: 中间件切换代理ip:500
2019-04-04 11:34:43 - middlewares.py[line:122] - ERROR: 中间件切换代理ip:500
2019-04-04 11:34:45 - middlewares.py[line:122] - ERROR: 中间件切换代理ip:500
2019-04-04 11:39:13 - middlewares.py[line:146] - WARNING: 数据错误11117
2019-04-04 11:39:26 - middlewares.py[line:122] - ERROR: 中间件切换代理ip:500
2019-04-04 11:42:02 - middlewares.py[line:122] - ERROR: 中间件切换代理ip:500
2019-04-04 11:43:00 - middlewares.py[line:122] - ERROR: 中间件切换代理ip:500
2019-04-04 11:46:29 - middlewares.py[line:122] - ERROR: 中间件切换代理ip:500
2019-04-04 11:46:40 - middlewares.py[line:122] - ERROR: 中间件切换代理ip:500
2019-04-04 11:46:46 - middlewares.py[line:122] - ERROR: 中间件切换代理ip:500
2019-04-04 11:46:49 - middlewares.py[line:122] - ERROR: 中间件切换代理ip:500
2019-04-04 11:46:51 - middlewares.py[line:122] - ERROR: 中间件切换代理ip:500
2019-04-04 11:46:54 - middlewares.py[line:122] - ERROR: 中间件切换代理ip:500
2019-04-04 11:53:29 - middlewares.py[line:134] - ERROR: 中间件切换代理ip
2019-04-04 11:53:29 - middlewares.py[line:135] - ERROR: DNS lookup failed: no results for hostname lookup: www.cq315house.com.
2019-04-04 11:53:29 - middlewares.py[line:134] - ERROR: 中间件切换代理ip
2019-04-04 11:53:29 - middlewares.py[line:135] - ERROR: DNS lookup failed: no results for hostname lookup: www.cq315house.com.
2019-04-04 11:53:29 - middlewares.py[line:134] - ERROR: 中间件切换代理ip
2019-04-04 11:53:29 - middlewares.py[line:135] - ERROR: DNS lookup failed: no results for hostname lookup: www.cq315house.com.
2019-04-04 11:53:29 - middlewares.py[line:134] - ERROR: 中间件切换代理ip
2019-04-04 11:53:29 - middlewares.py[line:135] - ERROR: DNS lookup failed: no results for hostname lookup: www.cq315house.com.
2019-04-04 11:53:29 - middlewares.py[line:134] - ERROR: 中间件切换代理ip
2019-04-04 11:53:29 - middlewares.py[line:135] - ERROR: DNS lookup failed: no results for hostname lookup: www.cq315house.com.
2019-04-04 11:53:29 - middlewares.py[line:134] - ERROR: 中间件切换代理ip
2019-04-04 11:53:29 - middlewares.py[line:135] - ERROR: DNS lookup failed: no results for hostname lookup: www.cq315house.com.
2019-04-04 11:53:29 - middlewares.py[line:134] - ERROR: 中间件切换代理ip
2019-04-04 11:53:29 - middlewares.py[line:135] - ERROR: DNS lookup failed: no results for hostname lookup: www.cq315house.com.
2019-04-04 11:53:29 - middlewares.py[line:134] - ERROR: 中间件切换代理ip
2019-04-04 11:53:29 - middlewares.py[line:135] - ERROR: DNS lookup failed: no results for hostname lookup: www.cq315house.com.
2019-04-04 11:53:29 - middlewares.py[line:134] - ERROR: 中间件切换代理ip
2019-04-04 11:53:29 - middlewares.py[line:135] - ERROR: DNS lookup failed: no results for hostname lookup: www.cq315house.com.
2019-04-04 11:53:29 - middlewares.py[line:134] - ERROR: 中间件切换代理ip
2019-04-04 11:53:29 - middlewares.py[line:135] - ERROR: DNS lookup failed: no results for hostname lookup: www.cq315house.com.
2019-04-04 11:53:29 - middlewares.py[line:134] - ERROR: 中间件切换代理ip
2019-04-04 11:53:29 - middlewares.py[line:135] - ERROR: DNS lookup failed: no results for hostname lookup: www.cq315house.com.
2019-04-04 11:53:29 - middlewares.py[line:134] - ERROR: 中间件切换代理ip
2019-04-04 11:53:29 - middlewares.py[line:135] - ERROR: DNS lookup failed: no results for hostname lookup: www.cq315house.com.
2019-04-04 11:53:29 - middlewares.py[line:134] - ERROR: 中间件切换代理ip
2019-04-04 11:53:29 - middlewares.py[line:135] - ERROR: DNS lookup failed: no results for hostname lookup: www.cq315house.com.
2019-04-04 11:53:29 - middlewares.py[line:134] - ERROR: 中间件切换代理ip
2019-04-04 11:53:29 - middlewares.py[line:135] - ERROR: DNS lookup failed: no results for hostname lookup: www.cq315house.com.
2019-04-04 11:53:29 - middlewares.py[line:134] - ERROR: 中间件切换代理ip
2019-04-04 11:53:29 - middlewares.py[line:135] - ERROR: DNS lookup failed: no results for hostname lookup: www.cq315house.com.
2019-04-04 11:53:29 - middlewares.py[line:134] - ERROR: 中间件切换代理ip
2019-04-04 11:53:29 - middlewares.py[line:135] - ERROR: DNS lookup failed: no results for hostname lookup: www.cq315house.com.
2019-04-04 11:53:29 - middlewares.py[line:134] - ERROR: 中间件切换代理ip
2019-04-04 11:53:29 - middlewares.py[line:135] - ERROR: DNS lookup failed: no results for hostname lookup: www.cq315house.com.
2019-04-04 11:53:29 - middlewares.py[line:134] - ERROR: 中间件切换代理ip
2019-04-04 11:53:29 - middlewares.py[line:135] - ERROR: DNS lookup failed: no results for hostname lookup: www.cq315house.com.
2019-04-04 11:53:29 - middlewares.py[line:134] - ERROR: 中间件切换代理ip
2019-04-04 11:53:29 - middlewares.py[line:135] - ERROR: DNS lookup failed: no results for hostname lookup: www.cq315house.com.
2019-04-04 11:53:29 - middlewares.py[line:134] - ERROR: 中间件切换代理ip
2019-04-04 11:53:29 - middlewares.py[line:135] - ERROR: DNS lookup failed: no results for hostname lookup: www.cq315house.com.
2019-04-04 11:53:30 - middlewares.py[line:134] - ERROR: 中间件切换代理ip
2019-04-04 11:53:30 - middlewares.py[line:135] - ERROR: DNS lookup failed: no results for hostname lookup: www.cq315house.com.
2019-04-04 11:53:30 - middlewares.py[line:134] - ERROR: 中间件切换代理ip
2019-04-04 11:53:30 - middlewares.py[line:135] - ERROR: DNS lookup failed: no results for hostname lookup: www.cq315house.com.
2019-04-04 11:53:30 - middlewares.py[line:134] - ERROR: 中间件切换代理ip
2019-04-04 11:53:30 - middlewares.py[line:135] - ERROR: DNS lookup failed: no results for hostname lookup: www.cq315house.com.
2019-04-04 11:53:30 - middlewares.py[line:134] - ERROR: 中间件切换代理ip
2019-04-04 11:53:30 - middlewares.py[line:135] - ERROR: DNS lookup failed: no results for hostname lookup: www.cq315house.com.
2019-04-04 11:53:30 - middlewares.py[line:134] - ERROR: 中间件切换代理ip
2019-04-04 11:53:30 - middlewares.py[line:135] - ERROR: DNS lookup failed: no results for hostname lookup: www.cq315house.com.
2019-04-04 11:53:30 - middlewares.py[line:134] - ERROR: 中间件切换代理ip
2019-04-04 11:53:30 - middlewares.py[line:135] - ERROR: DNS lookup failed: no results for hostname lookup: www.cq315house.com.
2019-04-04 11:53:30 - middlewares.py[line:134] - ERROR: 中间件切换代理ip
2019-04-04 11:53:30 - middlewares.py[line:135] - ERROR: DNS lookup failed: no results for hostname lookup: www.cq315house.com.
2019-04-04 11:53:30 - middlewares.py[line:134] - ERROR: 中间件切换代理ip
2019-04-04 11:53:30 - middlewares.py[line:135] - ERROR: DNS lookup failed: no results for hostname lookup: www.cq315house.com.
2019-04-04 11:53:30 - middlewares.py[line:134] - ERROR: 中间件切换代理ip
2019-04-04 11:53:30 - middlewares.py[line:135] - ERROR: DNS lookup failed: no results for hostname lookup: www.cq315house.com.
2019-04-04 11:53:30 - middlewares.py[line:134] - ERROR: 中间件切换代理ip
2019-04-04 11:53:30 - middlewares.py[line:135] - ERROR: DNS lookup failed: no results for hostname lookup: www.cq315house.com.
2019-04-04 11:53:30 - middlewares.py[line:134] - ERROR: 中间件切换代理ip
2019-04-04 11:53:30 - middlewares.py[line:135] - ERROR: DNS lookup failed: no results for hostname lookup: www.cq315house.com.
2019-04-04 11:53:30 - middlewares.py[line:134] - ERROR: 中间件切换代理ip
2019-04-04 11:53:30 - middlewares.py[line:135] - ERROR: DNS lookup failed: no results for hostname lookup: www.cq315house.com.
2019-04-04 11:53:30 - middlewares.py[line:134] - ERROR: 中间件切换代理ip
2019-04-04 11:53:30 - middlewares.py[line:135] - ERROR: DNS lookup failed: no results for hostname lookup: www.cq315house.com.
2019-04-04 11:53:30 - middlewares.py[line:134] - ERROR: 中间件切换代理ip
2019-04-04 11:53:30 - middlewares.py[line:135] - ERROR: DNS lookup failed: no results for hostname lookup: www.cq315house.com.
2019-04-04 11:53:30 - middlewares.py[line:134] - ERROR: 中间件切换代理ip
2019-04-04 11:53:30 - middlewares.py[line:135] - ERROR: DNS lookup failed: no results for hostname lookup: www.cq315house.com.
2019-04-04 11:53:30 - middlewares.py[line:134] - ERROR: 中间件切换代理ip
2019-04-04 11:53:30 - middlewares.py[line:135] - ERROR: DNS lookup failed: no results for hostname lookup: www.cq315house.com.
2019-04-04 11:53:30 - middlewares.py[line:134] - ERROR: 中间件切换代理ip
2019-04-04 11:53:30 - middlewares.py[line:135] - ERROR: DNS lookup failed: no results for hostname lookup: www.cq315house.com.
2019-04-04 11:53:30 - middlewares.py[line:134] - ERROR: 中间件切换代理ip
2019-04-04 11:53:30 - middlewares.py[line:135] - ERROR: DNS lookup failed: no results for hostname lookup: www.cq315house.com.
2019-04-04 11:53:30 - middlewares.py[line:134] - ERROR: 中间件切换代理ip
2019-04-04 11:53:30 - middlewares.py[line:135] - ERROR: DNS lookup failed: no results for hostname lookup: www.cq315house.com.
2019-04-04 11:53:30 - middlewares.py[line:134] - ERROR: 中间件切换代理ip
2019-04-04 11:53:30 - middlewares.py[line:135] - ERROR: DNS lookup failed: no results for hostname lookup: www.cq315house.com.
2019-04-04 11:53:31 - middlewares.py[line:134] - ERROR: 中间件切换代理ip
2019-04-04 11:53:31 - middlewares.py[line:135] - ERROR: DNS lookup failed: no results for hostname lookup: www.cq315house.com.
2019-04-04 11:53:31 - middlewares.py[line:134] - ERROR: 中间件切换代理ip
2019-04-04 11:53:31 - middlewares.py[line:135] - ERROR: DNS lookup failed: no results for hostname lookup: www.cq315house.com.
2019-04-04 11:53:31 - middlewares.py[line:134] - ERROR: 中间件切换代理ip
2019-04-04 11:53:31 - middlewares.py[line:135] - ERROR: DNS lookup failed: no results for hostname lookup: www.cq315house.com.
2019-04-04 11:53:31 - middlewares.py[line:134] - ERROR: 中间件切换代理ip
2019-04-04 11:53:31 - middlewares.py[line:135] - ERROR: DNS lookup failed: no results for hostname lookup: www.cq315house.com.
2019-04-04 11:53:31 - middlewares.py[line:134] - ERROR: 中间件切换代理ip
2019-04-04 11:53:31 - middlewares.py[line:135] - ERROR: DNS lookup failed: no results for hostname lookup: www.cq315house.com.
2019-04-04 11:53:31 - middlewares.py[line:134] - ERROR: 中间件切换代理ip
2019-04-04 11:53:31 - middlewares.py[line:135] - ERROR: DNS lookup failed: no results for hostname lookup: www.cq315house.com.
2019-04-04 11:53:31 - middlewares.py[line:134] - ERROR: 中间件切换代理ip
2019-04-04 11:53:31 - middlewares.py[line:135] - ERROR: DNS lookup failed: no results for hostname lookup: www.cq315house.com.
2019-04-04 11:53:31 - middlewares.py[line:134] - ERROR: 中间件切换代理ip
2019-04-04 11:53:31 - middlewares.py[line:135] - ERROR: DNS lookup failed: no results for hostname lookup: www.cq315house.com.
2019-04-04 11:53:31 - middlewares.py[line:134] - ERROR: 中间件切换代理ip
2019-04-04 11:53:31 - middlewares.py[line:135] - ERROR: DNS lookup failed: no results for hostname lookup: www.cq315house.com.
2019-04-04 11:53:31 - middlewares.py[line:134] - ERROR: 中间件切换代理ip
2019-04-04 11:53:31 - middlewares.py[line:135] - ERROR: DNS lookup failed: no results for hostname lookup: www.cq315house.com.
2019-04-04 11:53:31 - middlewares.py[line:134] - ERROR: 中间件切换代理ip
2019-04-04 11:53:31 - middlewares.py[line:135] - ERROR: DNS lookup failed: no results for hostname lookup: www.cq315house.com.
2019-04-04 11:53:31 - middlewares.py[line:134] - ERROR: 中间件切换代理ip
2019-04-04 11:53:31 - middlewares.py[line:135] - ERROR: DNS lookup failed: no results for hostname lookup: www.cq315house.com.
2019-04-04 11:53:31 - middlewares.py[line:134] - ERROR: 中间件切换代理ip
2019-04-04 11:53:31 - middlewares.py[line:135] - ERROR: DNS lookup failed: no results for hostname lookup: www.cq315house.com.
2019-04-04 11:53:31 - middlewares.py[line:134] - ERROR: 中间件切换代理ip
2019-04-04 11:53:31 - middlewares.py[line:135] - ERROR: DNS lookup failed: no results for hostname lookup: www.cq315house.com.
2019-04-04 11:53:31 - middlewares.py[line:134] - ERROR: 中间件切换代理ip
2019-04-04 11:53:31 - middlewares.py[line:135] - ERROR: DNS lookup failed: no results for hostname lookup: www.cq315house.com.
2019-04-04 11:53:31 - middlewares.py[line:134] - ERROR: 中间件切换代理ip
2019-04-04 11:53:31 - middlewares.py[line:135] - ERROR: DNS lookup failed: no results for hostname lookup: www.cq315house.com.
2019-04-04 11:53:31 - middlewares.py[line:134] - ERROR: 中间件切换代理ip
2019-04-04 11:53:31 - middlewares.py[line:135] - ERROR: DNS lookup failed: no results for hostname lookup: www.cq315house.com.
2019-04-04 11:53:31 - middlewares.py[line:134] - ERROR: 中间件切换代理ip
2019-04-04 11:53:31 - middlewares.py[line:135] - ERROR: DNS lookup failed: no results for hostname lookup: www.cq315house.com.
2019-04-04 11:53:31 - middlewares.py[line:134] - ERROR: 中间件切换代理ip
2019-04-04 11:53:31 - middlewares.py[line:135] - ERROR: DNS lookup failed: no results for hostname lookup: www.cq315house.com.
2019-04-04 11:53:31 - middlewares.py[line:134] - ERROR: 中间件切换代理ip
2019-04-04 11:53:31 - middlewares.py[line:135] - ERROR: DNS lookup failed: no results for hostname lookup: www.cq315house.com.
2019-04-04 11:53:32 - middlewares.py[line:134] - ERROR: 中间件切换代理ip
2019-04-04 11:53:32 - middlewares.py[line:135] - ERROR: DNS lookup failed: no results for hostname lookup: www.cq315house.com.
2019-04-04 11:53:32 - middlewares.py[line:134] - ERROR: 中间件切换代理ip
2019-04-04 11:53:32 - middlewares.py[line:135] - ERROR: DNS lookup failed: no results for hostname lookup: www.cq315house.com.
2019-04-04 11:53:32 - middlewares.py[line:134] - ERROR: 中间件切换代理ip
2019-04-04 11:53:32 - middlewares.py[line:135] - ERROR: DNS lookup failed: no results for hostname lookup: www.cq315house.com.
2019-04-04 11:53:32 - middlewares.py[line:134] - ERROR: 中间件切换代理ip
2019-04-04 11:53:32 - middlewares.py[line:135] - ERROR: DNS lookup failed: no results for hostname lookup: www.cq315house.com.
2019-04-04 11:53:32 - middlewares.py[line:134] - ERROR: 中间件切换代理ip
2019-04-04 11:53:32 - middlewares.py[line:135] - ERROR: DNS lookup failed: no results for hostname lookup: www.cq315house.com.
2019-04-04 11:53:32 - middlewares.py[line:134] - ERROR: 中间件切换代理ip
2019-04-04 11:53:32 - middlewares.py[line:135] - ERROR: DNS lookup failed: no results for hostname lookup: www.cq315house.com.
2019-04-04 11:53:32 - middlewares.py[line:134] - ERROR: 中间件切换代理ip
2019-04-04 11:53:32 - middlewares.py[line:135] - ERROR: DNS lookup failed: no results for hostname lookup: www.cq315house.com.
2019-04-04 11:53:32 - middlewares.py[line:134] - ERROR: 中间件切换代理ip
2019-04-04 11:53:32 - middlewares.py[line:135] - ERROR: DNS lookup failed: no results for hostname lookup: www.cq315house.com.
2019-04-04 11:53:32 - middlewares.py[line:134] - ERROR: 中间件切换代理ip
2019-04-04 11:53:32 - middlewares.py[line:135] - ERROR: DNS lookup failed: no results for hostname lookup: www.cq315house.com.
2019-04-04 11:53:32 - middlewares.py[line:134] - ERROR: 中间件切换代理ip
2019-04-04 11:53:32 - middlewares.py[line:135] - ERROR: DNS lookup failed: no results for hostname lookup: www.cq315house.com.
2019-04-04 11:53:32 - middlewares.py[line:134] - ERROR: 中间件切换代理ip
2019-04-04 11:53:32 - middlewares.py[line:135] - ERROR: DNS lookup failed: no results for hostname lookup: www.cq315house.com.
2019-04-04 11:53:32 - middlewares.py[line:134] - ERROR: 中间件切换代理ip
2019-04-04 11:53:32 - middlewares.py[line:135] - ERROR: DNS lookup failed: no results for hostname lookup: www.cq315house.com.
2019-04-04 11:53:32 - middlewares.py[line:134] - ERROR: 中间件切换代理ip
2019-04-04 11:53:32 - middlewares.py[line:135] - ERROR: DNS lookup failed: no results for hostname lookup: www.cq315house.com.
2019-04-04 11:53:32 - middlewares.py[line:134] - ERROR: 中间件切换代理ip
2019-04-04 11:53:32 - middlewares.py[line:135] - ERROR: DNS lookup failed: no results for hostname lookup: www.cq315house.com.
2019-04-04 11:53:32 - middlewares.py[line:134] - ERROR: 中间件切换代理ip
2019-04-04 11:53:32 - middlewares.py[line:135] - ERROR: DNS lookup failed: no results for hostname lookup: www.cq315house.com.
2019-04-04 11:53:32 - middlewares.py[line:134] - ERROR: 中间件切换代理ip
2019-04-04 11:53:32 - middlewares.py[line:135] - ERROR: DNS lookup failed: no results for hostname lookup: www.cq315house.com.
2019-04-04 11:53:32 - middlewares.py[line:134] - ERROR: 中间件切换代理ip
2019-04-04 11:53:32 - middlewares.py[line:135] - ERROR: DNS lookup failed: no results for hostname lookup: www.cq315house.com.
2019-04-04 11:53:32 - middlewares.py[line:134] - ERROR: 中间件切换代理ip
2019-04-04 11:53:32 - middlewares.py[line:135] - ERROR: DNS lookup failed: no results for hostname lookup: www.cq315house.com.
2019-04-04 11:53:32 - middlewares.py[line:134] - ERROR: 中间件切换代理ip
2019-04-04 11:53:32 - middlewares.py[line:135] - ERROR: DNS lookup failed: no results for hostname lookup: www.cq315house.com.
2019-04-04 11:53:32 - middlewares.py[line:134] - ERROR: 中间件切换代理ip
2019-04-04 11:53:32 - middlewares.py[line:135] - ERROR: DNS lookup failed: no results for hostname lookup: www.cq315house.com.
2019-04-04 11:53:32 - middlewares.py[line:134] - ERROR: 中间件切换代理ip
2019-04-04 11:53:32 - middlewares.py[line:135] - ERROR: DNS lookup failed: no results for hostname lookup: www.cq315house.com.
2019-04-04 11:53:33 - middlewares.py[line:134] - ERROR: 中间件切换代理ip
2019-04-04 11:53:33 - middlewares.py[line:135] - ERROR: DNS lookup failed: no results for hostname lookup: www.cq315house.com.
2019-04-04 11:53:33 - middlewares.py[line:134] - ERROR: 中间件切换代理ip
2019-04-04 11:53:33 - middlewares.py[line:135] - ERROR: DNS lookup failed: no results for hostname lookup: www.cq315house.com.
2019-04-04 11:53:33 - middlewares.py[line:134] - ERROR: 中间件切换代理ip
2019-04-04 11:53:33 - middlewares.py[line:135] - ERROR: DNS lookup failed: no results for hostname lookup: www.cq315house.com.
2019-04-04 11:53:33 - middlewares.py[line:134] - ERROR: 中间件切换代理ip
2019-04-04 11:53:33 - middlewares.py[line:135] - ERROR: DNS lookup failed: no results for hostname lookup: www.cq315house.com.
2019-04-04 11:53:33 - middlewares.py[line:134] - ERROR: 中间件切换代理ip
2019-04-04 11:53:33 - middlewares.py[line:135] - ERROR: DNS lookup failed: no results for hostname lookup: www.cq315house.com.
2019-04-04 11:53:33 - middlewares.py[line:134] - ERROR: 中间件切换代理ip
2019-04-04 11:53:33 - middlewares.py[line:135] - ERROR: DNS lookup failed: no results for hostname lookup: www.cq315house.com.
2019-04-04 11:53:33 - middlewares.py[line:134] - ERROR: 中间件切换代理ip
2019-04-04 11:53:33 - middlewares.py[line:135] - ERROR: DNS lookup failed: no results for hostname lookup: www.cq315house.com.
2019-04-04 11:53:33 - middlewares.py[line:134] - ERROR: 中间件切换代理ip
2019-04-04 11:53:33 - middlewares.py[line:135] - ERROR: DNS lookup failed: no results for hostname lookup: www.cq315house.com.
2019-04-04 11:53:33 - middlewares.py[line:134] - ERROR: 中间件切换代理ip
2019-04-04 11:53:33 - middlewares.py[line:135] - ERROR: DNS lookup failed: no results for hostname lookup: www.cq315house.com.
2019-04-04 11:53:33 - middlewares.py[line:134] - ERROR: 中间件切换代理ip
2019-04-04 11:53:33 - middlewares.py[line:135] - ERROR: DNS lookup failed: no results for hostname lookup: www.cq315house.com.
2019-04-04 11:53:33 - middlewares.py[line:134] - ERROR: 中间件切换代理ip
2019-04-04 11:53:33 - middlewares.py[line:135] - ERROR: DNS lookup failed: no results for hostname lookup: www.cq315house.com.
2019-04-04 11:53:33 - middlewares.py[line:134] - ERROR: 中间件切换代理ip
2019-04-04 11:53:33 - middlewares.py[line:135] - ERROR: DNS lookup failed: no results for hostname lookup: www.cq315house.com.
2019-04-04 11:53:33 - middlewares.py[line:134] - ERROR: 中间件切换代理ip
2019-04-04 11:53:33 - middlewares.py[line:135] - ERROR: DNS lookup failed: no results for hostname lookup: www.cq315house.com.
2019-04-04 11:53:33 - middlewares.py[line:134] - ERROR: 中间件切换代理ip
2019-04-04 11:53:33 - middlewares.py[line:135] - ERROR: DNS lookup failed: no results for hostname lookup: www.cq315house.com.
2019-04-04 11:53:33 - middlewares.py[line:134] - ERROR: 中间件切换代理ip
2019-04-04 11:53:33 - middlewares.py[line:135] - ERROR: DNS lookup failed: no results for hostname lookup: www.cq315house.com.
2019-04-04 11:53:33 - middlewares.py[line:134] - ERROR: 中间件切换代理ip
2019-04-04 11:53:33 - middlewares.py[line:135] - ERROR: DNS lookup failed: no results for hostname lookup: www.cq315house.com.
2019-04-04 11:53:33 - middlewares.py[line:134] - ERROR: 中间件切换代理ip
2019-04-04 11:53:33 - middlewares.py[line:135] - ERROR: DNS lookup failed: no results for hostname lookup: www.cq315house.com.
2019-04-04 11:53:33 - middlewares.py[line:134] - ERROR: 中间件切换代理ip
2019-04-04 11:53:33 - middlewares.py[line:135] - ERROR: DNS lookup failed: no results for hostname lookup: www.cq315house.com.
2019-04-04 11:53:33 - middlewares.py[line:134] - ERROR: 中间件切换代理ip
2019-04-04 11:53:33 - middlewares.py[line:135] - ERROR: DNS lookup failed: no results for hostname lookup: www.cq315house.com.
2019-04-04 11:53:33 - middlewares.py[line:134] - ERROR: 中间件切换代理ip
2019-04-04 11:53:33 - middlewares.py[line:135] - ERROR: DNS lookup failed: no results for hostname lookup: www.cq315house.com.
2019-04-04 11:53:33 - middlewares.py[line:134] - ERROR: 中间件切换代理ip
2019-04-04 11:53:33 - middlewares.py[line:135] - ERROR: DNS lookup failed: no results for hostname lookup: www.cq315house.com.
2019-04-04 11:53:34 - middlewares.py[line:134] - ERROR: 中间件切换代理ip
2019-04-04 11:53:34 - middlewares.py[line:135] - ERROR: DNS lookup failed: no results for hostname lookup: www.cq315house.com.
2019-04-04 11:53:34 - middlewares.py[line:134] - ERROR: 中间件切换代理ip
2019-04-04 11:53:34 - middlewares.py[line:135] - ERROR: DNS lookup failed: no results for hostname lookup: www.cq315house.com.
2019-04-04 11:53:34 - middlewares.py[line:134] - ERROR: 中间件切换代理ip
2019-04-04 11:53:34 - middlewares.py[line:135] - ERROR: DNS lookup failed: no results for hostname lookup: www.cq315house.com.
2019-04-04 11:53:34 - middlewares.py[line:134] - ERROR: 中间件切换代理ip
2019-04-04 11:53:34 - middlewares.py[line:135] - ERROR: DNS lookup failed: no results for hostname lookup: www.cq315house.com.
2019-04-04 11:53:34 - middlewares.py[line:134] - ERROR: 中间件切换代理ip
2019-04-04 11:53:34 - middlewares.py[line:135] - ERROR: DNS lookup failed: no results for hostname lookup: www.cq315house.com.
2019-04-04 11:53:34 - middlewares.py[line:134] - ERROR: 中间件切换代理ip
2019-04-04 11:53:34 - middlewares.py[line:135] - ERROR: DNS lookup failed: no results for hostname lookup: www.cq315house.com.
2019-04-04 11:53:34 - middlewares.py[line:134] - ERROR: 中间件切换代理ip
2019-04-04 11:53:34 - middlewares.py[line:135] - ERROR: DNS lookup failed: no results for hostname lookup: www.cq315house.com.
2019-04-04 11:53:34 - middlewares.py[line:134] - ERROR: 中间件切换代理ip
2019-04-04 11:53:34 - middlewares.py[line:135] - ERROR: DNS lookup failed: no results for hostname lookup: www.cq315house.com.
2019-04-04 11:53:34 - middlewares.py[line:134] - ERROR: 中间件切换代理ip
2019-04-04 11:53:34 - middlewares.py[line:135] - ERROR: DNS lookup failed: no results for hostname lookup: www.cq315house.com.
2019-04-04 11:53:34 - middlewares.py[line:134] - ERROR: 中间件切换代理ip
2019-04-04 11:53:34 - middlewares.py[line:135] - ERROR: DNS lookup failed: no results for hostname lookup: www.cq315house.com.
2019-04-04 11:53:34 - middlewares.py[line:134] - ERROR: 中间件切换代理ip
2019-04-04 11:53:34 - middlewares.py[line:135] - ERROR: DNS lookup failed: no results for hostname lookup: www.cq315house.com.
2019-04-04 11:53:34 - middlewares.py[line:134] - ERROR: 中间件切换代理ip
2019-04-04 11:53:34 - middlewares.py[line:135] - ERROR: DNS lookup failed: no results for hostname lookup: www.cq315house.com.
2019-04-04 11:53:34 - middlewares.py[line:134] - ERROR: 中间件切换代理ip
2019-04-04 11:53:34 - middlewares.py[line:135] - ERROR: DNS lookup failed: no results for hostname lookup: www.cq315house.com.
2019-04-04 11:53:34 - middlewares.py[line:134] - ERROR: 中间件切换代理ip
2019-04-04 11:53:34 - middlewares.py[line:135] - ERROR: DNS lookup failed: no results for hostname lookup: www.cq315house.com.
2019-04-04 11:53:34 - middlewares.py[line:134] - ERROR: 中间件切换代理ip
2019-04-04 11:53:34 - middlewares.py[line:135] - ERROR: DNS lookup failed: no results for hostname lookup: www.cq315house.com.
2019-04-04 11:53:34 - middlewares.py[line:134] - ERROR: 中间件切换代理ip
2019-04-04 11:53:34 - middlewares.py[line:135] - ERROR: DNS lookup failed: no results for hostname lookup: www.cq315house.com.
2019-04-04 11:53:34 - middlewares.py[line:134] - ERROR: 中间件切换代理ip
2019-04-04 11:53:34 - middlewares.py[line:135] - ERROR: DNS lookup failed: no results for hostname lookup: www.cq315house.com.
2019-04-04 11:53:34 - middlewares.py[line:134] - ERROR: 中间件切换代理ip
2019-04-04 11:53:34 - middlewares.py[line:135] - ERROR: DNS lookup failed: no results for hostname lookup: www.cq315house.com.
2019-04-04 11:53:34 - middlewares.py[line:134] - ERROR: 中间件切换代理ip
2019-04-04 11:53:34 - middlewares.py[line:135] - ERROR: DNS lookup failed: no results for hostname lookup: www.cq315house.com.
2019-04-04 11:53:34 - middlewares.py[line:134] - ERROR: 中间件切换代理ip
2019-04-04 11:53:34 - middlewares.py[line:135] - ERROR: DNS lookup failed: no results for hostname lookup: www.cq315house.com.
2019-04-04 11:53:35 - middlewares.py[line:134] - ERROR: 中间件切换代理ip
2019-04-04 11:53:35 - middlewares.py[line:135] - ERROR: DNS lookup failed: no results for hostname lookup: www.cq315house.com.
2019-04-04 11:53:35 - middlewares.py[line:134] - ERROR: 中间件切换代理ip
2019-04-04 11:53:35 - middlewares.py[line:135] - ERROR: DNS lookup failed: no results for hostname lookup: www.cq315house.com.
2019-04-04 11:53:35 - middlewares.py[line:134] - ERROR: 中间件切换代理ip
2019-04-04 11:53:35 - middlewares.py[line:135] - ERROR: DNS lookup failed: no results for hostname lookup: www.cq315house.com.
2019-04-04 11:53:35 - middlewares.py[line:134] - ERROR: 中间件切换代理ip
2019-04-04 11:53:35 - middlewares.py[line:135] - ERROR: DNS lookup failed: no results for hostname lookup: www.cq315house.com.
2019-04-04 11:53:35 - middlewares.py[line:134] - ERROR: 中间件切换代理ip
2019-04-04 11:53:35 - middlewares.py[line:135] - ERROR: DNS lookup failed: no results for hostname lookup: www.cq315house.com.
2019-04-04 11:53:35 - middlewares.py[line:134] - ERROR: 中间件切换代理ip
2019-04-04 11:53:35 - middlewares.py[line:135] - ERROR: DNS lookup failed: no results for hostname lookup: www.cq315house.com.
2019-04-04 11:53:35 - middlewares.py[line:134] - ERROR: 中间件切换代理ip
2019-04-04 11:53:35 - middlewares.py[line:135] - ERROR: DNS lookup failed: no results for hostname lookup: www.cq315house.com.
2019-04-04 11:53:35 - middlewares.py[line:134] - ERROR: 中间件切换代理ip
2019-04-04 11:53:35 - middlewares.py[line:135] - ERROR: DNS lookup failed: no results for hostname lookup: www.cq315house.com.
2019-04-04 11:53:35 - middlewares.py[line:134] - ERROR: 中间件切换代理ip
2019-04-04 11:53:35 - middlewares.py[line:135] - ERROR: DNS lookup failed: no results for hostname lookup: www.cq315house.com.
2019-04-04 11:53:35 - middlewares.py[line:134] - ERROR: 中间件切换代理ip
2019-04-04 11:53:35 - middlewares.py[line:135] - ERROR: DNS lookup failed: no results for hostname lookup: www.cq315house.com.
2019-04-04 11:53:35 - middlewares.py[line:134] - ERROR: 中间件切换代理ip
2019-04-04 11:53:35 - middlewares.py[line:135] - ERROR: DNS lookup failed: no results for hostname lookup: www.cq315house.com.
2019-04-04 11:53:35 - middlewares.py[line:134] - ERROR: 中间件切换代理ip
2019-04-04 11:53:35 - middlewares.py[line:135] - ERROR: DNS lookup failed: no results for hostname lookup: www.cq315house.com.
2019-04-04 11:53:35 - middlewares.py[line:134] - ERROR: 中间件切换代理ip
2019-04-04 11:53:35 - middlewares.py[line:135] - ERROR: DNS lookup failed: no results for hostname lookup: www.cq315house.com.
2019-04-04 11:53:35 - middlewares.py[line:134] - ERROR: 中间件切换代理ip
2019-04-04 11:53:35 - middlewares.py[line:135] - ERROR: DNS lookup failed: no results for hostname lookup: www.cq315house.com.
2019-04-04 11:53:35 - middlewares.py[line:134] - ERROR: 中间件切换代理ip
2019-04-04 11:53:35 - middlewares.py[line:135] - ERROR: DNS lookup failed: no results for hostname lookup: www.cq315house.com.
2019-04-04 11:53:35 - middlewares.py[line:134] - ERROR: 中间件切换代理ip
2019-04-04 11:53:35 - middlewares.py[line:135] - ERROR: DNS lookup failed: no results for hostname lookup: www.cq315house.com.
2019-04-04 11:53:35 - middlewares.py[line:134] - ERROR: 中间件切换代理ip
2019-04-04 11:53:35 - middlewares.py[line:135] - ERROR: DNS lookup failed: no results for hostname lookup: www.cq315house.com.
2019-04-04 11:53:35 - middlewares.py[line:134] - ERROR: 中间件切换代理ip
2019-04-04 11:53:35 - middlewares.py[line:135] - ERROR: DNS lookup failed: no results for hostname lookup: www.cq315house.com.
2019-04-04 11:53:35 - middlewares.py[line:134] - ERROR: 中间件切换代理ip
2019-04-04 11:53:35 - middlewares.py[line:135] - ERROR: DNS lookup failed: no results for hostname lookup: www.cq315house.com.
2019-04-04 11:53:35 - middlewares.py[line:134] - ERROR: 中间件切换代理ip
2019-04-04 11:53:35 - middlewares.py[line:135] - ERROR: DNS lookup failed: no results for hostname lookup: www.cq315house.com.
2019-04-04 11:53:35 - middlewares.py[line:134] - ERROR: 中间件切换代理ip
2019-04-04 11:53:35 - middlewares.py[line:135] - ERROR: DNS lookup failed: no results for hostname lookup: www.cq315house.com.
2019-04-04 11:53:36 - middlewares.py[line:134] - ERROR: 中间件切换代理ip
2019-04-04 11:53:36 - middlewares.py[line:135] - ERROR: DNS lookup failed: no results for hostname lookup: www.cq315house.com.
2019-04-04 11:53:36 - middlewares.py[line:134] - ERROR: 中间件切换代理ip
2019-04-04 11:53:36 - middlewares.py[line:135] - ERROR: DNS lookup failed: no results for hostname lookup: www.cq315house.com.
2019-04-04 11:53:36 - middlewares.py[line:134] - ERROR: 中间件切换代理ip
2019-04-04 11:53:36 - middlewares.py[line:135] - ERROR: DNS lookup failed: no results for hostname lookup: www.cq315house.com.
2019-04-04 11:53:36 - middlewares.py[line:134] - ERROR: 中间件切换代理ip
2019-04-04 11:53:36 - middlewares.py[line:135] - ERROR: DNS lookup failed: no results for hostname lookup: www.cq315house.com.
2019-04-04 11:53:36 - middlewares.py[line:134] - ERROR: 中间件切换代理ip
2019-04-04 11:53:36 - middlewares.py[line:135] - ERROR: DNS lookup failed: no results for hostname lookup: www.cq315house.com.
2019-04-04 11:53:36 - middlewares.py[line:134] - ERROR: 中间件切换代理ip
2019-04-04 11:53:36 - middlewares.py[line:135] - ERROR: DNS lookup failed: no results for hostname lookup: www.cq315house.com.
2019-04-04 11:53:36 - middlewares.py[line:134] - ERROR: 中间件切换代理ip
2019-04-04 11:53:36 - middlewares.py[line:135] - ERROR: DNS lookup failed: no results for hostname lookup: www.cq315house.com.
2019-04-04 11:53:36 - middlewares.py[line:134] - ERROR: 中间件切换代理ip
2019-04-04 11:53:36 - middlewares.py[line:135] - ERROR: DNS lookup failed: no results for hostname lookup: www.cq315house.com.
2019-04-04 11:53:36 - middlewares.py[line:134] - ERROR: 中间件切换代理ip
2019-04-04 11:53:36 - middlewares.py[line:135] - ERROR: DNS lookup failed: no results for hostname lookup: www.cq315house.com.
2019-04-04 11:53:36 - middlewares.py[line:134] - ERROR: 中间件切换代理ip
2019-04-04 11:53:36 - middlewares.py[line:135] - ERROR: DNS lookup failed: no results for hostname lookup: www.cq315house.com.
2019-04-04 11:53:36 - middlewares.py[line:134] - ERROR: 中间件切换代理ip
2019-04-04 11:53:36 - middlewares.py[line:135] - ERROR: DNS lookup failed: no results for hostname lookup: www.cq315house.com.
2019-04-04 11:53:36 - middlewares.py[line:134] - ERROR: 中间件切换代理ip
2019-04-04 11:53:36 - middlewares.py[line:135] - ERROR: DNS lookup failed: no results for hostname lookup: www.cq315house.com.
2019-04-04 11:53:36 - middlewares.py[line:134] - ERROR: 中间件切换代理ip
2019-04-04 11:53:36 - middlewares.py[line:135] - ERROR: DNS lookup failed: no results for hostname lookup: www.cq315house.com.
2019-04-04 11:53:36 - middlewares.py[line:134] - ERROR: 中间件切换代理ip
2019-04-04 11:53:36 - middlewares.py[line:135] - ERROR: DNS lookup failed: no results for hostname lookup: www.cq315house.com.
2019-04-04 11:53:36 - middlewares.py[line:134] - ERROR: 中间件切换代理ip
2019-04-04 11:53:36 - middlewares.py[line:135] - ERROR: DNS lookup failed: no results for hostname lookup: www.cq315house.com.
2019-04-04 11:53:36 - middlewares.py[line:134] - ERROR: 中间件切换代理ip
2019-04-04 11:53:36 - middlewares.py[line:135] - ERROR: DNS lookup failed: no results for hostname lookup: www.cq315house.com.
2019-04-04 11:53:36 - middlewares.py[line:134] - ERROR: 中间件切换代理ip
2019-04-04 11:53:36 - middlewares.py[line:135] - ERROR: DNS lookup failed: no results for hostname lookup: www.cq315house.com.
2019-04-04 11:53:36 - middlewares.py[line:134] - ERROR: 中间件切换代理ip
2019-04-04 11:53:36 - middlewares.py[line:135] - ERROR: DNS lookup failed: no results for hostname lookup: www.cq315house.com.
2019-04-04 11:53:36 - middlewares.py[line:134] - ERROR: 中间件切换代理ip
2019-04-04 11:53:36 - middlewares.py[line:135] - ERROR: DNS lookup failed: no results for hostname lookup: www.cq315house.com.
2019-04-04 11:53:36 - middlewares.py[line:134] - ERROR: 中间件切换代理ip
2019-04-04 11:53:36 - middlewares.py[line:135] - ERROR: DNS lookup failed: no results for hostname lookup: www.cq315house.com.
2019-04-04 11:53:37 - middlewares.py[line:134] - ERROR: 中间件切换代理ip
2019-04-04 11:53:37 - middlewares.py[line:135] - ERROR: DNS lookup failed: no results for hostname lookup: www.cq315house.com.
2019-04-04 11:53:37 - middlewares.py[line:134] - ERROR: 中间件切换代理ip
2019-04-04 11:53:37 - middlewares.py[line:135] - ERROR: DNS lookup failed: no results for hostname lookup: www.cq315house.com.
2019-04-04 11:53:37 - middlewares.py[line:134] - ERROR: 中间件切换代理ip
2019-04-04 11:53:37 - middlewares.py[line:135] - ERROR: DNS lookup failed: no results for hostname lookup: www.cq315house.com.
2019-04-04 11:53:37 - middlewares.py[line:134] - ERROR: 中间件切换代理ip
2019-04-04 11:53:37 - middlewares.py[line:135] - ERROR: DNS lookup failed: no results for hostname lookup: www.cq315house.com.
2019-04-04 11:53:37 - middlewares.py[line:134] - ERROR: 中间件切换代理ip
2019-04-04 11:53:37 - middlewares.py[line:135] - ERROR: DNS lookup failed: no results for hostname lookup: www.cq315house.com.
2019-04-04 11:53:37 - middlewares.py[line:134] - ERROR: 中间件切换代理ip
2019-04-04 11:53:37 - middlewares.py[line:135] - ERROR: DNS lookup failed: no results for hostname lookup: www.cq315house.com.
2019-04-04 11:53:37 - middlewares.py[line:134] - ERROR: 中间件切换代理ip
2019-04-04 11:53:37 - middlewares.py[line:135] - ERROR: DNS lookup failed: no results for hostname lookup: www.cq315house.com.
2019-04-04 11:53:37 - middlewares.py[line:134] - ERROR: 中间件切换代理ip
2019-04-04 11:53:37 - middlewares.py[line:135] - ERROR: DNS lookup failed: no results for hostname lookup: www.cq315house.com.
2019-04-04 11:53:37 - middlewares.py[line:134] - ERROR: 中间件切换代理ip
2019-04-04 11:53:37 - middlewares.py[line:135] - ERROR: DNS lookup failed: no results for hostname lookup: www.cq315house.com.
2019-04-04 11:53:37 - middlewares.py[line:134] - ERROR: 中间件切换代理ip
2019-04-04 11:53:37 - middlewares.py[line:135] - ERROR: DNS lookup failed: no results for hostname lookup: www.cq315house.com.
2019-04-04 11:53:37 - middlewares.py[line:134] - ERROR: 中间件切换代理ip
2019-04-04 11:53:37 - middlewares.py[line:135] - ERROR: DNS lookup failed: no results for hostname lookup: www.cq315house.com.
2019-04-04 11:53:37 - middlewares.py[line:134] - ERROR: 中间件切换代理ip
2019-04-04 11:53:37 - middlewares.py[line:135] - ERROR: DNS lookup failed: no results for hostname lookup: www.cq315house.com.
2019-04-04 11:53:37 - middlewares.py[line:134] - ERROR: 中间件切换代理ip
2019-04-04 11:53:37 - middlewares.py[line:135] - ERROR: DNS lookup failed: no results for hostname lookup: www.cq315house.com.
2019-04-04 11:53:37 - middlewares.py[line:134] - ERROR: 中间件切换代理ip
2019-04-04 11:53:37 - middlewares.py[line:135] - ERROR: DNS lookup failed: no results for hostname lookup: www.cq315house.com.
2019-04-04 11:53:37 - middlewares.py[line:134] - ERROR: 中间件切换代理ip
2019-04-04 11:53:37 - middlewares.py[line:135] - ERROR: DNS lookup failed: no results for hostname lookup: www.cq315house.com.
2019-04-04 11:53:37 - middlewares.py[line:134] - ERROR: 中间件切换代理ip
2019-04-04 11:53:37 - middlewares.py[line:135] - ERROR: DNS lookup failed: no results for hostname lookup: www.cq315house.com.
2019-04-04 11:53:37 - middlewares.py[line:134] - ERROR: 中间件切换代理ip
2019-04-04 11:53:37 - middlewares.py[line:135] - ERROR: DNS lookup failed: no results for hostname lookup: www.cq315house.com.
2019-04-04 11:53:37 - middlewares.py[line:134] - ERROR: 中间件切换代理ip
2019-04-04 11:53:37 - middlewares.py[line:135] - ERROR: DNS lookup failed: no results for hostname lookup: www.cq315house.com.
2019-04-04 11:53:38 - middlewares.py[line:134] - ERROR: 中间件切换代理ip
2019-04-04 11:53:38 - middlewares.py[line:135] - ERROR: DNS lookup failed: no results for hostname lookup: www.cq315house.com.
2019-04-04 11:53:38 - middlewares.py[line:134] - ERROR: 中间件切换代理ip
2019-04-04 11:53:38 - middlewares.py[line:135] - ERROR: DNS lookup failed: no results for hostname lookup: www.cq315house.com.
2019-04-04 11:53:38 - middlewares.py[line:134] - ERROR: 中间件切换代理ip
2019-04-04 11:53:38 - middlewares.py[line:135] - ERROR: DNS lookup failed: no results for hostname lookup: www.cq315house.com.
2019-04-04 11:53:38 - middlewares.py[line:134] - ERROR: 中间件切换代理ip
2019-04-04 11:53:38 - middlewares.py[line:135] - ERROR: DNS lookup failed: no results for hostname lookup: www.cq315house.com.
2019-04-04 11:53:38 - middlewares.py[line:134] - ERROR: 中间件切换代理ip
2019-04-04 11:53:38 - middlewares.py[line:135] - ERROR: DNS lookup failed: no results for hostname lookup: www.cq315house.com.
2019-04-04 11:53:38 - middlewares.py[line:134] - ERROR: 中间件切换代理ip
2019-04-04 11:53:38 - middlewares.py[line:135] - ERROR: DNS lookup failed: no results for hostname lookup: www.cq315house.com.
2019-04-04 11:53:38 - middlewares.py[line:134] - ERROR: 中间件切换代理ip
2019-04-04 11:53:38 - middlewares.py[line:135] - ERROR: DNS lookup failed: no results for hostname lookup: www.cq315house.com.
2019-04-04 11:53:38 - middlewares.py[line:134] - ERROR: 中间件切换代理ip
2019-04-04 11:53:38 - middlewares.py[line:135] - ERROR: DNS lookup failed: no results for hostname lookup: www.cq315house.com.
2019-04-04 11:53:38 - middlewares.py[line:134] - ERROR: 中间件切换代理ip
2019-04-04 11:53:38 - middlewares.py[line:135] - ERROR: DNS lookup failed: no results for hostname lookup: www.cq315house.com.
2019-04-04 11:53:38 - middlewares.py[line:134] - ERROR: 中间件切换代理ip
2019-04-04 11:53:38 - middlewares.py[line:135] - ERROR: DNS lookup failed: no results for hostname lookup: www.cq315house.com.
2019-04-04 11:53:38 - middlewares.py[line:134] - ERROR: 中间件切换代理ip
2019-04-04 11:53:38 - middlewares.py[line:135] - ERROR: DNS lookup failed: no results for hostname lookup: www.cq315house.com.
2019-04-04 11:53:38 - middlewares.py[line:134] - ERROR: 中间件切换代理ip
2019-04-04 11:53:38 - middlewares.py[line:135] - ERROR: DNS lookup failed: no results for hostname lookup: www.cq315house.com.
2019-04-04 11:53:38 - middlewares.py[line:134] - ERROR: 中间件切换代理ip
2019-04-04 11:53:38 - middlewares.py[line:135] - ERROR: DNS lookup failed: no results for hostname lookup: www.cq315house.com.
2019-04-04 11:53:38 - middlewares.py[line:134] - ERROR: 中间件切换代理ip
2019-04-04 11:53:38 - middlewares.py[line:135] - ERROR: DNS lookup failed: no results for hostname lookup: www.cq315house.com.
2019-04-04 11:53:38 - middlewares.py[line:134] - ERROR: 中间件切换代理ip
2019-04-04 11:53:38 - middlewares.py[line:135] - ERROR: DNS lookup failed: no results for hostname lookup: www.cq315house.com.
2019-04-04 11:53:38 - middlewares.py[line:134] - ERROR: 中间件切换代理ip
2019-04-04 11:53:38 - middlewares.py[line:135] - ERROR: DNS lookup failed: no results for hostname lookup: www.cq315house.com.
2019-04-04 11:53:38 - middlewares.py[line:134] - ERROR: 中间件切换代理ip
2019-04-04 11:53:38 - middlewares.py[line:135] - ERROR: DNS lookup failed: no results for hostname lookup: www.cq315house.com.
2019-04-04 11:53:38 - middlewares.py[line:134] - ERROR: 中间件切换代理ip
2019-04-04 11:53:38 - middlewares.py[line:135] - ERROR: DNS lookup failed: no results for hostname lookup: www.cq315house.com.
2019-04-04 11:53:38 - middlewares.py[line:134] - ERROR: 中间件切换代理ip
2019-04-04 11:53:38 - middlewares.py[line:135] - ERROR: DNS lookup failed: no results for hostname lookup: www.cq315house.com.
2019-04-04 11:53:38 - middlewares.py[line:134] - ERROR: 中间件切换代理ip
2019-04-04 11:53:38 - middlewares.py[line:135] - ERROR: DNS lookup failed: no results for hostname lookup: www.cq315house.com.
2019-04-04 11:53:39 - middlewares.py[line:134] - ERROR: 中间件切换代理ip
2019-04-04 11:53:39 - middlewares.py[line:135] - ERROR: DNS lookup failed: no results for hostname lookup: www.cq315house.com.
2019-04-04 11:53:39 - middlewares.py[line:134] - ERROR: 中间件切换代理ip
2019-04-04 11:53:39 - middlewares.py[line:135] - ERROR: DNS lookup failed: no results for hostname lookup: www.cq315house.com.
2019-04-04 11:53:39 - middlewares.py[line:134] - ERROR: 中间件切换代理ip
2019-04-04 11:53:39 - middlewares.py[line:135] - ERROR: DNS lookup failed: no results for hostname lookup: www.cq315house.com.
2019-04-04 11:53:39 - middlewares.py[line:134] - ERROR: 中间件切换代理ip
2019-04-04 11:53:39 - middlewares.py[line:135] - ERROR: DNS lookup failed: no results for hostname lookup: www.cq315house.com.
2019-04-04 11:53:39 - middlewares.py[line:134] - ERROR: 中间件切换代理ip
2019-04-04 11:53:39 - middlewares.py[line:135] - ERROR: DNS lookup failed: no results for hostname lookup: www.cq315house.com.
2019-04-04 11:53:39 - middlewares.py[line:134] - ERROR: 中间件切换代理ip
2019-04-04 11:53:39 - middlewares.py[line:135] - ERROR: DNS lookup failed: no results for hostname lookup: www.cq315house.com.
2019-04-04 11:53:39 - middlewares.py[line:134] - ERROR: 中间件切换代理ip
2019-04-04 11:53:39 - middlewares.py[line:135] - ERROR: DNS lookup failed: no results for hostname lookup: www.cq315house.com.
2019-04-04 11:53:39 - middlewares.py[line:134] - ERROR: 中间件切换代理ip
2019-04-04 11:53:39 - middlewares.py[line:135] - ERROR: DNS lookup failed: no results for hostname lookup: www.cq315house.com.
2019-04-04 11:53:39 - middlewares.py[line:134] - ERROR: 中间件切换代理ip
2019-04-04 11:53:39 - middlewares.py[line:135] - ERROR: DNS lookup failed: no results for hostname lookup: www.cq315house.com.
2019-04-04 11:53:39 - middlewares.py[line:134] - ERROR: 中间件切换代理ip
2019-04-04 11:53:39 - middlewares.py[line:135] - ERROR: DNS lookup failed: no results for hostname lookup: www.cq315house.com.
2019-04-04 11:53:39 - middlewares.py[line:134] - ERROR: 中间件切换代理ip
2019-04-04 11:53:39 - middlewares.py[line:135] - ERROR: DNS lookup failed: no results for hostname lookup: www.cq315house.com.
2019-04-04 11:53:39 - middlewares.py[line:134] - ERROR: 中间件切换代理ip
2019-04-04 11:53:39 - middlewares.py[line:135] - ERROR: DNS lookup failed: no results for hostname lookup: www.cq315house.com.
2019-04-04 11:53:39 - middlewares.py[line:134] - ERROR: 中间件切换代理ip
2019-04-04 11:53:39 - middlewares.py[line:135] - ERROR: DNS lookup failed: no results for hostname lookup: www.cq315house.com.
2019-04-04 11:53:39 - middlewares.py[line:134] - ERROR: 中间件切换代理ip
2019-04-04 11:53:39 - middlewares.py[line:135] - ERROR: DNS lookup failed: no results for hostname lookup: www.cq315house.com.
2019-04-04 11:53:39 - middlewares.py[line:134] - ERROR: 中间件切换代理ip
2019-04-04 11:53:39 - middlewares.py[line:135] - ERROR: DNS lookup failed: no results for hostname lookup: www.cq315house.com.
2019-04-04 11:53:39 - middlewares.py[line:134] - ERROR: 中间件切换代理ip
2019-04-04 11:53:39 - middlewares.py[line:135] - ERROR: DNS lookup failed: no results for hostname lookup: www.cq315house.com.
2019-04-04 11:53:39 - middlewares.py[line:134] - ERROR: 中间件切换代理ip
2019-04-04 11:53:39 - middlewares.py[line:135] - ERROR: DNS lookup failed: no results for hostname lookup: www.cq315house.com.
2019-04-04 11:53:39 - middlewares.py[line:134] - ERROR: 中间件切换代理ip
2019-04-04 11:53:39 - middlewares.py[line:135] - ERROR: DNS lookup failed: no results for hostname lookup: www.cq315house.com.
2019-04-04 11:53:39 - middlewares.py[line:134] - ERROR: 中间件切换代理ip
2019-04-04 11:53:39 - middlewares.py[line:135] - ERROR: DNS lookup failed: no results for hostname lookup: www.cq315house.com.
2019-04-04 11:53:39 - middlewares.py[line:134] - ERROR: 中间件切换代理ip
2019-04-04 11:53:39 - middlewares.py[line:135] - ERROR: DNS lookup failed: no results for hostname lookup: www.cq315house.com.
2019-04-04 11:53:40 - middlewares.py[line:134] - ERROR: 中间件切换代理ip
2019-04-04 11:53:40 - middlewares.py[line:135] - ERROR: DNS lookup failed: no results for hostname lookup: www.cq315house.com.
2019-04-04 11:53:40 - middlewares.py[line:134] - ERROR: 中间件切换代理ip
2019-04-04 11:53:40 - middlewares.py[line:135] - ERROR: DNS lookup failed: no results for hostname lookup: www.cq315house.com.
2019-04-04 11:53:40 - middlewares.py[line:134] - ERROR: 中间件切换代理ip
2019-04-04 11:53:40 - middlewares.py[line:135] - ERROR: DNS lookup failed: no results for hostname lookup: www.cq315house.com.
2019-04-04 11:53:40 - middlewares.py[line:134] - ERROR: 中间件切换代理ip
2019-04-04 11:53:40 - middlewares.py[line:135] - ERROR: DNS lookup failed: no results for hostname lookup: www.cq315house.com.
2019-04-04 11:53:40 - middlewares.py[line:134] - ERROR: 中间件切换代理ip
2019-04-04 11:53:40 - middlewares.py[line:135] - ERROR: DNS lookup failed: no results for hostname lookup: www.cq315house.com.
2019-04-04 11:53:40 - middlewares.py[line:134] - ERROR: 中间件切换代理ip
2019-04-04 11:53:40 - middlewares.py[line:135] - ERROR: DNS lookup failed: no results for hostname lookup: www.cq315house.com.
2019-04-04 11:53:40 - middlewares.py[line:134] - ERROR: 中间件切换代理ip
2019-04-04 11:53:40 - middlewares.py[line:135] - ERROR: DNS lookup failed: no results for hostname lookup: www.cq315house.com.
2019-04-04 11:53:40 - middlewares.py[line:134] - ERROR: 中间件切换代理ip
2019-04-04 11:53:40 - middlewares.py[line:135] - ERROR: DNS lookup failed: no results for hostname lookup: www.cq315house.com.
2019-04-04 11:53:40 - middlewares.py[line:134] - ERROR: 中间件切换代理ip
2019-04-04 11:53:40 - middlewares.py[line:135] - ERROR: DNS lookup failed: no results for hostname lookup: www.cq315house.com.
2019-04-04 11:53:40 - middlewares.py[line:134] - ERROR: 中间件切换代理ip
2019-04-04 11:53:40 - middlewares.py[line:135] - ERROR: DNS lookup failed: no results for hostname lookup: www.cq315house.com.
2019-04-04 11:53:40 - middlewares.py[line:134] - ERROR: 中间件切换代理ip
2019-04-04 11:53:40 - middlewares.py[line:135] - ERROR: DNS lookup failed: no results for hostname lookup: www.cq315house.com.
2019-04-04 11:53:40 - middlewares.py[line:134] - ERROR: 中间件切换代理ip
2019-04-04 11:53:40 - middlewares.py[line:135] - ERROR: DNS lookup failed: no results for hostname lookup: www.cq315house.com.
2019-04-04 11:53:40 - middlewares.py[line:134] - ERROR: 中间件切换代理ip
2019-04-04 11:53:40 - middlewares.py[line:135] - ERROR: DNS lookup failed: no results for hostname lookup: www.cq315house.com.
2019-04-04 11:53:40 - middlewares.py[line:134] - ERROR: 中间件切换代理ip
2019-04-04 11:53:40 - middlewares.py[line:135] - ERROR: DNS lookup failed: no results for hostname lookup: www.cq315house.com.
2019-04-04 11:53:40 - middlewares.py[line:134] - ERROR: 中间件切换代理ip
2019-04-04 11:53:40 - middlewares.py[line:135] - ERROR: DNS lookup failed: no results for hostname lookup: www.cq315house.com.
2019-04-04 11:53:40 - middlewares.py[line:134] - ERROR: 中间件切换代理ip
2019-04-04 11:53:40 - middlewares.py[line:135] - ERROR: DNS lookup failed: no results for hostname lookup: www.cq315house.com.
2019-04-04 11:53:40 - middlewares.py[line:134] - ERROR: 中间件切换代理ip
2019-04-04 11:53:40 - middlewares.py[line:135] - ERROR: DNS lookup failed: no results for hostname lookup: www.cq315house.com.
2019-04-04 11:53:40 - middlewares.py[line:134] - ERROR: 中间件切换代理ip
2019-04-04 11:53:40 - middlewares.py[line:135] - ERROR: DNS lookup failed: no results for hostname lookup: www.cq315house.com.
2019-04-04 11:53:40 - middlewares.py[line:134] - ERROR: 中间件切换代理ip
2019-04-04 11:53:40 - middlewares.py[line:135] - ERROR: DNS lookup failed: no results for hostname lookup: www.cq315house.com.
2019-04-04 11:53:40 - middlewares.py[line:134] - ERROR: 中间件切换代理ip
2019-04-04 11:53:40 - middlewares.py[line:135] - ERROR: DNS lookup failed: no results for hostname lookup: www.cq315house.com.
2019-04-04 11:53:41 - middlewares.py[line:134] - ERROR: 中间件切换代理ip
2019-04-04 11:53:41 - middlewares.py[line:135] - ERROR: DNS lookup failed: no results for hostname lookup: www.cq315house.com.
2019-04-04 11:53:41 - middlewares.py[line:134] - ERROR: 中间件切换代理ip
2019-04-04 11:53:41 - middlewares.py[line:135] - ERROR: DNS lookup failed: no results for hostname lookup: www.cq315house.com.
2019-04-04 11:53:41 - middlewares.py[line:134] - ERROR: 中间件切换代理ip
2019-04-04 11:53:41 - middlewares.py[line:135] - ERROR: DNS lookup failed: no results for hostname lookup: www.cq315house.com.
2019-04-04 11:53:41 - middlewares.py[line:134] - ERROR: 中间件切换代理ip
2019-04-04 11:53:41 - middlewares.py[line:135] - ERROR: DNS lookup failed: no results for hostname lookup: www.cq315house.com.
2019-04-04 11:53:41 - middlewares.py[line:134] - ERROR: 中间件切换代理ip
2019-04-04 11:53:41 - middlewares.py[line:135] - ERROR: DNS lookup failed: no results for hostname lookup: www.cq315house.com.
2019-04-04 11:53:41 - middlewares.py[line:134] - ERROR: 中间件切换代理ip
2019-04-04 11:53:41 - middlewares.py[line:135] - ERROR: DNS lookup failed: no results for hostname lookup: www.cq315house.com.
2019-04-04 11:53:41 - middlewares.py[line:134] - ERROR: 中间件切换代理ip
2019-04-04 11:53:41 - middlewares.py[line:135] - ERROR: DNS lookup failed: no results for hostname lookup: www.cq315house.com.
2019-04-04 11:53:41 - middlewares.py[line:134] - ERROR: 中间件切换代理ip
2019-04-04 11:53:41 - middlewares.py[line:135] - ERROR: DNS lookup failed: no results for hostname lookup: www.cq315house.com.
2019-04-04 11:53:41 - middlewares.py[line:134] - ERROR: 中间件切换代理ip
2019-04-04 11:53:41 - middlewares.py[line:135] - ERROR: DNS lookup failed: no results for hostname lookup: www.cq315house.com.
2019-04-04 11:53:41 - middlewares.py[line:134] - ERROR: 中间件切换代理ip
2019-04-04 11:53:41 - middlewares.py[line:135] - ERROR: DNS lookup failed: no results for hostname lookup: www.cq315house.com.
2019-04-04 11:53:41 - middlewares.py[line:134] - ERROR: 中间件切换代理ip
2019-04-04 11:53:41 - middlewares.py[line:135] - ERROR: DNS lookup failed: no results for hostname lookup: www.cq315house.com.
2019-04-04 11:53:41 - middlewares.py[line:134] - ERROR: 中间件切换代理ip
2019-04-04 11:53:41 - middlewares.py[line:135] - ERROR: DNS lookup failed: no results for hostname lookup: www.cq315house.com.
2019-04-04 11:53:41 - middlewares.py[line:134] - ERROR: 中间件切换代理ip
2019-04-04 11:53:41 - middlewares.py[line:135] - ERROR: DNS lookup failed: no results for hostname lookup: www.cq315house.com.
2019-04-04 11:53:41 - middlewares.py[line:134] - ERROR: 中间件切换代理ip
2019-04-04 11:53:41 - middlewares.py[line:135] - ERROR: DNS lookup failed: no results for hostname lookup: www.cq315house.com.
2019-04-04 11:53:41 - middlewares.py[line:134] - ERROR: 中间件切换代理ip
2019-04-04 11:53:41 - middlewares.py[line:135] - ERROR: DNS lookup failed: no results for hostname lookup: www.cq315house.com.
2019-04-04 11:53:41 - middlewares.py[line:134] - ERROR: 中间件切换代理ip
2019-04-04 11:53:41 - middlewares.py[line:135] - ERROR: DNS lookup failed: no results for hostname lookup: www.cq315house.com.
2019-04-04 11:53:41 - middlewares.py[line:134] - ERROR: 中间件切换代理ip
2019-04-04 11:53:41 - middlewares.py[line:135] - ERROR: DNS lookup failed: no results for hostname lookup: www.cq315house.com.
2019-04-04 11:53:41 - middlewares.py[line:134] - ERROR: 中间件切换代理ip
2019-04-04 11:53:41 - middlewares.py[line:135] - ERROR: DNS lookup failed: no results for hostname lookup: www.cq315house.com.
2019-04-04 11:53:41 - middlewares.py[line:134] - ERROR: 中间件切换代理ip
2019-04-04 11:53:41 - middlewares.py[line:135] - ERROR: DNS lookup failed: no results for hostname lookup: www.cq315house.com.
2019-04-04 11:53:41 - middlewares.py[line:134] - ERROR: 中间件切换代理ip
2019-04-04 11:53:41 - middlewares.py[line:135] - ERROR: DNS lookup failed: no results for hostname lookup: www.cq315house.com.
2019-04-04 11:53:41 - middlewares.py[line:134] - ERROR: 中间件切换代理ip
2019-04-04 11:53:41 - middlewares.py[line:135] - ERROR: DNS lookup failed: no results for hostname lookup: www.cq315house.com.
2019-04-04 11:53:42 - middlewares.py[line:134] - ERROR: 中间件切换代理ip
2019-04-04 11:53:42 - middlewares.py[line:135] - ERROR: DNS lookup failed: no results for hostname lookup: www.cq315house.com.
2019-04-04 11:53:42 - middlewares.py[line:134] - ERROR: 中间件切换代理ip
2019-04-04 11:53:42 - middlewares.py[line:135] - ERROR: DNS lookup failed: no results for hostname lookup: www.cq315house.com.
2019-04-04 11:53:42 - middlewares.py[line:134] - ERROR: 中间件切换代理ip
2019-04-04 11:53:42 - middlewares.py[line:135] - ERROR: DNS lookup failed: no results for hostname lookup: www.cq315house.com.
2019-04-04 11:53:42 - middlewares.py[line:134] - ERROR: 中间件切换代理ip
2019-04-04 11:53:42 - middlewares.py[line:135] - ERROR: DNS lookup failed: no results for hostname lookup: www.cq315house.com.
2019-04-04 11:53:42 - middlewares.py[line:134] - ERROR: 中间件切换代理ip
2019-04-04 11:53:42 - middlewares.py[line:135] - ERROR: DNS lookup failed: no results for hostname lookup: www.cq315house.com.
2019-04-04 11:53:42 - middlewares.py[line:134] - ERROR: 中间件切换代理ip
2019-04-04 11:53:42 - middlewares.py[line:135] - ERROR: DNS lookup failed: no results for hostname lookup: www.cq315house.com.
2019-04-04 11:53:42 - middlewares.py[line:134] - ERROR: 中间件切换代理ip
2019-04-04 11:53:42 - middlewares.py[line:135] - ERROR: DNS lookup failed: no results for hostname lookup: www.cq315house.com.
2019-04-04 11:53:42 - middlewares.py[line:134] - ERROR: 中间件切换代理ip
2019-04-04 11:53:42 - middlewares.py[line:135] - ERROR: DNS lookup failed: no results for hostname lookup: www.cq315house.com.
2019-04-04 11:53:42 - middlewares.py[line:134] - ERROR: 中间件切换代理ip
2019-04-04 11:53:42 - middlewares.py[line:135] - ERROR: DNS lookup failed: no results for hostname lookup: www.cq315house.com.
2019-04-04 11:53:42 - middlewares.py[line:134] - ERROR: 中间件切换代理ip
2019-04-04 11:53:42 - middlewares.py[line:135] - ERROR: DNS lookup failed: no results for hostname lookup: www.cq315house.com.
2019-04-04 11:53:42 - middlewares.py[line:134] - ERROR: 中间件切换代理ip
2019-04-04 11:53:42 - middlewares.py[line:135] - ERROR: DNS lookup failed: no results for hostname lookup: www.cq315house.com.
2019-04-04 11:53:42 - middlewares.py[line:134] - ERROR: 中间件切换代理ip
2019-04-04 11:53:42 - middlewares.py[line:135] - ERROR: DNS lookup failed: no results for hostname lookup: www.cq315house.com.
2019-04-04 11:53:42 - middlewares.py[line:134] - ERROR: 中间件切换代理ip
2019-04-04 11:53:42 - middlewares.py[line:135] - ERROR: DNS lookup failed: no results for hostname lookup: www.cq315house.com.
2019-04-04 11:53:42 - middlewares.py[line:134] - ERROR: 中间件切换代理ip
2019-04-04 11:53:42 - middlewares.py[line:135] - ERROR: DNS lookup failed: no results for hostname lookup: www.cq315house.com.
2019-04-04 11:53:42 - middlewares.py[line:134] - ERROR: 中间件切换代理ip
2019-04-04 11:53:42 - middlewares.py[line:135] - ERROR: DNS lookup failed: no results for hostname lookup: www.cq315house.com.
2019-04-04 11:53:42 - middlewares.py[line:134] - ERROR: 中间件切换代理ip
2019-04-04 11:53:42 - middlewares.py[line:135] - ERROR: DNS lookup failed: no results for hostname lookup: www.cq315house.com.
2019-04-04 11:53:43 - middlewares.py[line:134] - ERROR: 中间件切换代理ip
2019-04-04 11:53:43 - middlewares.py[line:135] - ERROR: DNS lookup failed: no results for hostname lookup: www.cq315house.com.
2019-04-04 11:53:43 - middlewares.py[line:134] - ERROR: 中间件切换代理ip
2019-04-04 11:53:43 - middlewares.py[line:135] - ERROR: DNS lookup failed: no results for hostname lookup: www.cq315house.com.
2019-04-04 11:53:43 - middlewares.py[line:134] - ERROR: 中间件切换代理ip
2019-04-04 11:53:43 - middlewares.py[line:135] - ERROR: DNS lookup failed: no results for hostname lookup: www.cq315house.com.
2019-04-04 11:53:43 - middlewares.py[line:134] - ERROR: 中间件切换代理ip
2019-04-04 11:53:43 - middlewares.py[line:135] - ERROR: DNS lookup failed: no results for hostname lookup: www.cq315house.com.
2019-04-04 11:53:43 - middlewares.py[line:134] - ERROR: 中间件切换代理ip
2019-04-04 11:53:43 - middlewares.py[line:135] - ERROR: DNS lookup failed: no results for hostname lookup: www.cq315house.com.
2019-04-04 11:53:43 - middlewares.py[line:134] - ERROR: 中间件切换代理ip
2019-04-04 11:53:43 - middlewares.py[line:135] - ERROR: DNS lookup failed: no results for hostname lookup: www.cq315house.com.
2019-04-04 11:53:43 - middlewares.py[line:134] - ERROR: 中间件切换代理ip
2019-04-04 11:53:43 - middlewares.py[line:135] - ERROR: DNS lookup failed: no results for hostname lookup: www.cq315house.com.
2019-04-04 11:53:43 - middlewares.py[line:134] - ERROR: 中间件切换代理ip
2019-04-04 11:53:43 - middlewares.py[line:135] - ERROR: DNS lookup failed: no results for hostname lookup: www.cq315house.com.
2019-04-04 11:53:43 - middlewares.py[line:134] - ERROR: 中间件切换代理ip
2019-04-04 11:53:43 - middlewares.py[line:135] - ERROR: DNS lookup failed: no results for hostname lookup: www.cq315house.com.
2019-04-04 11:53:43 - middlewares.py[line:134] - ERROR: 中间件切换代理ip
2019-04-04 11:53:43 - middlewares.py[line:135] - ERROR: DNS lookup failed: no results for hostname lookup: www.cq315house.com.
2019-04-04 11:53:43 - middlewares.py[line:134] - ERROR: 中间件切换代理ip
2019-04-04 11:53:43 - middlewares.py[line:135] - ERROR: DNS lookup failed: no results for hostname lookup: www.cq315house.com.
2019-04-04 11:53:43 - middlewares.py[line:134] - ERROR: 中间件切换代理ip
2019-04-04 11:53:43 - middlewares.py[line:135] - ERROR: DNS lookup failed: no results for hostname lookup: www.cq315house.com.
2019-04-04 11:53:43 - middlewares.py[line:134] - ERROR: 中间件切换代理ip
2019-04-04 11:53:43 - middlewares.py[line:135] - ERROR: DNS lookup failed: no results for hostname lookup: www.cq315house.com.
2019-04-04 11:53:43 - middlewares.py[line:134] - ERROR: 中间件切换代理ip
2019-04-04 11:53:43 - middlewares.py[line:135] - ERROR: DNS lookup failed: no results for hostname lookup: www.cq315house.com.
2019-04-04 11:53:43 - middlewares.py[line:134] - ERROR: 中间件切换代理ip
2019-04-04 11:53:43 - middlewares.py[line:135] - ERROR: DNS lookup failed: no results for hostname lookup: www.cq315house.com.
2019-04-04 11:53:43 - middlewares.py[line:134] - ERROR: 中间件切换代理ip
2019-04-04 11:53:43 - middlewares.py[line:135] - ERROR: DNS lookup failed: no results for hostname lookup: www.cq315house.com.
2019-04-04 11:53:43 - middlewares.py[line:134] - ERROR: 中间件切换代理ip
2019-04-04 11:53:43 - middlewares.py[line:135] - ERROR: DNS lookup failed: no results for hostname lookup: www.cq315house.com.
2019-04-04 11:53:43 - middlewares.py[line:134] - ERROR: 中间件切换代理ip
2019-04-04 11:53:43 - middlewares.py[line:135] - ERROR: DNS lookup failed: no results for hostname lookup: www.cq315house.com.
2019-04-04 11:53:43 - middlewares.py[line:134] - ERROR: 中间件切换代理ip
2019-04-04 11:53:43 - middlewares.py[line:135] - ERROR: DNS lookup failed: no results for hostname lookup: www.cq315house.com.
2019-04-04 11:53:43 - middlewares.py[line:134] - ERROR: 中间件切换代理ip
2019-04-04 11:53:43 - middlewares.py[line:135] - ERROR: DNS lookup failed: no results for hostname lookup: www.cq315house.com.
2019-04-04 11:53:43 - middlewares.py[line:134] - ERROR: 中间件切换代理ip
2019-04-04 11:53:43 - middlewares.py[line:135] - ERROR: DNS lookup failed: no results for hostname lookup: www.cq315house.com.
2019-04-04 11:53:44 - middlewares.py[line:134] - ERROR: 中间件切换代理ip
2019-04-04 11:53:44 - middlewares.py[line:135] - ERROR: DNS lookup failed: no results for hostname lookup: www.cq315house.com.
2019-04-04 11:53:44 - middlewares.py[line:134] - ERROR: 中间件切换代理ip
2019-04-04 11:53:44 - middlewares.py[line:135] - ERROR: DNS lookup failed: no results for hostname lookup: www.cq315house.com.
2019-04-04 11:53:44 - middlewares.py[line:134] - ERROR: 中间件切换代理ip
2019-04-04 11:53:44 - middlewares.py[line:135] - ERROR: DNS lookup failed: no results for hostname lookup: www.cq315house.com.
2019-04-04 11:53:44 - middlewares.py[line:134] - ERROR: 中间件切换代理ip
2019-04-04 11:53:44 - middlewares.py[line:135] - ERROR: DNS lookup failed: no results for hostname lookup: www.cq315house.com.
2019-04-04 11:53:44 - middlewares.py[line:134] - ERROR: 中间件切换代理ip
2019-04-04 11:53:44 - middlewares.py[line:135] - ERROR: DNS lookup failed: no results for hostname lookup: www.cq315house.com.
2019-04-04 11:53:44 - middlewares.py[line:134] - ERROR: 中间件切换代理ip
2019-04-04 11:53:44 - middlewares.py[line:135] - ERROR: DNS lookup failed: no results for hostname lookup: www.cq315house.com.
2019-04-04 11:53:44 - middlewares.py[line:134] - ERROR: 中间件切换代理ip
2019-04-04 11:53:44 - middlewares.py[line:135] - ERROR: DNS lookup failed: no results for hostname lookup: www.cq315house.com.
2019-04-04 11:53:44 - middlewares.py[line:134] - ERROR: 中间件切换代理ip
2019-04-04 11:53:44 - middlewares.py[line:135] - ERROR: DNS lookup failed: no results for hostname lookup: www.cq315house.com.
2019-04-04 11:54:20 - middlewares.py[line:134] - ERROR: 中间件切换代理ip
2019-04-04 11:54:20 - middlewares.py[line:135] - ERROR: DNS lookup failed: no results for hostname lookup: www.cq315house.com.
2019-04-04 13:31:50 - middlewares.py[line:122] - ERROR: 中间件切换代理ip:500
2019-04-04 13:32:26 - middlewares.py[line:122] - ERROR: 中间件切换代理ip:500
2019-04-04 13:32:32 - middlewares.py[line:122] - ERROR: 中间件切换代理ip:500
2019-04-04 13:32:36 - middlewares.py[line:122] - ERROR: 中间件切换代理ip:500
2019-04-04 13:32:39 - middlewares.py[line:122] - ERROR: 中间件切换代理ip:500
2019-04-04 13:32:45 - middlewares.py[line:122] - ERROR: 中间件切换代理ip:500
2019-04-04 13:32:50 - middlewares.py[line:122] - ERROR: 中间件切换代理ip:500
2019-04-04 13:32:51 - middlewares.py[line:145] - WARNING: 数据错误11117
2019-04-04 13:33:03 - middlewares.py[line:122] - ERROR: 中间件切换代理ip:500
2019-04-04 13:33:04 - middlewares.py[line:145] - WARNING: 数据错误11117
2019-04-04 13:34:17 - middlewares.py[line:122] - ERROR: 中间件切换代理ip:500
2019-04-04 13:34:21 - middlewares.py[line:122] - ERROR: 中间件切换代理ip:500
2019-04-04 13:34:24 - middlewares.py[line:122] - ERROR: 中间件切换代理ip:500
2019-04-04 13:34:26 - middlewares.py[line:122] - ERROR: 中间件切换代理ip:500
2019-04-04 13:34:29 - middlewares.py[line:122] - ERROR: 中间件切换代理ip:500
2019-04-04 13:34:35 - middlewares.py[line:122] - ERROR: 中间件切换代理ip:500
2019-04-04 13:34:36 - middlewares.py[line:146] - WARNING: 数据错误11241
2019-04-04 13:35:54 - middlewares.py[line:122] - ERROR: 中间件切换代理ip:500
2019-04-04 13:35:56 - middlewares.py[line:122] - ERROR: 中间件切换代理ip:500
2019-04-04 13:35:58 - middlewares.py[line:122] - ERROR: 中间件切换代理ip:500
2019-04-04 13:36:05 - middlewares.py[line:122] - ERROR: 中间件切换代理ip:500
2019-04-04 13:36:14 - middlewares.py[line:122] - ERROR: 中间件切换代理ip:500
2019-04-04 13:36:26 - middlewares.py[line:122] - ERROR: 中间件切换代理ip:500
2019-04-04 13:36:26 - middlewares.py[line:146] - WARNING: 数据错误11117
