2019-04-19 10:00:17 - middlewares.py[line:143] - ERROR: 涓翠欢浠ｇip
2019-04-19 10:00:17 - middlewares.py[line:144] - ERROR: TCP connection timed out: 10060: 由于连接方在一段时间后没有正确答复或连接的主机没有反应，连接尝试失败。.
2019-04-19 10:52:44 - house.py[line:88] - WARNING: No JSON object could be decoded
2019-04-19 10:52:52 - middlewares.py[line:143] - ERROR: 涓翠欢浠ｇip
2019-04-19 10:52:52 - middlewares.py[line:144] - ERROR: [<twisted.python.failure.Failure twisted.internet.error.ConnectionDone: Connection was closed cleanly.>]
2019-04-19 10:53:57 - middlewares.py[line:143] - ERROR: 涓翠欢浠ｇip
2019-04-19 10:53:57 - middlewares.py[line:144] - ERROR: [<twisted.python.failure.Failure twisted.internet.error.ConnectionDone: Connection was closed cleanly.>]
2019-04-19 11:30:36 - middlewares.py[line:143] - ERROR: 涓翠欢浠ｇip
2019-04-19 11:30:36 - middlewares.py[line:144] - ERROR: TCP connection timed out: 10060: 由于连接方在一段时间后没有正确答复或连接的主机没有反应，连接尝试失败。.
2019-04-19 11:39:25 - middlewares.py[line:143] - ERROR: 涓翠欢浠ｇip
2019-04-19 11:39:25 - middlewares.py[line:144] - ERROR: [<twisted.python.failure.Failure twisted.internet.error.ConnectionDone: Connection was closed cleanly.>]
2019-04-19 11:41:10 - middlewares.py[line:143] - ERROR: 涓翠欢浠ｇip
2019-04-19 11:41:10 - middlewares.py[line:144] - ERROR: [<twisted.python.failure.Failure twisted.internet.error.ConnectionDone: Connection was closed cleanly.>]
2019-04-19 11:41:52 - middlewares.py[line:143] - ERROR: 涓翠欢浠ｇip
2019-04-19 11:41:52 - middlewares.py[line:144] - ERROR: [<twisted.python.failure.Failure twisted.internet.error.ConnectionLost: Connection to the other side was lost in a non-clean fashion.>]
2019-04-19 11:42:13 - middlewares.py[line:143] - ERROR: 涓翠欢浠ｇip
2019-04-19 11:42:13 - middlewares.py[line:144] - ERROR: TCP connection timed out: 10060: 由于连接方在一段时间后没有正确答复或连接的主机没有反应，连接尝试失败。.
2019-04-19 11:42:34 - middlewares.py[line:143] - ERROR: 涓翠欢浠ｇip
2019-04-19 11:42:34 - middlewares.py[line:144] - ERROR: TCP connection timed out: 10060: 由于连接方在一段时间后没有正确答复或连接的主机没有反应，连接尝试失败。.
2019-04-19 11:42:58 - middlewares.py[line:143] - ERROR: 涓翠欢浠ｇip
2019-04-19 11:42:58 - middlewares.py[line:144] - ERROR: [<twisted.python.failure.Failure twisted.internet.error.ConnectionDone: Connection was closed cleanly.>]
2019-04-19 11:44:08 - middlewares.py[line:143] - ERROR: 涓翠欢浠ｇip
2019-04-19 11:44:08 - middlewares.py[line:144] - ERROR: [<twisted.python.failure.Failure twisted.internet.error.ConnectionDone: Connection was closed cleanly.>]
2019-04-19 11:44:33 - middlewares.py[line:143] - ERROR: 涓翠欢浠ｇip
2019-04-19 11:44:33 - middlewares.py[line:144] - ERROR: [<twisted.python.failure.Failure twisted.internet.error.ConnectionDone: Connection was closed cleanly.>]
2019-04-19 11:45:15 - house.py[line:88] - WARNING: No JSON object could be decoded
2019-04-19 11:46:32 - house.py[line:76] - WARNING: 扮垮害涓绛:{u'f_presale_cert': u'\u6e1d\u4f4f\u5efa\u59d4\uff082019\uff09\u9884\u5b57\u7b2c\uff08282\uff09\u53f7', u'blockname': u'3,4\u53f7\u5546\u4e1a,2\u53f7\u5546\u4e1a', u'projectid': u'678131', u'enterprisename': u'\u91cd\u5e86\u8446\u65b9\u623f\u5730\u4ea7\u5f00\u53d1\u6709\u9650\u516c\u53f8', u'location': u'\u91cd\u5e86\u5e02\u5357\u5cb8\u533a\u5357\u576a\u9547\u8857\u9053\u4e8c\u5858\u8def79\u53f7', u'projectname': u'\u4fdd\u5229\u89c2\u5858\u5c0f\u533a\u4fdd\u5229\u89c2\u5858\u4e8c\u671fB1\u7ec4\u56e2', u'counts': u'337', u'buildingid': u'1188825,1190382'}
2019-04-19 11:46:32 - house.py[line:76] - WARNING: 扮垮害涓绛:{u'f_presale_cert': u'\u6e1d\u4f4f\u5efa\u59d4\uff082019\uff09\u9884\u5b57\u7b2c\uff08282\uff09\u53f7', u'blockname': u'3,4\u53f7\u5546\u4e1a,2\u53f7\u5546\u4e1a', u'projectid': u'678131', u'enterprisename': u'\u7a7a\u4e2d', u'location': u'\u91cd\u5e86\u5e02\u5357\u5cb8\u533a\u5357\u576a\u9547\u8857\u9053\u4e8c\u5858\u8def79\u53f7', u'projectname': u'\u4fdd\u5229\u89c2\u5858\u5c0f\u533a\u4fdd\u5229\u89c2\u5858\u4e8c\u671fB1\u7ec4\u56e2', u'counts': u'337', u'buildingid': u'1188825,1190382'}
2019-04-19 11:47:15 - middlewares.py[line:143] - ERROR: 涓翠欢浠ｇip
2019-04-19 11:47:15 - middlewares.py[line:144] - ERROR: TCP connection timed out: 10060: 由于连接方在一段时间后没有正确答复或连接的主机没有反应，连接尝试失败。.
2019-04-19 11:48:11 - middlewares.py[line:143] - ERROR: 涓翠欢浠ｇip
2019-04-19 11:48:11 - middlewares.py[line:144] - ERROR: TCP connection timed out: 10060: 由于连接方在一段时间后没有正确答复或连接的主机没有反应，连接尝试失败。.
2019-04-19 11:50:37 - middlewares.py[line:143] - ERROR: 涓翠欢浠ｇip
2019-04-19 11:50:37 - middlewares.py[line:144] - ERROR: TCP connection timed out: 10060: 由于连接方在一段时间后没有正确答复或连接的主机没有反应，连接尝试失败。.
