2019-02-27 13:16:40,190 - ProxyIPUtil.py[line:156] - INFO: 测试代理IP,切换代理IP:119.29.230.205:80
2019-02-27 13:16:52,788 - ImageRecognitionUtil.py[line:48] - INFO: 图片识别：
2019-02-27 13:16:52,987 - ImageRecognitionUtil.py[line:54] - INFO: 图片识别修正：None
2019-02-27 13:16:53,009 - ImageRecognitionUtil.py[line:62] - INFO: 图片比较识别：None
2019-02-27 13:16:53,043 - ImageRecognitionUtil.py[line:68] - INFO: 成功图片比较：None
2019-02-27 13:16:53,043 - ImageRecognitionUtil.py[line:73] - INFO: 图片识别失败
2019-02-27 13:16:53,043 - ImageRecognitionUtil.py[line:90] - INFO: 验证码:None
2019-02-27 13:16:53,059 - House.py[line:125] - ERROR: Message: no such element: Unable to locate element: {"method":"id","selector":"txtCode"}
  (Session info: headless chrome=71.0.3578.98)
  (Driver info: chromedriver=2.42.591088 (7b2b2dca23cca0862f674758c9a3933e685c27d5),platform=Windows NT 10.0.10240 x86_64)

2019-02-27 13:17:30,493 - ProxyIPUtil.py[line:156] - INFO: 测试代理IP,切换代理IP:183.2.203.24:3128
2019-02-27 13:18:00,579 - ImageRecognitionUtil.py[line:48] - INFO: 图片识别：7+4
2019-02-27 13:18:00,947 - ImageRecognitionUtil.py[line:54] - INFO: 图片识别修正：7+4
2019-02-27 13:18:00,966 - ImageRecognitionUtil.py[line:62] - INFO: 图片比较识别：None
2019-02-27 13:18:00,986 - ImageRecognitionUtil.py[line:68] - INFO: 成功图片比较：7+3
2019-02-27 13:18:00,987 - ImageRecognitionUtil.py[line:90] - INFO: 验证码:7+4
2019-02-27 13:18:53,688 - House.py[line:99] - INFO: thread:0， 2-5：套内单价：0， 套内面积：67.01
2019-02-27 13:19:24,032 - ImageRecognitionUtil.py[line:48] - INFO: 图片识别：6-2
2019-02-27 13:19:24,178 - ImageRecognitionUtil.py[line:54] - INFO: 图片识别修正：None
2019-02-27 13:19:24,198 - ImageRecognitionUtil.py[line:62] - INFO: 图片比较识别：None
2019-02-27 13:19:24,226 - ImageRecognitionUtil.py[line:68] - INFO: 成功图片比较：8-6
2019-02-27 13:19:24,226 - ImageRecognitionUtil.py[line:90] - INFO: 验证码:6-2
2019-02-27 13:19:37,244 - House.py[line:99] - INFO: thread:0， 26-3：套内单价：0， 套内面积：75.17
2019-02-27 13:19:45,658 - ImageRecognitionUtil.py[line:48] - INFO: 图片识别：7-5
2019-02-27 13:19:46,042 - ImageRecognitionUtil.py[line:54] - INFO: 图片识别修正：7-5
2019-02-27 13:19:46,058 - ImageRecognitionUtil.py[line:62] - INFO: 图片比较识别：None
2019-02-27 13:19:46,082 - ImageRecognitionUtil.py[line:68] - INFO: 成功图片比较：8+6
2019-02-27 13:19:46,082 - ImageRecognitionUtil.py[line:90] - INFO: 验证码:7-5
2019-02-27 13:19:55,559 - House.py[line:99] - INFO: thread:0， 9-7：套内单价：0， 套内面积：110.01
2019-02-27 13:20:03,111 - ImageRecognitionUtil.py[line:48] - INFO: 图片识别：None
2019-02-27 13:20:03,296 - ImageRecognitionUtil.py[line:54] - INFO: 图片识别修正：None
2019-02-27 13:20:03,313 - ImageRecognitionUtil.py[line:62] - INFO: 图片比较识别：None
2019-02-27 13:20:03,321 - ImageRecognitionUtil.py[line:68] - INFO: 成功图片比较：2+9
2019-02-27 13:20:03,322 - ImageRecognitionUtil.py[line:90] - INFO: 验证码:2+9
2019-02-27 13:20:13,910 - ImageRecognitionUtil.py[line:48] - INFO: 图片识别：7+6
2019-02-27 13:20:14,289 - ImageRecognitionUtil.py[line:54] - INFO: 图片识别修正：7+6
2019-02-27 13:20:14,306 - ImageRecognitionUtil.py[line:62] - INFO: 图片比较识别：None
2019-02-27 13:20:14,319 - ImageRecognitionUtil.py[line:68] - INFO: 成功图片比较：5+1
2019-02-27 13:20:14,319 - ImageRecognitionUtil.py[line:90] - INFO: 验证码:7+6
2019-02-27 13:20:30,684 - House.py[line:99] - INFO: thread:0， 11-5：套内单价：0， 套内面积：65.91
2019-02-27 13:20:36,617 - ImageRecognitionUtil.py[line:48] - INFO: 图片识别：9-1
2019-02-27 13:20:36,763 - ImageRecognitionUtil.py[line:54] - INFO: 图片识别修正：None
2019-02-27 13:20:36,783 - ImageRecognitionUtil.py[line:62] - INFO: 图片比较识别：None
2019-02-27 13:20:36,819 - ImageRecognitionUtil.py[line:68] - INFO: 成功图片比较：None
2019-02-27 13:20:36,819 - ImageRecognitionUtil.py[line:90] - INFO: 验证码:9-1
2019-02-27 13:20:52,851 - House.py[line:99] - INFO: thread:0， 1-4：套内单价：0， 套内面积：110.01
2019-02-27 13:21:00,770 - ImageRecognitionUtil.py[line:48] - INFO: 图片识别：9+1
2019-02-27 13:21:01,165 - ImageRecognitionUtil.py[line:54] - INFO: 图片识别修正：9+1
2019-02-27 13:21:01,184 - ImageRecognitionUtil.py[line:62] - INFO: 图片比较识别：None
2019-02-27 13:21:01,191 - ImageRecognitionUtil.py[line:68] - INFO: 成功图片比较：3+2
2019-02-27 13:21:01,193 - ImageRecognitionUtil.py[line:90] - INFO: 验证码:9+1
2019-02-27 13:21:12,108 - House.py[line:99] - INFO: thread:0， 19-3：套内单价：0， 套内面积：75.17
2019-02-27 13:21:20,289 - ImageRecognitionUtil.py[line:48] - INFO: 图片识别：4-1
2019-02-27 13:21:20,670 - ImageRecognitionUtil.py[line:54] - INFO: 图片识别修正：4-1
2019-02-27 13:21:20,694 - ImageRecognitionUtil.py[line:62] - INFO: 图片比较识别：None
2019-02-27 13:21:20,703 - ImageRecognitionUtil.py[line:68] - INFO: 成功图片比较：3-1
2019-02-27 13:21:20,703 - ImageRecognitionUtil.py[line:90] - INFO: 验证码:4-1
2019-02-27 13:21:27,948 - House.py[line:99] - INFO: thread:0， 20-8：套内单价：0， 套内面积：67.01
2019-02-27 13:21:36,147 - ImageRecognitionUtil.py[line:48] - INFO: 图片识别：8-7
2019-02-27 13:21:36,299 - ImageRecognitionUtil.py[line:54] - INFO: 图片识别修正：None
2019-02-27 13:21:36,315 - ImageRecognitionUtil.py[line:62] - INFO: 图片比较识别：None
2019-02-27 13:21:36,328 - ImageRecognitionUtil.py[line:68] - INFO: 成功图片比较：4-2
2019-02-27 13:21:36,328 - ImageRecognitionUtil.py[line:90] - INFO: 验证码:8-7
2019-02-27 13:21:39,638 - House.py[line:125] - ERROR: Alert Text: None
Message: unexpected alert open: {Alert text : 访问过于频繁,请三分钟后再试！}
  (Session info: headless chrome=71.0.3578.98)
  (Driver info: chromedriver=2.42.591088 (7b2b2dca23cca0862f674758c9a3933e685c27d5),platform=Windows NT 10.0.10240 x86_64)

2019-02-27 13:22:05,892 - ProxyIPUtil.py[line:156] - INFO: 测试代理IP,切换代理IP:61.145.182.27:53281
2019-02-27 13:22:20,345 - ImageRecognitionUtil.py[line:48] - INFO: 图片识别：None
2019-02-27 13:22:20,492 - ImageRecognitionUtil.py[line:54] - INFO: 图片识别修正：None
2019-02-27 13:22:20,509 - ImageRecognitionUtil.py[line:62] - INFO: 图片比较识别：None
2019-02-27 13:22:20,543 - ImageRecognitionUtil.py[line:68] - INFO: 成功图片比较：None
2019-02-27 13:22:20,543 - ImageRecognitionUtil.py[line:73] - INFO: 图片识别失败
2019-02-27 13:22:20,543 - ImageRecognitionUtil.py[line:90] - INFO: 验证码:None
2019-02-27 13:22:36,421 - House.py[line:125] - ERROR: Message: no such element: Unable to locate element: {"method":"tag name","selector":"img"}
  (Session info: headless chrome=71.0.3578.98)
  (Driver info: chromedriver=2.42.591088 (7b2b2dca23cca0862f674758c9a3933e685c27d5),platform=Windows NT 10.0.10240 x86_64)

2019-02-27 13:22:54,486 - ProxyIPUtil.py[line:156] - INFO: 测试代理IP,切换代理IP:175.102.3.98:8089
2019-02-27 13:23:14,299 - ImageRecognitionUtil.py[line:48] - INFO: 图片识别：7+7
2019-02-27 13:23:14,713 - ImageRecognitionUtil.py[line:54] - INFO: 图片识别修正：None
2019-02-27 13:23:14,730 - ImageRecognitionUtil.py[line:62] - INFO: 图片比较识别：None
2019-02-27 13:23:14,733 - ImageRecognitionUtil.py[line:68] - INFO: 成功图片比较：1+7
2019-02-27 13:23:14,733 - ImageRecognitionUtil.py[line:90] - INFO: 验证码:7+7
2019-02-27 13:23:52,664 - ImageRecognitionUtil.py[line:48] - INFO: 图片识别：6+6
2019-02-27 13:23:52,809 - ImageRecognitionUtil.py[line:54] - INFO: 图片识别修正：None
2019-02-27 13:23:52,831 - ImageRecognitionUtil.py[line:62] - INFO: 图片比较识别：None
2019-02-27 13:23:52,836 - ImageRecognitionUtil.py[line:68] - INFO: 成功图片比较：1-1
2019-02-27 13:23:52,836 - ImageRecognitionUtil.py[line:90] - INFO: 验证码:6+6
2019-02-27 13:24:34,658 - House.py[line:99] - INFO: thread:0， 7-5：套内单价：0， 套内面积：65.91
2019-02-27 13:24:51,500 - ImageRecognitionUtil.py[line:48] - INFO: 图片识别：6-1
2019-02-27 13:24:51,898 - ImageRecognitionUtil.py[line:54] - INFO: 图片识别修正：6-1
2019-02-27 13:24:51,917 - ImageRecognitionUtil.py[line:62] - INFO: 图片比较识别：None
2019-02-27 13:24:51,926 - ImageRecognitionUtil.py[line:68] - INFO: 成功图片比较：3-2
2019-02-27 13:24:51,926 - ImageRecognitionUtil.py[line:90] - INFO: 验证码:6-1
2019-02-27 13:25:13,298 - House.py[line:99] - INFO: thread:0， 13-2：套内单价：0， 套内面积：75.17
2019-02-27 13:25:28,391 - ImageRecognitionUtil.py[line:48] - INFO: 图片识别：3+2
2019-02-27 13:25:28,555 - ImageRecognitionUtil.py[line:54] - INFO: 图片识别修正：None
2019-02-27 13:25:28,572 - ImageRecognitionUtil.py[line:62] - INFO: 图片比较识别：None
2019-02-27 13:25:28,576 - ImageRecognitionUtil.py[line:68] - INFO: 成功图片比较：2+2
2019-02-27 13:25:28,576 - ImageRecognitionUtil.py[line:90] - INFO: 验证码:3+2
2019-02-27 13:25:44,181 - ImageRecognitionUtil.py[line:48] - INFO: 图片识别：6-3
2019-02-27 13:25:44,338 - ImageRecognitionUtil.py[line:54] - INFO: 图片识别修正：None
2019-02-27 13:25:44,351 - ImageRecognitionUtil.py[line:62] - INFO: 图片比较识别：None
2019-02-27 13:25:44,368 - ImageRecognitionUtil.py[line:68] - INFO: 成功图片比较：5-5
2019-02-27 13:25:44,368 - ImageRecognitionUtil.py[line:90] - INFO: 验证码:6-3
2019-02-27 13:26:04,742 - House.py[line:99] - INFO: thread:0， 29-2：套内单价：0， 套内面积：75.17
2019-02-27 13:26:26,451 - ImageRecognitionUtil.py[line:48] - INFO: 图片识别：1+5
2019-02-27 13:26:26,846 - ImageRecognitionUtil.py[line:54] - INFO: 图片识别修正：1+5
2019-02-27 13:26:26,865 - ImageRecognitionUtil.py[line:62] - INFO: 图片比较识别：None
2019-02-27 13:26:26,869 - ImageRecognitionUtil.py[line:68] - INFO: 成功图片比较：2+7
2019-02-27 13:26:26,869 - ImageRecognitionUtil.py[line:90] - INFO: 验证码:1+5
2019-02-27 13:27:14,198 - ImageRecognitionUtil.py[line:48] - INFO: 图片识别：5-3
2019-02-27 13:27:14,572 - ImageRecognitionUtil.py[line:54] - INFO: 图片识别修正：5-3
2019-02-27 13:27:14,589 - ImageRecognitionUtil.py[line:62] - INFO: 图片比较识别：None
2019-02-27 13:27:14,621 - ImageRecognitionUtil.py[line:68] - INFO: 成功图片比较：8-3
2019-02-27 13:27:14,621 - ImageRecognitionUtil.py[line:90] - INFO: 验证码:5-3
2019-02-27 13:27:53,526 - House.py[line:99] - INFO: thread:0， 10-5：套内单价：0， 套内面积：65.91
2019-02-27 13:28:24,085 - ImageRecognitionUtil.py[line:48] - INFO: 图片识别：None
2019-02-27 13:28:24,233 - ImageRecognitionUtil.py[line:54] - INFO: 图片识别修正：None
2019-02-27 13:28:24,250 - ImageRecognitionUtil.py[line:62] - INFO: 图片比较识别：None
2019-02-27 13:28:24,280 - ImageRecognitionUtil.py[line:68] - INFO: 成功图片比较：9+2
2019-02-27 13:28:24,280 - ImageRecognitionUtil.py[line:90] - INFO: 验证码:9+2
2019-02-27 13:28:56,549 - House.py[line:99] - INFO: thread:0， 8-3：套内单价：0， 套内面积：75.17
2019-02-27 13:29:20,553 - ImageRecognitionUtil.py[line:48] - INFO: 图片识别：4+7
2019-02-27 13:29:20,924 - ImageRecognitionUtil.py[line:54] - INFO: 图片识别修正：4+7
2019-02-27 13:29:20,944 - ImageRecognitionUtil.py[line:62] - INFO: 图片比较识别：None
2019-02-27 13:29:20,961 - ImageRecognitionUtil.py[line:68] - INFO: 成功图片比较：5+7
2019-02-27 13:29:20,963 - ImageRecognitionUtil.py[line:90] - INFO: 验证码:4+7
2019-02-27 13:29:48,112 - House.py[line:99] - INFO: thread:0， 31-4：套内单价：0， 套内面积：65.87
2019-02-27 13:30:08,555 - ImageRecognitionUtil.py[line:48] - INFO: 图片识别：2+2
2019-02-27 13:30:08,928 - ImageRecognitionUtil.py[line:54] - INFO: 图片识别修正：2+2
2019-02-27 13:30:08,947 - ImageRecognitionUtil.py[line:62] - INFO: 图片比较识别：None
2019-02-27 13:30:08,950 - ImageRecognitionUtil.py[line:68] - INFO: 成功图片比较：2+3
2019-02-27 13:30:08,951 - ImageRecognitionUtil.py[line:90] - INFO: 验证码:2+2
2019-02-27 13:30:55,963 - ImageRecognitionUtil.py[line:48] - INFO: 图片识别：8+7
2019-02-27 13:30:56,117 - ImageRecognitionUtil.py[line:54] - INFO: 图片识别修正：None
2019-02-27 13:30:56,131 - ImageRecognitionUtil.py[line:62] - INFO: 图片比较识别：None
2019-02-27 13:30:56,135 - ImageRecognitionUtil.py[line:68] - INFO: 成功图片比较：2+2
2019-02-27 13:30:56,135 - ImageRecognitionUtil.py[line:90] - INFO: 验证码:8+7
2019-02-27 13:31:21,960 - House.py[line:99] - INFO: thread:0， 17-4：套内单价：0， 套内面积：65.87
2019-02-27 13:31:38,585 - ImageRecognitionUtil.py[line:48] - INFO: 图片识别：7-2
2019-02-27 13:31:38,970 - ImageRecognitionUtil.py[line:54] - INFO: 图片识别修正：7-2
2019-02-27 13:31:38,990 - ImageRecognitionUtil.py[line:62] - INFO: 图片比较识别：None
2019-02-27 13:31:39,006 - ImageRecognitionUtil.py[line:68] - INFO: 成功图片比较：5-1
2019-02-27 13:31:39,006 - ImageRecognitionUtil.py[line:90] - INFO: 验证码:7-2
2019-02-27 13:32:21,914 - House.py[line:99] - INFO: thread:0， 5-5：套内单价：0， 套内面积：65.91
2019-02-27 13:32:24,865 - House.py[line:125] - ERROR: Message: no such element: Unable to locate element: {"method":"tag name","selector":"img"}
  (Session info: headless chrome=71.0.3578.98)
  (Driver info: chromedriver=2.42.591088 (7b2b2dca23cca0862f674758c9a3933e685c27d5),platform=Windows NT 10.0.10240 x86_64)

2019-02-27 13:32:40,779 - ProxyIPUtil.py[line:156] - INFO: 测试代理IP,切换代理IP:223.85.196.75:9797
2019-02-27 13:32:50,519 - ImageRecognitionUtil.py[line:48] - INFO: 图片识别：6-4
2019-02-27 13:32:50,921 - ImageRecognitionUtil.py[line:54] - INFO: 图片识别修正：6-4
2019-02-27 13:32:50,940 - ImageRecognitionUtil.py[line:62] - INFO: 图片比较识别：None
2019-02-27 13:32:50,970 - ImageRecognitionUtil.py[line:68] - INFO: 成功图片比较：8-5
2019-02-27 13:32:50,970 - ImageRecognitionUtil.py[line:90] - INFO: 验证码:6-4
2019-02-27 13:32:57,622 - House.py[line:99] - INFO: thread:0， 31-7：套内单价：0， 套内面积：110.01
2019-02-27 13:33:03,516 - ImageRecognitionUtil.py[line:48] - INFO: 图片识别：4+2
2019-02-27 13:33:03,892 - ImageRecognitionUtil.py[line:54] - INFO: 图片识别修正：4+2
2019-02-27 13:33:03,910 - ImageRecognitionUtil.py[line:62] - INFO: 图片比较识别：None
2019-02-27 13:33:03,915 - ImageRecognitionUtil.py[line:68] - INFO: 成功图片比较：2+6
2019-02-27 13:33:03,915 - ImageRecognitionUtil.py[line:90] - INFO: 验证码:4+2
2019-02-27 13:33:11,548 - House.py[line:99] - INFO: thread:0， 11-6(跃2)：套内单价：0， 套内面积：45.45
2019-02-27 13:33:17,720 - ImageRecognitionUtil.py[line:48] - INFO: 图片识别：2+7
2019-02-27 13:33:17,861 - ImageRecognitionUtil.py[line:54] - INFO: 图片识别修正：2+8
2019-02-27 13:33:17,878 - ImageRecognitionUtil.py[line:62] - INFO: 图片比较识别：None
2019-02-27 13:33:17,891 - ImageRecognitionUtil.py[line:68] - INFO: 成功图片比较：5+9
2019-02-27 13:33:17,892 - ImageRecognitionUtil.py[line:90] - INFO: 验证码:2+8
2019-02-27 13:33:26,447 - House.py[line:99] - INFO: thread:0， 13-6(跃2)：套内单价：0， 套内面积：45.45
2019-02-27 13:33:32,230 - ImageRecognitionUtil.py[line:48] - INFO: 图片识别：6-3
2019-02-27 13:33:32,384 - ImageRecognitionUtil.py[line:54] - INFO: 图片识别修正：None
2019-02-27 13:33:32,400 - ImageRecognitionUtil.py[line:62] - INFO: 图片比较识别：None
2019-02-27 13:33:32,420 - ImageRecognitionUtil.py[line:68] - INFO: 成功图片比较：6-5
2019-02-27 13:33:32,421 - ImageRecognitionUtil.py[line:90] - INFO: 验证码:6-3
2019-02-27 13:33:33,808 - House.py[line:125] - ERROR: Alert Text: None
Message: unexpected alert open: {Alert text : 访问过于频繁,请三分钟后再试！}
  (Session info: headless chrome=71.0.3578.98)
  (Driver info: chromedriver=2.42.591088 (7b2b2dca23cca0862f674758c9a3933e685c27d5),platform=Windows NT 10.0.10240 x86_64)

2019-02-27 13:33:35,094 - ProxyIPUtil.py[line:156] - INFO: 测试代理IP,切换代理IP:119.27.170.46:8888
2019-02-27 13:33:40,811 - House.py[line:125] - ERROR: Message: no such element: Unable to locate element: {"method":"tag name","selector":"img"}
  (Session info: headless chrome=71.0.3578.98)
  (Driver info: chromedriver=2.42.591088 (7b2b2dca23cca0862f674758c9a3933e685c27d5),platform=Windows NT 10.0.10240 x86_64)

2019-02-27 13:34:48,729 - ProxyIPUtil.py[line:156] - INFO: 测试代理IP,切换代理IP:219.245.3.4:3128
2019-02-27 13:35:23,868 - ImageRecognitionUtil.py[line:48] - INFO: 图片识别：8+5
2019-02-27 13:35:24,233 - ImageRecognitionUtil.py[line:54] - INFO: 图片识别修正：5+5
2019-02-27 13:35:24,247 - ImageRecognitionUtil.py[line:62] - INFO: 图片比较识别：None
2019-02-27 13:35:24,269 - ImageRecognitionUtil.py[line:68] - INFO: 成功图片比较：7+9
2019-02-27 13:35:24,269 - ImageRecognitionUtil.py[line:90] - INFO: 验证码:5+5
2019-02-27 13:36:25,105 - House.py[line:99] - INFO: thread:0， 15-6(跃2)：套内单价：0， 套内面积：45.45
2019-02-27 13:36:57,115 - ImageRecognitionUtil.py[line:48] - INFO: 图片识别：6+5
2019-02-27 13:36:57,499 - ImageRecognitionUtil.py[line:54] - INFO: 图片识别修正：6+5
2019-02-27 13:36:57,516 - ImageRecognitionUtil.py[line:62] - INFO: 图片比较识别：None
2019-02-27 13:36:57,519 - ImageRecognitionUtil.py[line:68] - INFO: 成功图片比较：2+6
2019-02-27 13:36:57,519 - ImageRecognitionUtil.py[line:90] - INFO: 验证码:6+5
2019-02-27 13:37:39,062 - House.py[line:99] - INFO: thread:0， 6-3：套内单价：0， 套内面积：75.17
2019-02-27 13:38:07,611 - ImageRecognitionUtil.py[line:48] - INFO: 图片识别：None
2019-02-27 13:38:07,762 - ImageRecognitionUtil.py[line:54] - INFO: 图片识别修正：None
2019-02-27 13:38:07,780 - ImageRecognitionUtil.py[line:62] - INFO: 图片比较识别：None
2019-02-27 13:38:07,808 - ImageRecognitionUtil.py[line:68] - INFO: 成功图片比较：8+7
2019-02-27 13:38:07,808 - ImageRecognitionUtil.py[line:90] - INFO: 验证码:8+7
2019-02-27 13:39:17,923 - ImageRecognitionUtil.py[line:48] - INFO: 图片识别：7+4
2019-02-27 13:39:18,298 - ImageRecognitionUtil.py[line:54] - INFO: 图片识别修正：7+4
2019-02-27 13:39:18,315 - ImageRecognitionUtil.py[line:62] - INFO: 图片比较识别：None
2019-02-27 13:39:18,325 - ImageRecognitionUtil.py[line:68] - INFO: 成功图片比较：4+1
2019-02-27 13:39:18,326 - ImageRecognitionUtil.py[line:90] - INFO: 验证码:7+4
2019-02-27 13:40:09,430 - House.py[line:99] - INFO: thread:0， 28-8：套内单价：0， 套内面积：67.01
2019-02-27 13:40:34,279 - ImageRecognitionUtil.py[line:48] - INFO: 图片识别：8-5
2019-02-27 13:40:34,427 - ImageRecognitionUtil.py[line:54] - INFO: 图片识别修正：None
2019-02-27 13:40:34,447 - ImageRecognitionUtil.py[line:62] - INFO: 图片比较识别：None
2019-02-27 13:40:34,467 - ImageRecognitionUtil.py[line:68] - INFO: 成功图片比较：6-2
2019-02-27 13:40:34,469 - ImageRecognitionUtil.py[line:90] - INFO: 验证码:8-5
2019-02-27 13:41:26,295 - House.py[line:99] - INFO: thread:0， 10-2：套内单价：0， 套内面积：75.17
2019-02-27 13:41:54,931 - ImageRecognitionUtil.py[line:48] - INFO: 图片识别：3+8
2019-02-27 13:41:55,096 - ImageRecognitionUtil.py[line:54] - INFO: 图片识别修正：3+8
2019-02-27 13:41:55,114 - ImageRecognitionUtil.py[line:62] - INFO: 图片比较识别：None
2019-02-27 13:41:55,119 - ImageRecognitionUtil.py[line:68] - INFO: 成功图片比较：2+6
2019-02-27 13:41:55,119 - ImageRecognitionUtil.py[line:90] - INFO: 验证码:3+8
2019-02-27 13:42:19,984 - House.py[line:99] - INFO: thread:0， 9-2：套内单价：0， 套内面积：75.17
2019-02-27 13:42:48,578 - ImageRecognitionUtil.py[line:48] - INFO: 图片识别：None
2019-02-27 13:42:48,753 - ImageRecognitionUtil.py[line:54] - INFO: 图片识别修正：None
2019-02-27 13:42:48,776 - ImageRecognitionUtil.py[line:62] - INFO: 图片比较识别：None
2019-02-27 13:42:48,815 - ImageRecognitionUtil.py[line:68] - INFO: 成功图片比较：9-9
2019-02-27 13:42:48,815 - ImageRecognitionUtil.py[line:90] - INFO: 验证码:9-9
2019-02-27 13:43:30,802 - ImageRecognitionUtil.py[line:48] - INFO: 图片识别：None
2019-02-27 13:43:30,960 - ImageRecognitionUtil.py[line:54] - INFO: 图片识别修正：None
2019-02-27 13:43:30,974 - ImageRecognitionUtil.py[line:62] - INFO: 图片比较识别：None
2019-02-27 13:43:30,990 - ImageRecognitionUtil.py[line:68] - INFO: 成功图片比较：5+6
2019-02-27 13:43:30,990 - ImageRecognitionUtil.py[line:90] - INFO: 验证码:5+6
2019-02-27 13:44:02,098 - House.py[line:99] - INFO: thread:0， 15-4：套内单价：0， 套内面积：65.87
2019-02-27 13:44:21,101 - ImageRecognitionUtil.py[line:48] - INFO: 图片识别：7+5
2019-02-27 13:44:21,470 - ImageRecognitionUtil.py[line:54] - INFO: 图片识别修正：7+5
2019-02-27 13:44:21,486 - ImageRecognitionUtil.py[line:62] - INFO: 图片比较识别：None
2019-02-27 13:44:21,503 - ImageRecognitionUtil.py[line:68] - INFO: 成功图片比较：6+1
2019-02-27 13:44:21,503 - ImageRecognitionUtil.py[line:90] - INFO: 验证码:7+5
2019-02-27 13:44:48,696 - House.py[line:99] - INFO: thread:0， 23-2：套内单价：0， 套内面积：75.17
2019-02-27 13:45:08,391 - ImageRecognitionUtil.py[line:48] - INFO: 图片识别：3-2
2019-02-27 13:45:08,809 - ImageRecognitionUtil.py[line:54] - INFO: 图片识别修正：3-2
2019-02-27 13:45:08,831 - ImageRecognitionUtil.py[line:62] - INFO: 图片比较识别：None
2019-02-27 13:45:08,865 - ImageRecognitionUtil.py[line:68] - INFO: 成功图片比较：None
2019-02-27 13:45:08,867 - ImageRecognitionUtil.py[line:90] - INFO: 验证码:3-2
2019-02-27 13:45:30,361 - House.py[line:99] - INFO: thread:0， 31-2：套内单价：0， 套内面积：75.17
2019-02-27 13:45:59,280 - ImageRecognitionUtil.py[line:48] - INFO: 图片识别：9-3
2019-02-27 13:45:59,457 - ImageRecognitionUtil.py[line:54] - INFO: 图片识别修正：None
2019-02-27 13:45:59,474 - ImageRecognitionUtil.py[line:62] - INFO: 图片比较识别：None
2019-02-27 13:45:59,515 - ImageRecognitionUtil.py[line:68] - INFO: 成功图片比较：None
2019-02-27 13:45:59,516 - ImageRecognitionUtil.py[line:90] - INFO: 验证码:9-3
2019-02-27 13:46:31,934 - House.py[line:99] - INFO: thread:0， 14-4：套内单价：0， 套内面积：65.87
2019-02-27 13:46:54,378 - ImageRecognitionUtil.py[line:48] - INFO: 图片识别：None
2019-02-27 13:46:54,546 - ImageRecognitionUtil.py[line:54] - INFO: 图片识别修正：None
2019-02-27 13:46:54,565 - ImageRecognitionUtil.py[line:62] - INFO: 图片比较识别：None
2019-02-27 13:46:54,599 - ImageRecognitionUtil.py[line:68] - INFO: 成功图片比较：9-6
2019-02-27 13:46:54,599 - ImageRecognitionUtil.py[line:90] - INFO: 验证码:9-6
2019-02-27 13:47:26,667 - ImageRecognitionUtil.py[line:48] - INFO: 图片识别：4-1
2019-02-27 13:47:27,122 - ImageRecognitionUtil.py[line:54] - INFO: 图片识别修正：4-1
2019-02-27 13:47:27,144 - ImageRecognitionUtil.py[line:62] - INFO: 图片比较识别：None
2019-02-27 13:47:27,174 - ImageRecognitionUtil.py[line:68] - INFO: 成功图片比较：8+6
2019-02-27 13:47:27,174 - ImageRecognitionUtil.py[line:90] - INFO: 验证码:4-1
2019-02-27 13:47:49,105 - House.py[line:99] - INFO: thread:0， 8-2：套内单价：0， 套内面积：75.17
2019-02-27 13:48:12,796 - House.py[line:125] - ERROR: Message: no such element: Unable to locate element: {"method":"tag name","selector":"img"}
  (Session info: headless chrome=71.0.3578.98)
  (Driver info: chromedriver=2.42.591088 (7b2b2dca23cca0862f674758c9a3933e685c27d5),platform=Windows NT 10.0.10240 x86_64)

2019-02-27 13:49:11,806 - ProxyIPUtil.py[line:156] - INFO: 测试代理IP,切换代理IP:113.200.214.164:9999
2019-02-27 13:49:20,618 - ImageRecognitionUtil.py[line:48] - INFO: 图片识别：8-5
2019-02-27 13:49:20,762 - ImageRecognitionUtil.py[line:54] - INFO: 图片识别修正：None
2019-02-27 13:49:20,778 - ImageRecognitionUtil.py[line:62] - INFO: 图片比较识别：None
2019-02-27 13:49:20,811 - ImageRecognitionUtil.py[line:68] - INFO: 成功图片比较：9-4
2019-02-27 13:49:20,811 - ImageRecognitionUtil.py[line:90] - INFO: 验证码:8-5
2019-02-27 13:49:28,221 - House.py[line:99] - INFO: thread:0， 16-4：套内单价：0， 套内面积：65.87
2019-02-27 13:49:33,865 - ImageRecognitionUtil.py[line:48] - INFO: 图片识别：9-6
2019-02-27 13:49:34,029 - ImageRecognitionUtil.py[line:54] - INFO: 图片识别修正：None
2019-02-27 13:49:34,051 - ImageRecognitionUtil.py[line:62] - INFO: 图片比较识别：None
2019-02-27 13:49:34,088 - ImageRecognitionUtil.py[line:68] - INFO: 成功图片比较：None
2019-02-27 13:49:34,088 - ImageRecognitionUtil.py[line:90] - INFO: 验证码:9-6
2019-02-27 13:49:40,750 - House.py[line:99] - INFO: thread:0， 18-4：套内单价：0， 套内面积：65.87
2019-02-27 13:49:46,897 - ImageRecognitionUtil.py[line:48] - INFO: 图片识别：None
2019-02-27 13:49:47,065 - ImageRecognitionUtil.py[line:54] - INFO: 图片识别修正：None
2019-02-27 13:49:47,085 - ImageRecognitionUtil.py[line:62] - INFO: 图片比较识别：None
2019-02-27 13:49:47,089 - ImageRecognitionUtil.py[line:68] - INFO: 成功图片比较：2+9
2019-02-27 13:49:47,089 - ImageRecognitionUtil.py[line:90] - INFO: 验证码:2+9
2019-02-27 13:49:53,680 - ImageRecognitionUtil.py[line:48] - INFO: 图片识别：9-8
2019-02-27 13:49:53,848 - ImageRecognitionUtil.py[line:54] - INFO: 图片识别修正：None
2019-02-27 13:49:53,869 - ImageRecognitionUtil.py[line:62] - INFO: 图片比较识别：None
2019-02-27 13:49:53,900 - ImageRecognitionUtil.py[line:68] - INFO: 成功图片比较：8-4
2019-02-27 13:49:53,900 - ImageRecognitionUtil.py[line:90] - INFO: 验证码:9-8
2019-02-27 13:50:00,266 - House.py[line:99] - INFO: thread:0， 7-6(跃2)：套内单价：0， 套内面积：45.45
2019-02-27 13:50:06,446 - ImageRecognitionUtil.py[line:48] - INFO: 图片识别：9+1
2019-02-27 13:50:06,611 - ImageRecognitionUtil.py[line:54] - INFO: 图片识别修正：None
2019-02-27 13:50:06,631 - ImageRecognitionUtil.py[line:62] - INFO: 图片比较识别：None
2019-02-27 13:50:06,638 - ImageRecognitionUtil.py[line:68] - INFO: 成功图片比较：3+2
2019-02-27 13:50:06,638 - ImageRecognitionUtil.py[line:90] - INFO: 验证码:9+1
2019-02-27 13:50:13,303 - ImageRecognitionUtil.py[line:48] - INFO: 图片识别：2+1
2019-02-27 13:50:13,710 - ImageRecognitionUtil.py[line:54] - INFO: 图片识别修正：2+1
2019-02-27 13:50:13,730 - ImageRecognitionUtil.py[line:62] - INFO: 图片比较识别：None
2019-02-27 13:50:13,765 - ImageRecognitionUtil.py[line:68] - INFO: 成功图片比较：None
2019-02-27 13:50:13,766 - ImageRecognitionUtil.py[line:90] - INFO: 验证码:2+1
2019-02-27 13:50:20,835 - House.py[line:99] - INFO: thread:0， 19-4：套内单价：0， 套内面积：65.87
2019-02-27 13:50:27,089 - ImageRecognitionUtil.py[line:48] - INFO: 图片识别：6-2
2019-02-27 13:50:27,243 - ImageRecognitionUtil.py[line:54] - INFO: 图片识别修正：None
2019-02-27 13:50:27,263 - ImageRecognitionUtil.py[line:62] - INFO: 图片比较识别：None
2019-02-27 13:50:27,282 - ImageRecognitionUtil.py[line:68] - INFO: 成功图片比较：6-2
2019-02-27 13:50:27,282 - ImageRecognitionUtil.py[line:90] - INFO: 验证码:6-2
2019-02-27 13:50:29,424 - House.py[line:125] - ERROR: Alert Text: None
Message: unexpected alert open: {Alert text : 访问过于频繁,请三分钟后再试！}
  (Session info: headless chrome=71.0.3578.98)
  (Driver info: chromedriver=2.42.591088 (7b2b2dca23cca0862f674758c9a3933e685c27d5),platform=Windows NT 10.0.10240 x86_64)

2019-02-27 13:50:30,703 - ProxyIPUtil.py[line:156] - INFO: 测试代理IP,切换代理IP:180.168.179.193:8080
2019-02-27 13:50:41,282 - ImageRecognitionUtil.py[line:48] - INFO: 图片识别：None
2019-02-27 13:50:41,427 - ImageRecognitionUtil.py[line:54] - INFO: 图片识别修正：None
2019-02-27 13:50:41,446 - ImageRecognitionUtil.py[line:62] - INFO: 图片比较识别：None
2019-02-27 13:50:41,480 - ImageRecognitionUtil.py[line:68] - INFO: 成功图片比较：None
2019-02-27 13:50:41,480 - ImageRecognitionUtil.py[line:73] - INFO: 图片识别失败
2019-02-27 13:50:41,480 - ImageRecognitionUtil.py[line:90] - INFO: 验证码:None
2019-02-27 13:50:41,502 - House.py[line:125] - ERROR: Message: no such element: Unable to locate element: {"method":"id","selector":"txtCode"}
  (Session info: headless chrome=71.0.3578.98)
  (Driver info: chromedriver=2.42.591088 (7b2b2dca23cca0862f674758c9a3933e685c27d5),platform=Windows NT 10.0.10240 x86_64)

2019-02-27 13:52:47,542 - ProxyIPUtil.py[line:156] - INFO: 测试代理IP,切换代理IP:223.223.187.195:80
2019-02-27 13:52:57,986 - ImageRecognitionUtil.py[line:48] - INFO: 图片识别：7-5
2019-02-27 13:52:58,371 - ImageRecognitionUtil.py[line:54] - INFO: 图片识别修正：7-5
2019-02-27 13:52:58,387 - ImageRecognitionUtil.py[line:62] - INFO: 图片比较识别：None
2019-02-27 13:52:58,414 - ImageRecognitionUtil.py[line:68] - INFO: 成功图片比较：8+9
2019-02-27 13:52:58,414 - ImageRecognitionUtil.py[line:90] - INFO: 验证码:7-5
2019-02-27 13:53:09,986 - House.py[line:99] - INFO: thread:0， 23-4：套内单价：0， 套内面积：65.87
2019-02-27 13:53:16,726 - ImageRecognitionUtil.py[line:48] - INFO: 图片识别：8-8
2019-02-27 13:53:16,874 - ImageRecognitionUtil.py[line:54] - INFO: 图片识别修正：5-8
2019-02-27 13:53:16,891 - ImageRecognitionUtil.py[line:62] - INFO: 图片比较识别：None
2019-02-27 13:53:16,897 - ImageRecognitionUtil.py[line:68] - INFO: 成功图片比较：2+8
2019-02-27 13:53:16,897 - ImageRecognitionUtil.py[line:90] - INFO: 验证码:8-8
2019-02-27 13:53:25,665 - ImageRecognitionUtil.py[line:48] - INFO: 图片识别：None
2019-02-27 13:53:26,053 - ImageRecognitionUtil.py[line:54] - INFO: 图片识别修正：None
2019-02-27 13:53:26,072 - ImageRecognitionUtil.py[line:62] - INFO: 图片比较识别：None
2019-02-27 13:53:26,108 - ImageRecognitionUtil.py[line:68] - INFO: 成功图片比较：None
2019-02-27 13:53:26,108 - ImageRecognitionUtil.py[line:73] - INFO: 图片识别失败
2019-02-27 13:53:26,108 - ImageRecognitionUtil.py[line:90] - INFO: 验证码:None
2019-02-27 13:53:33,273 - ImageRecognitionUtil.py[line:48] - INFO: 图片识别：6-3
2019-02-27 13:53:33,438 - ImageRecognitionUtil.py[line:54] - INFO: 图片识别修正：None
2019-02-27 13:53:33,454 - ImageRecognitionUtil.py[line:62] - INFO: 图片比较识别：None
2019-02-27 13:53:33,471 - ImageRecognitionUtil.py[line:68] - INFO: 成功图片比较：5-5
2019-02-27 13:53:33,471 - ImageRecognitionUtil.py[line:90] - INFO: 验证码:6-3
2019-02-27 13:54:29,714 - House.py[line:99] - INFO: thread:0， 26-4：套内单价：0， 套内面积：65.87
2019-02-27 13:54:42,828 - ImageRecognitionUtil.py[line:48] - INFO: 图片识别：9+3
2019-02-27 13:54:43,023 - ImageRecognitionUtil.py[line:54] - INFO: 图片识别修正：None
2019-02-27 13:54:43,040 - ImageRecognitionUtil.py[line:62] - INFO: 图片比较识别：None
2019-02-27 13:54:43,072 - ImageRecognitionUtil.py[line:68] - INFO: 成功图片比较：9+3
2019-02-27 13:54:43,072 - ImageRecognitionUtil.py[line:90] - INFO: 验证码:9+3
2019-02-27 13:54:49,039 - House.py[line:99] - INFO: thread:0， 33-4：套内单价：0， 套内面积：65.87
2019-02-27 13:56:30,960 - ImageRecognitionUtil.py[line:48] - INFO: 图片识别：
2019-02-27 13:56:31,128 - ImageRecognitionUtil.py[line:54] - INFO: 图片识别修正：None
2019-02-27 13:56:31,150 - ImageRecognitionUtil.py[line:62] - INFO: 图片比较识别：None
2019-02-27 13:56:31,187 - ImageRecognitionUtil.py[line:68] - INFO: 成功图片比较：None
2019-02-27 13:56:31,187 - ImageRecognitionUtil.py[line:73] - INFO: 图片识别失败
2019-02-27 13:56:31,187 - ImageRecognitionUtil.py[line:90] - INFO: 验证码:None
2019-02-27 13:57:32,871 - ImageRecognitionUtil.py[line:48] - INFO: 图片识别：None
2019-02-27 13:57:33,177 - ImageRecognitionUtil.py[line:54] - INFO: 图片识别修正：None
2019-02-27 13:57:33,197 - ImageRecognitionUtil.py[line:62] - INFO: 图片比较识别：None
2019-02-27 13:57:33,211 - ImageRecognitionUtil.py[line:68] - INFO: 成功图片比较：5+6
2019-02-27 13:57:33,211 - ImageRecognitionUtil.py[line:90] - INFO: 验证码:5+6
2019-02-27 13:57:43,141 - House.py[line:99] - INFO: thread:0， 24-3：套内单价：0， 套内面积：75.17
2019-02-27 13:57:59,252 - ImageRecognitionUtil.py[line:48] - INFO: 图片识别：5+5
2019-02-27 13:57:59,630 - ImageRecognitionUtil.py[line:54] - INFO: 图片识别修正：5+5
2019-02-27 13:57:59,648 - ImageRecognitionUtil.py[line:62] - INFO: 图片比较识别：None
2019-02-27 13:57:59,653 - ImageRecognitionUtil.py[line:68] - INFO: 成功图片比较：2+8
2019-02-27 13:57:59,654 - ImageRecognitionUtil.py[line:90] - INFO: 验证码:5+5
2019-02-27 13:58:05,532 - House.py[line:99] - INFO: thread:0， 27-3：套内单价：0， 套内面积：75.17
2019-02-27 13:58:17,898 - ImageRecognitionUtil.py[line:48] - INFO: 图片识别：None
2019-02-27 13:58:18,289 - ImageRecognitionUtil.py[line:54] - INFO: 图片识别修正：None
2019-02-27 13:58:18,309 - ImageRecognitionUtil.py[line:62] - INFO: 图片比较识别：None
2019-02-27 13:58:18,329 - ImageRecognitionUtil.py[line:68] - INFO: 成功图片比较：7+3
2019-02-27 13:58:18,329 - ImageRecognitionUtil.py[line:90] - INFO: 验证码:7+3
2019-02-27 13:58:37,230 - ImageRecognitionUtil.py[line:48] - INFO: 图片识别：8-7
2019-02-27 13:58:37,407 - ImageRecognitionUtil.py[line:54] - INFO: 图片识别修正：None
2019-02-27 13:58:37,423 - ImageRecognitionUtil.py[line:62] - INFO: 图片比较识别：None
2019-02-27 13:58:37,447 - ImageRecognitionUtil.py[line:68] - INFO: 成功图片比较：7-5
2019-02-27 13:58:37,447 - ImageRecognitionUtil.py[line:90] - INFO: 验证码:8-7
2019-02-27 13:59:30,279 - House.py[line:99] - INFO: thread:0， 31-3：套内单价：0， 套内面积：75.17
2019-02-27 13:59:41,641 - ImageRecognitionUtil.py[line:48] - INFO: 图片识别：8-7
2019-02-27 13:59:41,842 - ImageRecognitionUtil.py[line:54] - INFO: 图片识别修正：None
2019-02-27 13:59:41,874 - ImageRecognitionUtil.py[line:62] - INFO: 图片比较识别：None
2019-02-27 13:59:41,918 - ImageRecognitionUtil.py[line:68] - INFO: 成功图片比较：None
2019-02-27 13:59:41,918 - ImageRecognitionUtil.py[line:90] - INFO: 验证码:8-7
2019-02-27 14:00:34,602 - House.py[line:125] - ERROR: Alert Text: None
Message: unexpected alert open: {Alert text : 无效的验证，请重新打开本页}
  (Session info: headless chrome=71.0.3578.98)
  (Driver info: chromedriver=2.42.591088 (7b2b2dca23cca0862f674758c9a3933e685c27d5),platform=Windows NT 10.0.10240 x86_64)

2019-02-27 14:01:31,500 - ProxyIPUtil.py[line:156] - INFO: 测试代理IP,切换代理IP:222.221.11.119:3128
2019-02-27 14:02:01,747 - ImageRecognitionUtil.py[line:48] - INFO: 图片识别：5+1
2019-02-27 14:02:02,134 - ImageRecognitionUtil.py[line:54] - INFO: 图片识别修正：5+1
2019-02-27 14:02:02,151 - ImageRecognitionUtil.py[line:62] - INFO: 图片比较识别：None
2019-02-27 14:02:02,157 - ImageRecognitionUtil.py[line:68] - INFO: 成功图片比较：2+7
2019-02-27 14:02:02,157 - ImageRecognitionUtil.py[line:90] - INFO: 验证码:5+1
2019-02-27 14:02:34,338 - House.py[line:99] - INFO: thread:0， 32-3：套内单价：0， 套内面积：75.17
2019-02-27 14:02:52,096 - ImageRecognitionUtil.py[line:48] - INFO: 图片识别：None
2019-02-27 14:02:52,496 - ImageRecognitionUtil.py[line:54] - INFO: 图片识别修正：None
2019-02-27 14:02:52,515 - ImageRecognitionUtil.py[line:62] - INFO: 图片比较识别：None
2019-02-27 14:02:52,525 - ImageRecognitionUtil.py[line:68] - INFO: 成功图片比较：3+9
2019-02-27 14:02:52,526 - ImageRecognitionUtil.py[line:90] - INFO: 验证码:3+9
2019-02-27 14:03:40,921 - ImageRecognitionUtil.py[line:48] - INFO: 图片识别：6-4
2019-02-27 14:03:41,322 - ImageRecognitionUtil.py[line:54] - INFO: 图片识别修正：6-4
2019-02-27 14:03:41,338 - ImageRecognitionUtil.py[line:62] - INFO: 图片比较识别：None
2019-02-27 14:03:41,355 - ImageRecognitionUtil.py[line:68] - INFO: 成功图片比较：5-5
2019-02-27 14:03:41,355 - ImageRecognitionUtil.py[line:90] - INFO: 验证码:6-4
2019-02-27 14:04:33,959 - House.py[line:99] - INFO: thread:0， 3-5：套内单价：0， 套内面积：65.91
2019-02-27 14:05:08,697 - ImageRecognitionUtil.py[line:48] - INFO: 图片识别：8-7
2019-02-27 14:05:08,865 - ImageRecognitionUtil.py[line:54] - INFO: 图片识别修正：None
2019-02-27 14:05:08,887 - ImageRecognitionUtil.py[line:62] - INFO: 图片比较识别：None
2019-02-27 14:05:08,904 - ImageRecognitionUtil.py[line:68] - INFO: 成功图片比较：5-2
2019-02-27 14:05:08,904 - ImageRecognitionUtil.py[line:90] - INFO: 验证码:8-7
2019-02-27 14:05:50,881 - House.py[line:99] - INFO: thread:0， 5-6(跃2)：套内单价：0， 套内面积：45.45
2019-02-27 14:06:34,711 - ImageRecognitionUtil.py[line:48] - INFO: 图片识别：3+2
2019-02-27 14:06:35,108 - ImageRecognitionUtil.py[line:54] - INFO: 图片识别修正：3+2
2019-02-27 14:06:35,127 - ImageRecognitionUtil.py[line:62] - INFO: 图片比较识别：None
2019-02-27 14:06:35,128 - ImageRecognitionUtil.py[line:68] - INFO: 成功图片比较：1+6
2019-02-27 14:06:35,130 - ImageRecognitionUtil.py[line:90] - INFO: 验证码:3+2
2019-02-27 14:07:46,375 - House.py[line:99] - INFO: thread:0， 31-6(跃2)：套内单价：0， 套内面积：45.45
2019-02-27 14:08:10,335 - House.py[line:125] - ERROR: Message: no such element: Unable to locate element: {"method":"tag name","selector":"img"}
  (Session info: headless chrome=71.0.3578.98)
  (Driver info: chromedriver=2.42.591088 (7b2b2dca23cca0862f674758c9a3933e685c27d5),platform=Windows NT 10.0.10240 x86_64)

2019-02-27 14:08:27,311 - ProxyIPUtil.py[line:156] - INFO: 测试代理IP,切换代理IP:119.57.108.109:53281
2019-02-27 14:08:57,344 - ImageRecognitionUtil.py[line:48] - INFO: 图片识别：
2019-02-27 14:08:57,506 - ImageRecognitionUtil.py[line:54] - INFO: 图片识别修正：None
2019-02-27 14:08:57,525 - ImageRecognitionUtil.py[line:62] - INFO: 图片比较识别：None
2019-02-27 14:08:57,575 - ImageRecognitionUtil.py[line:68] - INFO: 成功图片比较：None
2019-02-27 14:08:57,575 - ImageRecognitionUtil.py[line:73] - INFO: 图片识别失败
2019-02-27 14:08:57,575 - ImageRecognitionUtil.py[line:90] - INFO: 验证码:None
2019-02-27 14:09:30,552 - House.py[line:125] - ERROR: Message: no such element: Unable to locate element: {"method":"tag name","selector":"img"}
  (Session info: headless chrome=71.0.3578.98)
  (Driver info: chromedriver=2.42.591088 (7b2b2dca23cca0862f674758c9a3933e685c27d5),platform=Windows NT 10.0.10240 x86_64)

2019-02-27 14:10:03,480 - ProxyIPUtil.py[line:156] - INFO: 测试代理IP,切换代理IP:112.74.207.50:3128
2019-02-27 14:10:32,081 - ImageRecognitionUtil.py[line:48] - INFO: 图片识别：8-3
2019-02-27 14:10:32,253 - ImageRecognitionUtil.py[line:54] - INFO: 图片识别修正：None
2019-02-27 14:10:32,267 - ImageRecognitionUtil.py[line:62] - INFO: 图片比较识别：None
2019-02-27 14:10:32,302 - ImageRecognitionUtil.py[line:68] - INFO: 成功图片比较：None
2019-02-27 14:10:32,303 - ImageRecognitionUtil.py[line:90] - INFO: 验证码:8-3
2019-02-27 14:15:32,477 - House.py[line:125] - ERROR: Message: timeout
  (Session info: headless chrome=71.0.3578.98)
  (Driver info: chromedriver=2.42.591088 (7b2b2dca23cca0862f674758c9a3933e685c27d5),platform=Windows NT 10.0.10240 x86_64)

2019-02-27 14:16:18,867 - ProxyIPUtil.py[line:156] - INFO: 测试代理IP,切换代理IP:119.135.183.115:808
2019-02-27 14:16:24,861 - House.py[line:125] - ERROR: Message: no such element: Unable to locate element: {"method":"tag name","selector":"img"}
  (Session info: headless chrome=71.0.3578.98)
  (Driver info: chromedriver=2.42.591088 (7b2b2dca23cca0862f674758c9a3933e685c27d5),platform=Windows NT 10.0.10240 x86_64)

2019-02-27 14:17:14,355 - ProxyIPUtil.py[line:156] - INFO: 测试代理IP,切换代理IP:119.90.126.106:7777
2019-02-27 14:18:51,249 - ImageRecognitionUtil.py[line:48] - INFO: 图片识别：None
2019-02-27 14:18:51,413 - ImageRecognitionUtil.py[line:54] - INFO: 图片识别修正：None
2019-02-27 14:18:51,431 - ImageRecognitionUtil.py[line:62] - INFO: 图片比较识别：None
2019-02-27 14:18:51,470 - ImageRecognitionUtil.py[line:68] - INFO: 成功图片比较：None
2019-02-27 14:18:51,470 - ImageRecognitionUtil.py[line:73] - INFO: 图片识别失败
2019-02-27 14:18:51,470 - ImageRecognitionUtil.py[line:90] - INFO: 验证码:None
2019-02-27 14:20:41,194 - ImageRecognitionUtil.py[line:48] - INFO: 图片识别：9+7
2019-02-27 14:20:41,345 - ImageRecognitionUtil.py[line:54] - INFO: 图片识别修正：None
2019-02-27 14:20:41,364 - ImageRecognitionUtil.py[line:62] - INFO: 图片比较识别：None
2019-02-27 14:20:41,378 - ImageRecognitionUtil.py[line:68] - INFO: 成功图片比较：5+3
2019-02-27 14:20:41,378 - ImageRecognitionUtil.py[line:90] - INFO: 验证码:9+7
2019-02-27 14:23:20,979 - House.py[line:99] - INFO: thread:0， 10-6(跃1)：套内单价：0， 套内面积：89.48
2019-02-27 14:23:37,043 - ImageRecognitionUtil.py[line:48] - INFO: 图片识别：4-2
2019-02-27 14:23:37,427 - ImageRecognitionUtil.py[line:54] - INFO: 图片识别修正：4-2
2019-02-27 14:23:37,446 - ImageRecognitionUtil.py[line:62] - INFO: 图片比较识别：None
2019-02-27 14:23:37,461 - ImageRecognitionUtil.py[line:68] - INFO: 成功图片比较：5-2
2019-02-27 14:23:37,461 - ImageRecognitionUtil.py[line:90] - INFO: 验证码:4-2
2019-02-27 14:24:32,154 - House.py[line:99] - INFO: thread:0， 29-6(跃2)：套内单价：0， 套内面积：45.45
2019-02-27 14:24:56,256 - ImageRecognitionUtil.py[line:48] - INFO: 图片识别：9-8
2019-02-27 14:24:56,423 - ImageRecognitionUtil.py[line:54] - INFO: 图片识别修正：None
2019-02-27 14:24:56,443 - ImageRecognitionUtil.py[line:62] - INFO: 图片比较识别：None
2019-02-27 14:24:56,484 - ImageRecognitionUtil.py[line:68] - INFO: 成功图片比较：None
2019-02-27 14:24:56,484 - ImageRecognitionUtil.py[line:90] - INFO: 验证码:9-8
2019-02-27 14:26:42,709 - House.py[line:99] - INFO: thread:0， 27-6(跃2)：套内单价：0， 套内面积：45.45
2019-02-27 14:27:03,717 - ImageRecognitionUtil.py[line:48] - INFO: 图片识别：9-3
2019-02-27 14:27:03,915 - ImageRecognitionUtil.py[line:54] - INFO: 图片识别修正：None
2019-02-27 14:27:03,931 - ImageRecognitionUtil.py[line:62] - INFO: 图片比较识别：None
2019-02-27 14:27:03,948 - ImageRecognitionUtil.py[line:68] - INFO: 成功图片比较：5-5
2019-02-27 14:27:03,948 - ImageRecognitionUtil.py[line:90] - INFO: 验证码:9-3
2019-02-27 14:28:39,319 - House.py[line:99] - INFO: thread:0， 33-6(跃2)：套内单价：0， 套内面积：45.45
2019-02-27 14:29:15,763 - ImageRecognitionUtil.py[line:48] - INFO: 图片识别：8-1
2019-02-27 14:29:15,917 - ImageRecognitionUtil.py[line:54] - INFO: 图片识别修正：None
2019-02-27 14:29:15,937 - ImageRecognitionUtil.py[line:62] - INFO: 图片比较识别：None
2019-02-27 14:29:15,973 - ImageRecognitionUtil.py[line:68] - INFO: 成功图片比较：None
2019-02-27 14:29:15,973 - ImageRecognitionUtil.py[line:90] - INFO: 验证码:8-1
2019-02-27 14:31:00,394 - ImageRecognitionUtil.py[line:48] - INFO: 图片识别：9+1
2019-02-27 14:31:00,552 - ImageRecognitionUtil.py[line:54] - INFO: 图片识别修正：None
2019-02-27 14:31:00,571 - ImageRecognitionUtil.py[line:62] - INFO: 图片比较识别：None
2019-02-27 14:31:00,578 - ImageRecognitionUtil.py[line:68] - INFO: 成功图片比较：3+5
2019-02-27 14:31:00,578 - ImageRecognitionUtil.py[line:90] - INFO: 验证码:9+1
2019-02-27 14:32:33,436 - House.py[line:99] - INFO: thread:0， 23-6(跃2)：套内单价：0， 套内面积：45.45
2019-02-27 14:34:31,066 - ImageRecognitionUtil.py[line:48] - INFO: 图片识别：6-2
2019-02-27 14:34:31,217 - ImageRecognitionUtil.py[line:54] - INFO: 图片识别修正：None
2019-02-27 14:34:31,236 - ImageRecognitionUtil.py[line:62] - INFO: 图片比较识别：None
2019-02-27 14:34:31,263 - ImageRecognitionUtil.py[line:68] - INFO: 成功图片比较：8-6
2019-02-27 14:34:31,265 - ImageRecognitionUtil.py[line:90] - INFO: 验证码:6-2
2019-02-27 14:36:02,091 - ImageRecognitionUtil.py[line:48] - INFO: 图片识别：3-1
2019-02-27 14:36:02,661 - ImageRecognitionUtil.py[line:54] - INFO: 图片识别修正：3-1
2019-02-27 14:36:02,680 - ImageRecognitionUtil.py[line:62] - INFO: 图片比较识别：None
2019-02-27 14:36:02,690 - ImageRecognitionUtil.py[line:68] - INFO: 成功图片比较：3-1
2019-02-27 14:36:02,690 - ImageRecognitionUtil.py[line:90] - INFO: 验证码:3-1
2019-02-27 14:37:51,431 - House.py[line:99] - INFO: thread:0， 9-6(跃2)：套内单价：0， 套内面积：45.45
2019-02-27 14:40:27,233 - ImageRecognitionUtil.py[line:48] - INFO: 图片识别：
2019-02-27 14:40:27,400 - ImageRecognitionUtil.py[line:54] - INFO: 图片识别修正：None
2019-02-27 14:40:27,418 - ImageRecognitionUtil.py[line:62] - INFO: 图片比较识别：None
2019-02-27 14:40:27,451 - ImageRecognitionUtil.py[line:68] - INFO: 成功图片比较：None
2019-02-27 14:40:27,451 - ImageRecognitionUtil.py[line:73] - INFO: 图片识别失败
2019-02-27 14:40:27,451 - ImageRecognitionUtil.py[line:90] - INFO: 验证码:None
2019-02-27 14:40:48,526 - House.py[line:125] - ERROR: Message: no such element: Unable to locate element: {"method":"tag name","selector":"img"}
  (Session info: headless chrome=71.0.3578.98)
  (Driver info: chromedriver=2.42.591088 (7b2b2dca23cca0862f674758c9a3933e685c27d5),platform=Windows NT 10.0.10240 x86_64)

2019-02-27 14:41:17,698 - ProxyIPUtil.py[line:156] - INFO: 测试代理IP,切换代理IP:220.180.50.14:53281
2019-02-27 14:41:44,032 - House.py[line:125] - ERROR: Message: no such element: Unable to locate element: {"method":"tag name","selector":"img"}
  (Session info: headless chrome=71.0.3578.98)
  (Driver info: chromedriver=2.42.591088 (7b2b2dca23cca0862f674758c9a3933e685c27d5),platform=Windows NT 10.0.10240 x86_64)

2019-02-27 14:42:48,338 - ProxyIPUtil.py[line:156] - INFO: 测试代理IP,切换代理IP:58.240.220.86:53281
2019-02-27 14:43:15,112 - ImageRecognitionUtil.py[line:48] - INFO: 图片识别：9-5
2019-02-27 14:43:15,286 - ImageRecognitionUtil.py[line:54] - INFO: 图片识别修正：None
2019-02-27 14:43:15,302 - ImageRecognitionUtil.py[line:62] - INFO: 图片比较识别：None
2019-02-27 14:43:15,329 - ImageRecognitionUtil.py[line:68] - INFO: 成功图片比较：8-5
2019-02-27 14:43:15,331 - ImageRecognitionUtil.py[line:90] - INFO: 验证码:9-5
2019-02-27 14:43:36,696 - House.py[line:125] - ERROR: Message: no such element: Unable to locate element: {"method":"tag name","selector":"img"}
  (Session info: headless chrome=71.0.3578.98)
  (Driver info: chromedriver=2.42.591088 (7b2b2dca23cca0862f674758c9a3933e685c27d5),platform=Windows NT 10.0.10240 x86_64)

2019-02-27 14:45:14,095 - ProxyIPUtil.py[line:156] - INFO: 测试代理IP,切换代理IP:58.247.127.145:53281
2019-02-27 14:45:27,137 - ImageRecognitionUtil.py[line:48] - INFO: 图片识别：6+1
2019-02-27 14:45:27,296 - ImageRecognitionUtil.py[line:54] - INFO: 图片识别修正：None
2019-02-27 14:45:27,315 - ImageRecognitionUtil.py[line:62] - INFO: 图片比较识别：None
2019-02-27 14:45:27,319 - ImageRecognitionUtil.py[line:68] - INFO: 成功图片比较：1+8
2019-02-27 14:45:27,319 - ImageRecognitionUtil.py[line:90] - INFO: 验证码:6+1
2019-02-27 14:46:04,186 - House.py[line:125] - ERROR: list index out of range
2019-02-27 14:46:33,658 - ProxyIPUtil.py[line:156] - INFO: 测试代理IP,切换代理IP:222.16.83.18:80
2019-02-27 14:47:08,463 - ImageRecognitionUtil.py[line:48] - INFO: 图片识别：
2019-02-27 14:47:08,631 - ImageRecognitionUtil.py[line:54] - INFO: 图片识别修正：None
2019-02-27 14:47:08,650 - ImageRecognitionUtil.py[line:62] - INFO: 图片比较识别：None
2019-02-27 14:47:08,687 - ImageRecognitionUtil.py[line:68] - INFO: 成功图片比较：None
2019-02-27 14:47:08,688 - ImageRecognitionUtil.py[line:73] - INFO: 图片识别失败
2019-02-27 14:47:08,688 - ImageRecognitionUtil.py[line:90] - INFO: 验证码:None
2019-02-27 14:47:35,795 - ImageRecognitionUtil.py[line:48] - INFO: 图片识别：5-5
2019-02-27 14:47:36,200 - ImageRecognitionUtil.py[line:54] - INFO: 图片识别修正：5-5
2019-02-27 14:47:36,220 - ImageRecognitionUtil.py[line:62] - INFO: 图片比较识别：None
2019-02-27 14:47:36,229 - ImageRecognitionUtil.py[line:68] - INFO: 成功图片比较：3-2
2019-02-27 14:47:36,230 - ImageRecognitionUtil.py[line:90] - INFO: 验证码:5-5
2019-02-27 14:48:38,891 - House.py[line:99] - INFO: thread:0， 21-6(跃2)：套内单价：0， 套内面积：45.45
2019-02-27 14:48:46,118 - ImageRecognitionUtil.py[line:48] - INFO: 图片识别：7-7
2019-02-27 14:48:46,480 - ImageRecognitionUtil.py[line:54] - INFO: 图片识别修正：7-7
2019-02-27 14:48:46,499 - ImageRecognitionUtil.py[line:62] - INFO: 图片比较识别：None
2019-02-27 14:48:46,516 - ImageRecognitionUtil.py[line:68] - INFO: 成功图片比较：5+6
2019-02-27 14:48:46,516 - ImageRecognitionUtil.py[line:90] - INFO: 验证码:7-7
2019-02-27 14:49:06,648 - House.py[line:99] - INFO: thread:0， 19-6(跃2)：套内单价：0， 套内面积：45.45
2019-02-27 14:49:14,036 - ImageRecognitionUtil.py[line:48] - INFO: 图片识别：8-6
2019-02-27 14:49:14,187 - ImageRecognitionUtil.py[line:54] - INFO: 图片识别修正：None
2019-02-27 14:49:14,211 - ImageRecognitionUtil.py[line:62] - INFO: 图片比较识别：None
2019-02-27 14:49:14,246 - ImageRecognitionUtil.py[line:68] - INFO: 成功图片比较：9-6
2019-02-27 14:49:14,246 - ImageRecognitionUtil.py[line:90] - INFO: 验证码:8-6
2019-02-27 14:49:44,713 - House.py[line:99] - INFO: thread:0， 17-6(跃2)：套内单价：0， 套内面积：45.45
2019-02-27 14:49:52,427 - ImageRecognitionUtil.py[line:48] - INFO: 图片识别：3-8
2019-02-27 14:49:52,589 - ImageRecognitionUtil.py[line:54] - INFO: 图片识别修正：3-8
2019-02-27 14:49:52,608 - ImageRecognitionUtil.py[line:62] - INFO: 图片比较识别：None
2019-02-27 14:49:52,638 - ImageRecognitionUtil.py[line:68] - INFO: 成功图片比较：9+3
2019-02-27 14:49:52,638 - ImageRecognitionUtil.py[line:90] - INFO: 验证码:None
2019-02-27 14:50:02,487 - ImageRecognitionUtil.py[line:48] - INFO: 图片识别：3-3
2019-02-27 14:50:02,869 - ImageRecognitionUtil.py[line:54] - INFO: 图片识别修正：3-3
2019-02-27 14:50:02,890 - ImageRecognitionUtil.py[line:62] - INFO: 图片比较识别：None
2019-02-27 14:50:02,921 - ImageRecognitionUtil.py[line:68] - INFO: 成功图片比较：None
2019-02-27 14:50:02,923 - ImageRecognitionUtil.py[line:90] - INFO: 验证码:3-3
2019-02-27 14:50:08,355 - House.py[line:99] - INFO: thread:0， 30-2：套内单价：0， 套内面积：75.17
2019-02-27 14:50:16,674 - ImageRecognitionUtil.py[line:48] - INFO: 图片识别：2-2
2019-02-27 14:50:17,072 - ImageRecognitionUtil.py[line:54] - INFO: 图片识别修正：2-2
2019-02-27 14:50:17,089 - ImageRecognitionUtil.py[line:62] - INFO: 图片比较识别：None
2019-02-27 14:50:17,124 - ImageRecognitionUtil.py[line:68] - INFO: 成功图片比较：None
2019-02-27 14:50:17,124 - ImageRecognitionUtil.py[line:90] - INFO: 验证码:2-2
2019-02-27 14:50:39,977 - House.py[line:99] - INFO: thread:0， 9-8：套内单价：0， 套内面积：67.01
2019-02-27 14:50:47,157 - ImageRecognitionUtil.py[line:48] - INFO: 图片识别：9+2
2019-02-27 14:50:47,759 - ImageRecognitionUtil.py[line:54] - INFO: 图片识别修正：None
2019-02-27 14:50:47,785 - ImageRecognitionUtil.py[line:62] - INFO: 图片比较识别：None
2019-02-27 14:50:47,802 - ImageRecognitionUtil.py[line:68] - INFO: 成功图片比较：6+2
2019-02-27 14:50:47,802 - ImageRecognitionUtil.py[line:90] - INFO: 验证码:9+2
2019-02-27 14:50:51,842 - House.py[line:125] - ERROR: Alert Text: None
Message: unexpected alert open: {Alert text : 访问过于频繁,请三分钟后再试！}
  (Session info: headless chrome=71.0.3578.98)
  (Driver info: chromedriver=2.42.591088 (7b2b2dca23cca0862f674758c9a3933e685c27d5),platform=Windows NT 10.0.10240 x86_64)

2019-02-27 14:50:52,464 - ProxyIPUtil.py[line:156] - INFO: 测试代理IP,切换代理IP:113.118.159.127:9000
2019-02-27 14:50:57,191 - House.py[line:125] - ERROR: Message: no such element: Unable to locate element: {"method":"tag name","selector":"img"}
  (Session info: headless chrome=71.0.3578.98)
  (Driver info: chromedriver=2.42.591088 (7b2b2dca23cca0862f674758c9a3933e685c27d5),platform=Windows NT 10.0.10240 x86_64)

2019-02-27 14:51:52,825 - ProxyIPUtil.py[line:156] - INFO: 测试代理IP,切换代理IP:202.199.159.130:40670
2019-02-27 14:52:18,865 - House.py[line:125] - ERROR: Message: no such element: Unable to locate element: {"method":"tag name","selector":"img"}
  (Session info: headless chrome=71.0.3578.98)
  (Driver info: chromedriver=2.42.591088 (7b2b2dca23cca0862f674758c9a3933e685c27d5),platform=Windows NT 10.0.10240 x86_64)

2019-02-27 14:52:41,006 - ProxyIPUtil.py[line:156] - INFO: 测试代理IP,切换代理IP:119.29.9.47:80
2019-02-27 14:52:50,368 - ImageRecognitionUtil.py[line:48] - INFO: 图片识别：None
2019-02-27 14:52:50,530 - ImageRecognitionUtil.py[line:54] - INFO: 图片识别修正：None
2019-02-27 14:52:50,551 - ImageRecognitionUtil.py[line:62] - INFO: 图片比较识别：None
2019-02-27 14:52:50,585 - ImageRecognitionUtil.py[line:68] - INFO: 成功图片比较：None
2019-02-27 14:52:50,585 - ImageRecognitionUtil.py[line:73] - INFO: 图片识别失败
2019-02-27 14:52:50,585 - ImageRecognitionUtil.py[line:90] - INFO: 验证码:None
2019-02-27 14:52:50,599 - House.py[line:125] - ERROR: Message: no such element: Unable to locate element: {"method":"id","selector":"txtCode"}
  (Session info: headless chrome=71.0.3578.98)
  (Driver info: chromedriver=2.42.591088 (7b2b2dca23cca0862f674758c9a3933e685c27d5),platform=Windows NT 10.0.10240 x86_64)

2019-02-27 14:53:30,007 - ProxyIPUtil.py[line:156] - INFO: 测试代理IP,切换代理IP:111.198.154.116:8888
2019-02-27 14:53:47,921 - ImageRecognitionUtil.py[line:48] - INFO: 图片识别：8+7
2019-02-27 14:53:48,302 - ImageRecognitionUtil.py[line:54] - INFO: 图片识别修正：5+4
2019-02-27 14:53:48,321 - ImageRecognitionUtil.py[line:62] - INFO: 图片比较识别：None
2019-02-27 14:53:48,328 - ImageRecognitionUtil.py[line:68] - INFO: 成功图片比较：3+5
2019-02-27 14:53:48,328 - ImageRecognitionUtil.py[line:90] - INFO: 验证码:5+4
2019-02-27 14:54:12,361 - House.py[line:99] - INFO: thread:0， 20-3：套内单价：0， 套内面积：75.17
2019-02-27 14:54:22,290 - House.py[line:125] - ERROR: Message: no such element: Unable to locate element: {"method":"tag name","selector":"img"}
  (Session info: headless chrome=71.0.3578.98)
  (Driver info: chromedriver=2.42.591088 (7b2b2dca23cca0862f674758c9a3933e685c27d5),platform=Windows NT 10.0.10240 x86_64)

2019-02-27 14:56:10,861 - ProxyIPUtil.py[line:156] - INFO: 测试代理IP,切换代理IP:119.57.108.73:53281
2019-02-27 14:56:37,684 - House.py[line:125] - ERROR: Message: no such element: Unable to locate element: {"method":"tag name","selector":"img"}
  (Session info: headless chrome=71.0.3578.98)
  (Driver info: chromedriver=2.42.591088 (7b2b2dca23cca0862f674758c9a3933e685c27d5),platform=Windows NT 10.0.10240 x86_64)

2019-02-27 14:57:24,052 - ProxyIPUtil.py[line:156] - INFO: 测试代理IP,切换代理IP:112.91.218.21:9000
2019-02-27 14:57:54,052 - ImageRecognitionUtil.py[line:48] - INFO: 图片识别：
2019-02-27 14:57:54,203 - ImageRecognitionUtil.py[line:54] - INFO: 图片识别修正：None
2019-02-27 14:57:54,221 - ImageRecognitionUtil.py[line:62] - INFO: 图片比较识别：None
2019-02-27 14:57:54,257 - ImageRecognitionUtil.py[line:68] - INFO: 成功图片比较：None
2019-02-27 14:57:54,257 - ImageRecognitionUtil.py[line:73] - INFO: 图片识别失败
2019-02-27 14:57:54,257 - ImageRecognitionUtil.py[line:90] - INFO: 验证码:None
2019-02-27 14:58:28,846 - ImageRecognitionUtil.py[line:48] - INFO: 图片识别：7-2
2019-02-27 14:58:29,230 - ImageRecognitionUtil.py[line:54] - INFO: 图片识别修正：7-2
2019-02-27 14:58:29,249 - ImageRecognitionUtil.py[line:62] - INFO: 图片比较识别：None
2019-02-27 14:58:29,263 - ImageRecognitionUtil.py[line:68] - INFO: 成功图片比较：5-1
2019-02-27 14:58:29,265 - ImageRecognitionUtil.py[line:90] - INFO: 验证码:7-2
2019-02-27 14:58:46,151 - House.py[line:125] - ERROR: list index out of range
2019-02-27 15:00:30,048 - ProxyIPUtil.py[line:156] - INFO: 测试代理IP,切换代理IP:125.46.0.62:53281
2019-02-27 15:00:59,938 - ImageRecognitionUtil.py[line:48] - INFO: 图片识别：3+2
2019-02-27 15:01:00,331 - ImageRecognitionUtil.py[line:54] - INFO: 图片识别修正：3+4
2019-02-27 15:01:00,348 - ImageRecognitionUtil.py[line:62] - INFO: 图片比较识别：None
2019-02-27 15:01:00,362 - ImageRecognitionUtil.py[line:68] - INFO: 成功图片比较：5+3
2019-02-27 15:01:00,364 - ImageRecognitionUtil.py[line:90] - INFO: 验证码:3+4
2019-02-27 15:01:28,094 - House.py[line:99] - INFO: thread:0， 6-4：套内单价：0， 套内面积：65.87
2019-02-27 15:01:43,385 - ImageRecognitionUtil.py[line:48] - INFO: 图片识别：2+1
2019-02-27 15:01:43,786 - ImageRecognitionUtil.py[line:54] - INFO: 图片识别修正：None
2019-02-27 15:01:43,806 - ImageRecognitionUtil.py[line:62] - INFO: 图片比较识别：None
2019-02-27 15:01:43,836 - ImageRecognitionUtil.py[line:68] - INFO: 成功图片比较：9+1
2019-02-27 15:01:43,836 - ImageRecognitionUtil.py[line:90] - INFO: 验证码:2+1
2019-02-27 15:01:51,494 - House.py[line:125] - ERROR: 无法获取房子数据
2019-02-27 15:02:08,266 - ProxyIPUtil.py[line:156] - INFO: 测试代理IP,切换代理IP:113.200.56.13:8010
2019-02-27 15:02:18,062 - ImageRecognitionUtil.py[line:48] - INFO: 图片识别：6-5
2019-02-27 15:02:18,446 - ImageRecognitionUtil.py[line:54] - INFO: 图片识别修正：6-5
2019-02-27 15:02:18,463 - ImageRecognitionUtil.py[line:62] - INFO: 图片比较识别：None
2019-02-27 15:02:18,477 - ImageRecognitionUtil.py[line:68] - INFO: 成功图片比较：4-4
2019-02-27 15:02:18,477 - ImageRecognitionUtil.py[line:90] - INFO: 验证码:6-5
2019-02-27 15:02:29,132 - House.py[line:99] - INFO: thread:0， 22-6(跃1)：套内单价：0， 套内面积：89.48
2019-02-27 15:02:35,454 - ImageRecognitionUtil.py[line:48] - INFO: 图片识别：8+3
2019-02-27 15:02:35,858 - ImageRecognitionUtil.py[line:54] - INFO: 图片识别修正：5+3
2019-02-27 15:02:35,872 - ImageRecognitionUtil.py[line:62] - INFO: 图片比较识别：None
2019-02-27 15:02:35,894 - ImageRecognitionUtil.py[line:68] - INFO: 成功图片比较：7+6
2019-02-27 15:02:35,895 - ImageRecognitionUtil.py[line:90] - INFO: 验证码:5+3
2019-02-27 15:02:55,151 - House.py[line:99] - INFO: thread:0， 18-6(跃1)：套内单价：0， 套内面积：89.48
2019-02-27 15:03:01,759 - ImageRecognitionUtil.py[line:48] - INFO: 图片识别：6+7
2019-02-27 15:03:01,907 - ImageRecognitionUtil.py[line:54] - INFO: 图片识别修正：None
2019-02-27 15:03:01,924 - ImageRecognitionUtil.py[line:62] - INFO: 图片比较识别：None
2019-02-27 15:03:01,934 - ImageRecognitionUtil.py[line:68] - INFO: 成功图片比较：3+1
2019-02-27 15:03:01,936 - ImageRecognitionUtil.py[line:90] - INFO: 验证码:6+7
2019-02-27 15:03:07,135 - House.py[line:99] - INFO: thread:0， 11-2：套内单价：0， 套内面积：75.17
2019-02-27 15:03:13,247 - ImageRecognitionUtil.py[line:48] - INFO: 图片识别：None
2019-02-27 15:03:13,394 - ImageRecognitionUtil.py[line:54] - INFO: 图片识别修正：None
2019-02-27 15:03:13,411 - ImageRecognitionUtil.py[line:62] - INFO: 图片比较识别：None
2019-02-27 15:03:13,434 - ImageRecognitionUtil.py[line:68] - INFO: 成功图片比较：7+6
2019-02-27 15:03:13,434 - ImageRecognitionUtil.py[line:90] - INFO: 验证码:7+6
2019-02-27 15:03:20,482 - ImageRecognitionUtil.py[line:48] - INFO: 图片识别：None
2019-02-27 15:03:20,855 - ImageRecognitionUtil.py[line:54] - INFO: 图片识别修正：None
2019-02-27 15:03:20,871 - ImageRecognitionUtil.py[line:62] - INFO: 图片比较识别：None
2019-02-27 15:03:20,894 - ImageRecognitionUtil.py[line:68] - INFO: 成功图片比较：7+2
2019-02-27 15:03:20,894 - ImageRecognitionUtil.py[line:90] - INFO: 验证码:7+2
2019-02-27 15:03:28,773 - ImageRecognitionUtil.py[line:48] - INFO: 图片识别：3+2
2019-02-27 15:03:29,154 - ImageRecognitionUtil.py[line:54] - INFO: 图片识别修正：3+4
2019-02-27 15:03:29,174 - ImageRecognitionUtil.py[line:62] - INFO: 图片比较识别：None
2019-02-27 15:03:29,177 - ImageRecognitionUtil.py[line:68] - INFO: 成功图片比较：2+3
2019-02-27 15:03:29,178 - ImageRecognitionUtil.py[line:90] - INFO: 验证码:3+4
2019-02-27 15:03:34,168 - House.py[line:99] - INFO: thread:0， 5-1：套内单价：0， 套内面积：66.87
2019-02-27 15:03:40,230 - ImageRecognitionUtil.py[line:48] - INFO: 图片识别：None
2019-02-27 15:03:40,558 - ImageRecognitionUtil.py[line:54] - INFO: 图片识别修正：None
2019-02-27 15:03:40,575 - ImageRecognitionUtil.py[line:62] - INFO: 图片比较识别：None
2019-02-27 15:03:40,585 - ImageRecognitionUtil.py[line:68] - INFO: 成功图片比较：3+8
2019-02-27 15:03:40,585 - ImageRecognitionUtil.py[line:90] - INFO: 验证码:3+8
2019-02-27 15:03:47,413 - ImageRecognitionUtil.py[line:48] - INFO: 图片识别：7+3
2019-02-27 15:03:47,805 - ImageRecognitionUtil.py[line:54] - INFO: 图片识别修正：1+3
2019-02-27 15:03:47,821 - ImageRecognitionUtil.py[line:62] - INFO: 图片比较识别：None
2019-02-27 15:03:47,825 - ImageRecognitionUtil.py[line:68] - INFO: 成功图片比较：2+7
2019-02-27 15:03:47,825 - ImageRecognitionUtil.py[line:90] - INFO: 验证码:1+3
2019-02-27 15:03:48,812 - House.py[line:125] - ERROR: Alert Text: None
Message: unexpected alert open: {Alert text : 访问过于频繁,请三分钟后再试！}
  (Session info: headless chrome=71.0.3578.98)
  (Driver info: chromedriver=2.42.591088 (7b2b2dca23cca0862f674758c9a3933e685c27d5),platform=Windows NT 10.0.10240 x86_64)

2019-02-27 15:05:07,861 - ProxyIPUtil.py[line:156] - INFO: 测试代理IP,切换代理IP:119.57.109.129:53281
2019-02-27 15:05:22,059 - ImageRecognitionUtil.py[line:48] - INFO: 图片识别：None
2019-02-27 15:05:22,289 - ImageRecognitionUtil.py[line:54] - INFO: 图片识别修正：None
2019-02-27 15:05:22,309 - ImageRecognitionUtil.py[line:62] - INFO: 图片比较识别：None
2019-02-27 15:05:22,338 - ImageRecognitionUtil.py[line:68] - INFO: 成功图片比较：9+2
2019-02-27 15:05:22,338 - ImageRecognitionUtil.py[line:90] - INFO: 验证码:9+2
2019-02-27 15:05:35,812 - House.py[line:125] - ERROR: Message: no such element: Unable to locate element: {"method":"tag name","selector":"img"}
  (Session info: headless chrome=71.0.3578.98)
  (Driver info: chromedriver=2.42.591088 (7b2b2dca23cca0862f674758c9a3933e685c27d5),platform=Windows NT 10.0.10240 x86_64)

2019-02-27 15:07:03,138 - ProxyIPUtil.py[line:156] - INFO: 测试代理IP,切换代理IP:120.237.14.198:53281
2019-02-27 15:07:20,256 - ImageRecognitionUtil.py[line:48] - INFO: 图片识别：9-3
2019-02-27 15:07:20,436 - ImageRecognitionUtil.py[line:54] - INFO: 图片识别修正：None
2019-02-27 15:07:20,450 - ImageRecognitionUtil.py[line:62] - INFO: 图片比较识别：None
2019-02-27 15:07:20,471 - ImageRecognitionUtil.py[line:68] - INFO: 成功图片比较：6-3
2019-02-27 15:07:20,471 - ImageRecognitionUtil.py[line:90] - INFO: 验证码:9-3
2019-02-27 15:07:31,148 - House.py[line:99] - INFO: thread:0， 22-1：套内单价：0， 套内面积：66.87
2019-02-27 15:07:37,059 - ImageRecognitionUtil.py[line:48] - INFO: 图片识别：5+5
2019-02-27 15:07:37,464 - ImageRecognitionUtil.py[line:54] - INFO: 图片识别修正：5+5
2019-02-27 15:07:37,486 - ImageRecognitionUtil.py[line:62] - INFO: 图片比较识别：None
2019-02-27 15:07:37,519 - ImageRecognitionUtil.py[line:68] - INFO: 成功图片比较：7+9
2019-02-27 15:07:37,519 - ImageRecognitionUtil.py[line:90] - INFO: 验证码:5+5
2019-02-27 15:07:42,980 - House.py[line:99] - INFO: thread:0， 31-5：套内单价：0， 套内面积：65.91
2019-02-27 15:07:48,937 - ImageRecognitionUtil.py[line:48] - INFO: 图片识别：6-4
2019-02-27 15:07:49,325 - ImageRecognitionUtil.py[line:54] - INFO: 图片识别修正：6-4
2019-02-27 15:07:49,344 - ImageRecognitionUtil.py[line:62] - INFO: 图片比较识别：None
2019-02-27 15:07:49,375 - ImageRecognitionUtil.py[line:68] - INFO: 成功图片比较：None
2019-02-27 15:07:49,377 - ImageRecognitionUtil.py[line:90] - INFO: 验证码:6-4
2019-02-27 15:07:50,753 - House.py[line:125] - ERROR: Alert Text: None
Message: unexpected alert open: {Alert text : 访问过于频繁,请三分钟后再试！}
  (Session info: headless chrome=71.0.3578.98)
  (Driver info: chromedriver=2.42.591088 (7b2b2dca23cca0862f674758c9a3933e685c27d5),platform=Windows NT 10.0.10240 x86_64)

2019-02-27 15:08:01,256 - ProxyIPUtil.py[line:156] - INFO: 测试代理IP,切换代理IP:27.191.234.69:9999
2019-02-27 15:08:11,516 - ImageRecognitionUtil.py[line:48] - INFO: 图片识别：8+2
2019-02-27 15:08:11,693 - ImageRecognitionUtil.py[line:54] - INFO: 图片识别修正：9+9
2019-02-27 15:08:11,710 - ImageRecognitionUtil.py[line:62] - INFO: 图片比较识别：None
2019-02-27 15:08:11,729 - ImageRecognitionUtil.py[line:68] - INFO: 成功图片比较：6+2
2019-02-27 15:08:11,729 - ImageRecognitionUtil.py[line:90] - INFO: 验证码:9+9
2019-02-27 15:08:17,273 - House.py[line:99] - INFO: thread:0， 26-1：套内单价：0， 套内面积：66.87
2019-02-27 15:08:24,638 - ImageRecognitionUtil.py[line:48] - INFO: 图片识别：6-5
2019-02-27 15:08:25,010 - ImageRecognitionUtil.py[line:54] - INFO: 图片识别修正：6-5
2019-02-27 15:08:25,026 - ImageRecognitionUtil.py[line:62] - INFO: 图片比较识别：None
2019-02-27 15:08:25,052 - ImageRecognitionUtil.py[line:68] - INFO: 成功图片比较：8-2
2019-02-27 15:08:25,052 - ImageRecognitionUtil.py[line:90] - INFO: 验证码:6-5
2019-02-27 15:08:31,854 - House.py[line:99] - INFO: thread:0， 4-6(跃1)：套内单价：0， 套内面积：89.48
2019-02-27 15:08:37,779 - ImageRecognitionUtil.py[line:48] - INFO: 图片识别：None
2019-02-27 15:08:37,927 - ImageRecognitionUtil.py[line:54] - INFO: 图片识别修正：None
2019-02-27 15:08:37,944 - ImageRecognitionUtil.py[line:62] - INFO: 图片比较识别：None
2019-02-27 15:08:37,963 - ImageRecognitionUtil.py[line:68] - INFO: 成功图片比较：5-5
2019-02-27 15:08:37,963 - ImageRecognitionUtil.py[line:90] - INFO: 验证码:5-5
2019-02-27 15:08:48,441 - ImageRecognitionUtil.py[line:48] - INFO: 图片识别：5-2
2019-02-27 15:08:48,898 - ImageRecognitionUtil.py[line:54] - INFO: 图片识别修正：5-2
2019-02-27 15:08:48,917 - ImageRecognitionUtil.py[line:62] - INFO: 图片比较识别：None
2019-02-27 15:08:48,930 - ImageRecognitionUtil.py[line:68] - INFO: 成功图片比较：4-2
2019-02-27 15:08:48,930 - ImageRecognitionUtil.py[line:90] - INFO: 验证码:5-2
2019-02-27 15:08:49,792 - House.py[line:125] - ERROR: Alert Text: None
Message: unexpected alert open: {Alert text : 访问过于频繁,请三分钟后再试！}
  (Session info: headless chrome=71.0.3578.98)
  (Driver info: chromedriver=2.42.591088 (7b2b2dca23cca0862f674758c9a3933e685c27d5),platform=Windows NT 10.0.10240 x86_64)

2019-02-27 15:09:13,039 - ProxyIPUtil.py[line:156] - INFO: 测试代理IP,切换代理IP:101.231.50.154:8000
2019-02-27 15:09:27,385 - ImageRecognitionUtil.py[line:48] - INFO: 图片识别：None
2019-02-27 15:09:27,783 - ImageRecognitionUtil.py[line:54] - INFO: 图片识别修正：None
2019-02-27 15:09:27,801 - ImageRecognitionUtil.py[line:62] - INFO: 图片比较识别：None
2019-02-27 15:09:27,802 - ImageRecognitionUtil.py[line:68] - INFO: 成功图片比较：1+7
2019-02-27 15:09:27,803 - ImageRecognitionUtil.py[line:90] - INFO: 验证码:1+7
2019-02-27 15:09:46,344 - ImageRecognitionUtil.py[line:48] - INFO: 图片识别：None
2019-02-27 15:09:46,490 - ImageRecognitionUtil.py[line:54] - INFO: 图片识别修正：None
2019-02-27 15:09:46,507 - ImageRecognitionUtil.py[line:62] - INFO: 图片比较识别：None
2019-02-27 15:09:46,542 - ImageRecognitionUtil.py[line:68] - INFO: 成功图片比较：9+2
2019-02-27 15:09:46,542 - ImageRecognitionUtil.py[line:90] - INFO: 验证码:9+2
2019-02-27 15:10:01,609 - ImageRecognitionUtil.py[line:48] - INFO: 图片识别：6+6
2019-02-27 15:10:01,762 - ImageRecognitionUtil.py[line:54] - INFO: 图片识别修正：None
2019-02-27 15:10:01,780 - ImageRecognitionUtil.py[line:62] - INFO: 图片比较识别：None
2019-02-27 15:10:01,812 - ImageRecognitionUtil.py[line:68] - INFO: 成功图片比较：9+3
2019-02-27 15:10:01,812 - ImageRecognitionUtil.py[line:90] - INFO: 验证码:6+6
2019-02-27 15:10:30,743 - House.py[line:99] - INFO: thread:0， 29-5：套内单价：0， 套内面积：65.91
2019-02-27 15:11:00,915 - ImageRecognitionUtil.py[line:48] - INFO: 图片识别：8+2
2019-02-27 15:11:01,081 - ImageRecognitionUtil.py[line:54] - INFO: 图片识别修正：None
2019-02-27 15:11:01,095 - ImageRecognitionUtil.py[line:62] - INFO: 图片比较识别：None
2019-02-27 15:11:01,099 - ImageRecognitionUtil.py[line:68] - INFO: 成功图片比较：2+9
2019-02-27 15:11:01,101 - ImageRecognitionUtil.py[line:90] - INFO: 验证码:8+2
2019-02-27 15:11:45,730 - ImageRecognitionUtil.py[line:48] - INFO: 图片识别：7+6
2019-02-27 15:11:45,890 - ImageRecognitionUtil.py[line:54] - INFO: 图片识别修正：None
2019-02-27 15:11:45,908 - ImageRecognitionUtil.py[line:62] - INFO: 图片比较识别：None
2019-02-27 15:11:45,938 - ImageRecognitionUtil.py[line:68] - INFO: 成功图片比较：9+1
2019-02-27 15:11:45,938 - ImageRecognitionUtil.py[line:90] - INFO: 验证码:7+6
2019-02-27 15:12:19,233 - ImageRecognitionUtil.py[line:48] - INFO: 图片识别：6-3
2019-02-27 15:12:19,688 - ImageRecognitionUtil.py[line:54] - INFO: 图片识别修正：6-3
2019-02-27 15:12:19,704 - ImageRecognitionUtil.py[line:62] - INFO: 图片比较识别：None
2019-02-27 15:12:19,723 - ImageRecognitionUtil.py[line:68] - INFO: 成功图片比较：6-1
2019-02-27 15:12:19,723 - ImageRecognitionUtil.py[line:90] - INFO: 验证码:6-3
