2019-04-01 09:02:17 - middlewares.py[line:119] - ERROR: 涓翠欢浠ｇip:500
2019-04-01 14:22:23 - house.py[line:84] - WARNING: list index out of range
2019-04-01 14:34:27 - house.py[line:84] - WARNING: list index out of range
2019-04-01 14:41:19 - house.py[line:84] - WARNING: list index out of range
2019-04-01 14:45:09 - house.py[line:84] - WARNING: list index out of range
2019-04-01 16:35:25 - middlewares.py[line:119] - ERROR: 涓翠欢浠ｇip:500
2019-04-01 16:36:18 - middlewares.py[line:119] - ERROR: 涓翠欢浠ｇip:500
2019-04-01 16:38:36 - middlewares.py[line:119] - ERROR: 涓翠欢浠ｇip:500
2019-04-01 16:40:27 - middlewares.py[line:127] - ERROR: 涓翠欢浠ｇip
2019-04-01 16:40:27 - middlewares.py[line:128] - ERROR: TCP connection timed out: 10060: 由于连接方在一段时间后没有正确答复或连接的主机没有反应，连接尝试失败。.
2019-04-01 16:40:48 - middlewares.py[line:127] - ERROR: 涓翠欢浠ｇip
2019-04-01 16:40:48 - middlewares.py[line:128] - ERROR: TCP connection timed out: 10060: 由于连接方在一段时间后没有正确答复或连接的主机没有反应，连接尝试失败。.
2019-04-01 16:41:09 - middlewares.py[line:127] - ERROR: 涓翠欢浠ｇip
2019-04-01 16:41:09 - middlewares.py[line:128] - ERROR: [<twisted.python.failure.Failure twisted.internet.error.ConnectionDone: Connection was closed cleanly.>]
2019-04-02 09:27:55 - middlewares.py[line:127] - ERROR: 涓翠欢浠ｇip
2019-04-02 09:27:55 - middlewares.py[line:128] - ERROR: [<twisted.python.failure.Failure twisted.internet.error.ConnectionLost: Connection to the other side was lost in a non-clean fashion.>]
2019-04-02 09:40:26 - middlewares.py[line:119] - ERROR: 涓翠欢浠ｇip:500
2019-04-02 09:47:03 - middlewares.py[line:119] - ERROR: 涓翠欢浠ｇip:500
2019-04-02 09:50:18 - middlewares.py[line:119] - ERROR: 涓翠欢浠ｇip:500
2019-04-02 09:52:08 - middlewares.py[line:119] - ERROR: 涓翠欢浠ｇip:500
2019-04-02 09:52:56 - middlewares.py[line:119] - ERROR: 涓翠欢浠ｇip:500
2019-04-02 09:53:02 - middlewares.py[line:119] - ERROR: 涓翠欢浠ｇip:500
2019-04-02 09:53:27 - middlewares.py[line:119] - ERROR: 涓翠欢浠ｇip:500
2019-04-02 09:54:08 - middlewares.py[line:127] - ERROR: 涓翠欢浠ｇip
2019-04-02 09:54:08 - middlewares.py[line:128] - ERROR: TCP connection timed out: 10060: 由于连接方在一段时间后没有正确答复或连接的主机没有反应，连接尝试失败。.
2019-04-02 11:44:30 - middlewares.py[line:127] - ERROR: 涓翠欢浠ｇip
2019-04-02 11:44:30 - middlewares.py[line:128] - ERROR: TCP connection timed out: 10060: 由于连接方在一段时间后没有正确答复或连接的主机没有反应，连接尝试失败。.
