2019-07-04 13:18:59 - house.py[line:79] - WARNING: 扮垮害涓绛:{u'f_presale_cert': u'\u6e1d\u4f4f\u5efa\u59d4\uff082019\uff09\u9884\u5b57\u7b2c\uff08282\uff09\u53f7', u'blockname': u'3,4\u53f7\u5546\u4e1a,2\u53f7\u5546\u4e1a', u'projectid': u'678131', u'enterprisename': u'\u91cd\u5e86\u8446\u65b9\u623f\u5730\u4ea7\u5f00\u53d1\u6709\u9650\u516c\u53f8', u'location': u'\u91cd\u5e86\u5e02\u5357\u5cb8\u533a\u5357\u576a\u9547\u8857\u9053\u4e8c\u5858\u8def79\u53f7', u'projectname': u'\u4fdd\u5229\u89c2\u5858\u5c0f\u533a\u4fdd\u5229\u89c2\u5858\u4e8c\u671fB1\u7ec4\u56e2', u'counts': u'5109', u'buildingid': u'1188825,1190382'}
2019-07-04 13:19:04 - house.py[line:79] - WARNING: 扮垮害涓绛:{u'f_presale_cert': u'\u6e1d\u56fd\u571f\u623f\u7ba1\uff082018\uff09\u9884\u5b57\u7b2c\uff081754\uff09\u53f7', u'blockname': u'16-1,2\u53f7\u5546\u4e1a,16-4,5\u53f7\u5546\u4e1a', u'projectid': u'652368', u'enterprisename': u'\u91cd\u5e86\u91d1\u8f89\u957f\u6c5f\u623f\u5730\u4ea7\u6709\u9650\u516c\u53f8', u'location': u'\u5357\u5cb8\u533a\u91d1\u8f89\u57ce\u4e09\u671f\u4e00\u6807', u'projectname': u'\u91d1\u8f89\u57ce\u4e09\u671f', u'counts': u'5109', u'buildingid': u'1120224,1120246'}
2019-07-04 13:19:29 - house.py[line:79] - WARNING: 扮垮害涓绛:{u'f_presale_cert': u'\u6e1d\u56fd\u571f\u623f\u7ba1\uff082018\uff09\u9884\u5b57\u7b2c\uff081012\uff09\u53f7', u'blockname': u'C32-C34\u680b,C24-C26\u680b,C22,C23\u680b,B6\u53f7\u697c', u'projectid': u'686799', u'enterprisename': u'\u5e7f\u5dde\u5bcc\u529b\u5730\u4ea7\uff08\u91cd\u5e86\uff09\u6709\u9650\u516c\u53f8', u'location': u'\u6c99\u576a\u575d\u533a\u897f\u6c38\u7ec4\u56fe\u4e2d\u592e\u5546\u533aA\u5730U8-2-2/03\u3001U8-2-3/03\u3001U8-2-5/03', u'projectname': u'\u5e7f\u5dde\u5bcc\u529b\u57ce\u5bcc\u529b\u57ce2R\u7ec4\u56e2', u'counts': u'5910', u'buildingid': u'1141944,1141945,1142006,1142007'}
2019-07-04 13:19:54 - house.py[line:79] - WARNING: 扮垮害涓绛:{u'f_presale_cert': u'\u6e1d\u56fd\u571f\u623f\u7ba1\uff082018\uff09\u9884\u5b57\u7b2c\uff08222\uff09\u53f7', u'blockname': u'14,15\u53f7\u88d9\u697c,13\u53f7\u697c,4\u53f7\u697c,15\u53f7\u697c', u'projectid': u'685477', u'enterprisename': u'\u91cd\u5e86\u91d1\u79d1\u6c47\u8302\u623f\u5730\u4ea7\u5f00\u53d1\u6709\u9650\u516c\u53f8', u'location': u'\u91cd\u5e86\u5e02\u5317\u789a\u533a\u8521\u5bb6\u5c97\u9547\u91d1\u79d1.\u96c6\u7f8e\u5609\u60a6\u4e00\u671f\uff08M08/04\uff09\u5730\u5757', u'projectname': u'\u91d1\u79d1.\u96c6\u7f8e\u5609\u60a6\u96c6\u7f8e\u5609\u60a6\uff08M08\uff09', u'counts': u'8070', u'buildingid': u'1119242,1126860,1126861,1126862'}
2019-07-04 13:24:08 - house.py[line:92] - WARNING: No JSON object could be decoded
2019-07-04 13:30:05 - middlewares.py[line:143] - ERROR: 涓翠欢浠ｇip
2019-07-04 13:30:05 - middlewares.py[line:144] - ERROR: TCP connection timed out: 10060: 由于连接方在一段时间后没有正确答复或连接的主机没有反应，连接尝试失败。.
2019-07-04 13:31:29 - middlewares.py[line:143] - ERROR: 涓翠欢浠ｇip
2019-07-04 13:31:29 - middlewares.py[line:144] - ERROR: TCP connection timed out: 10060: 由于连接方在一段时间后没有正确答复或连接的主机没有反应，连接尝试失败。.
2019-07-04 13:31:30 - house.py[line:92] - WARNING: 'NoneType' object has no attribute 'replace'
2019-07-04 13:32:39 - middlewares.py[line:143] - ERROR: 涓翠欢浠ｇip
2019-07-04 13:32:39 - middlewares.py[line:144] - ERROR: TCP connection timed out: 10060: 由于连接方在一段时间后没有正确答复或连接的主机没有反应，连接尝试失败。.
2019-07-04 13:32:48 - house.py[line:79] - WARNING: 扮垮害涓绛:{u'f_presale_cert': u'\u6e1d\u4f4f\u5efa\u59d4\uff082019\uff09\u9884\u5b57\u7b2c\uff08282\uff09\u53f7', u'blockname': u'3,4\u53f7\u5546\u4e1a,2\u53f7\u5546\u4e1a', u'projectid': u'678131', u'enterprisename': u'\u91cd\u5e86\u8446\u65b9\u623f\u5730\u4ea7\u5f00\u53d1\u6709\u9650\u516c\u53f8', u'location': u'\u91cd\u5e86\u5e02\u5357\u5cb8\u533a\u5357\u576a\u9547\u8857\u9053\u4e8c\u5858\u8def79\u53f7', u'projectname': u'\u4fdd\u5229\u89c2\u5858\u5c0f\u533a\u4fdd\u5229\u89c2\u5858\u4e8c\u671fB1\u7ec4\u56e2', u'counts': u'5109', u'buildingid': u'1188825,1190382'}
2019-07-04 13:32:50 - house.py[line:79] - WARNING: 扮垮害涓绛:{u'f_presale_cert': u'\u6e1d\u56fd\u571f\u623f\u7ba1\uff082018\uff09\u9884\u5b57\u7b2c\uff081754\uff09\u53f7', u'blockname': u'16-1,2\u53f7\u5546\u4e1a,16-4,5\u53f7\u5546\u4e1a', u'projectid': u'652368', u'enterprisename': u'\u91cd\u5e86\u91d1\u8f89\u957f\u6c5f\u623f\u5730\u4ea7\u6709\u9650\u516c\u53f8', u'location': u'\u5357\u5cb8\u533a\u91d1\u8f89\u57ce\u4e09\u671f\u4e00\u6807', u'projectname': u'\u91d1\u8f89\u57ce\u4e09\u671f', u'counts': u'5109', u'buildingid': u'1120224,1120246'}
2019-07-04 13:33:04 - house.py[line:79] - WARNING: 扮垮害涓绛:{u'f_presale_cert': u'\u6e1d\u56fd\u571f\u623f\u7ba1\uff082018\uff09\u9884\u5b57\u7b2c\uff081012\uff09\u53f7', u'blockname': u'C32-C34\u680b,C24-C26\u680b,C22,C23\u680b,B6\u53f7\u697c', u'projectid': u'686799', u'enterprisename': u'\u5e7f\u5dde\u5bcc\u529b\u5730\u4ea7\uff08\u91cd\u5e86\uff09\u6709\u9650\u516c\u53f8', u'location': u'\u6c99\u576a\u575d\u533a\u897f\u6c38\u7ec4\u56fe\u4e2d\u592e\u5546\u533aA\u5730U8-2-2/03\u3001U8-2-3/03\u3001U8-2-5/03', u'projectname': u'\u5e7f\u5dde\u5bcc\u529b\u57ce\u5bcc\u529b\u57ce2R\u7ec4\u56e2', u'counts': u'5910', u'buildingid': u'1141944,1141945,1142006,1142007'}
2019-07-04 13:33:09 - middlewares.py[line:143] - ERROR: 涓翠欢浠ｇip
2019-07-04 13:33:09 - middlewares.py[line:144] - ERROR: TCP connection timed out: 10060: 由于连接方在一段时间后没有正确答复或连接的主机没有反应，连接尝试失败。.
2019-07-04 13:35:04 - house.py[line:79] - WARNING: 扮垮害涓绛:{u'f_presale_cert': u'\u6e1d\u56fd\u571f\u623f\u7ba1\uff082018\uff09\u9884\u5b57\u7b2c\uff08222\uff09\u53f7', u'blockname': u'14,15\u53f7\u88d9\u697c,13\u53f7\u697c,4\u53f7\u697c,15\u53f7\u697c', u'projectid': u'685477', u'enterprisename': u'\u91cd\u5e86\u91d1\u79d1\u6c47\u8302\u623f\u5730\u4ea7\u5f00\u53d1\u6709\u9650\u516c\u53f8', u'location': u'\u91cd\u5e86\u5e02\u5317\u789a\u533a\u8521\u5bb6\u5c97\u9547\u91d1\u79d1.\u96c6\u7f8e\u5609\u60a6\u4e00\u671f\uff08M08/04\uff09\u5730\u5757', u'projectname': u'\u91d1\u79d1.\u96c6\u7f8e\u5609\u60a6\u96c6\u7f8e\u5609\u60a6\uff08M08\uff09', u'counts': u'8070', u'buildingid': u'1119242,1126860,1126861,1126862'}
2019-07-04 13:38:27 - middlewares.py[line:143] - ERROR: 涓翠欢浠ｇip
2019-07-04 13:38:27 - middlewares.py[line:144] - ERROR: TCP connection timed out: 10060: 由于连接方在一段时间后没有正确答复或连接的主机没有反应，连接尝试失败。.
2019-07-04 13:41:30 - middlewares.py[line:143] - ERROR: 涓翠欢浠ｇip
2019-07-04 13:41:30 - middlewares.py[line:144] - ERROR: [<twisted.python.failure.Failure twisted.internet.error.ConnectionLost: Connection to the other side was lost in a non-clean fashion.>]
2019-07-04 13:51:29 - middlewares.py[line:143] - ERROR: 涓翠欢浠ｇip
2019-07-04 13:51:29 - middlewares.py[line:144] - ERROR: [<twisted.python.failure.Failure twisted.internet.error.ConnectionDone: Connection was closed cleanly.>]
2019-07-04 13:53:37 - middlewares.py[line:143] - ERROR: 涓翠欢浠ｇip
2019-07-04 13:53:37 - middlewares.py[line:144] - ERROR: [<twisted.python.failure.Failure twisted.internet.error.ConnectionDone: Connection was closed cleanly.>]
2019-07-04 13:54:02 - middlewares.py[line:143] - ERROR: 涓翠欢浠ｇip
2019-07-04 13:54:02 - middlewares.py[line:144] - ERROR: TCP connection timed out: 10060: 由于连接方在一段时间后没有正确答复或连接的主机没有反应，连接尝试失败。.
2019-07-04 13:58:27 - middlewares.py[line:143] - ERROR: 涓翠欢浠ｇip
2019-07-04 13:58:27 - middlewares.py[line:144] - ERROR: [<twisted.python.failure.Failure twisted.internet.error.ConnectionLost: Connection to the other side was lost in a non-clean fashion.>, <twisted.python.failure.Failure twisted.web.http._DataLoss: >]
2019-07-04 13:58:58 - middlewares.py[line:143] - ERROR: 涓翠欢浠ｇip
2019-07-04 13:58:58 - middlewares.py[line:144] - ERROR: TCP connection timed out: 10060: 由于连接方在一段时间后没有正确答复或连接的主机没有反应，连接尝试失败。.
2019-07-04 13:59:48 - middlewares.py[line:143] - ERROR: 涓翠欢浠ｇip
2019-07-04 13:59:48 - middlewares.py[line:144] - ERROR: TCP connection timed out: 10060: 由于连接方在一段时间后没有正确答复或连接的主机没有反应，连接尝试失败。.
2019-07-04 14:00:19 - middlewares.py[line:143] - ERROR: 涓翠欢浠ｇip
2019-07-04 14:00:19 - middlewares.py[line:144] - ERROR: TCP connection timed out: 10060: 由于连接方在一段时间后没有正确答复或连接的主机没有反应，连接尝试失败。.
2019-07-04 14:01:34 - middlewares.py[line:143] - ERROR: 涓翠欢浠ｇip
2019-07-04 14:01:34 - middlewares.py[line:144] - ERROR: TCP connection timed out: 10060: 由于连接方在一段时间后没有正确答复或连接的主机没有反应，连接尝试失败。.
2019-07-04 14:01:45 - middlewares.py[line:143] - ERROR: 涓翠欢浠ｇip
2019-07-04 14:01:45 - middlewares.py[line:144] - ERROR: [<twisted.python.failure.Failure twisted.internet.error.ConnectionDone: Connection was closed cleanly.>]
2019-07-04 15:24:06 - middlewares.py[line:143] - ERROR: 涓翠欢浠ｇip
2019-07-04 15:24:06 - middlewares.py[line:144] - ERROR: [<twisted.python.failure.Failure twisted.internet.error.ConnectionLost: Connection to the other side was lost in a non-clean fashion.>]
2019-07-04 15:36:04 - middlewares.py[line:143] - ERROR: 涓翠欢浠ｇip
2019-07-04 15:36:04 - middlewares.py[line:144] - ERROR: TCP connection timed out: 10060: 由于连接方在一段时间后没有正确答复或连接的主机没有反应，连接尝试失败。.
2019-07-04 15:36:36 - middlewares.py[line:143] - ERROR: 涓翠欢浠ｇip
2019-07-04 15:36:36 - middlewares.py[line:144] - ERROR: TCP connection timed out: 10060: 由于连接方在一段时间后没有正确答复或连接的主机没有反应，连接尝试失败。.
2019-07-04 15:36:36 - middlewares.py[line:143] - ERROR: 涓翠欢浠ｇip
2019-07-04 15:36:36 - middlewares.py[line:144] - ERROR: [<twisted.python.failure.Failure twisted.internet.error.ConnectionDone: Connection was closed cleanly.>]
2019-07-04 15:37:45 - middlewares.py[line:143] - ERROR: 涓翠欢浠ｇip
2019-07-04 15:37:45 - middlewares.py[line:144] - ERROR: Connection was refused by other side: 10061: 由于目标计算机积极拒绝，无法连接。.
2019-07-04 15:39:32 - house.py[line:179] - WARNING: 'NoneType' object has no attribute 'replace'
2019-07-04 15:40:26 - middlewares.py[line:143] - ERROR: 涓翠欢浠ｇip
2019-07-04 15:40:26 - middlewares.py[line:144] - ERROR: TCP connection timed out: 10060: 由于连接方在一段时间后没有正确答复或连接的主机没有反应，连接尝试失败。.
2019-07-04 15:46:47 - middlewares.py[line:143] - ERROR: 涓翠欢浠ｇip
2019-07-04 15:46:47 - middlewares.py[line:144] - ERROR: TCP connection timed out: 10060: 由于连接方在一段时间后没有正确答复或连接的主机没有反应，连接尝试失败。.
2019-07-04 15:59:13 - middlewares.py[line:143] - ERROR: 涓翠欢浠ｇip
2019-07-04 15:59:13 - middlewares.py[line:144] - ERROR: TCP connection timed out: 10060: 由于连接方在一段时间后没有正确答复或连接的主机没有反应，连接尝试失败。.
2019-07-04 16:00:35 - middlewares.py[line:143] - ERROR: 涓翠欢浠ｇip
2019-07-04 16:00:35 - middlewares.py[line:144] - ERROR: TCP connection timed out: 10060: 由于连接方在一段时间后没有正确答复或连接的主机没有反应，连接尝试失败。.
2019-07-04 16:04:40 - middlewares.py[line:143] - ERROR: 涓翠欢浠ｇip
2019-07-04 16:04:40 - middlewares.py[line:144] - ERROR: [<twisted.python.failure.Failure twisted.internet.error.ConnectionDone: Connection was closed cleanly.>]
2019-07-04 16:05:27 - middlewares.py[line:143] - ERROR: 涓翠欢浠ｇip
2019-07-04 16:05:27 - middlewares.py[line:144] - ERROR: TCP connection timed out: 10060: 由于连接方在一段时间后没有正确答复或连接的主机没有反应，连接尝试失败。.
2019-07-04 16:05:27 - middlewares.py[line:143] - ERROR: 涓翠欢浠ｇip
2019-07-04 16:05:27 - middlewares.py[line:144] - ERROR: TCP connection timed out: 10060: 由于连接方在一段时间后没有正确答复或连接的主机没有反应，连接尝试失败。.
2019-07-04 16:05:37 - middlewares.py[line:143] - ERROR: 涓翠欢浠ｇip
2019-07-04 16:05:37 - middlewares.py[line:144] - ERROR: [<twisted.python.failure.Failure twisted.internet.error.ConnectionDone: Connection was closed cleanly.>]
2019-07-04 16:05:37 - middlewares.py[line:143] - ERROR: 涓翠欢浠ｇip
2019-07-04 16:05:37 - middlewares.py[line:144] - ERROR: [<twisted.python.failure.Failure twisted.internet.error.ConnectionDone: Connection was closed cleanly.>]
2019-07-04 16:05:37 - middlewares.py[line:143] - ERROR: 涓翠欢浠ｇip
2019-07-04 16:05:37 - middlewares.py[line:144] - ERROR: [<twisted.python.failure.Failure twisted.internet.error.ConnectionDone: Connection was closed cleanly.>]
2019-07-04 16:05:37 - middlewares.py[line:143] - ERROR: 涓翠欢浠ｇip
2019-07-04 16:05:37 - middlewares.py[line:144] - ERROR: [<twisted.python.failure.Failure twisted.internet.error.ConnectionDone: Connection was closed cleanly.>]
2019-07-04 16:05:37 - middlewares.py[line:143] - ERROR: 涓翠欢浠ｇip
2019-07-04 16:05:37 - middlewares.py[line:144] - ERROR: [<twisted.python.failure.Failure twisted.internet.error.ConnectionDone: Connection was closed cleanly.>]
2019-07-04 16:05:37 - middlewares.py[line:143] - ERROR: 涓翠欢浠ｇip
2019-07-04 16:05:37 - middlewares.py[line:144] - ERROR: [<twisted.python.failure.Failure twisted.internet.error.ConnectionDone: Connection was closed cleanly.>]
2019-07-04 16:05:40 - middlewares.py[line:143] - ERROR: 涓翠欢浠ｇip
2019-07-04 16:05:40 - middlewares.py[line:144] - ERROR: [<twisted.python.failure.Failure twisted.internet.error.ConnectionDone: Connection was closed cleanly.>]
2019-07-04 16:08:21 - middlewares.py[line:143] - ERROR: 涓翠欢浠ｇip
2019-07-04 16:08:21 - middlewares.py[line:144] - ERROR: TCP connection timed out: 10060: 由于连接方在一段时间后没有正确答复或连接的主机没有反应，连接尝试失败。.
2019-07-04 16:08:21 - middlewares.py[line:143] - ERROR: 涓翠欢浠ｇip
2019-07-04 16:08:21 - middlewares.py[line:144] - ERROR: TCP connection timed out: 10060: 由于连接方在一段时间后没有正确答复或连接的主机没有反应，连接尝试失败。.
2019-07-04 16:08:21 - middlewares.py[line:143] - ERROR: 涓翠欢浠ｇip
2019-07-04 16:08:21 - middlewares.py[line:144] - ERROR: TCP connection timed out: 10060: 由于连接方在一段时间后没有正确答复或连接的主机没有反应，连接尝试失败。.
2019-07-04 16:08:21 - middlewares.py[line:143] - ERROR: 涓翠欢浠ｇip
2019-07-04 16:08:21 - middlewares.py[line:144] - ERROR: TCP connection timed out: 10060: 由于连接方在一段时间后没有正确答复或连接的主机没有反应，连接尝试失败。.
2019-07-04 16:08:21 - middlewares.py[line:143] - ERROR: 涓翠欢浠ｇip
2019-07-04 16:08:21 - middlewares.py[line:144] - ERROR: TCP connection timed out: 10060: 由于连接方在一段时间后没有正确答复或连接的主机没有反应，连接尝试失败。.
