2019-04-02 13:50:05 - house.py[line:76] - WARNING: 扮垮害涓绛:{u'f_presale_cert': u'\u6e1d\u4f4f\u5efa\u59d4\uff082019\uff09\u9884\u5b57\u7b2c\uff08282\uff09\u53f7', u'blockname': u'3,4\u53f7\u5546\u4e1a,2\u53f7\u5546\u4e1a', u'projectid': u'678131', u'enterprisename': u'\u91cd\u5e86\u8446\u65b9\u623f\u5730\u4ea7\u5f00\u53d1\u6709\u9650\u516c\u53f8', u'location': u'\u91cd\u5e86\u5e02\u5357\u5cb8\u533a\u5357\u576a\u9547\u8857\u9053\u4e8c\u5858\u8def79\u53f7', u'projectname': u'\u4fdd\u5229\u89c2\u5858\u5c0f\u533a\u4fdd\u5229\u89c2\u5858\u4e8c\u671fB1\u7ec4\u56e2', u'counts': u'330', u'buildingid': u'1188825,1190382'}
2019-04-02 13:50:08 - house.py[line:76] - WARNING: 扮垮害涓绛:{u'f_presale_cert': u'\u6e1d\u4f4f\u5efa\u59d4\uff082019\uff09\u9884\u5b57\u7b2c\uff08282\uff09\u53f7', u'blockname': u'3,4\u53f7\u5546\u4e1a,2\u53f7\u5546\u4e1a', u'projectid': u'678131', u'enterprisename': u'\u7a7a\u4e2d', u'location': u'\u91cd\u5e86\u5e02\u5357\u5cb8\u533a\u5357\u576a\u9547\u8857\u9053\u4e8c\u5858\u8def79\u53f7', u'projectname': u'\u4fdd\u5229\u89c2\u5858\u5c0f\u533a\u4fdd\u5229\u89c2\u5858\u4e8c\u671fB1\u7ec4\u56e2', u'counts': u'330', u'buildingid': u'1188825,1190382'}
2019-04-02 13:50:11 - house.py[line:76] - WARNING: 扮垮害涓绛:{u'f_presale_cert': u'\u6e1d\u56fd\u571f\u623f\u7ba1\uff082018\uff09\u9884\u5b57\u7b2c\uff081754\uff09\u53f7', u'blockname': u'16-1,2\u53f7\u5546\u4e1a,16-4,5\u53f7\u5546\u4e1a', u'projectid': u'652368', u'enterprisename': u'\u91cd\u5e86\u91d1\u8f89\u957f\u6c5f\u623f\u5730\u4ea7\u6709\u9650\u516c\u53f8', u'location': u'\u5357\u5cb8\u533a\u91d1\u8f89\u57ce\u4e09\u671f\u4e00\u6807', u'projectname': u'\u91d1\u8f89\u57ce\u4e09\u671f', u'counts': u'330', u'buildingid': u'1120224,1120246'}
2019-04-02 13:50:11 - house.py[line:76] - WARNING: 扮垮害涓绛:{u'f_presale_cert': u'\u6e1d\u56fd\u571f\u623f\u7ba1\uff082018\uff09\u9884\u5b57\u7b2c\uff081754\uff09\u53f7', u'blockname': u'16-1,2\u53f7\u5546\u4e1a,16-4,5\u53f7\u5546\u4e1a', u'projectid': u'652368', u'enterprisename': u'\u7a7a\u4e2d', u'location': u'\u5357\u5cb8\u533a\u91d1\u8f89\u57ce\u4e09\u671f\u4e00\u6807', u'projectname': u'\u91d1\u8f89\u57ce\u4e09\u671f', u'counts': u'330', u'buildingid': u'1120224,1120246'}
2019-04-02 13:50:19 - house.py[line:76] - WARNING: 扮垮害涓绛:{u'f_presale_cert': u'\u6e1d\u56fd\u571f\u623f\u7ba1\uff082018\uff09\u9884\u5b57\u7b2c\uff081012\uff09\u53f7', u'blockname': u'C32-C34\u680b,C24-C26\u680b,C22,C23\u680b,B6\u53f7\u697c', u'projectid': u'686799', u'enterprisename': u'\u5e7f\u5dde\u5bcc\u529b\u5730\u4ea7\uff08\u91cd\u5e86\uff09\u6709\u9650\u516c\u53f8', u'location': u'\u6c99\u576a\u575d\u533a\u897f\u6c38\u7ec4\u56fe\u4e2d\u592e\u5546\u533aA\u5730U8-2-2/03\u3001U8-2-3/03\u3001U8-2-5/03', u'projectname': u'\u5e7f\u5dde\u5bcc\u529b\u57ce\u5bcc\u529b\u57ce2R\u7ec4\u56e2', u'counts': u'212', u'buildingid': u'1141944,1141945,1142006,1142007'}
2019-04-02 13:50:39 - house.py[line:76] - WARNING: 扮垮害涓绛:{u'f_presale_cert': u'\u6e1d\u56fd\u571f\u623f\u7ba1\uff082018\uff09\u9884\u5b57\u7b2c\uff08222\uff09\u53f7', u'blockname': u'14,15\u53f7\u88d9\u697c,13\u53f7\u697c,4\u53f7\u697c,15\u53f7\u697c', u'projectid': u'685477', u'enterprisename': u'\u91cd\u5e86\u91d1\u79d1\u6c47\u8302\u623f\u5730\u4ea7\u5f00\u53d1\u6709\u9650\u516c\u53f8', u'location': u'\u91cd\u5e86\u5e02\u5317\u789a\u533a\u8521\u5bb6\u5c97\u9547\u91d1\u79d1.\u96c6\u7f8e\u5609\u60a6\u4e00\u671f\uff08M08/04\uff09\u5730\u5757', u'projectname': u'\u91d1\u79d1.\u96c6\u7f8e\u5609\u60a6\u96c6\u7f8e\u5609\u60a6\uff08M08\uff09', u'counts': u'309', u'buildingid': u'1119242,1126860,1126861,1126862'}
2019-04-02 13:56:28 - middlewares.py[line:119] - ERROR: 涓翠欢浠ｇip:500
2019-04-02 13:56:32 - middlewares.py[line:119] - ERROR: 涓翠欢浠ｇip:500
2019-04-02 13:56:37 - middlewares.py[line:119] - ERROR: 涓翠欢浠ｇip:500
2019-04-02 13:56:41 - middlewares.py[line:119] - ERROR: 涓翠欢浠ｇip:500
2019-04-02 13:56:46 - middlewares.py[line:119] - ERROR: 涓翠欢浠ｇip:500
2019-04-02 13:56:52 - middlewares.py[line:119] - ERROR: 涓翠欢浠ｇip:500
2019-04-02 13:57:17 - middlewares.py[line:119] - ERROR: 涓翠欢浠ｇip:500
2019-04-02 13:57:29 - middlewares.py[line:119] - ERROR: 涓翠欢浠ｇip:500
2019-04-02 13:57:35 - middlewares.py[line:119] - ERROR: 涓翠欢浠ｇip:500
2019-04-02 13:57:40 - middlewares.py[line:119] - ERROR: 涓翠欢浠ｇip:500
2019-04-02 13:57:47 - middlewares.py[line:119] - ERROR: 涓翠欢浠ｇip:500
2019-04-02 13:57:52 - middlewares.py[line:119] - ERROR: 涓翠欢浠ｇip:500
2019-04-02 13:57:56 - middlewares.py[line:119] - ERROR: 涓翠欢浠ｇip:500
2019-04-02 13:58:01 - middlewares.py[line:119] - ERROR: 涓翠欢浠ｇip:500
2019-04-02 13:58:05 - middlewares.py[line:119] - ERROR: 涓翠欢浠ｇip:500
2019-04-02 13:58:10 - middlewares.py[line:119] - ERROR: 涓翠欢浠ｇip:500
2019-04-02 13:58:14 - middlewares.py[line:119] - ERROR: 涓翠欢浠ｇip:500
2019-04-02 13:58:18 - middlewares.py[line:119] - ERROR: 涓翠欢浠ｇip:500
2019-04-02 13:58:21 - middlewares.py[line:119] - ERROR: 涓翠欢浠ｇip:500
2019-04-02 13:58:25 - middlewares.py[line:119] - ERROR: 涓翠欢浠ｇip:500
2019-04-02 13:58:29 - middlewares.py[line:119] - ERROR: 涓翠欢浠ｇip:500
2019-04-02 13:58:36 - middlewares.py[line:119] - ERROR: 涓翠欢浠ｇip:500
2019-04-02 13:58:45 - middlewares.py[line:119] - ERROR: 涓翠欢浠ｇip:500
2019-04-02 13:58:52 - middlewares.py[line:119] - ERROR: 涓翠欢浠ｇip:500
2019-04-02 13:58:57 - middlewares.py[line:119] - ERROR: 涓翠欢浠ｇip:500
2019-04-02 13:59:03 - middlewares.py[line:119] - ERROR: 涓翠欢浠ｇip:500
2019-04-02 13:59:08 - middlewares.py[line:119] - ERROR: 涓翠欢浠ｇip:500
2019-04-02 13:59:13 - middlewares.py[line:119] - ERROR: 涓翠欢浠ｇip:500
2019-04-02 13:59:19 - middlewares.py[line:119] - ERROR: 涓翠欢浠ｇip:500
2019-04-02 13:59:22 - middlewares.py[line:119] - ERROR: 涓翠欢浠ｇip:500
2019-04-02 13:59:26 - middlewares.py[line:119] - ERROR: 涓翠欢浠ｇip:500
2019-04-02 13:59:29 - middlewares.py[line:119] - ERROR: 涓翠欢浠ｇip:500
2019-04-02 13:59:34 - middlewares.py[line:119] - ERROR: 涓翠欢浠ｇip:500
2019-04-02 13:59:40 - middlewares.py[line:119] - ERROR: 涓翠欢浠ｇip:500
2019-04-02 13:59:44 - middlewares.py[line:119] - ERROR: 涓翠欢浠ｇip:500
2019-04-02 13:59:47 - middlewares.py[line:119] - ERROR: 涓翠欢浠ｇip:500
2019-04-02 13:59:51 - middlewares.py[line:119] - ERROR: 涓翠欢浠ｇip:500
2019-04-02 13:59:58 - middlewares.py[line:119] - ERROR: 涓翠欢浠ｇip:500
2019-04-02 14:00:05 - middlewares.py[line:119] - ERROR: 涓翠欢浠ｇip:500
2019-04-02 14:00:20 - middlewares.py[line:119] - ERROR: 涓翠欢浠ｇip:500
2019-04-02 14:00:26 - middlewares.py[line:119] - ERROR: 涓翠欢浠ｇip:500
2019-04-02 14:00:31 - middlewares.py[line:119] - ERROR: 涓翠欢浠ｇip:500
2019-04-02 14:00:35 - middlewares.py[line:119] - ERROR: 涓翠欢浠ｇip:500
2019-04-02 14:00:40 - middlewares.py[line:119] - ERROR: 涓翠欢浠ｇip:500
2019-04-02 14:00:44 - middlewares.py[line:119] - ERROR: 涓翠欢浠ｇip:500
2019-04-02 14:00:48 - middlewares.py[line:119] - ERROR: 涓翠欢浠ｇip:500
2019-04-02 14:00:52 - middlewares.py[line:119] - ERROR: 涓翠欢浠ｇip:500
2019-04-02 14:00:57 - middlewares.py[line:119] - ERROR: 涓翠欢浠ｇip:500
2019-04-02 14:01:04 - middlewares.py[line:119] - ERROR: 涓翠欢浠ｇip:500
2019-04-02 14:01:09 - middlewares.py[line:119] - ERROR: 涓翠欢浠ｇip:500
2019-04-02 14:01:14 - middlewares.py[line:119] - ERROR: 涓翠欢浠ｇip:500
2019-04-02 14:01:20 - middlewares.py[line:119] - ERROR: 涓翠欢浠ｇip:500
2019-04-02 14:01:24 - middlewares.py[line:119] - ERROR: 涓翠欢浠ｇip:500
2019-04-02 14:01:28 - middlewares.py[line:119] - ERROR: 涓翠欢浠ｇip:500
2019-04-02 14:01:31 - middlewares.py[line:119] - ERROR: 涓翠欢浠ｇip:500
2019-04-02 14:01:35 - middlewares.py[line:119] - ERROR: 涓翠欢浠ｇip:500
2019-04-02 14:01:39 - middlewares.py[line:119] - ERROR: 涓翠欢浠ｇip:500
2019-04-02 14:01:44 - middlewares.py[line:119] - ERROR: 涓翠欢浠ｇip:500
2019-04-02 14:01:50 - middlewares.py[line:119] - ERROR: 涓翠欢浠ｇip:500
2019-04-02 14:01:55 - middlewares.py[line:119] - ERROR: 涓翠欢浠ｇip:500
2019-04-02 14:01:59 - middlewares.py[line:119] - ERROR: 涓翠欢浠ｇip:500
2019-04-02 14:02:03 - middlewares.py[line:119] - ERROR: 涓翠欢浠ｇip:500
2019-04-02 14:02:08 - middlewares.py[line:119] - ERROR: 涓翠欢浠ｇip:500
2019-04-02 14:02:12 - middlewares.py[line:119] - ERROR: 涓翠欢浠ｇip:500
2019-04-02 14:02:16 - middlewares.py[line:119] - ERROR: 涓翠欢浠ｇip:500
2019-04-02 14:02:20 - middlewares.py[line:119] - ERROR: 涓翠欢浠ｇip:500
2019-04-02 14:02:25 - middlewares.py[line:119] - ERROR: 涓翠欢浠ｇip:500
2019-04-02 14:02:28 - middlewares.py[line:119] - ERROR: 涓翠欢浠ｇip:500
2019-04-02 14:02:33 - middlewares.py[line:119] - ERROR: 涓翠欢浠ｇip:500
2019-04-02 14:02:36 - middlewares.py[line:119] - ERROR: 涓翠欢浠ｇip:500
2019-04-02 14:02:40 - middlewares.py[line:119] - ERROR: 涓翠欢浠ｇip:500
2019-04-02 14:02:45 - middlewares.py[line:119] - ERROR: 涓翠欢浠ｇip:500
2019-04-02 14:02:49 - middlewares.py[line:119] - ERROR: 涓翠欢浠ｇip:500
2019-04-02 14:02:52 - middlewares.py[line:119] - ERROR: 涓翠欢浠ｇip:500
2019-04-02 14:02:56 - middlewares.py[line:119] - ERROR: 涓翠欢浠ｇip:500
2019-04-02 14:03:01 - middlewares.py[line:119] - ERROR: 涓翠欢浠ｇip:500
2019-04-02 14:03:08 - middlewares.py[line:119] - ERROR: 涓翠欢浠ｇip:500
2019-04-02 14:03:13 - middlewares.py[line:119] - ERROR: 涓翠欢浠ｇip:500
2019-04-02 14:03:19 - middlewares.py[line:119] - ERROR: 涓翠欢浠ｇip:500
2019-04-02 14:03:24 - middlewares.py[line:119] - ERROR: 涓翠欢浠ｇip:500
2019-04-02 14:03:29 - middlewares.py[line:119] - ERROR: 涓翠欢浠ｇip:500
2019-04-02 14:03:32 - middlewares.py[line:119] - ERROR: 涓翠欢浠ｇip:500
2019-04-02 14:03:36 - middlewares.py[line:119] - ERROR: 涓翠欢浠ｇip:500
2019-04-02 14:03:41 - middlewares.py[line:119] - ERROR: 涓翠欢浠ｇip:500
2019-04-02 14:03:44 - middlewares.py[line:119] - ERROR: 涓翠欢浠ｇip:500
2019-04-02 14:03:48 - middlewares.py[line:119] - ERROR: 涓翠欢浠ｇip:500
2019-04-02 14:03:53 - middlewares.py[line:119] - ERROR: 涓翠欢浠ｇip:500
2019-04-02 14:04:00 - middlewares.py[line:119] - ERROR: 涓翠欢浠ｇip:500
2019-04-02 14:04:05 - middlewares.py[line:119] - ERROR: 涓翠欢浠ｇip:500
2019-04-02 14:04:10 - middlewares.py[line:119] - ERROR: 涓翠欢浠ｇip:500
2019-04-02 14:04:15 - middlewares.py[line:119] - ERROR: 涓翠欢浠ｇip:500
2019-04-02 14:04:22 - middlewares.py[line:119] - ERROR: 涓翠欢浠ｇip:500
2019-04-02 14:04:31 - middlewares.py[line:119] - ERROR: 涓翠欢浠ｇip:500
2019-04-02 14:04:36 - middlewares.py[line:119] - ERROR: 涓翠欢浠ｇip:500
2019-04-02 14:04:42 - middlewares.py[line:119] - ERROR: 涓翠欢浠ｇip:500
2019-04-02 14:04:47 - middlewares.py[line:119] - ERROR: 涓翠欢浠ｇip:500
2019-04-02 14:04:52 - middlewares.py[line:119] - ERROR: 涓翠欢浠ｇip:500
2019-04-02 14:04:56 - middlewares.py[line:119] - ERROR: 涓翠欢浠ｇip:500
2019-04-02 14:05:04 - middlewares.py[line:119] - ERROR: 涓翠欢浠ｇip:500
2019-04-02 14:05:07 - middlewares.py[line:119] - ERROR: 涓翠欢浠ｇip:500
2019-04-02 14:05:11 - middlewares.py[line:119] - ERROR: 涓翠欢浠ｇip:500
2019-04-02 14:06:06 - middlewares.py[line:119] - ERROR: 涓翠欢浠ｇip:500
2019-04-02 14:06:10 - middlewares.py[line:119] - ERROR: 涓翠欢浠ｇip:500
2019-04-02 14:34:50 - middlewares.py[line:127] - ERROR: 涓翠欢浠ｇip
2019-04-02 14:34:50 - middlewares.py[line:128] - ERROR: TCP connection timed out: 10060: 由于连接方在一段时间后没有正确答复或连接的主机没有反应，连接尝试失败。.
2019-04-02 14:46:10 - middlewares.py[line:119] - ERROR: 涓翠欢浠ｇip:500
2019-04-02 15:01:37 - middlewares.py[line:127] - ERROR: 涓翠欢浠ｇip
2019-04-02 15:01:37 - middlewares.py[line:128] - ERROR: [<twisted.python.failure.Failure twisted.internet.error.ConnectionLost: Connection to the other side was lost in a non-clean fashion.>]
2019-04-02 15:07:29 - middlewares.py[line:119] - ERROR: 涓翠欢浠ｇip:500
2019-04-02 15:38:37 - middlewares.py[line:127] - ERROR: 涓翠欢浠ｇip
2019-04-02 15:38:37 - middlewares.py[line:128] - ERROR: [<twisted.python.failure.Failure twisted.internet.error.ConnectionLost: Connection to the other side was lost in a non-clean fashion.>]
2019-04-02 15:42:30 - middlewares.py[line:127] - ERROR: 涓翠欢浠ｇip
2019-04-02 15:42:30 - middlewares.py[line:128] - ERROR: TCP connection timed out: 10060: 由于连接方在一段时间后没有正确答复或连接的主机没有反应，连接尝试失败。.
2019-04-02 15:45:15 - middlewares.py[line:127] - ERROR: 涓翠欢浠ｇip
2019-04-02 15:45:15 - middlewares.py[line:128] - ERROR: TCP connection timed out: 10060: 由于连接方在一段时间后没有正确答复或连接的主机没有反应，连接尝试失败。.
2019-04-02 15:46:19 - middlewares.py[line:127] - ERROR: 涓翠欢浠ｇip
2019-04-02 15:46:19 - middlewares.py[line:128] - ERROR: TCP connection timed out: 10060: 由于连接方在一段时间后没有正确答复或连接的主机没有反应，连接尝试失败。.
2019-04-02 15:47:02 - middlewares.py[line:127] - ERROR: 涓翠欢浠ｇip
2019-04-02 15:47:02 - middlewares.py[line:128] - ERROR: TCP connection timed out: 10060: 由于连接方在一段时间后没有正确答复或连接的主机没有反应，连接尝试失败。.
2019-04-02 15:47:25 - middlewares.py[line:127] - ERROR: 涓翠欢浠ｇip
2019-04-02 15:47:25 - middlewares.py[line:128] - ERROR: TCP connection timed out: 10060: 由于连接方在一段时间后没有正确答复或连接的主机没有反应，连接尝试失败。.
2019-04-02 15:48:53 - middlewares.py[line:119] - ERROR: 涓翠欢浠ｇip:500
2019-04-02 16:29:13 - middlewares.py[line:119] - ERROR: 涓翠欢浠ｇip:500
2019-04-02 16:29:16 - middlewares.py[line:119] - ERROR: 涓翠欢浠ｇip:500
2019-04-02 16:29:19 - middlewares.py[line:119] - ERROR: 涓翠欢浠ｇip:500
2019-04-02 16:29:21 - middlewares.py[line:119] - ERROR: 涓翠欢浠ｇip:500
2019-04-02 16:29:26 - middlewares.py[line:119] - ERROR: 涓翠欢浠ｇip:500
2019-04-02 16:29:28 - middlewares.py[line:119] - ERROR: 涓翠欢浠ｇip:500
2019-04-02 16:29:29 - middlewares.py[line:119] - ERROR: 涓翠欢浠ｇip:500
2019-04-02 16:29:31 - middlewares.py[line:119] - ERROR: 涓翠欢浠ｇip:500
2019-04-02 16:29:34 - middlewares.py[line:119] - ERROR: 涓翠欢浠ｇip:500
2019-04-02 16:29:37 - middlewares.py[line:119] - ERROR: 涓翠欢浠ｇip:500
2019-04-02 16:29:39 - middlewares.py[line:119] - ERROR: 涓翠欢浠ｇip:500
2019-04-02 16:29:43 - middlewares.py[line:119] - ERROR: 涓翠欢浠ｇip:500
2019-04-02 16:29:47 - middlewares.py[line:119] - ERROR: 涓翠欢浠ｇip:500
2019-04-02 16:29:51 - middlewares.py[line:119] - ERROR: 涓翠欢浠ｇip:500
2019-04-02 16:29:56 - middlewares.py[line:119] - ERROR: 涓翠欢浠ｇip:500
2019-04-02 16:30:01 - middlewares.py[line:119] - ERROR: 涓翠欢浠ｇip:500
2019-04-02 16:30:11 - middlewares.py[line:119] - ERROR: 涓翠欢浠ｇip:500
2019-04-02 16:30:23 - middlewares.py[line:119] - ERROR: 涓翠欢浠ｇip:500
2019-04-02 16:30:36 - middlewares.py[line:119] - ERROR: 涓翠欢浠ｇip:500
2019-04-02 16:30:41 - middlewares.py[line:119] - ERROR: 涓翠欢浠ｇip:500
2019-04-02 16:30:49 - middlewares.py[line:119] - ERROR: 涓翠欢浠ｇip:500
2019-04-02 16:30:53 - middlewares.py[line:119] - ERROR: 涓翠欢浠ｇip:500
2019-04-02 16:30:55 - middlewares.py[line:119] - ERROR: 涓翠欢浠ｇip:500
2019-04-02 16:30:56 - middlewares.py[line:119] - ERROR: 涓翠欢浠ｇip:500
2019-04-02 16:30:58 - middlewares.py[line:119] - ERROR: 涓翠欢浠ｇip:500
2019-04-02 16:31:02 - middlewares.py[line:119] - ERROR: 涓翠欢浠ｇip:500
2019-04-02 16:31:05 - middlewares.py[line:119] - ERROR: 涓翠欢浠ｇip:500
2019-04-02 16:31:08 - middlewares.py[line:119] - ERROR: 涓翠欢浠ｇip:500
2019-04-02 16:31:14 - middlewares.py[line:119] - ERROR: 涓翠欢浠ｇip:500
2019-04-02 16:31:20 - middlewares.py[line:119] - ERROR: 涓翠欢浠ｇip:500
2019-04-02 16:31:25 - middlewares.py[line:119] - ERROR: 涓翠欢浠ｇip:500
2019-04-02 16:31:33 - middlewares.py[line:119] - ERROR: 涓翠欢浠ｇip:500
2019-04-02 16:31:37 - middlewares.py[line:119] - ERROR: 涓翠欢浠ｇip:500
2019-04-02 16:31:39 - middlewares.py[line:119] - ERROR: 涓翠欢浠ｇip:500
2019-04-02 16:31:42 - middlewares.py[line:119] - ERROR: 涓翠欢浠ｇip:500
2019-04-02 16:31:44 - middlewares.py[line:119] - ERROR: 涓翠欢浠ｇip:500
2019-04-02 16:31:46 - middlewares.py[line:119] - ERROR: 涓翠欢浠ｇip:500
2019-04-02 16:31:53 - middlewares.py[line:119] - ERROR: 涓翠欢浠ｇip:500
2019-04-02 16:31:56 - middlewares.py[line:119] - ERROR: 涓翠欢浠ｇip:500
2019-04-02 16:31:59 - middlewares.py[line:119] - ERROR: 涓翠欢浠ｇip:500
2019-04-02 16:32:04 - middlewares.py[line:119] - ERROR: 涓翠欢浠ｇip:500
2019-04-02 16:32:06 - middlewares.py[line:119] - ERROR: 涓翠欢浠ｇip:500
2019-04-02 16:32:09 - middlewares.py[line:119] - ERROR: 涓翠欢浠ｇip:500
2019-04-02 16:32:12 - middlewares.py[line:119] - ERROR: 涓翠欢浠ｇip:500
2019-04-02 16:32:16 - middlewares.py[line:119] - ERROR: 涓翠欢浠ｇip:500
2019-04-02 16:32:19 - middlewares.py[line:119] - ERROR: 涓翠欢浠ｇip:500
2019-04-02 16:32:22 - middlewares.py[line:119] - ERROR: 涓翠欢浠ｇip:500
2019-04-02 16:32:28 - middlewares.py[line:119] - ERROR: 涓翠欢浠ｇip:500
2019-04-02 16:32:31 - middlewares.py[line:119] - ERROR: 涓翠欢浠ｇip:500
2019-04-02 16:32:36 - middlewares.py[line:119] - ERROR: 涓翠欢浠ｇip:500
2019-04-02 16:32:47 - middlewares.py[line:119] - ERROR: 涓翠欢浠ｇip:500
2019-04-02 16:32:51 - middlewares.py[line:119] - ERROR: 涓翠欢浠ｇip:500
2019-04-02 16:32:58 - middlewares.py[line:119] - ERROR: 涓翠欢浠ｇip:500
2019-04-02 16:33:14 - middlewares.py[line:119] - ERROR: 涓翠欢浠ｇip:500
2019-04-02 16:33:15 - middlewares.py[line:119] - ERROR: 涓翠欢浠ｇip:500
2019-04-02 16:33:17 - middlewares.py[line:119] - ERROR: 涓翠欢浠ｇip:500
2019-04-02 16:33:18 - middlewares.py[line:119] - ERROR: 涓翠欢浠ｇip:500
2019-04-02 16:33:20 - middlewares.py[line:119] - ERROR: 涓翠欢浠ｇip:500
2019-04-02 16:33:22 - middlewares.py[line:119] - ERROR: 涓翠欢浠ｇip:500
2019-04-02 16:33:30 - middlewares.py[line:119] - ERROR: 涓翠欢浠ｇip:500
2019-04-02 16:33:50 - middlewares.py[line:119] - ERROR: 涓翠欢浠ｇip:500
2019-04-02 16:33:58 - middlewares.py[line:119] - ERROR: 涓翠欢浠ｇip:500
2019-04-02 16:34:03 - middlewares.py[line:119] - ERROR: 涓翠欢浠ｇip:500
2019-04-02 16:34:05 - middlewares.py[line:119] - ERROR: 涓翠欢浠ｇip:500
2019-04-02 16:34:06 - middlewares.py[line:119] - ERROR: 涓翠欢浠ｇip:500
2019-04-02 16:34:08 - middlewares.py[line:119] - ERROR: 涓翠欢浠ｇip:500
2019-04-02 16:34:10 - middlewares.py[line:119] - ERROR: 涓翠欢浠ｇip:500
2019-04-02 16:34:13 - middlewares.py[line:119] - ERROR: 涓翠欢浠ｇip:500
2019-04-02 16:34:16 - middlewares.py[line:119] - ERROR: 涓翠欢浠ｇip:500
2019-04-02 16:34:18 - middlewares.py[line:119] - ERROR: 涓翠欢浠ｇip:500
2019-04-02 16:34:20 - middlewares.py[line:119] - ERROR: 涓翠欢浠ｇip:500
2019-04-02 16:34:23 - middlewares.py[line:119] - ERROR: 涓翠欢浠ｇip:500
2019-04-02 16:34:26 - middlewares.py[line:119] - ERROR: 涓翠欢浠ｇip:500
2019-04-02 16:34:29 - middlewares.py[line:119] - ERROR: 涓翠欢浠ｇip:500
2019-04-02 16:34:32 - middlewares.py[line:119] - ERROR: 涓翠欢浠ｇip:500
2019-04-02 16:34:35 - middlewares.py[line:119] - ERROR: 涓翠欢浠ｇip:500
2019-04-02 16:34:38 - middlewares.py[line:119] - ERROR: 涓翠欢浠ｇip:500
2019-04-02 16:34:40 - middlewares.py[line:119] - ERROR: 涓翠欢浠ｇip:500
2019-04-02 16:34:41 - middlewares.py[line:119] - ERROR: 涓翠欢浠ｇip:500
2019-04-02 16:34:44 - middlewares.py[line:119] - ERROR: 涓翠欢浠ｇip:500
2019-04-02 16:34:46 - middlewares.py[line:119] - ERROR: 涓翠欢浠ｇip:500
2019-04-02 16:34:49 - middlewares.py[line:119] - ERROR: 涓翠欢浠ｇip:500
2019-04-02 16:34:52 - middlewares.py[line:119] - ERROR: 涓翠欢浠ｇip:500
2019-04-02 16:34:55 - middlewares.py[line:127] - ERROR: 涓翠欢浠ｇip
2019-04-02 16:34:55 - middlewares.py[line:128] - ERROR: TCP connection timed out: 10060: 由于连接方在一段时间后没有正确答复或连接的主机没有反应，连接尝试失败。.
2019-04-02 16:34:56 - middlewares.py[line:119] - ERROR: 涓翠欢浠ｇip:500
2019-04-02 16:34:59 - middlewares.py[line:119] - ERROR: 涓翠欢浠ｇip:500
2019-04-02 16:35:01 - middlewares.py[line:119] - ERROR: 涓翠欢浠ｇip:500
2019-04-02 16:35:04 - middlewares.py[line:119] - ERROR: 涓翠欢浠ｇip:500
2019-04-02 16:35:07 - middlewares.py[line:119] - ERROR: 涓翠欢浠ｇip:500
2019-04-02 16:35:11 - middlewares.py[line:119] - ERROR: 涓翠欢浠ｇip:500
2019-04-02 16:35:16 - middlewares.py[line:119] - ERROR: 涓翠欢浠ｇip:500
2019-04-02 16:35:24 - middlewares.py[line:119] - ERROR: 涓翠欢浠ｇip:500
2019-04-02 16:35:31 - middlewares.py[line:119] - ERROR: 涓翠欢浠ｇip:500
2019-04-02 16:35:47 - middlewares.py[line:119] - ERROR: 涓翠欢浠ｇip:500
2019-04-02 16:36:04 - middlewares.py[line:119] - ERROR: 涓翠欢浠ｇip:500
2019-04-02 16:36:14 - middlewares.py[line:119] - ERROR: 涓翠欢浠ｇip:500
2019-04-02 16:36:18 - middlewares.py[line:119] - ERROR: 涓翠欢浠ｇip:500
2019-04-02 16:36:26 - middlewares.py[line:119] - ERROR: 涓翠欢浠ｇip:500
2019-04-02 16:36:31 - middlewares.py[line:119] - ERROR: 涓翠欢浠ｇip:500
2019-04-02 16:36:39 - middlewares.py[line:119] - ERROR: 涓翠欢浠ｇip:500
2019-04-02 16:36:44 - middlewares.py[line:119] - ERROR: 涓翠欢浠ｇip:500
2019-04-02 16:36:51 - middlewares.py[line:119] - ERROR: 涓翠欢浠ｇip:500
2019-04-02 16:58:57 - middlewares.py[line:127] - ERROR: 涓翠欢浠ｇip
2019-04-02 16:58:57 - middlewares.py[line:128] - ERROR: TCP connection timed out: 10060: 由于连接方在一段时间后没有正确答复或连接的主机没有反应，连接尝试失败。.
2019-04-02 17:10:44 - middlewares.py[line:119] - ERROR: 涓翠欢浠ｇip:500
2019-04-02 17:17:45 - middlewares.py[line:127] - ERROR: 涓翠欢浠ｇip
2019-04-02 17:17:45 - middlewares.py[line:128] - ERROR: TCP connection timed out: 10060: 由于连接方在一段时间后没有正确答复或连接的主机没有反应，连接尝试失败。.
2019-04-02 17:20:56 - middlewares.py[line:127] - ERROR: 涓翠欢浠ｇip
2019-04-02 17:20:56 - middlewares.py[line:128] - ERROR: TCP connection timed out: 10060: 由于连接方在一段时间后没有正确答复或连接的主机没有反应，连接尝试失败。.
2019-04-02 17:23:02 - middlewares.py[line:127] - ERROR: 涓翠欢浠ｇip
2019-04-02 17:23:02 - middlewares.py[line:128] - ERROR: TCP connection timed out: 10060: 由于连接方在一段时间后没有正确答复或连接的主机没有反应，连接尝试失败。.
2019-04-02 17:24:05 - middlewares.py[line:127] - ERROR: 涓翠欢浠ｇip
2019-04-02 17:24:05 - middlewares.py[line:128] - ERROR: TCP connection timed out: 10060: 由于连接方在一段时间后没有正确答复或连接的主机没有反应，连接尝试失败。.
2019-04-02 17:24:47 - middlewares.py[line:127] - ERROR: 涓翠欢浠ｇip
2019-04-02 17:24:47 - middlewares.py[line:128] - ERROR: [<twisted.python.failure.Failure twisted.internet.error.ConnectionLost: Connection to the other side was lost in a non-clean fashion.>]
2019-04-02 17:25:08 - middlewares.py[line:127] - ERROR: 涓翠欢浠ｇip
2019-04-02 17:25:08 - middlewares.py[line:128] - ERROR: [<twisted.python.failure.Failure twisted.internet.error.ConnectionLost: Connection to the other side was lost in a non-clean fashion.>]
2019-04-02 17:25:21 - middlewares.py[line:119] - ERROR: 涓翠欢浠ｇip:500
2019-04-02 17:47:13 - middlewares.py[line:119] - ERROR: 涓翠欢浠ｇip:500
2019-04-02 17:47:16 - middlewares.py[line:119] - ERROR: 涓翠欢浠ｇip:500
2019-04-02 17:47:19 - middlewares.py[line:119] - ERROR: 涓翠欢浠ｇip:500
2019-04-02 17:47:20 - middlewares.py[line:119] - ERROR: 涓翠欢浠ｇip:500
2019-04-02 17:47:22 - middlewares.py[line:119] - ERROR: 涓翠欢浠ｇip:500
2019-04-02 17:47:24 - middlewares.py[line:119] - ERROR: 涓翠欢浠ｇip:500
2019-04-02 17:47:25 - middlewares.py[line:119] - ERROR: 涓翠欢浠ｇip:500
2019-04-02 17:47:27 - middlewares.py[line:119] - ERROR: 涓翠欢浠ｇip:500
2019-04-02 17:47:28 - middlewares.py[line:119] - ERROR: 涓翠欢浠ｇip:500
2019-04-02 17:47:30 - middlewares.py[line:119] - ERROR: 涓翠欢浠ｇip:500
2019-04-02 17:47:31 - middlewares.py[line:119] - ERROR: 涓翠欢浠ｇip:500
2019-04-02 17:47:33 - middlewares.py[line:119] - ERROR: 涓翠欢浠ｇip:500
2019-04-02 17:47:36 - middlewares.py[line:119] - ERROR: 涓翠欢浠ｇip:500
2019-04-02 17:47:40 - middlewares.py[line:119] - ERROR: 涓翠欢浠ｇip:500
2019-04-02 17:47:42 - middlewares.py[line:119] - ERROR: 涓翠欢浠ｇip:500
2019-04-02 17:47:44 - middlewares.py[line:119] - ERROR: 涓翠欢浠ｇip:500
2019-04-02 17:47:47 - middlewares.py[line:119] - ERROR: 涓翠欢浠ｇip:500
2019-04-02 17:47:49 - middlewares.py[line:119] - ERROR: 涓翠欢浠ｇip:500
2019-04-02 17:47:51 - middlewares.py[line:119] - ERROR: 涓翠欢浠ｇip:500
2019-04-02 17:47:53 - middlewares.py[line:119] - ERROR: 涓翠欢浠ｇip:500
2019-04-02 17:47:54 - middlewares.py[line:119] - ERROR: 涓翠欢浠ｇip:500
2019-04-02 17:47:56 - middlewares.py[line:119] - ERROR: 涓翠欢浠ｇip:500
2019-04-02 17:47:58 - middlewares.py[line:119] - ERROR: 涓翠欢浠ｇip:500
2019-04-02 17:48:00 - middlewares.py[line:119] - ERROR: 涓翠欢浠ｇip:500
2019-04-02 17:48:02 - middlewares.py[line:119] - ERROR: 涓翠欢浠ｇip:500
2019-04-02 17:48:06 - middlewares.py[line:119] - ERROR: 涓翠欢浠ｇip:500
2019-04-02 17:48:11 - middlewares.py[line:119] - ERROR: 涓翠欢浠ｇip:500
2019-04-02 17:48:14 - middlewares.py[line:119] - ERROR: 涓翠欢浠ｇip:500
2019-04-02 17:48:18 - middlewares.py[line:119] - ERROR: 涓翠欢浠ｇip:500
2019-04-02 17:48:22 - middlewares.py[line:119] - ERROR: 涓翠欢浠ｇip:500
2019-04-02 17:48:28 - middlewares.py[line:119] - ERROR: 涓翠欢浠ｇip:500
2019-04-02 17:48:30 - middlewares.py[line:119] - ERROR: 涓翠欢浠ｇip:500
2019-04-02 17:48:32 - middlewares.py[line:119] - ERROR: 涓翠欢浠ｇip:500
2019-04-02 17:48:34 - middlewares.py[line:119] - ERROR: 涓翠欢浠ｇip:500
2019-04-02 17:48:35 - middlewares.py[line:119] - ERROR: 涓翠欢浠ｇip:500
2019-04-02 17:48:37 - middlewares.py[line:119] - ERROR: 涓翠欢浠ｇip:500
2019-04-02 17:48:40 - middlewares.py[line:119] - ERROR: 涓翠欢浠ｇip:500
2019-04-02 17:48:42 - middlewares.py[line:119] - ERROR: 涓翠欢浠ｇip:500
2019-04-02 17:48:45 - middlewares.py[line:119] - ERROR: 涓翠欢浠ｇip:500
2019-04-02 17:48:46 - middlewares.py[line:119] - ERROR: 涓翠欢浠ｇip:500
2019-04-02 17:48:49 - middlewares.py[line:119] - ERROR: 涓翠欢浠ｇip:500
2019-04-02 17:48:52 - middlewares.py[line:119] - ERROR: 涓翠欢浠ｇip:500
2019-04-02 17:48:53 - middlewares.py[line:119] - ERROR: 涓翠欢浠ｇip:500
2019-04-02 17:48:55 - middlewares.py[line:119] - ERROR: 涓翠欢浠ｇip:500
2019-04-02 17:48:59 - middlewares.py[line:119] - ERROR: 涓翠欢浠ｇip:500
2019-04-02 17:49:03 - middlewares.py[line:119] - ERROR: 涓翠欢浠ｇip:500
2019-04-02 17:49:07 - middlewares.py[line:119] - ERROR: 涓翠欢浠ｇip:500
2019-04-02 17:49:09 - middlewares.py[line:119] - ERROR: 涓翠欢浠ｇip:500
2019-04-02 17:49:10 - middlewares.py[line:119] - ERROR: 涓翠欢浠ｇip:500
2019-04-02 17:49:12 - middlewares.py[line:119] - ERROR: 涓翠欢浠ｇip:500
2019-04-02 17:49:13 - middlewares.py[line:119] - ERROR: 涓翠欢浠ｇip:500
2019-04-02 17:49:15 - middlewares.py[line:119] - ERROR: 涓翠欢浠ｇip:500
2019-04-02 17:49:16 - middlewares.py[line:119] - ERROR: 涓翠欢浠ｇip:500
2019-04-02 17:49:19 - middlewares.py[line:119] - ERROR: 涓翠欢浠ｇip:500
2019-04-02 17:49:22 - middlewares.py[line:119] - ERROR: 涓翠欢浠ｇip:500
2019-04-02 17:49:23 - middlewares.py[line:119] - ERROR: 涓翠欢浠ｇip:500
2019-04-02 17:49:25 - middlewares.py[line:119] - ERROR: 涓翠欢浠ｇip:500
2019-04-02 17:49:26 - middlewares.py[line:119] - ERROR: 涓翠欢浠ｇip:500
2019-04-02 17:49:28 - middlewares.py[line:119] - ERROR: 涓翠欢浠ｇip:500
2019-04-02 17:49:30 - middlewares.py[line:119] - ERROR: 涓翠欢浠ｇip:500
2019-04-02 17:49:33 - middlewares.py[line:119] - ERROR: 涓翠欢浠ｇip:500
2019-04-02 17:49:35 - middlewares.py[line:119] - ERROR: 涓翠欢浠ｇip:500
2019-04-02 17:49:37 - middlewares.py[line:119] - ERROR: 涓翠欢浠ｇip:500
2019-04-02 17:49:40 - middlewares.py[line:119] - ERROR: 涓翠欢浠ｇip:500
2019-04-02 17:49:43 - middlewares.py[line:119] - ERROR: 涓翠欢浠ｇip:500
2019-04-02 17:49:45 - middlewares.py[line:119] - ERROR: 涓翠欢浠ｇip:500
2019-04-02 17:49:47 - middlewares.py[line:119] - ERROR: 涓翠欢浠ｇip:500
2019-04-02 17:49:48 - middlewares.py[line:119] - ERROR: 涓翠欢浠ｇip:500
2019-04-02 17:49:50 - middlewares.py[line:119] - ERROR: 涓翠欢浠ｇip:500
2019-04-02 18:10:38 - middlewares.py[line:127] - ERROR: 涓翠欢浠ｇip
2019-04-02 18:10:38 - middlewares.py[line:128] - ERROR: [<twisted.python.failure.Failure twisted.internet.error.ConnectionDone: Connection was closed cleanly.>]
2019-04-02 18:10:58 - middlewares.py[line:119] - ERROR: 涓翠欢浠ｇip:500
2019-04-02 18:11:00 - middlewares.py[line:119] - ERROR: 涓翠欢浠ｇip:500
2019-04-02 18:11:02 - middlewares.py[line:119] - ERROR: 涓翠欢浠ｇip:500
2019-04-02 18:11:03 - middlewares.py[line:119] - ERROR: 涓翠欢浠ｇip:500
2019-04-02 18:11:05 - middlewares.py[line:119] - ERROR: 涓翠欢浠ｇip:500
2019-04-02 18:11:06 - middlewares.py[line:119] - ERROR: 涓翠欢浠ｇip:500
2019-04-02 18:11:09 - middlewares.py[line:119] - ERROR: 涓翠欢浠ｇip:500
2019-04-02 18:11:11 - middlewares.py[line:119] - ERROR: 涓翠欢浠ｇip:500
2019-04-02 18:11:13 - middlewares.py[line:119] - ERROR: 涓翠欢浠ｇip:500
2019-04-02 18:11:15 - middlewares.py[line:119] - ERROR: 涓翠欢浠ｇip:500
2019-04-02 18:11:17 - middlewares.py[line:119] - ERROR: 涓翠欢浠ｇip:500
2019-04-02 18:11:21 - middlewares.py[line:119] - ERROR: 涓翠欢浠ｇip:500
2019-04-02 18:11:25 - middlewares.py[line:119] - ERROR: 涓翠欢浠ｇip:500
2019-04-02 18:11:30 - middlewares.py[line:119] - ERROR: 涓翠欢浠ｇip:500
2019-04-02 18:11:33 - middlewares.py[line:119] - ERROR: 涓翠欢浠ｇip:500
2019-04-02 18:11:35 - middlewares.py[line:119] - ERROR: 涓翠欢浠ｇip:500
2019-04-02 18:11:36 - middlewares.py[line:119] - ERROR: 涓翠欢浠ｇip:500
2019-04-02 18:11:37 - middlewares.py[line:119] - ERROR: 涓翠欢浠ｇip:500
2019-04-02 18:11:39 - middlewares.py[line:119] - ERROR: 涓翠欢浠ｇip:500
2019-04-02 18:11:40 - middlewares.py[line:119] - ERROR: 涓翠欢浠ｇip:500
2019-04-02 18:11:42 - middlewares.py[line:119] - ERROR: 涓翠欢浠ｇip:500
2019-04-02 18:11:44 - middlewares.py[line:119] - ERROR: 涓翠欢浠ｇip:500
2019-04-02 18:11:48 - middlewares.py[line:119] - ERROR: 涓翠欢浠ｇip:500
2019-04-02 18:11:53 - middlewares.py[line:119] - ERROR: 涓翠欢浠ｇip:500
2019-04-02 18:11:56 - middlewares.py[line:119] - ERROR: 涓翠欢浠ｇip:500
2019-04-02 18:11:58 - middlewares.py[line:119] - ERROR: 涓翠欢浠ｇip:500
2019-04-02 18:12:00 - middlewares.py[line:119] - ERROR: 涓翠欢浠ｇip:500
2019-04-02 18:12:01 - middlewares.py[line:119] - ERROR: 涓翠欢浠ｇip:500
2019-04-02 18:12:03 - middlewares.py[line:119] - ERROR: 涓翠欢浠ｇip:500
2019-04-02 18:12:04 - middlewares.py[line:119] - ERROR: 涓翠欢浠ｇip:500
2019-04-02 18:12:05 - middlewares.py[line:119] - ERROR: 涓翠欢浠ｇip:500
2019-04-02 18:12:07 - middlewares.py[line:119] - ERROR: 涓翠欢浠ｇip:500
2019-04-02 18:12:08 - middlewares.py[line:119] - ERROR: 涓翠欢浠ｇip:500
2019-04-02 18:12:10 - middlewares.py[line:119] - ERROR: 涓翠欢浠ｇip:500
2019-04-02 18:12:11 - middlewares.py[line:119] - ERROR: 涓翠欢浠ｇip:500
2019-04-02 18:12:12 - middlewares.py[line:119] - ERROR: 涓翠欢浠ｇip:500
2019-04-02 18:12:14 - middlewares.py[line:119] - ERROR: 涓翠欢浠ｇip:500
2019-04-02 18:12:15 - middlewares.py[line:119] - ERROR: 涓翠欢浠ｇip:500
2019-04-02 18:12:17 - middlewares.py[line:119] - ERROR: 涓翠欢浠ｇip:500
2019-04-02 18:12:20 - middlewares.py[line:119] - ERROR: 涓翠欢浠ｇip:500
2019-04-02 18:12:24 - middlewares.py[line:119] - ERROR: 涓翠欢浠ｇip:500
2019-04-02 18:12:26 - middlewares.py[line:119] - ERROR: 涓翠欢浠ｇip:500
2019-04-02 18:12:28 - middlewares.py[line:119] - ERROR: 涓翠欢浠ｇip:500
2019-04-02 18:12:29 - middlewares.py[line:119] - ERROR: 涓翠欢浠ｇip:500
2019-04-02 18:12:31 - middlewares.py[line:119] - ERROR: 涓翠欢浠ｇip:500
2019-04-02 18:12:32 - middlewares.py[line:119] - ERROR: 涓翠欢浠ｇip:500
2019-04-02 18:12:35 - middlewares.py[line:119] - ERROR: 涓翠欢浠ｇip:500
2019-04-02 18:12:40 - middlewares.py[line:119] - ERROR: 涓翠欢浠ｇip:500
2019-04-02 18:12:43 - middlewares.py[line:119] - ERROR: 涓翠欢浠ｇip:500
2019-04-02 18:12:46 - middlewares.py[line:119] - ERROR: 涓翠欢浠ｇip:500
2019-04-02 18:12:47 - middlewares.py[line:119] - ERROR: 涓翠欢浠ｇip:500
2019-04-02 18:12:49 - middlewares.py[line:119] - ERROR: 涓翠欢浠ｇip:500
2019-04-02 18:12:51 - middlewares.py[line:119] - ERROR: 涓翠欢浠ｇip:500
2019-04-02 18:12:52 - middlewares.py[line:119] - ERROR: 涓翠欢浠ｇip:500
2019-04-02 18:12:54 - middlewares.py[line:119] - ERROR: 涓翠欢浠ｇip:500
2019-04-02 18:12:56 - middlewares.py[line:119] - ERROR: 涓翠欢浠ｇip:500
2019-04-02 18:12:58 - middlewares.py[line:119] - ERROR: 涓翠欢浠ｇip:500
2019-04-02 18:12:59 - middlewares.py[line:119] - ERROR: 涓翠欢浠ｇip:500
2019-04-02 18:13:01 - middlewares.py[line:119] - ERROR: 涓翠欢浠ｇip:500
2019-04-02 18:13:02 - middlewares.py[line:119] - ERROR: 涓翠欢浠ｇip:500
2019-04-02 18:13:04 - middlewares.py[line:119] - ERROR: 涓翠欢浠ｇip:500
2019-04-02 18:13:06 - middlewares.py[line:119] - ERROR: 涓翠欢浠ｇip:500
2019-04-02 18:13:08 - middlewares.py[line:119] - ERROR: 涓翠欢浠ｇip:500
2019-04-02 18:13:09 - middlewares.py[line:119] - ERROR: 涓翠欢浠ｇip:500
2019-04-02 18:13:11 - middlewares.py[line:119] - ERROR: 涓翠欢浠ｇip:500
2019-04-02 18:13:13 - middlewares.py[line:119] - ERROR: 涓翠欢浠ｇip:500
2019-04-02 18:13:14 - middlewares.py[line:119] - ERROR: 涓翠欢浠ｇip:500
2019-04-02 18:13:16 - middlewares.py[line:119] - ERROR: 涓翠欢浠ｇip:500
2019-04-02 18:13:18 - middlewares.py[line:119] - ERROR: 涓翠欢浠ｇip:500
2019-04-02 18:13:19 - middlewares.py[line:119] - ERROR: 涓翠欢浠ｇip:500
2019-04-02 18:13:20 - middlewares.py[line:119] - ERROR: 涓翠欢浠ｇip:500
2019-04-02 18:13:22 - middlewares.py[line:119] - ERROR: 涓翠欢浠ｇip:500
2019-04-02 18:13:38 - middlewares.py[line:119] - ERROR: 涓翠欢浠ｇip:500
2019-04-02 18:13:40 - middlewares.py[line:119] - ERROR: 涓翠欢浠ｇip:500
2019-04-02 18:13:42 - middlewares.py[line:119] - ERROR: 涓翠欢浠ｇip:500
2019-04-02 18:13:43 - middlewares.py[line:119] - ERROR: 涓翠欢浠ｇip:500
2019-04-02 18:13:45 - middlewares.py[line:119] - ERROR: 涓翠欢浠ｇip:500
2019-04-02 18:13:46 - middlewares.py[line:119] - ERROR: 涓翠欢浠ｇip:500
2019-04-02 18:13:47 - middlewares.py[line:119] - ERROR: 涓翠欢浠ｇip:500
2019-04-02 18:13:49 - middlewares.py[line:119] - ERROR: 涓翠欢浠ｇip:500
2019-04-02 18:13:50 - middlewares.py[line:119] - ERROR: 涓翠欢浠ｇip:500
2019-04-02 18:13:52 - middlewares.py[line:119] - ERROR: 涓翠欢浠ｇip:500
2019-04-02 18:13:53 - middlewares.py[line:119] - ERROR: 涓翠欢浠ｇip:500
2019-04-02 18:13:56 - middlewares.py[line:119] - ERROR: 涓翠欢浠ｇip:500
2019-04-02 18:13:58 - middlewares.py[line:119] - ERROR: 涓翠欢浠ｇip:500
2019-04-02 18:13:59 - middlewares.py[line:119] - ERROR: 涓翠欢浠ｇip:500
2019-04-02 18:14:01 - middlewares.py[line:119] - ERROR: 涓翠欢浠ｇip:500
2019-04-02 18:14:02 - middlewares.py[line:119] - ERROR: 涓翠欢浠ｇip:500
2019-04-02 18:14:03 - middlewares.py[line:119] - ERROR: 涓翠欢浠ｇip:500
2019-04-02 18:14:05 - middlewares.py[line:119] - ERROR: 涓翠欢浠ｇip:500
2019-04-02 18:14:06 - middlewares.py[line:119] - ERROR: 涓翠欢浠ｇip:500
2019-04-02 18:14:08 - middlewares.py[line:119] - ERROR: 涓翠欢浠ｇip:500
2019-04-02 18:14:09 - middlewares.py[line:119] - ERROR: 涓翠欢浠ｇip:500
2019-04-02 18:14:11 - middlewares.py[line:119] - ERROR: 涓翠欢浠ｇip:500
2019-04-02 18:14:13 - middlewares.py[line:119] - ERROR: 涓翠欢浠ｇip:500
2019-04-02 18:14:16 - middlewares.py[line:119] - ERROR: 涓翠欢浠ｇip:500
2019-04-02 18:14:17 - middlewares.py[line:119] - ERROR: 涓翠欢浠ｇip:500
2019-04-02 18:14:19 - middlewares.py[line:119] - ERROR: 涓翠欢浠ｇip:500
2019-04-02 18:14:21 - middlewares.py[line:119] - ERROR: 涓翠欢浠ｇip:500
2019-04-02 18:14:23 - middlewares.py[line:119] - ERROR: 涓翠欢浠ｇip:500
2019-04-02 18:14:26 - middlewares.py[line:119] - ERROR: 涓翠欢浠ｇip:500
2019-04-02 18:34:44 - middlewares.py[line:127] - ERROR: 涓翠欢浠ｇip
2019-04-02 18:34:44 - middlewares.py[line:128] - ERROR: TCP connection timed out: 10060: 由于连接方在一段时间后没有正确答复或连接的主机没有反应，连接尝试失败。.
2019-04-02 18:47:06 - middlewares.py[line:127] - ERROR: 涓翠欢浠ｇip
2019-04-02 18:47:06 - middlewares.py[line:128] - ERROR: TCP connection timed out: 10060: 由于连接方在一段时间后没有正确答复或连接的主机没有反应，连接尝试失败。.
2019-04-02 18:52:59 - middlewares.py[line:119] - ERROR: 涓翠欢浠ｇip:500
2019-04-02 18:55:49 - middlewares.py[line:127] - ERROR: 涓翠欢浠ｇip
2019-04-02 18:55:49 - middlewares.py[line:128] - ERROR: [<twisted.python.failure.Failure twisted.internet.error.ConnectionDone: Connection was closed cleanly.>]
2019-04-02 18:57:35 - middlewares.py[line:127] - ERROR: 涓翠欢浠ｇip
2019-04-02 18:57:35 - middlewares.py[line:128] - ERROR: TCP connection timed out: 10060: 由于连接方在一段时间后没有正确答复或连接的主机没有反应，连接尝试失败。.
2019-04-02 18:58:40 - middlewares.py[line:127] - ERROR: 涓翠欢浠ｇip
2019-04-02 18:58:40 - middlewares.py[line:128] - ERROR: TCP connection timed out: 10060: 由于连接方在一段时间后没有正确答复或连接的主机没有反应，连接尝试失败。.
2019-04-02 18:59:12 - middlewares.py[line:127] - ERROR: 涓翠欢浠ｇip
2019-04-02 18:59:12 - middlewares.py[line:128] - ERROR: [<twisted.python.failure.Failure twisted.internet.error.ConnectionDone: Connection was closed cleanly.>]
2019-04-02 18:59:34 - middlewares.py[line:127] - ERROR: 涓翠欢浠ｇip
2019-04-02 18:59:34 - middlewares.py[line:128] - ERROR: TCP connection timed out: 10060: 由于连接方在一段时间后没有正确答复或连接的主机没有反应，连接尝试失败。.
2019-04-02 19:00:30 - middlewares.py[line:127] - ERROR: 涓翠欢浠ｇip
2019-04-02 19:00:30 - middlewares.py[line:128] - ERROR: TCP connection timed out: 10060: 由于连接方在一段时间后没有正确答复或连接的主机没有反应，连接尝试失败。.
2019-04-02 19:44:32 - middlewares.py[line:119] - ERROR: 涓翠欢浠ｇip:500
2019-04-02 19:44:40 - middlewares.py[line:119] - ERROR: 涓翠欢浠ｇip:500
2019-04-02 19:44:48 - middlewares.py[line:119] - ERROR: 涓翠欢浠ｇip:500
2019-04-02 19:45:44 - middlewares.py[line:119] - ERROR: 涓翠欢浠ｇip:500
2019-04-02 20:09:25 - middlewares.py[line:127] - ERROR: 涓翠欢浠ｇip
2019-04-02 20:09:25 - middlewares.py[line:128] - ERROR: [<twisted.python.failure.Failure twisted.internet.error.ConnectionDone: Connection was closed cleanly.>]
2019-04-02 20:20:06 - middlewares.py[line:127] - ERROR: 涓翠欢浠ｇip
2019-04-02 20:20:06 - middlewares.py[line:128] - ERROR: TCP connection timed out: 10060: 由于连接方在一段时间后没有正确答复或连接的主机没有反应，连接尝试失败。.
2019-04-02 20:25:26 - middlewares.py[line:127] - ERROR: 涓翠欢浠ｇip
2019-04-02 20:25:26 - middlewares.py[line:128] - ERROR: TCP connection timed out: 10060: 由于连接方在一段时间后没有正确答复或连接的主机没有反应，连接尝试失败。.
2019-04-02 20:28:14 - middlewares.py[line:119] - ERROR: 涓翠欢浠ｇip:500
2019-04-02 20:29:00 - middlewares.py[line:127] - ERROR: 涓翠欢浠ｇip
2019-04-02 20:29:00 - middlewares.py[line:128] - ERROR: [<twisted.python.failure.Failure twisted.internet.error.ConnectionDone: Connection was closed cleanly.>]
2019-04-02 20:30:03 - middlewares.py[line:127] - ERROR: 涓翠欢浠ｇip
2019-04-02 20:30:03 - middlewares.py[line:128] - ERROR: [<twisted.python.failure.Failure twisted.internet.error.ConnectionLost: Connection to the other side was lost in a non-clean fashion.>]
2019-04-02 20:30:45 - middlewares.py[line:127] - ERROR: 涓翠欢浠ｇip
2019-04-02 20:30:45 - middlewares.py[line:128] - ERROR: TCP connection timed out: 10060: 由于连接方在一段时间后没有正确答复或连接的主机没有反应，连接尝试失败。.
2019-04-02 20:31:15 - middlewares.py[line:119] - ERROR: 涓翠欢浠ｇip:500
2019-04-02 20:31:48 - middlewares.py[line:127] - ERROR: 涓翠欢浠ｇip
2019-04-02 20:31:48 - middlewares.py[line:128] - ERROR: [<twisted.python.failure.Failure twisted.internet.error.ConnectionDone: Connection was closed cleanly.>]
2019-04-02 20:32:38 - middlewares.py[line:127] - ERROR: 涓翠欢浠ｇip
2019-04-02 20:32:38 - middlewares.py[line:128] - ERROR: TCP connection timed out: 10060: 由于连接方在一段时间后没有正确答复或连接的主机没有反应，连接尝试失败。.
2019-04-02 20:33:29 - middlewares.py[line:127] - ERROR: 涓翠欢浠ｇip
2019-04-02 20:33:29 - middlewares.py[line:128] - ERROR: TCP connection timed out: 10060: 由于连接方在一段时间后没有正确答复或连接的主机没有反应，连接尝试失败。.
2019-04-02 20:35:42 - middlewares.py[line:119] - ERROR: 涓翠欢浠ｇip:500
2019-04-02 21:21:22 - middlewares.py[line:127] - ERROR: 涓翠欢浠ｇip
2019-04-02 21:21:22 - middlewares.py[line:128] - ERROR: [<twisted.python.failure.Failure twisted.internet.error.ConnectionDone: Connection was closed cleanly.>]
2019-04-02 21:44:11 - middlewares.py[line:127] - ERROR: 涓翠欢浠ｇip
2019-04-02 21:44:11 - middlewares.py[line:128] - ERROR: TCP connection timed out: 10060: 由于连接方在一段时间后没有正确答复或连接的主机没有反应，连接尝试失败。.
2019-04-02 21:55:03 - middlewares.py[line:119] - ERROR: 涓翠欢浠ｇip:500
2019-04-02 22:00:48 - middlewares.py[line:127] - ERROR: 涓翠欢浠ｇip
2019-04-02 22:00:48 - middlewares.py[line:128] - ERROR: [<twisted.python.failure.Failure twisted.internet.error.ConnectionDone: Connection was closed cleanly.>]
2019-04-02 22:04:40 - middlewares.py[line:127] - ERROR: 涓翠欢浠ｇip
2019-04-02 22:04:40 - middlewares.py[line:128] - ERROR: TCP connection timed out: 10060: 由于连接方在一段时间后没有正确答复或连接的主机没有反应，连接尝试失败。.
2019-04-02 22:06:06 - middlewares.py[line:119] - ERROR: 涓翠欢浠ｇip:500
2019-04-02 22:06:48 - middlewares.py[line:127] - ERROR: 涓翠欢浠ｇip
2019-04-02 22:06:48 - middlewares.py[line:128] - ERROR: [<twisted.python.failure.Failure twisted.internet.error.ConnectionDone: Connection was closed cleanly.>]
2019-04-02 22:07:29 - middlewares.py[line:119] - ERROR: 涓翠欢浠ｇip:500
2019-04-02 22:07:30 - middlewares.py[line:127] - ERROR: 涓翠欢浠ｇip
2019-04-02 22:07:30 - middlewares.py[line:128] - ERROR: [<twisted.python.failure.Failure twisted.internet.error.ConnectionDone: Connection was closed cleanly.>]
2019-04-02 22:08:02 - middlewares.py[line:119] - ERROR: 涓翠欢浠ｇip:500
2019-04-02 22:09:55 - middlewares.py[line:127] - ERROR: 涓翠欢浠ｇip
2019-04-02 22:09:55 - middlewares.py[line:128] - ERROR: TCP connection timed out: 10060: 由于连接方在一段时间后没有正确答复或连接的主机没有反应，连接尝试失败。.
2019-04-02 22:10:09 - middlewares.py[line:119] - ERROR: 涓翠欢浠ｇip:500
2019-04-02 22:11:46 - middlewares.py[line:127] - ERROR: 涓翠欢浠ｇip
2019-04-02 22:11:46 - middlewares.py[line:128] - ERROR: TCP connection timed out: 10060: 由于连接方在一段时间后没有正确答复或连接的主机没有反应，连接尝试失败。.
2019-04-02 22:12:16 - middlewares.py[line:119] - ERROR: 涓翠欢浠ｇip:500
2019-04-02 22:12:39 - middlewares.py[line:127] - ERROR: 涓翠欢浠ｇip
2019-04-02 22:12:39 - middlewares.py[line:128] - ERROR: TCP connection timed out: 10060: 由于连接方在一段时间后没有正确答复或连接的主机没有反应，连接尝试失败。.
2019-04-02 22:14:04 - middlewares.py[line:119] - ERROR: 涓翠欢浠ｇip:500
2019-04-02 23:01:02 - middlewares.py[line:127] - ERROR: 涓翠欢浠ｇip
2019-04-02 23:01:02 - middlewares.py[line:128] - ERROR: TCP connection timed out: 10060: 由于连接方在一段时间后没有正确答复或连接的主机没有反应，连接尝试失败。.
2019-04-02 23:47:27 - middlewares.py[line:119] - ERROR: 涓翠欢浠ｇip:500
2019-04-02 23:49:36 - middlewares.py[line:119] - ERROR: 涓翠欢浠ｇip:500
2019-04-02 23:51:09 - middlewares.py[line:119] - ERROR: 涓翠欢浠ｇip:500
2019-04-02 23:51:53 - middlewares.py[line:119] - ERROR: 涓翠欢浠ｇip:500
2019-04-02 23:51:57 - middlewares.py[line:119] - ERROR: 涓翠欢浠ｇip:500
2019-04-02 23:53:08 - middlewares.py[line:119] - ERROR: 涓翠欢浠ｇip:500
2019-04-03 00:36:16 - middlewares.py[line:127] - ERROR: 涓翠欢浠ｇip
2019-04-03 00:36:16 - middlewares.py[line:128] - ERROR: [<twisted.python.failure.Failure twisted.internet.error.ConnectionDone: Connection was closed cleanly.>]
2019-04-03 01:00:44 - middlewares.py[line:119] - ERROR: 涓翠欢浠ｇip:500
2019-04-03 01:13:05 - middlewares.py[line:127] - ERROR: 涓翠欢浠ｇip
2019-04-03 01:13:05 - middlewares.py[line:128] - ERROR: [<twisted.python.failure.Failure twisted.internet.error.ConnectionDone: Connection was closed cleanly.>]
