2019-01-30 14:24:43,875 - RealEstate.py[line:216] - ERROR: Alert Text: None
Message: unexpected alert open: {Alert text : 访问过于频繁,请三分钟后再试！}
  (Session info: chrome=71.0.3578.98)
  (Driver info: chromedriver=2.42.591088 (7b2b2dca23cca0862f674758c9a3933e685c27d5),platform=Windows NT 10.0.10240 x86_64)

2019-01-30 14:27:13,276 - RealEstate.py[line:160] - INFO: 2019-01-30 14:27:13.276000 渝北 融创·嘉德庄园-融创·渝北中央公园（融创·嘉德庄园）二期 14幢【宗地已核】 1单元 12-5
2019-01-30 14:27:18,418 - ImageRecognitionUtil.py[line:72] - INFO: 图片识别：9-5
2019-01-30 14:27:18,569 - ImageRecognitionUtil.py[line:78] - INFO: 图片识别修正：None
2019-01-30 14:27:18,589 - ImageRecognitionUtil.py[line:86] - INFO: 图片比较识别：None
2019-01-30 14:27:18,624 - ImageRecognitionUtil.py[line:92] - INFO: 成功图片比较：9-9
2019-01-30 14:27:18,624 - ImageRecognitionUtil.py[line:114] - INFO: 验证码:9-5
2019-01-30 14:27:20,140 - RealEstate.py[line:214] - ERROR: 内层
2019-01-30 14:27:41,193 - RealEstate.py[line:216] - ERROR: Alert Text: None
Message: unexpected alert open: {Alert text : 访问过于频繁,请三分钟后再试！}
  (Session info: chrome=71.0.3578.98)
  (Driver info: chromedriver=2.42.591088 (7b2b2dca23cca0862f674758c9a3933e685c27d5),platform=Windows NT 10.0.10240 x86_64)

2019-01-30 14:29:07,348 - RealEstate.py[line:160] - INFO: 2019-01-30 14:29:07.349000 渝北 融创·嘉德庄园-融创·渝北中央公园（融创·嘉德庄园）二期 14幢【宗地已核】 1单元 12-6
2019-01-30 14:29:12,279 - ImageRecognitionUtil.py[line:72] - INFO: 图片识别：2+9
2019-01-30 14:29:12,430 - ImageRecognitionUtil.py[line:78] - INFO: 图片识别修正：None
2019-01-30 14:29:12,447 - ImageRecognitionUtil.py[line:86] - INFO: 图片比较识别：None
2019-01-30 14:29:12,476 - ImageRecognitionUtil.py[line:92] - INFO: 成功图片比较：7-4
2019-01-30 14:29:12,476 - ImageRecognitionUtil.py[line:114] - INFO: 验证码:2+9
2019-01-30 14:29:21,999 - RealEstate.py[line:211] - INFO: 套内单价：9769， 套内面积：67.2
2019-01-30 14:29:22,000 - RealEstate.py[line:160] - INFO: 2019-01-30 14:29:22 渝北 融创·嘉德庄园-融创·渝北中央公园（融创·嘉德庄园）二期 14幢【宗地已核】 1单元 12-7
2019-01-30 14:29:27,055 - ImageRecognitionUtil.py[line:72] - INFO: 图片识别：7-1
2019-01-30 14:29:27,415 - ImageRecognitionUtil.py[line:78] - INFO: 图片识别修正：7-1
2019-01-30 14:29:27,434 - ImageRecognitionUtil.py[line:86] - INFO: 图片比较识别：None
2019-01-30 14:29:27,463 - ImageRecognitionUtil.py[line:92] - INFO: 成功图片比较：8-7
2019-01-30 14:29:27,463 - ImageRecognitionUtil.py[line:114] - INFO: 验证码:7-1
2019-01-30 14:29:32,072 - RealEstate.py[line:211] - INFO: 套内单价：9769， 套内面积：61.79
2019-01-30 14:29:32,073 - RealEstate.py[line:160] - INFO: 2019-01-30 14:29:32.074000 渝北 融创·嘉德庄园-融创·渝北中央公园（融创·嘉德庄园）二期 14幢【宗地已核】 1单元 12-8
2019-01-30 14:29:36,351 - ImageRecognitionUtil.py[line:72] - INFO: 图片识别：None
2019-01-30 14:29:36,503 - ImageRecognitionUtil.py[line:78] - INFO: 图片识别修正：None
2019-01-30 14:29:36,523 - ImageRecognitionUtil.py[line:86] - INFO: 图片比较识别：None
2019-01-30 14:29:36,561 - ImageRecognitionUtil.py[line:92] - INFO: 成功图片比较：9-8
2019-01-30 14:29:36,561 - ImageRecognitionUtil.py[line:114] - INFO: 验证码:9-8
2019-01-30 14:29:41,542 - ImageRecognitionUtil.py[line:72] - INFO: 图片识别：5-2
2019-01-30 14:29:41,907 - ImageRecognitionUtil.py[line:78] - INFO: 图片识别修正：5-2
2019-01-30 14:29:41,924 - ImageRecognitionUtil.py[line:86] - INFO: 图片比较识别：None
2019-01-30 14:29:41,959 - ImageRecognitionUtil.py[line:92] - INFO: 成功图片比较：None
2019-01-30 14:29:41,959 - ImageRecognitionUtil.py[line:114] - INFO: 验证码:5-2
2019-01-30 14:29:46,507 - RealEstate.py[line:211] - INFO: 套内单价：9769， 套内面积：61.79
2019-01-30 14:29:46,509 - RealEstate.py[line:160] - INFO: 2019-01-30 14:29:46.509000 渝北 融创·嘉德庄园-融创·渝北中央公园（融创·嘉德庄园）二期 14幢【宗地已核】 1单元 12-9
2019-01-30 14:29:50,877 - ImageRecognitionUtil.py[line:72] - INFO: 图片识别：3+4
2019-01-30 14:29:51,260 - ImageRecognitionUtil.py[line:78] - INFO: 图片识别修正：3+4
2019-01-30 14:29:51,279 - ImageRecognitionUtil.py[line:86] - INFO: 图片比较识别：None
2019-01-30 14:29:51,296 - ImageRecognitionUtil.py[line:92] - INFO: 成功图片比较：5+8
2019-01-30 14:29:51,296 - ImageRecognitionUtil.py[line:114] - INFO: 验证码:3+4
2019-01-30 14:29:57,694 - ImageRecognitionUtil.py[line:72] - INFO: 图片识别：6-2
2019-01-30 14:29:58,039 - ImageRecognitionUtil.py[line:78] - INFO: 图片识别修正：6-2
2019-01-30 14:29:58,059 - ImageRecognitionUtil.py[line:86] - INFO: 图片比较识别：None
2019-01-30 14:29:58,098 - ImageRecognitionUtil.py[line:92] - INFO: 成功图片比较：None
2019-01-30 14:29:58,098 - ImageRecognitionUtil.py[line:114] - INFO: 验证码:6-2
2019-01-30 14:30:02,681 - RealEstate.py[line:211] - INFO: 套内单价：9769， 套内面积：67.2
2019-01-30 14:30:02,681 - RealEstate.py[line:160] - INFO: 2019-01-30 14:30:02.682000 渝北 融创·嘉德庄园-融创·渝北中央公园（融创·嘉德庄园）二期 14幢【宗地已核】 1单元 12-10
2019-01-30 14:30:06,914 - ImageRecognitionUtil.py[line:72] - INFO: 图片识别：9+7
2019-01-30 14:30:07,280 - ImageRecognitionUtil.py[line:78] - INFO: 图片识别修正：None
2019-01-30 14:30:07,296 - ImageRecognitionUtil.py[line:86] - INFO: 图片比较识别：None
2019-01-30 14:30:07,305 - ImageRecognitionUtil.py[line:92] - INFO: 成功图片比较：3+8
2019-01-30 14:30:07,305 - ImageRecognitionUtil.py[line:114] - INFO: 验证码:9+7
2019-01-30 14:30:08,747 - RealEstate.py[line:214] - ERROR: 内层
2019-01-30 14:30:29,782 - RealEstate.py[line:216] - ERROR: Alert Text: None
Message: unexpected alert open: {Alert text : 访问过于频繁,请三分钟后再试！}
  (Session info: chrome=71.0.3578.98)
  (Driver info: chromedriver=2.42.591088 (7b2b2dca23cca0862f674758c9a3933e685c27d5),platform=Windows NT 10.0.10240 x86_64)

2019-01-30 14:31:13,891 - RealEstate.py[line:160] - INFO: 2019-01-30 14:31:13.891000 渝北 融创·嘉德庄园-融创·渝北中央公园（融创·嘉德庄园）二期 14幢【宗地已核】 1单元 11-1
2019-01-30 14:31:19,595 - ImageRecognitionUtil.py[line:72] - INFO: 图片识别：None
2019-01-30 14:31:19,944 - ImageRecognitionUtil.py[line:78] - INFO: 图片识别修正：None
2019-01-30 14:31:19,963 - ImageRecognitionUtil.py[line:86] - INFO: 图片比较识别：None
2019-01-30 14:31:19,969 - ImageRecognitionUtil.py[line:92] - INFO: 成功图片比较：2+3
2019-01-30 14:31:19,969 - ImageRecognitionUtil.py[line:114] - INFO: 验证码:2+3
2019-01-30 14:31:24,881 - ImageRecognitionUtil.py[line:72] - INFO: 图片识别：None
2019-01-30 14:31:25,023 - ImageRecognitionUtil.py[line:78] - INFO: 图片识别修正：None
2019-01-30 14:31:25,042 - ImageRecognitionUtil.py[line:86] - INFO: 图片比较识别：None
2019-01-30 14:31:25,055 - ImageRecognitionUtil.py[line:92] - INFO: 成功图片比较：4-1
2019-01-30 14:31:25,055 - ImageRecognitionUtil.py[line:114] - INFO: 验证码:4-1
2019-01-30 14:31:30,144 - ImageRecognitionUtil.py[line:72] - INFO: 图片识别：None
2019-01-30 14:31:30,303 - ImageRecognitionUtil.py[line:78] - INFO: 图片识别修正：None
2019-01-30 14:31:30,323 - ImageRecognitionUtil.py[line:86] - INFO: 图片比较识别：None
2019-01-30 14:31:30,357 - ImageRecognitionUtil.py[line:92] - INFO: 成功图片比较：None
2019-01-30 14:31:30,358 - ImageRecognitionUtil.py[line:97] - INFO: 图片识别失败
2019-01-30 14:31:30,358 - ImageRecognitionUtil.py[line:114] - INFO: 验证码:None
2019-01-30 14:31:35,338 - ImageRecognitionUtil.py[line:72] - INFO: 图片识别：1-1
2019-01-30 14:31:35,703 - ImageRecognitionUtil.py[line:78] - INFO: 图片识别修正：None
2019-01-30 14:31:35,721 - ImageRecognitionUtil.py[line:86] - INFO: 图片比较识别：None
2019-01-30 14:31:35,726 - ImageRecognitionUtil.py[line:92] - INFO: 成功图片比较：2-1
2019-01-30 14:31:35,726 - ImageRecognitionUtil.py[line:114] - INFO: 验证码:1-1
2019-01-30 14:31:37,806 - RealEstate.py[line:214] - ERROR: 内层
2019-01-30 14:31:58,855 - RealEstate.py[line:216] - ERROR: Alert Text: None
Message: unexpected alert open: {Alert text : 访问过于频繁,请三分钟后再试！}
  (Session info: chrome=71.0.3578.98)
  (Driver info: chromedriver=2.42.591088 (7b2b2dca23cca0862f674758c9a3933e685c27d5),platform=Windows NT 10.0.10240 x86_64)

2019-01-30 14:32:22,552 - RealEstate.py[line:160] - INFO: 2019-01-30 14:32:22.552000 渝北 融创·嘉德庄园-融创·渝北中央公园（融创·嘉德庄园）二期 14幢【宗地已核】 1单元 11-2
2019-01-30 14:32:28,368 - ImageRecognitionUtil.py[line:72] - INFO: 图片识别：6-4
2019-01-30 14:32:28,736 - ImageRecognitionUtil.py[line:78] - INFO: 图片识别修正：6-4
2019-01-30 14:32:28,755 - ImageRecognitionUtil.py[line:86] - INFO: 图片比较识别：None
2019-01-30 14:32:28,789 - ImageRecognitionUtil.py[line:92] - INFO: 成功图片比较：9-9
2019-01-30 14:32:28,789 - ImageRecognitionUtil.py[line:114] - INFO: 验证码:6-4
2019-01-30 14:32:30,496 - RealEstate.py[line:214] - ERROR: 内层
2019-01-30 14:32:51,536 - RealEstate.py[line:216] - ERROR: Alert Text: None
Message: unexpected alert open: {Alert text : 访问过于频繁,请三分钟后再试！}
  (Session info: chrome=71.0.3578.98)
  (Driver info: chromedriver=2.42.591088 (7b2b2dca23cca0862f674758c9a3933e685c27d5),platform=Windows NT 10.0.10240 x86_64)

2019-01-30 14:33:14,599 - RealEstate.py[line:160] - INFO: 2019-01-30 14:33:14.600000 渝北 融创·嘉德庄园-融创·渝北中央公园（融创·嘉德庄园）二期 14幢【宗地已核】 1单元 11-3
2019-01-30 14:33:19,848 - ImageRecognitionUtil.py[line:72] - INFO: 图片识别：2+7
2019-01-30 14:33:20,203 - ImageRecognitionUtil.py[line:78] - INFO: 图片识别修正：2+7
2019-01-30 14:33:20,220 - ImageRecognitionUtil.py[line:86] - INFO: 图片比较识别：None
2019-01-30 14:33:20,223 - ImageRecognitionUtil.py[line:92] - INFO: 成功图片比较：2+2
2019-01-30 14:33:20,223 - ImageRecognitionUtil.py[line:114] - INFO: 验证码:2+7
2019-01-30 14:33:35,548 - RealEstate.py[line:211] - INFO: 套内单价：9769， 套内面积：61.79
2019-01-30 14:33:35,548 - RealEstate.py[line:160] - INFO: 2019-01-30 14:33:35.548000 渝北 融创·嘉德庄园-融创·渝北中央公园（融创·嘉德庄园）二期 14幢【宗地已核】 1单元 11-4
2019-01-30 14:33:39,648 - ImageRecognitionUtil.py[line:72] - INFO: 图片识别：6-1
2019-01-30 14:33:39,802 - ImageRecognitionUtil.py[line:78] - INFO: 图片识别修正：None
2019-01-30 14:33:39,819 - ImageRecognitionUtil.py[line:86] - INFO: 图片比较识别：None
2019-01-30 14:33:39,841 - ImageRecognitionUtil.py[line:92] - INFO: 成功图片比较：6-3
2019-01-30 14:33:39,841 - ImageRecognitionUtil.py[line:114] - INFO: 验证码:6-1
2019-01-30 14:33:46,355 - RealEstate.py[line:211] - INFO: 套内单价：9769， 套内面积：67.2
2019-01-30 14:33:46,358 - RealEstate.py[line:160] - INFO: 2019-01-30 14:33:46.358000 渝北 融创·嘉德庄园-融创·渝北中央公园（融创·嘉德庄园）二期 14幢【宗地已核】 1单元 11-5
2019-01-30 14:33:50,552 - ImageRecognitionUtil.py[line:72] - INFO: 图片识别：None
2019-01-30 14:33:50,694 - ImageRecognitionUtil.py[line:78] - INFO: 图片识别修正：None
2019-01-30 14:33:50,713 - ImageRecognitionUtil.py[line:86] - INFO: 图片比较识别：None
2019-01-30 14:33:50,716 - ImageRecognitionUtil.py[line:92] - INFO: 成功图片比较：1-1
2019-01-30 14:33:50,717 - ImageRecognitionUtil.py[line:114] - INFO: 验证码:1-1
2019-01-30 14:33:56,638 - ImageRecognitionUtil.py[line:72] - INFO: 图片识别：1+4
2019-01-30 14:33:57,009 - ImageRecognitionUtil.py[line:78] - INFO: 图片识别修正：1+4
2019-01-30 14:33:57,029 - ImageRecognitionUtil.py[line:86] - INFO: 图片比较识别：None
2019-01-30 14:33:57,035 - ImageRecognitionUtil.py[line:92] - INFO: 成功图片比较：2+5
2019-01-30 14:33:57,035 - ImageRecognitionUtil.py[line:114] - INFO: 验证码:1+4
2019-01-30 14:34:01,930 - RealEstate.py[line:211] - INFO: 套内单价：9769， 套内面积：46.67
2019-01-30 14:34:01,930 - RealEstate.py[line:160] - INFO: 2019-01-30 14:34:01.931000 渝北 融创·嘉德庄园-融创·渝北中央公园（融创·嘉德庄园）二期 14幢【宗地已核】 1单元 11-6
2019-01-30 14:34:06,259 - ImageRecognitionUtil.py[line:72] - INFO: 图片识别：9+2
2019-01-30 14:34:06,628 - ImageRecognitionUtil.py[line:78] - INFO: 图片识别修正：9+3
2019-01-30 14:34:06,644 - ImageRecognitionUtil.py[line:86] - INFO: 图片比较识别：None
2019-01-30 14:34:06,653 - ImageRecognitionUtil.py[line:92] - INFO: 成功图片比较：3-3
2019-01-30 14:34:06,653 - ImageRecognitionUtil.py[line:114] - INFO: 验证码:9+3
2019-01-30 14:34:13,246 - RealEstate.py[line:211] - INFO: 套内单价：9769， 套内面积：67.2
2019-01-30 14:34:13,247 - RealEstate.py[line:160] - INFO: 2019-01-30 14:34:13.248000 渝北 融创·嘉德庄园-融创·渝北中央公园（融创·嘉德庄园）二期 14幢【宗地已核】 1单元 11-7
2019-01-30 14:34:17,411 - ImageRecognitionUtil.py[line:72] - INFO: 图片识别：7-2
2019-01-30 14:34:17,782 - ImageRecognitionUtil.py[line:78] - INFO: 图片识别修正：7-2
2019-01-30 14:34:17,802 - ImageRecognitionUtil.py[line:86] - INFO: 图片比较识别：None
2019-01-30 14:34:17,808 - ImageRecognitionUtil.py[line:92] - INFO: 成功图片比较：2-2
2019-01-30 14:34:17,808 - ImageRecognitionUtil.py[line:114] - INFO: 验证码:7-2
2019-01-30 14:34:24,220 - ImageRecognitionUtil.py[line:72] - INFO: 图片识别：7-1
2019-01-30 14:34:24,576 - ImageRecognitionUtil.py[line:78] - INFO: 图片识别修正：None
2019-01-30 14:34:24,595 - ImageRecognitionUtil.py[line:86] - INFO: 图片比较识别：None
2019-01-30 14:34:24,618 - ImageRecognitionUtil.py[line:92] - INFO: 成功图片比较：7-5
2019-01-30 14:34:24,619 - ImageRecognitionUtil.py[line:114] - INFO: 验证码:7-1
2019-01-30 14:34:25,967 - RealEstate.py[line:214] - ERROR: 内层
2019-01-30 14:34:47,007 - RealEstate.py[line:216] - ERROR: Alert Text: None
Message: unexpected alert open: {Alert text : 访问过于频繁,请三分钟后再试！}
  (Session info: chrome=71.0.3578.98)
  (Driver info: chromedriver=2.42.591088 (7b2b2dca23cca0862f674758c9a3933e685c27d5),platform=Windows NT 10.0.10240 x86_64)

2019-01-30 14:34:52,849 - ProxyIPUtil.py[line:165] - INFO: 测试代理IP,切换代理IP:221.6.201.18:9999
2019-01-30 14:34:55,220 - RealEstate.py[line:160] - INFO: 2019-01-30 14:34:55.221000 渝北 融创·嘉德庄园-融创·渝北中央公园（融创·嘉德庄园）二期 14幢【宗地已核】 1单元 11-8
2019-01-30 14:35:02,160 - ImageRecognitionUtil.py[line:72] - INFO: 图片识别：3+1
2019-01-30 14:35:02,548 - ImageRecognitionUtil.py[line:78] - INFO: 图片识别修正：3+1
2019-01-30 14:35:02,566 - ImageRecognitionUtil.py[line:86] - INFO: 图片比较识别：None
2019-01-30 14:35:02,585 - ImageRecognitionUtil.py[line:92] - INFO: 成功图片比较：6+7
2019-01-30 14:35:02,585 - ImageRecognitionUtil.py[line:114] - INFO: 验证码:3+1
2019-01-30 14:35:07,368 - RealEstate.py[line:211] - INFO: 套内单价：9769， 套内面积：61.79
2019-01-30 14:35:07,369 - RealEstate.py[line:160] - INFO: 2019-01-30 14:35:07.370000 渝北 融创·嘉德庄园-融创·渝北中央公园（融创·嘉德庄园）二期 14幢【宗地已核】 1单元 11-9
2019-01-30 14:35:11,496 - ImageRecognitionUtil.py[line:72] - INFO: 图片识别：3-2
2019-01-30 14:35:11,852 - ImageRecognitionUtil.py[line:78] - INFO: 图片识别修正：3-2
2019-01-30 14:35:11,872 - ImageRecognitionUtil.py[line:86] - INFO: 图片比较识别：None
2019-01-30 14:35:11,904 - ImageRecognitionUtil.py[line:92] - INFO: 成功图片比较：9-6
2019-01-30 14:35:11,905 - ImageRecognitionUtil.py[line:114] - INFO: 验证码:3-2
2019-01-30 14:35:16,868 - RealEstate.py[line:211] - INFO: 套内单价：9769， 套内面积：67.2
2019-01-30 14:35:16,868 - RealEstate.py[line:160] - INFO: 2019-01-30 14:35:16.869000 渝北 融创·嘉德庄园-融创·渝北中央公园（融创·嘉德庄园）二期 14幢【宗地已核】 1单元 11-10
2019-01-30 14:35:21,808 - ImageRecognitionUtil.py[line:72] - INFO: 图片识别：None
2019-01-30 14:35:22,164 - ImageRecognitionUtil.py[line:78] - INFO: 图片识别修正：None
2019-01-30 14:35:22,183 - ImageRecognitionUtil.py[line:86] - INFO: 图片比较识别：None
2019-01-30 14:35:22,200 - ImageRecognitionUtil.py[line:92] - INFO: 成功图片比较：6+2
2019-01-30 14:35:22,200 - ImageRecognitionUtil.py[line:114] - INFO: 验证码:6+2
2019-01-30 14:35:23,119 - RealEstate.py[line:214] - ERROR: 内层
2019-01-30 14:35:23,792 - RealEstate.py[line:216] - ERROR: Alert Text: None
Message: unexpected alert open: {Alert text : 访问过于频繁,请三分钟后再试！}
  (Session info: chrome=71.0.3578.98)
  (Driver info: chromedriver=2.42.591088 (7b2b2dca23cca0862f674758c9a3933e685c27d5),platform=Windows NT 10.0.10240 x86_64)

2019-01-30 14:35:24,049 - ProxyIPUtil.py[line:165] - INFO: 测试代理IP,切换代理IP:183.245.99.52:80
2019-01-30 14:35:26,125 - RealEstate.py[line:160] - INFO: 2019-01-30 14:35:26.125000 渝北 融创·嘉德庄园-融创·渝北中央公园（融创·嘉德庄园）二期 14幢【宗地已核】 1单元 10-1
2019-01-30 14:35:31,262 - ImageRecognitionUtil.py[line:72] - INFO: 图片识别：9-8
2019-01-30 14:35:31,424 - ImageRecognitionUtil.py[line:78] - INFO: 图片识别修正：None
2019-01-30 14:35:31,441 - ImageRecognitionUtil.py[line:86] - INFO: 图片比较识别：None
2019-01-30 14:35:31,477 - ImageRecognitionUtil.py[line:92] - INFO: 成功图片比较：None
2019-01-30 14:35:31,477 - ImageRecognitionUtil.py[line:114] - INFO: 验证码:9-8
2019-01-30 14:35:35,875 - RealEstate.py[line:211] - INFO: 套内单价：9769， 套内面积：67.2
2019-01-30 14:35:35,877 - RealEstate.py[line:160] - INFO: 2019-01-30 14:35:35.877000 渝北 融创·嘉德庄园-融创·渝北中央公园（融创·嘉德庄园）二期 14幢【宗地已核】 1单元 10-2
2019-01-30 14:35:39,974 - ImageRecognitionUtil.py[line:72] - INFO: 图片识别：7-3
2019-01-30 14:35:40,339 - ImageRecognitionUtil.py[line:78] - INFO: 图片识别修正：7-3
2019-01-30 14:35:40,355 - ImageRecognitionUtil.py[line:86] - INFO: 图片比较识别：None
2019-01-30 14:35:40,388 - ImageRecognitionUtil.py[line:92] - INFO: 成功图片比较：None
2019-01-30 14:35:40,388 - ImageRecognitionUtil.py[line:114] - INFO: 验证码:7-3
2019-01-30 14:35:48,599 - RealEstate.py[line:211] - INFO: 套内单价：9769， 套内面积：61.79
2019-01-30 14:35:48,601 - RealEstate.py[line:160] - INFO: 2019-01-30 14:35:48.601000 渝北 融创·嘉德庄园-融创·渝北中央公园（融创·嘉德庄园）二期 14幢【宗地已核】 1单元 10-3
2019-01-30 14:35:52,762 - ImageRecognitionUtil.py[line:72] - INFO: 图片识别：4-1
2019-01-30 14:35:53,122 - ImageRecognitionUtil.py[line:78] - INFO: 图片识别修正：None
2019-01-30 14:35:53,141 - ImageRecognitionUtil.py[line:86] - INFO: 图片比较识别：None
2019-01-30 14:35:53,161 - ImageRecognitionUtil.py[line:92] - INFO: 成功图片比较：5-4
2019-01-30 14:35:53,161 - ImageRecognitionUtil.py[line:114] - INFO: 验证码:4-1
2019-01-30 14:35:58,141 - RealEstate.py[line:211] - INFO: 套内单价：9769， 套内面积：61.79
2019-01-30 14:35:58,142 - RealEstate.py[line:160] - INFO: 2019-01-30 14:35:58.143000 渝北 融创·嘉德庄园-融创·渝北中央公园（融创·嘉德庄园）二期 14幢【宗地已核】 1单元 10-4
2019-01-30 14:36:02,325 - ImageRecognitionUtil.py[line:72] - INFO: 图片识别：4+1
2019-01-30 14:36:02,681 - ImageRecognitionUtil.py[line:78] - INFO: 图片识别修正：4+1
2019-01-30 14:36:02,700 - ImageRecognitionUtil.py[line:86] - INFO: 图片比较识别：None
2019-01-30 14:36:02,704 - ImageRecognitionUtil.py[line:92] - INFO: 成功图片比较：2+5
2019-01-30 14:36:02,706 - ImageRecognitionUtil.py[line:114] - INFO: 验证码:4+1
2019-01-30 14:36:03,983 - RealEstate.py[line:211] - INFO: 套内单价：9769， 套内面积：67.2
2019-01-30 14:36:03,984 - RealEstate.py[line:160] - INFO: 2019-01-30 14:36:03.984000 渝北 融创·嘉德庄园-融创·渝北中央公园（融创·嘉德庄园）二期 14幢【宗地已核】 1单元 10-5
2019-01-30 14:36:10,566 - ImageRecognitionUtil.py[line:72] - INFO: 图片识别：2-1
2019-01-30 14:36:10,924 - ImageRecognitionUtil.py[line:78] - INFO: 图片识别修正：2-1
2019-01-30 14:36:10,943 - ImageRecognitionUtil.py[line:86] - INFO: 图片比较识别：None
2019-01-30 14:36:10,963 - ImageRecognitionUtil.py[line:92] - INFO: 成功图片比较：6-1
2019-01-30 14:36:10,963 - ImageRecognitionUtil.py[line:114] - INFO: 验证码:2-1
2019-01-30 14:36:11,819 - RealEstate.py[line:214] - ERROR: 内层
2019-01-30 14:36:12,006 - RealEstate.py[line:216] - ERROR: Alert Text: None
Message: unexpected alert open: {Alert text : 访问过于频繁,请三分钟后再试！}
  (Session info: chrome=71.0.3578.98)
  (Driver info: chromedriver=2.42.591088 (7b2b2dca23cca0862f674758c9a3933e685c27d5),platform=Windows NT 10.0.10240 x86_64)

2019-01-30 14:36:17,674 - ProxyIPUtil.py[line:165] - INFO: 测试代理IP,切换代理IP:101.231.50.154:8000
2019-01-30 14:36:19,752 - RealEstate.py[line:160] - INFO: 2019-01-30 14:36:19.752000 渝北 融创·嘉德庄园-融创·渝北中央公园（融创·嘉德庄园）二期 14幢【宗地已核】 1单元 10-6
2019-01-30 14:36:32,957 - ImageRecognitionUtil.py[line:72] - INFO: 图片识别：None
2019-01-30 14:36:33,105 - ImageRecognitionUtil.py[line:78] - INFO: 图片识别修正：None
2019-01-30 14:36:33,125 - ImageRecognitionUtil.py[line:86] - INFO: 图片比较识别：None
2019-01-30 14:36:33,144 - ImageRecognitionUtil.py[line:92] - INFO: 成功图片比较：6+6
2019-01-30 14:36:33,144 - ImageRecognitionUtil.py[line:114] - INFO: 验证码:6+6
2019-01-30 14:36:45,959 - ImageRecognitionUtil.py[line:72] - INFO: 图片识别：7+1
2019-01-30 14:36:46,316 - ImageRecognitionUtil.py[line:78] - INFO: 图片识别修正：None
2019-01-30 14:36:46,335 - ImageRecognitionUtil.py[line:86] - INFO: 图片比较识别：None
2019-01-30 14:36:46,358 - ImageRecognitionUtil.py[line:92] - INFO: 成功图片比较：7+2
2019-01-30 14:36:46,358 - ImageRecognitionUtil.py[line:114] - INFO: 验证码:7+1
2019-01-30 14:37:07,872 - ImageRecognitionUtil.py[line:113] - INFO: tile cannot extend outside image
2019-01-30 14:37:07,872 - ImageRecognitionUtil.py[line:114] - INFO: 验证码:None
2019-01-30 14:37:07,888 - RealEstate.py[line:214] - ERROR: 内层
2019-01-30 14:37:15,940 - RealEstate.py[line:216] - ERROR: Message: no such element: Unable to locate element: {"method":"id","selector":"txtCode"}
  (Session info: chrome=71.0.3578.98)
  (Driver info: chromedriver=2.42.591088 (7b2b2dca23cca0862f674758c9a3933e685c27d5),platform=Windows NT 10.0.10240 x86_64)

2019-01-30 14:37:19,869 - ProxyIPUtil.py[line:165] - INFO: 测试代理IP,切换代理IP:112.91.218.21:9000
2019-01-30 14:37:22,098 - RealEstate.py[line:160] - INFO: 2019-01-30 14:37:22.099000 渝北 融创·嘉德庄园-融创·渝北中央公园（融创·嘉德庄园）二期 14幢【宗地已核】 1单元 10-7
2019-01-30 14:37:43,696 - ImageRecognitionUtil.py[line:113] - INFO: tile cannot extend outside image
2019-01-30 14:37:43,696 - ImageRecognitionUtil.py[line:114] - INFO: 验证码:None
2019-01-30 14:37:43,714 - RealEstate.py[line:214] - ERROR: 内层
2019-01-30 14:37:45,980 - RealEstate.py[line:216] - ERROR: Message: no such element: Unable to locate element: {"method":"id","selector":"txtCode"}
  (Session info: chrome=71.0.3578.98)
  (Driver info: chromedriver=2.42.591088 (7b2b2dca23cca0862f674758c9a3933e685c27d5),platform=Windows NT 10.0.10240 x86_64)

2019-01-30 14:37:46,107 - ProxyIPUtil.py[line:165] - INFO: 测试代理IP,切换代理IP:119.135.183.115:808
2019-01-30 14:37:48,171 - RealEstate.py[line:160] - INFO: 2019-01-30 14:37:48.172000 渝北 融创·嘉德庄园-融创·渝北中央公园（融创·嘉德庄园）二期 14幢【宗地已核】 1单元 10-8
2019-01-30 14:39:19,642 - ImageRecognitionUtil.py[line:113] - INFO: 无法获取验证网页
2019-01-30 14:39:19,642 - ImageRecognitionUtil.py[line:114] - INFO: 验证码:None
2019-01-30 14:39:19,657 - RealEstate.py[line:214] - ERROR: 内层
2019-01-30 14:39:49,829 - RealEstate.py[line:216] - ERROR: Message: no such element: Unable to locate element: {"method":"id","selector":"txtCode"}
  (Session info: chrome=71.0.3578.98)
  (Driver info: chromedriver=2.42.591088 (7b2b2dca23cca0862f674758c9a3933e685c27d5),platform=Windows NT 10.0.10240 x86_64)

2019-01-30 14:40:12,282 - ProxyIPUtil.py[line:165] - INFO: 测试代理IP,切换代理IP:223.85.196.75:9999
2019-01-30 14:40:14,463 - RealEstate.py[line:160] - INFO: 2019-01-30 14:40:14.464000 渝北 融创·嘉德庄园-融创·渝北中央公园（融创·嘉德庄园）二期 14幢【宗地已核】 1单元 10-9
2019-01-30 14:40:19,678 - ImageRecognitionUtil.py[line:72] - INFO: 图片识别：1+2
2019-01-30 14:40:20,094 - ImageRecognitionUtil.py[line:78] - INFO: 图片识别修正：1+2
2019-01-30 14:40:20,112 - ImageRecognitionUtil.py[line:86] - INFO: 图片比较识别：None
2019-01-30 14:40:20,117 - ImageRecognitionUtil.py[line:92] - INFO: 成功图片比较：2+5
2019-01-30 14:40:20,118 - ImageRecognitionUtil.py[line:114] - INFO: 验证码:1+2
2019-01-30 14:40:26,039 - RealEstate.py[line:211] - INFO: 套内单价：9769， 套内面积：67.2
2019-01-30 14:40:26,039 - RealEstate.py[line:160] - INFO: 2019-01-30 14:40:26.040000 渝北 融创·嘉德庄园-融创·渝北中央公园（融创·嘉德庄园）二期 14幢【宗地已核】 1单元 10-10
2019-01-30 14:40:31,553 - ImageRecognitionUtil.py[line:72] - INFO: 图片识别：9-2
2019-01-30 14:40:31,704 - ImageRecognitionUtil.py[line:78] - INFO: 图片识别修正：None
2019-01-30 14:40:31,727 - ImageRecognitionUtil.py[line:86] - INFO: 图片比较识别：None
2019-01-30 14:40:31,762 - ImageRecognitionUtil.py[line:92] - INFO: 成功图片比较：None
2019-01-30 14:40:31,762 - ImageRecognitionUtil.py[line:114] - INFO: 验证码:9-2
2019-01-30 14:40:40,497 - RealEstate.py[line:211] - INFO: 套内单价：9769， 套内面积：46.67
2019-01-30 14:40:40,500 - RealEstate.py[line:160] - INFO: 2019-01-30 14:40:40.500000 渝北 融创·嘉德庄园-融创·渝北中央公园（融创·嘉德庄园）二期 14幢【宗地已核】 1单元 9-1
2019-01-30 14:40:44,599 - ImageRecognitionUtil.py[line:72] - INFO: 图片识别：9-1
2019-01-30 14:40:44,749 - ImageRecognitionUtil.py[line:78] - INFO: 图片识别修正：None
2019-01-30 14:40:44,769 - ImageRecognitionUtil.py[line:86] - INFO: 图片比较识别：None
2019-01-30 14:40:44,799 - ImageRecognitionUtil.py[line:92] - INFO: 成功图片比较：8-5
2019-01-30 14:40:44,799 - ImageRecognitionUtil.py[line:114] - INFO: 验证码:9-1
2019-01-30 14:40:52,279 - RealEstate.py[line:211] - INFO: 套内单价：9769， 套内面积：67.2
2019-01-30 14:40:52,280 - RealEstate.py[line:160] - INFO: 2019-01-30 14:40:52.281000 渝北 融创·嘉德庄园-融创·渝北中央公园（融创·嘉德庄园）二期 14幢【宗地已核】 1单元 9-2
2019-01-30 14:40:57,020 - ImageRecognitionUtil.py[line:72] - INFO: 图片识别：3+1
2019-01-30 14:40:57,391 - ImageRecognitionUtil.py[line:78] - INFO: 图片识别修正：3+1
2019-01-30 14:40:57,408 - ImageRecognitionUtil.py[line:86] - INFO: 图片比较识别：None
2019-01-30 14:40:57,413 - ImageRecognitionUtil.py[line:92] - INFO: 成功图片比较：2+5
2019-01-30 14:40:57,413 - ImageRecognitionUtil.py[line:114] - INFO: 验证码:3+1
2019-01-30 14:41:04,796 - RealEstate.py[line:211] - INFO: 套内单价：9769， 套内面积：61.79
2019-01-30 14:41:04,798 - RealEstate.py[line:160] - INFO: 2019-01-30 14:41:04.798000 渝北 融创·嘉德庄园-融创·渝北中央公园（融创·嘉德庄园）二期 14幢【宗地已核】 1单元 9-3
2019-01-30 14:41:11,170 - ImageRecognitionUtil.py[line:72] - INFO: 图片识别：1+7
2019-01-30 14:41:11,539 - ImageRecognitionUtil.py[line:78] - INFO: 图片识别修正：1+7
2019-01-30 14:41:11,555 - ImageRecognitionUtil.py[line:86] - INFO: 图片比较识别：None
2019-01-30 14:41:11,558 - ImageRecognitionUtil.py[line:92] - INFO: 成功图片比较：1+5
2019-01-30 14:41:11,559 - ImageRecognitionUtil.py[line:114] - INFO: 验证码:1+7
2019-01-30 14:41:12,407 - RealEstate.py[line:214] - ERROR: 内层
2019-01-30 14:41:12,650 - RealEstate.py[line:216] - ERROR: Alert Text: None
Message: unexpected alert open: {Alert text : 访问过于频繁,请三分钟后再试！}
  (Session info: chrome=71.0.3578.98)
  (Driver info: chromedriver=2.42.591088 (7b2b2dca23cca0862f674758c9a3933e685c27d5),platform=Windows NT 10.0.10240 x86_64)

2019-01-30 14:41:12,821 - ProxyIPUtil.py[line:165] - INFO: 测试代理IP,切换代理IP:113.200.214.164:9999
2019-01-30 14:41:15,447 - RealEstate.py[line:160] - INFO: 2019-01-30 14:41:15.448000 渝北 融创·嘉德庄园-融创·渝北中央公园（融创·嘉德庄园）二期 14幢【宗地已核】 1单元 9-4
2019-01-30 14:41:22,645 - ImageRecognitionUtil.py[line:72] - INFO: 图片识别：8-7
2019-01-30 14:41:22,805 - ImageRecognitionUtil.py[line:78] - INFO: 图片识别修正：None
2019-01-30 14:41:22,823 - ImageRecognitionUtil.py[line:86] - INFO: 图片比较识别：None
2019-01-30 14:41:22,858 - ImageRecognitionUtil.py[line:92] - INFO: 成功图片比较：8-5
2019-01-30 14:41:22,858 - ImageRecognitionUtil.py[line:114] - INFO: 验证码:8-7
2019-01-30 14:41:27,003 - RealEstate.py[line:211] - INFO: 套内单价：9769， 套内面积：67.2
2019-01-30 14:41:27,005 - RealEstate.py[line:160] - INFO: 2019-01-30 14:41:27.005000 渝北 融创·嘉德庄园-融创·渝北中央公园（融创·嘉德庄园）二期 14幢【宗地已核】 1单元 9-5
2019-01-30 14:41:31,407 - ImageRecognitionUtil.py[line:72] - INFO: 图片识别：1+3
2019-01-30 14:41:31,766 - ImageRecognitionUtil.py[line:78] - INFO: 图片识别修正：1+3
2019-01-30 14:41:31,782 - ImageRecognitionUtil.py[line:86] - INFO: 图片比较识别：None
2019-01-30 14:41:31,789 - ImageRecognitionUtil.py[line:92] - INFO: 成功图片比较：3+3
2019-01-30 14:41:31,789 - ImageRecognitionUtil.py[line:114] - INFO: 验证码:1+3
2019-01-30 14:41:47,427 - RealEstate.py[line:211] - INFO: 套内单价：9769， 套内面积：46.67
2019-01-30 14:41:47,427 - RealEstate.py[line:160] - INFO: 2019-01-30 14:41:47.428000 渝北 融创·嘉德庄园-融创·渝北中央公园（融创·嘉德庄园）二期 14幢【宗地已核】 1单元 9-6
2019-01-30 14:41:51,693 - ImageRecognitionUtil.py[line:72] - INFO: 图片识别：8-8
2019-01-30 14:41:51,851 - ImageRecognitionUtil.py[line:78] - INFO: 图片识别修正：None
2019-01-30 14:41:51,871 - ImageRecognitionUtil.py[line:86] - INFO: 图片比较识别：None
2019-01-30 14:41:51,904 - ImageRecognitionUtil.py[line:92] - INFO: 成功图片比较：None
2019-01-30 14:41:51,905 - ImageRecognitionUtil.py[line:114] - INFO: 验证码:8-8
2019-01-30 14:41:59,546 - RealEstate.py[line:211] - INFO: 套内单价：9769， 套内面积：67.2
2019-01-30 14:41:59,548 - RealEstate.py[line:160] - INFO: 2019-01-30 14:41:59.548000 渝北 融创·嘉德庄园-融创·渝北中央公园（融创·嘉德庄园）二期 14幢【宗地已核】 1单元 9-7
2019-01-30 14:42:03,823 - ImageRecognitionUtil.py[line:72] - INFO: 图片识别：9+3
2019-01-30 14:42:04,196 - ImageRecognitionUtil.py[line:78] - INFO: 图片识别修正：9+3
2019-01-30 14:42:04,210 - ImageRecognitionUtil.py[line:86] - INFO: 图片比较识别：None
2019-01-30 14:42:04,217 - ImageRecognitionUtil.py[line:92] - INFO: 成功图片比较：2+9
2019-01-30 14:42:04,217 - ImageRecognitionUtil.py[line:114] - INFO: 验证码:9+3
2019-01-30 14:42:06,543 - RealEstate.py[line:211] - INFO: 套内单价：9769， 套内面积：61.79
2019-01-30 14:42:06,545 - RealEstate.py[line:160] - INFO: 2019-01-30 14:42:06.545000 渝北 融创·嘉德庄园-融创·渝北中央公园（融创·嘉德庄园）二期 14幢【宗地已核】 1单元 9-8
2019-01-30 14:42:12,877 - ImageRecognitionUtil.py[line:72] - INFO: 图片识别：2+8
2019-01-30 14:42:13,023 - ImageRecognitionUtil.py[line:78] - INFO: 图片识别修正：2+8
2019-01-30 14:42:13,042 - ImageRecognitionUtil.py[line:86] - INFO: 图片比较识别：None
2019-01-30 14:42:13,053 - ImageRecognitionUtil.py[line:92] - INFO: 成功图片比较：4+9
2019-01-30 14:42:13,053 - ImageRecognitionUtil.py[line:114] - INFO: 验证码:2+8
2019-01-30 14:42:14,147 - RealEstate.py[line:214] - ERROR: 内层
2019-01-30 14:42:14,316 - RealEstate.py[line:216] - ERROR: Alert Text: None
Message: unexpected alert open: {Alert text : 访问过于频繁,请三分钟后再试！}
  (Session info: chrome=71.0.3578.98)
  (Driver info: chromedriver=2.42.591088 (7b2b2dca23cca0862f674758c9a3933e685c27d5),platform=Windows NT 10.0.10240 x86_64)

2019-01-30 14:42:14,540 - ProxyIPUtil.py[line:165] - INFO: 测试代理IP,切换代理IP:125.46.0.62:53281
2019-01-30 14:42:16,717 - RealEstate.py[line:160] - INFO: 2019-01-30 14:42:16.718000 渝北 融创·嘉德庄园-融创·渝北中央公园（融创·嘉德庄园）二期 14幢【宗地已核】 1单元 9-9
2019-01-30 14:42:23,721 - ImageRecognitionUtil.py[line:72] - INFO: 图片识别：9+8
2019-01-30 14:42:23,869 - ImageRecognitionUtil.py[line:78] - INFO: 图片识别修正：None
2019-01-30 14:42:23,887 - ImageRecognitionUtil.py[line:86] - INFO: 图片比较识别：None
2019-01-30 14:42:23,924 - ImageRecognitionUtil.py[line:92] - INFO: 成功图片比较：None
2019-01-30 14:42:23,924 - ImageRecognitionUtil.py[line:114] - INFO: 验证码:9+8
2019-01-30 14:42:30,052 - RealEstate.py[line:211] - INFO: 套内单价：9769， 套内面积：67.2
2019-01-30 14:42:30,052 - RealEstate.py[line:160] - INFO: 2019-01-30 14:42:30.053000 渝北 融创·嘉德庄园-融创·渝北中央公园（融创·嘉德庄园）二期 14幢【宗地已核】 1单元 9-10
2019-01-30 14:42:33,959 - ImageRecognitionUtil.py[line:72] - INFO: 图片识别：1-1
2019-01-30 14:42:34,335 - ImageRecognitionUtil.py[line:78] - INFO: 图片识别修正：1-1
2019-01-30 14:42:34,355 - ImageRecognitionUtil.py[line:86] - INFO: 图片比较识别：None
2019-01-30 14:42:34,381 - ImageRecognitionUtil.py[line:92] - INFO: 成功图片比较：8+6
2019-01-30 14:42:34,381 - ImageRecognitionUtil.py[line:114] - INFO: 验证码:1-1
2019-01-30 14:42:39,151 - RealEstate.py[line:211] - INFO: 套内单价：9769， 套内面积：46.67
2019-01-30 14:42:39,153 - RealEstate.py[line:160] - INFO: 2019-01-30 14:42:39.153000 渝北 融创·嘉德庄园-融创·渝北中央公园（融创·嘉德庄园）二期 14幢【宗地已核】 1单元 8-1
2019-01-30 14:42:43,211 - ImageRecognitionUtil.py[line:72] - INFO: 图片识别：None
2019-01-30 14:42:43,361 - ImageRecognitionUtil.py[line:78] - INFO: 图片识别修正：None
2019-01-30 14:42:43,378 - ImageRecognitionUtil.py[line:86] - INFO: 图片比较识别：None
2019-01-30 14:42:43,414 - ImageRecognitionUtil.py[line:92] - INFO: 成功图片比较：None
2019-01-30 14:42:43,415 - ImageRecognitionUtil.py[line:97] - INFO: 图片识别失败
2019-01-30 14:42:43,415 - ImageRecognitionUtil.py[line:114] - INFO: 验证码:None
2019-01-30 14:42:49,743 - ImageRecognitionUtil.py[line:72] - INFO: 图片识别：4-2
2019-01-30 14:42:50,418 - ImageRecognitionUtil.py[line:78] - INFO: 图片识别修正：4-2
2019-01-30 14:42:50,440 - ImageRecognitionUtil.py[line:86] - INFO: 图片比较识别：None
2019-01-30 14:42:50,473 - ImageRecognitionUtil.py[line:92] - INFO: 成功图片比较：None
2019-01-30 14:42:50,473 - ImageRecognitionUtil.py[line:114] - INFO: 验证码:4-2
2019-01-30 14:43:06,276 - RealEstate.py[line:211] - INFO: 套内单价：9769， 套内面积：67.2
2019-01-30 14:43:06,276 - RealEstate.py[line:160] - INFO: 2019-01-30 14:43:06.276000 渝北 融创·嘉德庄园-融创·渝北中央公园（融创·嘉德庄园）二期 14幢【宗地已核】 1单元 8-2
2019-01-30 14:43:10,177 - ImageRecognitionUtil.py[line:72] - INFO: 图片识别：2-1
2019-01-30 14:43:10,536 - ImageRecognitionUtil.py[line:78] - INFO: 图片识别修正：2-1
2019-01-30 14:43:10,555 - ImageRecognitionUtil.py[line:86] - INFO: 图片比较识别：None
2019-01-30 14:43:10,571 - ImageRecognitionUtil.py[line:92] - INFO: 成功图片比较：5-3
2019-01-30 14:43:10,571 - ImageRecognitionUtil.py[line:114] - INFO: 验证码:2-1
2019-01-30 14:43:11,430 - RealEstate.py[line:214] - ERROR: 内层
2019-01-30 14:43:11,555 - RealEstate.py[line:216] - ERROR: 无法获取房子数据
2019-01-30 14:44:11,793 - ProxyIPUtil.py[line:165] - INFO: 测试代理IP,切换代理IP:222.16.83.18:80
2019-01-30 14:44:14,250 - RealEstate.py[line:160] - INFO: 2019-01-30 14:44:14.251000 渝北 融创·嘉德庄园-融创·渝北中央公园（融创·嘉德庄园）二期 14幢【宗地已核】 1单元 8-3
2019-01-30 14:44:21,239 - ImageRecognitionUtil.py[line:72] - INFO: 图片识别：5+8
2019-01-30 14:44:21,381 - ImageRecognitionUtil.py[line:78] - INFO: 图片识别修正：5-8
2019-01-30 14:44:21,398 - ImageRecognitionUtil.py[line:86] - INFO: 图片比较识别：None
2019-01-30 14:44:21,405 - ImageRecognitionUtil.py[line:92] - INFO: 成功图片比较：2-1
2019-01-30 14:44:21,405 - ImageRecognitionUtil.py[line:114] - INFO: 验证码:5+8
2019-01-30 14:44:27,173 - RealEstate.py[line:211] - INFO: 套内单价：9769， 套内面积：61.79
2019-01-30 14:44:27,174 - RealEstate.py[line:160] - INFO: 2019-01-30 14:44:27.174000 渝北 融创·嘉德庄园-融创·渝北中央公园（融创·嘉德庄园）二期 14幢【宗地已核】 1单元 8-4
2019-01-30 14:44:31,114 - ImageRecognitionUtil.py[line:72] - INFO: 图片识别：7-7
2019-01-30 14:44:31,476 - ImageRecognitionUtil.py[line:78] - INFO: 图片识别修正：7-1
2019-01-30 14:44:31,497 - ImageRecognitionUtil.py[line:86] - INFO: 图片比较识别：None
2019-01-30 14:44:31,512 - ImageRecognitionUtil.py[line:92] - INFO: 成功图片比较：4-1
2019-01-30 14:44:31,512 - ImageRecognitionUtil.py[line:114] - INFO: 验证码:7-1
2019-01-30 14:44:40,345 - RealEstate.py[line:211] - INFO: 套内单价：9769， 套内面积：67.2
2019-01-30 14:44:40,346 - RealEstate.py[line:160] - INFO: 2019-01-30 14:44:40.347000 渝北 融创·嘉德庄园-融创·渝北中央公园（融创·嘉德庄园）二期 14幢【宗地已核】 1单元 8-5
2019-01-30 14:44:44,415 - ImageRecognitionUtil.py[line:72] - INFO: 图片识别：3-8
2019-01-30 14:44:44,576 - ImageRecognitionUtil.py[line:78] - INFO: 图片识别修正：3-8
2019-01-30 14:44:44,595 - ImageRecognitionUtil.py[line:86] - INFO: 图片比较识别：None
2019-01-30 14:44:44,609 - ImageRecognitionUtil.py[line:92] - INFO: 成功图片比较：5-1
2019-01-30 14:44:44,609 - ImageRecognitionUtil.py[line:114] - INFO: 验证码:None
2019-01-30 14:44:50,740 - ImageRecognitionUtil.py[line:72] - INFO: 图片识别：8-3
2019-01-30 14:44:50,892 - ImageRecognitionUtil.py[line:78] - INFO: 图片识别修正：None
2019-01-30 14:44:50,908 - ImageRecognitionUtil.py[line:86] - INFO: 图片比较识别：None
2019-01-30 14:44:50,941 - ImageRecognitionUtil.py[line:92] - INFO: 成功图片比较：9-9
2019-01-30 14:44:50,943 - ImageRecognitionUtil.py[line:114] - INFO: 验证码:8-3
2019-01-30 14:44:55,490 - RealEstate.py[line:211] - INFO: 套内单价：9769， 套内面积：46.67
2019-01-30 14:44:55,490 - RealEstate.py[line:160] - INFO: 2019-01-30 14:44:55.491000 渝北 融创·嘉德庄园-融创·渝北中央公园（融创·嘉德庄园）二期 14幢【宗地已核】 1单元 8-6
2019-01-30 14:45:00,168 - ImageRecognitionUtil.py[line:72] - INFO: 图片识别：3+7
2019-01-30 14:45:00,542 - ImageRecognitionUtil.py[line:78] - INFO: 图片识别修正：3+7
2019-01-30 14:45:00,559 - ImageRecognitionUtil.py[line:86] - INFO: 图片比较识别：None
2019-01-30 14:45:00,562 - ImageRecognitionUtil.py[line:92] - INFO: 成功图片比较：1+9
2019-01-30 14:45:00,562 - ImageRecognitionUtil.py[line:114] - INFO: 验证码:3+7
2019-01-30 14:45:07,178 - ImageRecognitionUtil.py[line:72] - INFO: 图片识别：1+8
2019-01-30 14:45:07,332 - ImageRecognitionUtil.py[line:78] - INFO: 图片识别修正：1+8
2019-01-30 14:45:07,348 - ImageRecognitionUtil.py[line:86] - INFO: 图片比较识别：None
2019-01-30 14:45:07,355 - ImageRecognitionUtil.py[line:92] - INFO: 成功图片比较：2+9
2019-01-30 14:45:07,355 - ImageRecognitionUtil.py[line:114] - INFO: 验证码:1+8
2019-01-30 14:45:16,331 - RealEstate.py[line:211] - INFO: 套内单价：9769， 套内面积：67.2
2019-01-30 14:45:16,332 - RealEstate.py[line:160] - INFO: 2019-01-30 14:45:16.332000 渝北 融创·嘉德庄园-融创·渝北中央公园（融创·嘉德庄园）二期 14幢【宗地已核】 1单元 8-7
2019-01-30 14:45:21,154 - ImageRecognitionUtil.py[line:72] - INFO: 图片识别：9-2
2019-01-30 14:45:21,523 - ImageRecognitionUtil.py[line:78] - INFO: 图片识别修正：None
2019-01-30 14:45:21,542 - ImageRecognitionUtil.py[line:86] - INFO: 图片比较识别：None
2019-01-30 14:45:21,576 - ImageRecognitionUtil.py[line:92] - INFO: 成功图片比较：9-8
2019-01-30 14:45:21,576 - ImageRecognitionUtil.py[line:114] - INFO: 验证码:9-2
2019-01-30 14:45:22,960 - RealEstate.py[line:214] - ERROR: 内层
2019-01-30 14:45:44,132 - RealEstate.py[line:216] - ERROR: Alert Text: None
Message: unexpected alert open: {Alert text : 访问过于频繁,请三分钟后再试！}
  (Session info: chrome=71.0.3578.98)
  (Driver info: chromedriver=2.42.591088 (7b2b2dca23cca0862f674758c9a3933e685c27d5),platform=Windows NT 10.0.10240 x86_64)

2019-01-30 14:47:05,885 - ProxyIPUtil.py[line:165] - INFO: 测试代理IP,切换代理IP:58.247.127.145:53281
2019-01-30 14:47:08,490 - RealEstate.py[line:160] - INFO: 2019-01-30 14:47:08.491000 渝北 融创·嘉德庄园-融创·渝北中央公园（融创·嘉德庄园）二期 14幢【宗地已核】 1单元 8-8
2019-01-30 14:47:15,823 - ImageRecognitionUtil.py[line:72] - INFO: 图片识别：None
2019-01-30 14:47:15,973 - ImageRecognitionUtil.py[line:78] - INFO: 图片识别修正：None
2019-01-30 14:47:15,996 - ImageRecognitionUtil.py[line:86] - INFO: 图片比较识别：None
2019-01-30 14:47:16,032 - ImageRecognitionUtil.py[line:92] - INFO: 成功图片比较：None
2019-01-30 14:47:16,032 - ImageRecognitionUtil.py[line:97] - INFO: 图片识别失败
2019-01-30 14:47:16,032 - ImageRecognitionUtil.py[line:114] - INFO: 验证码:None
2019-01-30 14:47:27,756 - ImageRecognitionUtil.py[line:72] - INFO: 图片识别：1+1
2019-01-30 14:47:28,108 - ImageRecognitionUtil.py[line:78] - INFO: 图片识别修正：1+1
2019-01-30 14:47:28,128 - ImageRecognitionUtil.py[line:86] - INFO: 图片比较识别：None
2019-01-30 14:47:28,163 - ImageRecognitionUtil.py[line:92] - INFO: 成功图片比较：None
2019-01-30 14:47:28,163 - ImageRecognitionUtil.py[line:114] - INFO: 验证码:1+1
2019-01-30 14:47:32,374 - RealEstate.py[line:211] - INFO: 套内单价：9769， 套内面积：61.79
2019-01-30 14:47:32,375 - RealEstate.py[line:160] - INFO: 2019-01-30 14:47:32.375000 渝北 融创·嘉德庄园-融创·渝北中央公园（融创·嘉德庄园）二期 14幢【宗地已核】 1单元 8-9
2019-01-30 14:47:49,611 - ImageRecognitionUtil.py[line:72] - INFO: 图片识别：None
2019-01-30 14:47:49,976 - ImageRecognitionUtil.py[line:78] - INFO: 图片识别修正：None
2019-01-30 14:47:49,997 - ImageRecognitionUtil.py[line:86] - INFO: 图片比较识别：None
2019-01-30 14:47:50,017 - ImageRecognitionUtil.py[line:92] - INFO: 成功图片比较：6+3
2019-01-30 14:47:50,017 - ImageRecognitionUtil.py[line:114] - INFO: 验证码:6+3
2019-01-30 14:48:03,019 - ImageRecognitionUtil.py[line:72] - INFO: 图片识别：2+2
2019-01-30 14:48:03,384 - ImageRecognitionUtil.py[line:78] - INFO: 图片识别修正：4+1
2019-01-30 14:48:03,405 - ImageRecognitionUtil.py[line:86] - INFO: 图片比较识别：None
2019-01-30 14:48:03,440 - ImageRecognitionUtil.py[line:92] - INFO: 成功图片比较：1+4
2019-01-30 14:48:03,440 - ImageRecognitionUtil.py[line:114] - INFO: 验证码:4+1
2019-01-30 14:48:25,559 - ImageRecognitionUtil.py[line:72] - INFO: 图片识别：8+4
2019-01-30 14:48:25,707 - ImageRecognitionUtil.py[line:78] - INFO: 图片识别修正：None
2019-01-30 14:48:25,726 - ImageRecognitionUtil.py[line:86] - INFO: 图片比较识别：None
2019-01-30 14:48:25,750 - ImageRecognitionUtil.py[line:92] - INFO: 成功图片比较：7-3
2019-01-30 14:48:25,750 - ImageRecognitionUtil.py[line:114] - INFO: 验证码:8+4
2019-01-30 14:48:47,970 - RealEstate.py[line:211] - INFO: 套内单价：9769， 套内面积：67.2
2019-01-30 14:48:47,971 - RealEstate.py[line:160] - INFO: 2019-01-30 14:48:47.972000 渝北 融创·嘉德庄园-融创·渝北中央公园（融创·嘉德庄园）二期 14幢【宗地已核】 1单元 8-10
2019-01-30 14:49:02,012 - ImageRecognitionUtil.py[line:72] - INFO: 图片识别：7-3
2019-01-30 14:49:02,390 - ImageRecognitionUtil.py[line:78] - INFO: 图片识别修正：7-3
2019-01-30 14:49:02,405 - ImageRecognitionUtil.py[line:86] - INFO: 图片比较识别：None
2019-01-30 14:49:02,438 - ImageRecognitionUtil.py[line:92] - INFO: 成功图片比较：None
2019-01-30 14:49:02,438 - ImageRecognitionUtil.py[line:114] - INFO: 验证码:7-3
2019-01-30 14:49:19,388 - ImageRecognitionUtil.py[line:72] - INFO: 图片识别：3+2
2019-01-30 14:49:19,536 - ImageRecognitionUtil.py[line:78] - INFO: 图片识别修正：None
2019-01-30 14:49:19,553 - ImageRecognitionUtil.py[line:86] - INFO: 图片比较识别：None
2019-01-30 14:49:19,578 - ImageRecognitionUtil.py[line:92] - INFO: 成功图片比较：8+6
2019-01-30 14:49:19,579 - ImageRecognitionUtil.py[line:114] - INFO: 验证码:3+2
2019-01-30 14:49:30,322 - ImageRecognitionUtil.py[line:72] - INFO: 图片识别：6+7
2019-01-30 14:49:30,673 - ImageRecognitionUtil.py[line:78] - INFO: 图片识别修正：6+7
2019-01-30 14:49:30,688 - ImageRecognitionUtil.py[line:86] - INFO: 图片比较识别：None
2019-01-30 14:49:30,694 - ImageRecognitionUtil.py[line:92] - INFO: 成功图片比较：2+8
2019-01-30 14:49:30,694 - ImageRecognitionUtil.py[line:114] - INFO: 验证码:6+7
2019-01-30 14:49:52,207 - ImageRecognitionUtil.py[line:113] - INFO: tile cannot extend outside image
2019-01-30 14:49:52,207 - ImageRecognitionUtil.py[line:114] - INFO: 验证码:None
2019-01-30 14:49:52,223 - RealEstate.py[line:214] - ERROR: 内层
2019-01-30 14:50:05,819 - RealEstate.py[line:216] - ERROR: Message: no such element: Unable to locate element: {"method":"id","selector":"txtCode"}
  (Session info: chrome=71.0.3578.98)
  (Driver info: chromedriver=2.42.591088 (7b2b2dca23cca0862f674758c9a3933e685c27d5),platform=Windows NT 10.0.10240 x86_64)

2019-01-30 14:50:06,053 - ProxyIPUtil.py[line:165] - INFO: 测试代理IP,切换代理IP:223.85.196.75:9797
2019-01-30 14:50:08,292 - RealEstate.py[line:160] - INFO: 2019-01-30 14:50:08.292000 渝北 融创·嘉德庄园-融创·渝北中央公园（融创·嘉德庄园）二期 14幢【宗地已核】 1单元 7-1
2019-01-30 14:50:13,615 - ImageRecognitionUtil.py[line:72] - INFO: 图片识别：1+7
2019-01-30 14:50:13,977 - ImageRecognitionUtil.py[line:78] - INFO: 图片识别修正：None
2019-01-30 14:50:13,994 - ImageRecognitionUtil.py[line:86] - INFO: 图片比较识别：None
2019-01-30 14:50:13,996 - ImageRecognitionUtil.py[line:92] - INFO: 成功图片比较：1+4
2019-01-30 14:50:13,996 - ImageRecognitionUtil.py[line:114] - INFO: 验证码:1+7
2019-01-30 14:50:19,756 - RealEstate.py[line:211] - INFO: 套内单价：9769， 套内面积：67.2
2019-01-30 14:50:19,757 - RealEstate.py[line:160] - INFO: 2019-01-30 14:50:19.758000 渝北 融创·嘉德庄园-融创·渝北中央公园（融创·嘉德庄园）二期 14幢【宗地已核】 1单元 7-2
2019-01-30 14:50:24,470 - ImageRecognitionUtil.py[line:72] - INFO: 图片识别：None
2019-01-30 14:50:24,825 - ImageRecognitionUtil.py[line:78] - INFO: 图片识别修正：None
2019-01-30 14:50:24,844 - ImageRecognitionUtil.py[line:86] - INFO: 图片比较识别：None
2019-01-30 14:50:24,852 - ImageRecognitionUtil.py[line:92] - INFO: 成功图片比较：3-1
2019-01-30 14:50:24,852 - ImageRecognitionUtil.py[line:114] - INFO: 验证码:3-1
2019-01-30 14:50:29,867 - ImageRecognitionUtil.py[line:72] - INFO: 图片识别：None
2019-01-30 14:50:30,038 - ImageRecognitionUtil.py[line:78] - INFO: 图片识别修正：None
2019-01-30 14:50:30,065 - ImageRecognitionUtil.py[line:86] - INFO: 图片比较识别：None
2019-01-30 14:50:30,105 - ImageRecognitionUtil.py[line:92] - INFO: 成功图片比较：None
2019-01-30 14:50:30,105 - ImageRecognitionUtil.py[line:97] - INFO: 图片识别失败
2019-01-30 14:50:30,105 - ImageRecognitionUtil.py[line:114] - INFO: 验证码:None
2019-01-30 14:50:37,163 - ImageRecognitionUtil.py[line:72] - INFO: 图片识别：4+5
2019-01-30 14:50:37,549 - ImageRecognitionUtil.py[line:78] - INFO: 图片识别修正：4+5
2019-01-30 14:50:37,569 - ImageRecognitionUtil.py[line:86] - INFO: 图片比较识别：None
2019-01-30 14:50:37,592 - ImageRecognitionUtil.py[line:92] - INFO: 成功图片比较：6+6
2019-01-30 14:50:37,592 - ImageRecognitionUtil.py[line:114] - INFO: 验证码:4+5
2019-01-30 14:50:42,348 - RealEstate.py[line:211] - INFO: 套内单价：9769， 套内面积：61.79
2019-01-30 14:50:42,349 - RealEstate.py[line:160] - INFO: 2019-01-30 14:50:42.350000 渝北 融创·嘉德庄园-融创·渝北中央公园（融创·嘉德庄园）二期 14幢【宗地已核】 1单元 7-3
2019-01-30 14:50:46,484 - ImageRecognitionUtil.py[line:72] - INFO: 图片识别：9-7
2019-01-30 14:50:46,638 - ImageRecognitionUtil.py[line:78] - INFO: 图片识别修正：None
2019-01-30 14:50:46,654 - ImageRecognitionUtil.py[line:86] - INFO: 图片比较识别：None
2019-01-30 14:50:46,687 - ImageRecognitionUtil.py[line:92] - INFO: 成功图片比较：9-3
2019-01-30 14:50:46,687 - ImageRecognitionUtil.py[line:114] - INFO: 验证码:9-7
2019-01-30 14:50:47,604 - RealEstate.py[line:214] - ERROR: 内层
2019-01-30 14:50:47,766 - RealEstate.py[line:216] - ERROR: 无法获取房子数据
2019-01-30 14:50:49,052 - ProxyIPUtil.py[line:165] - INFO: 测试代理IP,切换代理IP:103.61.153.100:53281
2019-01-30 14:50:51,171 - RealEstate.py[line:160] - INFO: 2019-01-30 14:50:51.171000 渝北 融创·嘉德庄园-融创·渝北中央公园（融创·嘉德庄园）二期 14幢【宗地已核】 1单元 7-4
2019-01-30 14:51:02,931 - ImageRecognitionUtil.py[line:72] - INFO: 图片识别：4-3
2019-01-30 14:51:03,289 - ImageRecognitionUtil.py[line:78] - INFO: 图片识别修正：4-3
2019-01-30 14:51:03,306 - ImageRecognitionUtil.py[line:86] - INFO: 图片比较识别：None
2019-01-30 14:51:03,346 - ImageRecognitionUtil.py[line:92] - INFO: 成功图片比较：None
2019-01-30 14:51:03,346 - ImageRecognitionUtil.py[line:114] - INFO: 验证码:4-3
2019-01-30 14:51:12,614 - RealEstate.py[line:211] - INFO: 套内单价：9769， 套内面积：67.2
2019-01-30 14:51:12,615 - RealEstate.py[line:160] - INFO: 2019-01-30 14:51:12.615000 渝北 融创·嘉德庄园-融创·渝北中央公园（融创·嘉德庄园）二期 14幢【宗地已核】 1单元 7-5
2019-01-30 14:51:26,479 - ImageRecognitionUtil.py[line:72] - INFO: 图片识别：1+5
2019-01-30 14:51:26,861 - ImageRecognitionUtil.py[line:78] - INFO: 图片识别修正：None
2019-01-30 14:51:26,882 - ImageRecognitionUtil.py[line:86] - INFO: 图片比较识别：None
2019-01-30 14:51:26,891 - ImageRecognitionUtil.py[line:92] - INFO: 成功图片比较：3+5
2019-01-30 14:51:26,891 - ImageRecognitionUtil.py[line:114] - INFO: 验证码:1+5
2019-01-30 14:51:44,051 - ImageRecognitionUtil.py[line:72] - INFO: 图片识别：3-1
2019-01-30 14:51:44,423 - ImageRecognitionUtil.py[line:78] - INFO: 图片识别修正：3-1
2019-01-30 14:51:44,441 - ImageRecognitionUtil.py[line:86] - INFO: 图片比较识别：None
2019-01-30 14:51:44,451 - ImageRecognitionUtil.py[line:92] - INFO: 成功图片比较：3-3
2019-01-30 14:51:44,451 - ImageRecognitionUtil.py[line:114] - INFO: 验证码:3-1
2019-01-30 14:52:02,701 - ImageRecognitionUtil.py[line:72] - INFO: 图片识别：9+1
2019-01-30 14:52:02,852 - ImageRecognitionUtil.py[line:78] - INFO: 图片识别修正：None
2019-01-30 14:52:02,871 - ImageRecognitionUtil.py[line:86] - INFO: 图片比较识别：None
2019-01-30 14:52:02,882 - ImageRecognitionUtil.py[line:92] - INFO: 成功图片比较：4+8
2019-01-30 14:52:02,882 - ImageRecognitionUtil.py[line:114] - INFO: 验证码:9+1
2019-01-30 14:52:13,375 - RealEstate.py[line:211] - INFO: 套内单价：9769， 套内面积：46.67
2019-01-30 14:52:13,375 - RealEstate.py[line:160] - INFO: 2019-01-30 14:52:13.375000 渝北 融创·嘉德庄园-融创·渝北中央公园（融创·嘉德庄园）二期 14幢【宗地已核】 1单元 7-6
2019-01-30 14:52:20,691 - ImageRecognitionUtil.py[line:72] - INFO: 图片识别：None
2019-01-30 14:52:21,072 - ImageRecognitionUtil.py[line:78] - INFO: 图片识别修正：None
2019-01-30 14:52:21,089 - ImageRecognitionUtil.py[line:86] - INFO: 图片比较识别：None
2019-01-30 14:52:21,098 - ImageRecognitionUtil.py[line:92] - INFO: 成功图片比较：3+8
2019-01-30 14:52:21,098 - ImageRecognitionUtil.py[line:114] - INFO: 验证码:3+8
2019-01-30 14:52:33,588 - ImageRecognitionUtil.py[line:72] - INFO: 图片识别：3+2
2019-01-30 14:52:33,987 - ImageRecognitionUtil.py[line:78] - INFO: 图片识别修正：3+5
2019-01-30 14:52:34,006 - ImageRecognitionUtil.py[line:86] - INFO: 图片比较识别：None
2019-01-30 14:52:34,012 - ImageRecognitionUtil.py[line:92] - INFO: 成功图片比较：2+8
2019-01-30 14:52:34,012 - ImageRecognitionUtil.py[line:114] - INFO: 验证码:3+5
2019-01-30 14:52:55,484 - ImageRecognitionUtil.py[line:113] - INFO: tile cannot extend outside image
2019-01-30 14:52:55,484 - ImageRecognitionUtil.py[line:114] - INFO: 验证码:None
2019-01-30 14:52:55,500 - RealEstate.py[line:214] - ERROR: 内层
2019-01-30 14:53:18,282 - RealEstate.py[line:216] - ERROR: Message: no such element: Unable to locate element: {"method":"id","selector":"txtCode"}
  (Session info: chrome=71.0.3578.98)
  (Driver info: chromedriver=2.42.591088 (7b2b2dca23cca0862f674758c9a3933e685c27d5),platform=Windows NT 10.0.10240 x86_64)

2019-01-30 14:58:33,684 - RealEstate.py[line:160] - INFO: 2019-01-30 14:58:33.685000 渝北 融创·嘉德庄园-融创·渝北中央公园（融创·嘉德庄园）二期 14幢【宗地已核】 1单元 7-7
2019-01-30 14:58:45,105 - ImageRecognitionUtil.py[line:72] - INFO: 图片识别：None
2019-01-30 14:58:45,259 - ImageRecognitionUtil.py[line:78] - INFO: 图片识别修正：None
2019-01-30 14:58:45,279 - ImageRecognitionUtil.py[line:86] - INFO: 图片比较识别：None
2019-01-30 14:58:45,313 - ImageRecognitionUtil.py[line:92] - INFO: 成功图片比较：None
2019-01-30 14:58:45,313 - ImageRecognitionUtil.py[line:97] - INFO: 图片识别失败
2019-01-30 14:58:45,313 - ImageRecognitionUtil.py[line:114] - INFO: 验证码:None
2019-01-30 14:58:53,181 - ImageRecognitionUtil.py[line:72] - INFO: 图片识别：None
2019-01-30 14:58:53,332 - ImageRecognitionUtil.py[line:78] - INFO: 图片识别修正：None
2019-01-30 14:58:53,351 - ImageRecognitionUtil.py[line:86] - INFO: 图片比较识别：None
2019-01-30 14:58:53,357 - ImageRecognitionUtil.py[line:92] - INFO: 成功图片比较：2+6
2019-01-30 14:58:53,358 - ImageRecognitionUtil.py[line:114] - INFO: 验证码:2+6
2019-01-30 14:59:02,680 - ImageRecognitionUtil.py[line:72] - INFO: 图片识别：None
2019-01-30 14:59:03,046 - ImageRecognitionUtil.py[line:78] - INFO: 图片识别修正：None
2019-01-30 14:59:03,066 - ImageRecognitionUtil.py[line:86] - INFO: 图片比较识别：None
2019-01-30 14:59:03,072 - ImageRecognitionUtil.py[line:92] - INFO: 成功图片比较：2+8
2019-01-30 14:59:03,072 - ImageRecognitionUtil.py[line:114] - INFO: 验证码:2+8
2019-01-30 14:59:12,496 - ImageRecognitionUtil.py[line:72] - INFO: 图片识别：4-3
2019-01-30 14:59:12,862 - ImageRecognitionUtil.py[line:78] - INFO: 图片识别修正：None
2019-01-30 14:59:12,878 - ImageRecognitionUtil.py[line:86] - INFO: 图片比较识别：None
2019-01-30 14:59:12,907 - ImageRecognitionUtil.py[line:92] - INFO: 成功图片比较：8-6
2019-01-30 14:59:12,907 - ImageRecognitionUtil.py[line:114] - INFO: 验证码:4-3
2019-01-30 14:59:27,813 - RealEstate.py[line:211] - INFO: 套内单价：9769， 套内面积：61.79
2019-01-30 14:59:27,815 - RealEstate.py[line:160] - INFO: 2019-01-30 14:59:27.815000 渝北 融创·嘉德庄园-融创·渝北中央公园（融创·嘉德庄园）二期 14幢【宗地已核】 1单元 7-8
2019-01-30 14:59:34,885 - ImageRecognitionUtil.py[line:72] - INFO: 图片识别：9-7
2019-01-30 14:59:35,265 - ImageRecognitionUtil.py[line:78] - INFO: 图片识别修正：None
2019-01-30 14:59:35,282 - ImageRecognitionUtil.py[line:86] - INFO: 图片比较识别：None
2019-01-30 14:59:35,302 - ImageRecognitionUtil.py[line:92] - INFO: 成功图片比较：6-4
2019-01-30 14:59:35,302 - ImageRecognitionUtil.py[line:114] - INFO: 验证码:9-7
2019-01-30 14:59:47,111 - RealEstate.py[line:211] - INFO: 套内单价：9769， 套内面积：61.79
2019-01-30 14:59:47,111 - RealEstate.py[line:160] - INFO: 2019-01-30 14:59:47.111000 渝北 融创·嘉德庄园-融创·渝北中央公园（融创·嘉德庄园）二期 14幢【宗地已核】 1单元 7-9
2019-01-30 14:59:56,914 - ImageRecognitionUtil.py[line:72] - INFO: 图片识别：7-5
2019-01-30 14:59:57,345 - ImageRecognitionUtil.py[line:78] - INFO: 图片识别修正：None
2019-01-30 14:59:57,362 - ImageRecognitionUtil.py[line:86] - INFO: 图片比较识别：None
2019-01-30 14:59:57,414 - ImageRecognitionUtil.py[line:92] - INFO: 成功图片比较：4-4
2019-01-30 14:59:57,415 - ImageRecognitionUtil.py[line:114] - INFO: 验证码:7-5
2019-01-30 15:00:09,858 - RealEstate.py[line:211] - INFO: 套内单价：9769， 套内面积：67.2
2019-01-30 15:00:09,858 - RealEstate.py[line:160] - INFO: 2019-01-30 15:00:09.859000 渝北 融创·嘉德庄园-融创·渝北中央公园（融创·嘉德庄园）二期 14幢【宗地已核】 1单元 7-10
2019-01-30 15:00:15,990 - ImageRecognitionUtil.py[line:72] - INFO: 图片识别：None
2019-01-30 15:00:16,641 - ImageRecognitionUtil.py[line:78] - INFO: 图片识别修正：None
2019-01-30 15:00:16,663 - ImageRecognitionUtil.py[line:86] - INFO: 图片比较识别：None
2019-01-30 15:00:16,687 - ImageRecognitionUtil.py[line:92] - INFO: 成功图片比较：7-3
2019-01-30 15:00:16,688 - ImageRecognitionUtil.py[line:114] - INFO: 验证码:7-3
2019-01-30 15:00:28,579 - ImageRecognitionUtil.py[line:72] - INFO: 图片识别：3-1
2019-01-30 15:00:28,953 - ImageRecognitionUtil.py[line:78] - INFO: 图片识别修正：3-1
2019-01-30 15:00:28,973 - ImageRecognitionUtil.py[line:86] - INFO: 图片比较识别：None
2019-01-30 15:00:29,006 - ImageRecognitionUtil.py[line:92] - INFO: 成功图片比较：None
2019-01-30 15:00:29,006 - ImageRecognitionUtil.py[line:114] - INFO: 验证码:3-1
2019-01-30 15:00:38,167 - RealEstate.py[line:211] - INFO: 套内单价：9769， 套内面积：46.67
2019-01-30 15:00:38,168 - RealEstate.py[line:160] - INFO: 2019-01-30 15:00:38.169000 渝北 融创·嘉德庄园-融创·渝北中央公园（融创·嘉德庄园）二期 14幢【宗地已核】 1单元 6-1
2019-01-30 15:00:47,859 - ImageRecognitionUtil.py[line:72] - INFO: 图片识别：None
2019-01-30 15:00:48,249 - ImageRecognitionUtil.py[line:78] - INFO: 图片识别修正：None
2019-01-30 15:00:48,269 - ImageRecognitionUtil.py[line:86] - INFO: 图片比较识别：None
2019-01-30 15:00:48,273 - ImageRecognitionUtil.py[line:92] - INFO: 成功图片比较：2+4
2019-01-30 15:00:48,273 - ImageRecognitionUtil.py[line:114] - INFO: 验证码:2+4
2019-01-30 15:00:57,515 - ImageRecognitionUtil.py[line:72] - INFO: 图片识别：2+5
2019-01-30 15:00:57,904 - ImageRecognitionUtil.py[line:78] - INFO: 图片识别修正：None
2019-01-30 15:00:57,921 - ImageRecognitionUtil.py[line:86] - INFO: 图片比较识别：None
2019-01-30 15:00:57,936 - ImageRecognitionUtil.py[line:92] - INFO: 成功图片比较：5+6
2019-01-30 15:00:57,937 - ImageRecognitionUtil.py[line:114] - INFO: 验证码:2+5
2019-01-30 15:01:21,415 - ImageRecognitionUtil.py[line:72] - INFO: 图片识别：8-5
2019-01-30 15:01:21,573 - ImageRecognitionUtil.py[line:78] - INFO: 图片识别修正：None
2019-01-30 15:01:21,592 - ImageRecognitionUtil.py[line:86] - INFO: 图片比较识别：None
2019-01-30 15:01:21,632 - ImageRecognitionUtil.py[line:92] - INFO: 成功图片比较：None
2019-01-30 15:01:21,634 - ImageRecognitionUtil.py[line:114] - INFO: 验证码:8-5
2019-01-30 15:01:33,680 - RealEstate.py[line:211] - INFO: 套内单价：9769， 套内面积：67.2
2019-01-30 15:01:33,680 - RealEstate.py[line:160] - INFO: 2019-01-30 15:01:33.681000 渝北 融创·嘉德庄园-融创·渝北中央公园（融创·嘉德庄园）二期 14幢【宗地已核】 1单元 6-2
2019-01-30 15:01:40,460 - ImageRecognitionUtil.py[line:72] - INFO: 图片识别：None
2019-01-30 15:01:40,651 - ImageRecognitionUtil.py[line:78] - INFO: 图片识别修正：None
2019-01-30 15:01:40,674 - ImageRecognitionUtil.py[line:86] - INFO: 图片比较识别：None
2019-01-30 15:01:40,707 - ImageRecognitionUtil.py[line:92] - INFO: 成功图片比较：9-6
2019-01-30 15:01:40,709 - ImageRecognitionUtil.py[line:114] - INFO: 验证码:9-6
2019-01-30 15:01:43,009 - RealEstate.py[line:214] - ERROR: 内层
2019-01-30 15:02:04,049 - RealEstate.py[line:216] - ERROR: 'NoneType' object has no attribute 'attrs'
2019-01-30 15:07:13,739 - RealEstate.py[line:160] - INFO: 2019-01-30 15:07:13.739000 渝北 融创·嘉德庄园-融创·渝北中央公园（融创·嘉德庄园）二期 14幢【宗地已核】 1单元 6-3
2019-01-30 15:13:10,036 - ImageRecognitionUtil.py[line:113] - INFO: tile cannot extend outside image
2019-01-30 15:13:10,036 - ImageRecognitionUtil.py[line:114] - INFO: 验证码:None
2019-01-30 15:13:10,052 - RealEstate.py[line:214] - ERROR: 内层
